[0.379s] Invoking command in '/home/sunrise/amphibious_ws/build/base_lidar': CMAKE_PREFIX_PATH=${CMAKE_PREFIX_PATH}:/home/sunrise/amphibious_ws/install/yolo_detect_pkg:/opt/tros/humble:/opt/ros/humble /usr/bin/cmake --build /home/sunrise/amphibious_ws/build/base_lidar -- -j8 -l8
[3.069s] [  9%] Built target base_lidar__rosidl_generator_c
[3.071s] [ 12%] Built target base_lidar__cpp
[3.077s] [ 12%] Built target ament_cmake_python_copy_base_lidar
[3.078s] [ 22%] Built target base_lidar__rosidl_typesupport_introspection_c
[3.079s] [ 32%] Built target base_lidar__rosidl_typesupport_fastrtps_c
[3.084s] [ 41%] Built target base_lidar__rosidl_typesupport_fastrtps_cpp
[3.086s] [ 51%] Built target base_lidar__rosidl_typesupport_c
[3.090s] [ 61%] Built target base_lidar__rosidl_typesupport_cpp
[3.091s] [ 70%] Built target base_lidar__rosidl_typesupport_introspection_cpp
[3.092s] [ 70%] Built target base_lidar
[3.094s] [ 74%] Built target base_lidar__py
[3.096s] [ 80%] Built target base_lidar__rosidl_generator_py
[3.097s] [ 93%] Built target base_lidar__rosidl_typesupport_introspection_c__pyext
[3.098s] [ 93%] Built target base_lidar__rosidl_typesupport_c__pyext
[3.099s] [100%] Built target base_lidar__rosidl_typesupport_fastrtps_c__pyext
[3.114s] running egg_info
[3.117s] writing base_lidar.egg-info/PKG-INFO
[3.117s] writing dependency_links to base_lidar.egg-info/dependency_links.txt
[3.118s] writing top-level names to base_lidar.egg-info/top_level.txt
[3.119s] reading manifest file 'base_lidar.egg-info/SOURCES.txt'
[3.123s] writing manifest file 'base_lidar.egg-info/SOURCES.txt'
[3.428s] [100%] Built target ament_cmake_python_build_base_lidar_egg
[4.168s] Invoked command in '/home/sunrise/amphibious_ws/build/base_lidar' returned '0': CMAKE_PREFIX_PATH=${CMAKE_PREFIX_PATH}:/home/sunrise/amphibious_ws/install/yolo_detect_pkg:/opt/tros/humble:/opt/ros/humble /usr/bin/cmake --build /home/sunrise/amphibious_ws/build/base_lidar -- -j8 -l8
[4.174s] Invoking command in '/home/sunrise/amphibious_ws/build/base_lidar': CMAKE_PREFIX_PATH=${CMAKE_PREFIX_PATH}:/home/sunrise/amphibious_ws/install/yolo_detect_pkg:/opt/tros/humble:/opt/ros/humble /usr/bin/cmake --install /home/sunrise/amphibious_ws/build/base_lidar
[4.230s] -- Install configuration: ""
[4.234s] -- Up-to-date: /home/sunrise/amphibious_ws/install/base_lidar/share/ament_index/resource_index/rosidl_interfaces/base_lidar
[4.235s] -- Up-to-date: /home/sunrise/amphibious_ws/install/base_lidar/include/base_lidar/base_lidar
[4.239s] -- Up-to-date: /home/sunrise/amphibious_ws/install/base_lidar/include/base_lidar/base_lidar/msg
[4.243s] -- Up-to-date: /home/sunrise/amphibious_ws/install/base_lidar/include/base_lidar/base_lidar/msg/rosidl_generator_c__visibility_control.h
[4.246s] -- Up-to-date: /home/sunrise/amphibious_ws/install/base_lidar/include/base_lidar/base_lidar/srv
[4.247s] -- Up-to-date: /home/sunrise/amphibious_ws/install/base_lidar/include/base_lidar/base_lidar/srv/control.h
[4.250s] -- Up-to-date: /home/sunrise/amphibious_ws/install/base_lidar/include/base_lidar/base_lidar/srv/detail
[4.251s] -- Up-to-date: /home/sunrise/amphibious_ws/install/base_lidar/include/base_lidar/base_lidar/srv/detail/control__struct.h
[4.252s] -- Up-to-date: /home/sunrise/amphibious_ws/install/base_lidar/include/base_lidar/base_lidar/srv/detail/control__type_support.h
[4.252s] -- Up-to-date: /home/sunrise/amphibious_ws/install/base_lidar/include/base_lidar/base_lidar/srv/detail/control__functions.c
[4.253s] -- Up-to-date: /home/sunrise/amphibious_ws/install/base_lidar/include/base_lidar/base_lidar/srv/detail/control__functions.h
[4.254s] -- Up-to-date: /home/sunrise/amphibious_ws/install/base_lidar/share/base_lidar/environment/library_path.sh
[4.260s] -- Up-to-date: /home/sunrise/amphibious_ws/install/base_lidar/share/base_lidar/environment/library_path.dsv
[4.266s] -- Up-to-date: /home/sunrise/amphibious_ws/install/base_lidar/lib/libbase_lidar__rosidl_generator_c.so
[4.267s] -- Up-to-date: /home/sunrise/amphibious_ws/install/base_lidar/include/base_lidar/base_lidar
[4.268s] -- Up-to-date: /home/sunrise/amphibious_ws/install/base_lidar/include/base_lidar/base_lidar/msg
[4.269s] -- Up-to-date: /home/sunrise/amphibious_ws/install/base_lidar/include/base_lidar/base_lidar/msg/rosidl_typesupport_fastrtps_c__visibility_control.h
[4.270s] -- Up-to-date: /home/sunrise/amphibious_ws/install/base_lidar/include/base_lidar/base_lidar/srv
[4.271s] -- Up-to-date: /home/sunrise/amphibious_ws/install/base_lidar/include/base_lidar/base_lidar/srv/detail
[4.271s] -- Up-to-date: /home/sunrise/amphibious_ws/install/base_lidar/include/base_lidar/base_lidar/srv/detail/control__rosidl_typesupport_fastrtps_c.h
[4.272s] -- Up-to-date: /home/sunrise/amphibious_ws/install/base_lidar/lib/libbase_lidar__rosidl_typesupport_fastrtps_c.so
[4.273s] -- Up-to-date: /home/sunrise/amphibious_ws/install/base_lidar/include/base_lidar/base_lidar
[4.274s] -- Up-to-date: /home/sunrise/amphibious_ws/install/base_lidar/include/base_lidar/base_lidar/msg
[4.275s] -- Up-to-date: /home/sunrise/amphibious_ws/install/base_lidar/include/base_lidar/base_lidar/msg/rosidl_generator_cpp__visibility_control.hpp
[4.276s] -- Up-to-date: /home/sunrise/amphibious_ws/install/base_lidar/include/base_lidar/base_lidar/srv
[4.277s] -- Up-to-date: /home/sunrise/amphibious_ws/install/base_lidar/include/base_lidar/base_lidar/srv/detail
[4.278s] -- Up-to-date: /home/sunrise/amphibious_ws/install/base_lidar/include/base_lidar/base_lidar/srv/detail/control__struct.hpp
[4.279s] -- Up-to-date: /home/sunrise/amphibious_ws/install/base_lidar/include/base_lidar/base_lidar/srv/detail/control__traits.hpp
[4.280s] -- Up-to-date: /home/sunrise/amphibious_ws/install/base_lidar/include/base_lidar/base_lidar/srv/detail/control__type_support.hpp
[4.281s] -- Up-to-date: /home/sunrise/amphibious_ws/install/base_lidar/include/base_lidar/base_lidar/srv/detail/control__builder.hpp
[4.282s] -- Up-to-date: /home/sunrise/amphibious_ws/install/base_lidar/include/base_lidar/base_lidar/srv/control.hpp
[4.283s] -- Up-to-date: /home/sunrise/amphibious_ws/install/base_lidar/include/base_lidar/base_lidar
[4.284s] -- Up-to-date: /home/sunrise/amphibious_ws/install/base_lidar/include/base_lidar/base_lidar/msg
[4.284s] -- Up-to-date: /home/sunrise/amphibious_ws/install/base_lidar/include/base_lidar/base_lidar/msg/rosidl_typesupport_fastrtps_cpp__visibility_control.h
[4.285s] -- Up-to-date: /home/sunrise/amphibious_ws/install/base_lidar/include/base_lidar/base_lidar/srv
[4.286s] -- Up-to-date: /home/sunrise/amphibious_ws/install/base_lidar/include/base_lidar/base_lidar/srv/detail
[4.287s] -- Up-to-date: /home/sunrise/amphibious_ws/install/base_lidar/include/base_lidar/base_lidar/srv/detail/dds_fastrtps
[4.288s] -- Up-to-date: /home/sunrise/amphibious_ws/install/base_lidar/include/base_lidar/base_lidar/srv/detail/control__rosidl_typesupport_fastrtps_cpp.hpp
[4.289s] -- Up-to-date: /home/sunrise/amphibious_ws/install/base_lidar/lib/libbase_lidar__rosidl_typesupport_fastrtps_cpp.so
[4.290s] -- Up-to-date: /home/sunrise/amphibious_ws/install/base_lidar/include/base_lidar/base_lidar
[4.290s] -- Up-to-date: /home/sunrise/amphibious_ws/install/base_lidar/include/base_lidar/base_lidar/msg
[4.292s] -- Up-to-date: /home/sunrise/amphibious_ws/install/base_lidar/include/base_lidar/base_lidar/msg/rosidl_typesupport_introspection_c__visibility_control.h
[4.293s] -- Up-to-date: /home/sunrise/amphibious_ws/install/base_lidar/include/base_lidar/base_lidar/srv
[4.294s] -- Up-to-date: /home/sunrise/amphibious_ws/install/base_lidar/include/base_lidar/base_lidar/srv/detail
[4.295s] -- Up-to-date: /home/sunrise/amphibious_ws/install/base_lidar/include/base_lidar/base_lidar/srv/detail/control__type_support.c
[4.296s] -- Up-to-date: /home/sunrise/amphibious_ws/install/base_lidar/include/base_lidar/base_lidar/srv/detail/control__rosidl_typesupport_introspection_c.h
[4.297s] -- Up-to-date: /home/sunrise/amphibious_ws/install/base_lidar/lib/libbase_lidar__rosidl_typesupport_introspection_c.so
[4.297s] -- Up-to-date: /home/sunrise/amphibious_ws/install/base_lidar/lib/libbase_lidar__rosidl_typesupport_c.so
[4.298s] -- Up-to-date: /home/sunrise/amphibious_ws/install/base_lidar/include/base_lidar/base_lidar
[4.299s] -- Up-to-date: /home/sunrise/amphibious_ws/install/base_lidar/include/base_lidar/base_lidar/srv
[4.299s] -- Up-to-date: /home/sunrise/amphibious_ws/install/base_lidar/include/base_lidar/base_lidar/srv/detail
[4.300s] -- Up-to-date: /home/sunrise/amphibious_ws/install/base_lidar/include/base_lidar/base_lidar/srv/detail/control__rosidl_typesupport_introspection_cpp.hpp
[4.301s] -- Up-to-date: /home/sunrise/amphibious_ws/install/base_lidar/include/base_lidar/base_lidar/srv/detail/control__type_support.cpp
[4.301s] -- Up-to-date: /home/sunrise/amphibious_ws/install/base_lidar/lib/libbase_lidar__rosidl_typesupport_introspection_cpp.so
[4.302s] -- Up-to-date: /home/sunrise/amphibious_ws/install/base_lidar/lib/libbase_lidar__rosidl_typesupport_cpp.so
[4.303s] -- Up-to-date: /home/sunrise/amphibious_ws/install/base_lidar/share/base_lidar/environment/pythonpath.sh
[4.303s] -- Up-to-date: /home/sunrise/amphibious_ws/install/base_lidar/share/base_lidar/environment/pythonpath.dsv
[4.304s] -- Up-to-date: /home/sunrise/amphibious_ws/install/base_lidar/local/lib/python3.10/dist-packages/base_lidar-0.0.0-py3.10.egg-info
[4.304s] -- Installing: /home/sunrise/amphibious_ws/install/base_lidar/local/lib/python3.10/dist-packages/base_lidar-0.0.0-py3.10.egg-info/SOURCES.txt
[4.305s] -- Installing: /home/sunrise/amphibious_ws/install/base_lidar/local/lib/python3.10/dist-packages/base_lidar-0.0.0-py3.10.egg-info/top_level.txt
[4.306s] -- Installing: /home/sunrise/amphibious_ws/install/base_lidar/local/lib/python3.10/dist-packages/base_lidar-0.0.0-py3.10.egg-info/dependency_links.txt
[4.306s] -- Installing: /home/sunrise/amphibious_ws/install/base_lidar/local/lib/python3.10/dist-packages/base_lidar-0.0.0-py3.10.egg-info/PKG-INFO
[4.307s] -- Up-to-date: /home/sunrise/amphibious_ws/install/base_lidar/local/lib/python3.10/dist-packages/base_lidar
[4.308s] -- Up-to-date: /home/sunrise/amphibious_ws/install/base_lidar/local/lib/python3.10/dist-packages/base_lidar/libbase_lidar__rosidl_generator_py.so
[4.310s] -- Up-to-date: /home/sunrise/amphibious_ws/install/base_lidar/local/lib/python3.10/dist-packages/base_lidar/base_lidar_s__rosidl_typesupport_introspection_c.cpython-310-aarch64-linux-gnu.so
[4.311s] -- Up-to-date: /home/sunrise/amphibious_ws/install/base_lidar/local/lib/python3.10/dist-packages/base_lidar/srv
[4.311s] -- Up-to-date: /home/sunrise/amphibious_ws/install/base_lidar/local/lib/python3.10/dist-packages/base_lidar/srv/_control_s.c
[4.312s] -- Up-to-date: /home/sunrise/amphibious_ws/install/base_lidar/local/lib/python3.10/dist-packages/base_lidar/srv/__init__.py
[4.313s] -- Up-to-date: /home/sunrise/amphibious_ws/install/base_lidar/local/lib/python3.10/dist-packages/base_lidar/srv/_control.py
[4.314s] -- Up-to-date: /home/sunrise/amphibious_ws/install/base_lidar/local/lib/python3.10/dist-packages/base_lidar/_base_lidar_s.ep.rosidl_typesupport_fastrtps_c.c
[4.315s] -- Up-to-date: /home/sunrise/amphibious_ws/install/base_lidar/local/lib/python3.10/dist-packages/base_lidar/base_lidar_s__rosidl_typesupport_c.cpython-310-aarch64-linux-gnu.so
[4.316s] -- Up-to-date: /home/sunrise/amphibious_ws/install/base_lidar/local/lib/python3.10/dist-packages/base_lidar/_base_lidar_s.ep.rosidl_typesupport_c.c
[4.317s] -- Up-to-date: /home/sunrise/amphibious_ws/install/base_lidar/local/lib/python3.10/dist-packages/base_lidar/__init__.py
[4.318s] -- Up-to-date: /home/sunrise/amphibious_ws/install/base_lidar/local/lib/python3.10/dist-packages/base_lidar/base_lidar_s__rosidl_typesupport_fastrtps_c.cpython-310-aarch64-linux-gnu.so
[4.318s] -- Up-to-date: /home/sunrise/amphibious_ws/install/base_lidar/local/lib/python3.10/dist-packages/base_lidar/_base_lidar_s.ep.rosidl_typesupport_introspection_c.c
[4.507s] Listing '/home/sunrise/amphibious_ws/install/base_lidar/local/lib/python3.10/dist-packages/base_lidar'...
[4.508s] Listing '/home/sunrise/amphibious_ws/install/base_lidar/local/lib/python3.10/dist-packages/base_lidar/srv'...
[4.554s] -- Up-to-date: /home/sunrise/amphibious_ws/install/base_lidar/local/lib/python3.10/dist-packages/base_lidar/base_lidar_s__rosidl_typesupport_fastrtps_c.cpython-310-aarch64-linux-gnu.so
[4.555s] -- Up-to-date: /home/sunrise/amphibious_ws/install/base_lidar/local/lib/python3.10/dist-packages/base_lidar/base_lidar_s__rosidl_typesupport_introspection_c.cpython-310-aarch64-linux-gnu.so
[4.556s] -- Up-to-date: /home/sunrise/amphibious_ws/install/base_lidar/local/lib/python3.10/dist-packages/base_lidar/base_lidar_s__rosidl_typesupport_c.cpython-310-aarch64-linux-gnu.so
[4.558s] -- Up-to-date: /home/sunrise/amphibious_ws/install/base_lidar/lib/libbase_lidar__rosidl_generator_py.so
[4.559s] -- Up-to-date: /home/sunrise/amphibious_ws/install/base_lidar/share/base_lidar/srv/Control.idl
[4.560s] -- Up-to-date: /home/sunrise/amphibious_ws/install/base_lidar/share/base_lidar/srv/Control.srv
[4.560s] -- Up-to-date: /home/sunrise/amphibious_ws/install/base_lidar/share/base_lidar/srv/Control_Request.msg
[4.561s] -- Up-to-date: /home/sunrise/amphibious_ws/install/base_lidar/share/base_lidar/srv/Control_Response.msg
[4.563s] -- Up-to-date: /home/sunrise/amphibious_ws/install/base_lidar/share/ament_index/resource_index/package_run_dependencies/base_lidar
[4.564s] -- Up-to-date: /home/sunrise/amphibious_ws/install/base_lidar/share/ament_index/resource_index/parent_prefix_path/base_lidar
[4.566s] -- Up-to-date: /home/sunrise/amphibious_ws/install/base_lidar/share/base_lidar/environment/ament_prefix_path.sh
[4.568s] -- Up-to-date: /home/sunrise/amphibious_ws/install/base_lidar/share/base_lidar/environment/ament_prefix_path.dsv
[4.569s] -- Up-to-date: /home/sunrise/amphibious_ws/install/base_lidar/share/base_lidar/environment/path.sh
[4.571s] -- Up-to-date: /home/sunrise/amphibious_ws/install/base_lidar/share/base_lidar/environment/path.dsv
[4.573s] -- Up-to-date: /home/sunrise/amphibious_ws/install/base_lidar/share/base_lidar/local_setup.bash
[4.575s] -- Up-to-date: /home/sunrise/amphibious_ws/install/base_lidar/share/base_lidar/local_setup.sh
[4.577s] -- Up-to-date: /home/sunrise/amphibious_ws/install/base_lidar/share/base_lidar/local_setup.zsh
[4.578s] -- Up-to-date: /home/sunrise/amphibious_ws/install/base_lidar/share/base_lidar/local_setup.dsv
[4.579s] -- Installing: /home/sunrise/amphibious_ws/install/base_lidar/share/base_lidar/package.dsv
[4.580s] -- Up-to-date: /home/sunrise/amphibious_ws/install/base_lidar/share/ament_index/resource_index/packages/base_lidar
[4.581s] -- Up-to-date: /home/sunrise/amphibious_ws/install/base_lidar/share/base_lidar/cmake/export_base_lidar__rosidl_generator_cExport.cmake
[4.581s] -- Up-to-date: /home/sunrise/amphibious_ws/install/base_lidar/share/base_lidar/cmake/export_base_lidar__rosidl_generator_cExport-noconfig.cmake
[4.582s] -- Up-to-date: /home/sunrise/amphibious_ws/install/base_lidar/share/base_lidar/cmake/export_base_lidar__rosidl_typesupport_fastrtps_cExport.cmake
[4.583s] -- Up-to-date: /home/sunrise/amphibious_ws/install/base_lidar/share/base_lidar/cmake/export_base_lidar__rosidl_typesupport_fastrtps_cExport-noconfig.cmake
[4.584s] -- Up-to-date: /home/sunrise/amphibious_ws/install/base_lidar/share/base_lidar/cmake/export_base_lidar__rosidl_generator_cppExport.cmake
[4.585s] -- Up-to-date: /home/sunrise/amphibious_ws/install/base_lidar/share/base_lidar/cmake/export_base_lidar__rosidl_typesupport_fastrtps_cppExport.cmake
[4.594s] -- Up-to-date: /home/sunrise/amphibious_ws/install/base_lidar/share/base_lidar/cmake/export_base_lidar__rosidl_typesupport_fastrtps_cppExport-noconfig.cmake
[4.597s] -- Up-to-date: /home/sunrise/amphibious_ws/install/base_lidar/share/base_lidar/cmake/base_lidar__rosidl_typesupport_introspection_cExport.cmake
[4.598s] -- Up-to-date: /home/sunrise/amphibious_ws/install/base_lidar/share/base_lidar/cmake/base_lidar__rosidl_typesupport_introspection_cExport-noconfig.cmake
[4.599s] -- Up-to-date: /home/sunrise/amphibious_ws/install/base_lidar/share/base_lidar/cmake/base_lidar__rosidl_typesupport_cExport.cmake
[4.600s] -- Up-to-date: /home/sunrise/amphibious_ws/install/base_lidar/share/base_lidar/cmake/base_lidar__rosidl_typesupport_cExport-noconfig.cmake
[4.601s] -- Up-to-date: /home/sunrise/amphibious_ws/install/base_lidar/share/base_lidar/cmake/base_lidar__rosidl_typesupport_introspection_cppExport.cmake
[4.602s] -- Up-to-date: /home/sunrise/amphibious_ws/install/base_lidar/share/base_lidar/cmake/base_lidar__rosidl_typesupport_introspection_cppExport-noconfig.cmake
[4.603s] -- Up-to-date: /home/sunrise/amphibious_ws/install/base_lidar/share/base_lidar/cmake/base_lidar__rosidl_typesupport_cppExport.cmake
[4.604s] -- Up-to-date: /home/sunrise/amphibious_ws/install/base_lidar/share/base_lidar/cmake/base_lidar__rosidl_typesupport_cppExport-noconfig.cmake
[4.606s] -- Up-to-date: /home/sunrise/amphibious_ws/install/base_lidar/share/base_lidar/cmake/export_base_lidar__rosidl_generator_pyExport.cmake
[4.607s] -- Up-to-date: /home/sunrise/amphibious_ws/install/base_lidar/share/base_lidar/cmake/export_base_lidar__rosidl_generator_pyExport-noconfig.cmake
[4.608s] -- Up-to-date: /home/sunrise/amphibious_ws/install/base_lidar/share/base_lidar/cmake/rosidl_cmake-extras.cmake
[4.609s] -- Up-to-date: /home/sunrise/amphibious_ws/install/base_lidar/share/base_lidar/cmake/ament_cmake_export_include_directories-extras.cmake
[4.610s] -- Up-to-date: /home/sunrise/amphibious_ws/install/base_lidar/share/base_lidar/cmake/ament_cmake_export_libraries-extras.cmake
[4.611s] -- Up-to-date: /home/sunrise/amphibious_ws/install/base_lidar/share/base_lidar/cmake/ament_cmake_export_targets-extras.cmake
[4.612s] -- Up-to-date: /home/sunrise/amphibious_ws/install/base_lidar/share/base_lidar/cmake/rosidl_cmake_export_typesupport_targets-extras.cmake
[4.613s] -- Up-to-date: /home/sunrise/amphibious_ws/install/base_lidar/share/base_lidar/cmake/ament_cmake_export_dependencies-extras.cmake
[4.614s] -- Up-to-date: /home/sunrise/amphibious_ws/install/base_lidar/share/base_lidar/cmake/rosidl_cmake_export_typesupport_libraries-extras.cmake
[4.615s] -- Up-to-date: /home/sunrise/amphibious_ws/install/base_lidar/share/base_lidar/cmake/base_lidarConfig.cmake
[4.616s] -- Up-to-date: /home/sunrise/amphibious_ws/install/base_lidar/share/base_lidar/cmake/base_lidarConfig-version.cmake
[4.618s] -- Up-to-date: /home/sunrise/amphibious_ws/install/base_lidar/share/base_lidar/package.xml
[4.620s] Invoked command in '/home/sunrise/amphibious_ws/build/base_lidar' returned '0': CMAKE_PREFIX_PATH=${CMAKE_PREFIX_PATH}:/home/sunrise/amphibious_ws/install/yolo_detect_pkg:/opt/tros/humble:/opt/ros/humble /usr/bin/cmake --install /home/sunrise/amphibious_ws/build/base_lidar
