gmake: 警告：文件“Makefile”的修改时间在未来 804568375 秒后
gmake[1]: 警告：文件“CMakeFiles/Makefile2”的修改时间在未来 804568375 秒后
gmake[2]: 警告：文件“CMakeFiles/car_drive.dir/flags.make”的修改时间在未来 803812471 秒后
gmake[2]: 警告：文件“CMakeFiles/car_drive_pid.dir/flags.make”的修改时间在未来 803825439 秒后
gmake[2]: 警告：文件“CMakeFiles/pid_velocity.dir/flags.make”的修改时间在未来 803907541 秒后
gmake[2]: 警告：文件“CMakeFiles/target_pub.dir/flags.make”的修改时间在未来 803899324 秒后
gmake[2]: 警告：文件“CMakeFiles/car_drive_pid_pwm.dir/flags.make”的修改时间在未来 803907541 秒后
gmake[2]: 警告：文件“CMakeFiles/pid.dir/flags.make”的修改时间在未来 803825439 秒后
gmake[2]: 警告：检测到时钟错误。您的构建版本可能是不完整的。
gmake[2]: 警告：文件“CMakeFiles/pid_lifecycle.dir/flags.make”的修改时间在未来 804563186 秒后
gmake[2]: 警告：文件“CMakeFiles/pid_velocity_lifecycle.dir/flags.make”的修改时间在未来 804563186 秒后
gmake[2]: 警告：文件“CMakeFiles/car_drive.dir/flags.make”的修改时间在未来 803812471 秒后
gmake[2]: 警告：检测到时钟错误。您的构建版本可能是不完整的。
gmake[2]: 警告：检测到时钟错误。您的构建版本可能是不完整的。
gmake[2]: 警告：检测到时钟错误。您的构建版本可能是不完整的。
gmake[2]: 警告：检测到时钟错误。您的构建版本可能是不完整的。
gmake[2]: 警告：文件“CMakeFiles/pid_velocity.dir/flags.make”的修改时间在未来 803907541 秒后
gmake[2]: 警告：文件“CMakeFiles/car_drive_pid.dir/flags.make”的修改时间在未来 803825439 秒后
gmake[2]: 警告：检测到时钟错误。您的构建版本可能是不完整的。
gmake[2]: 警告：检测到时钟错误。您的构建版本可能是不完整的。
gmake[2]: 警告：检测到时钟错误。您的构建版本可能是不完整的。
gmake[2]: 警告：检测到时钟错误。您的构建版本可能是不完整的。
gmake[2]: 警告：文件“CMakeFiles/car_drive_pid_pwm.dir/flags.make”的修改时间在未来 803907541 秒后
gmake[2]: 警告：检测到时钟错误。您的构建版本可能是不完整的。
gmake[2]: 警告：检测到时钟错误。您的构建版本可能是不完整的。
gmake[2]: 警告：文件“CMakeFiles/pid_velocity_lifecycle.dir/flags.make”的修改时间在未来 804563186 秒后
gmake[2]: 警告：文件“CMakeFiles/pid_lifecycle.dir/flags.make”的修改时间在未来 804563186 秒后
gmake[2]: 警告：检测到时钟错误。您的构建版本可能是不完整的。
gmake[2]: 警告：检测到时钟错误。您的构建版本可能是不完整的。
gmake[2]: 警告：文件“CMakeFiles/target_pub.dir/flags.make”的修改时间在未来 803899324 秒后
gmake[2]: 警告：检测到时钟错误。您的构建版本可能是不完整的。
gmake[2]: 警告：文件“CMakeFiles/car_drive_pid_pwm_lifecycle.dir/flags.make”的修改时间在未来 804563186 秒后
gmake[2]: 警告：检测到时钟错误。您的构建版本可能是不完整的。
gmake[2]: 警告：文件“CMakeFiles/pid.dir/flags.make”的修改时间在未来 803825439 秒后
gmake[2]: 警告：检测到时钟错误。您的构建版本可能是不完整的。
gmake[2]: 警告：检测到时钟错误。您的构建版本可能是不完整的。
gmake[2]: 警告：文件“CMakeFiles/car_drive_pid_pwm_lifecycle.dir/flags.make”的修改时间在未来 804563186 秒后
gmake[2]: 警告：检测到时钟错误。您的构建版本可能是不完整的。
gmake[1]: 警告：检测到时钟错误。您的构建版本可能是不完整的。
gmake: 警告：检测到时钟错误。您的构建版本可能是不完整的。
