[0.829s] DEBUG:colcon:Command line arguments: ['/usr/bin/colcon', 'build']
[0.830s] DEBUG:colcon:Parsed command line arguments: Namespace(log_base=None, log_level=None, verb_name='build', build_base='build', install_base='install', merge_install=False, symlink_install=False, test_result_base=None, continue_on_error=False, executor='parallel', parallel_workers=8, event_handlers=None, ignore_user_meta=False, metas=['./colcon.meta'], base_paths=['.'], packages_ignore=None, packages_ignore_regex=None, paths=None, packages_up_to=None, packages_up_to_regex=None, packages_above=None, packages_above_and_dependencies=None, packages_above_depth=None, packages_select_by_dep=None, packages_skip_by_dep=None, packages_skip_up_to=None, packages_select_build_failed=False, packages_skip_build_finished=False, packages_select_test_failures=False, packages_skip_test_passed=False, packages_select=None, packages_skip=None, packages_select_regex=None, packages_skip_regex=None, packages_start=None, packages_end=None, allow_overriding=[], cmake_args=None, cmake_target=None, cmake_target_skip_unavailable=False, cmake_clean_cache=False, cmake_clean_first=False, cmake_force_configure=False, ament_cmake_args=None, catkin_cmake_args=None, catkin_skip_building_tests=False, verb_parser=<colcon_defaults.argument_parser.defaults.DefaultArgumentsDecorator object at 0xffffba46cfa0>, verb_extension=<colcon_core.verb.build.BuildVerb object at 0xffffba552e00>, main=<bound method BuildVerb.main of <colcon_core.verb.build.BuildVerb object at 0xffffba552e00>>)
[2.693s] Level 1:colcon.colcon_core.package_discovery:discover_packages(colcon_meta) check parameters
[2.694s] Level 1:colcon.colcon_core.package_discovery:discover_packages(recursive) check parameters
[2.694s] Level 1:colcon.colcon_core.package_discovery:discover_packages(ignore) check parameters
[2.695s] Level 1:colcon.colcon_core.package_discovery:discover_packages(path) check parameters
[2.696s] Level 1:colcon.colcon_core.package_discovery:discover_packages(colcon_meta) discover
[2.696s] Level 1:colcon.colcon_core.package_discovery:discover_packages(recursive) discover
[2.697s] INFO:colcon.colcon_core.package_discovery:Crawling recursively for packages in '/home/sunrise/amphibious_ws'
[2.698s] Level 1:colcon.colcon_core.package_identification:_identify(.) by extensions ['ignore', 'ignore_ament_install']
[2.699s] Level 1:colcon.colcon_core.package_identification:_identify(.) by extension 'ignore'
[2.700s] Level 1:colcon.colcon_core.package_identification:_identify(.) by extension 'ignore_ament_install'
[2.701s] Level 1:colcon.colcon_core.package_identification:_identify(.) by extensions ['colcon_pkg']
[2.702s] Level 1:colcon.colcon_core.package_identification:_identify(.) by extension 'colcon_pkg'
[2.702s] Level 1:colcon.colcon_core.package_identification:_identify(.) by extensions ['colcon_meta']
[2.703s] Level 1:colcon.colcon_core.package_identification:_identify(.) by extension 'colcon_meta'
[2.704s] Level 1:colcon.colcon_core.package_identification:_identify(.) by extensions ['ros']
[2.704s] Level 1:colcon.colcon_core.package_identification:_identify(.) by extension 'ros'
[2.813s] Level 1:colcon.colcon_core.package_identification:_identify(.) by extensions ['cmake', 'python']
[2.814s] Level 1:colcon.colcon_core.package_identification:_identify(.) by extension 'cmake'
[2.814s] Level 1:colcon.colcon_core.package_identification:_identify(.) by extension 'python'
[2.815s] Level 1:colcon.colcon_core.package_identification:_identify(.) by extensions ['python_setup_py']
[2.816s] Level 1:colcon.colcon_core.package_identification:_identify(.) by extension 'python_setup_py'
[2.817s] Level 1:colcon.colcon_core.package_identification:_identify(build) by extensions ['ignore', 'ignore_ament_install']
[2.818s] Level 1:colcon.colcon_core.package_identification:_identify(build) by extension 'ignore'
[2.819s] Level 1:colcon.colcon_core.package_identification:_identify(build) ignored
[2.820s] Level 1:colcon.colcon_core.package_identification:_identify(install) by extensions ['ignore', 'ignore_ament_install']
[2.821s] Level 1:colcon.colcon_core.package_identification:_identify(install) by extension 'ignore'
[2.822s] Level 1:colcon.colcon_core.package_identification:_identify(install) ignored
[2.824s] Level 1:colcon.colcon_core.package_identification:_identify(log) by extensions ['ignore', 'ignore_ament_install']
[2.825s] Level 1:colcon.colcon_core.package_identification:_identify(log) by extension 'ignore'
[2.826s] Level 1:colcon.colcon_core.package_identification:_identify(log) ignored
[2.826s] Level 1:colcon.colcon_core.package_identification:_identify(src) by extensions ['ignore', 'ignore_ament_install']
[2.827s] Level 1:colcon.colcon_core.package_identification:_identify(src) by extension 'ignore'
[2.828s] Level 1:colcon.colcon_core.package_identification:_identify(src) by extension 'ignore_ament_install'
[2.829s] Level 1:colcon.colcon_core.package_identification:_identify(src) by extensions ['colcon_pkg']
[2.829s] Level 1:colcon.colcon_core.package_identification:_identify(src) by extension 'colcon_pkg'
[2.830s] Level 1:colcon.colcon_core.package_identification:_identify(src) by extensions ['colcon_meta']
[2.830s] Level 1:colcon.colcon_core.package_identification:_identify(src) by extension 'colcon_meta'
[2.831s] Level 1:colcon.colcon_core.package_identification:_identify(src) by extensions ['ros']
[2.831s] Level 1:colcon.colcon_core.package_identification:_identify(src) by extension 'ros'
[2.832s] Level 1:colcon.colcon_core.package_identification:_identify(src) by extensions ['cmake', 'python']
[2.833s] Level 1:colcon.colcon_core.package_identification:_identify(src) by extension 'cmake'
[2.834s] Level 1:colcon.colcon_core.package_identification:_identify(src) by extension 'python'
[2.834s] Level 1:colcon.colcon_core.package_identification:_identify(src) by extensions ['python_setup_py']
[2.835s] Level 1:colcon.colcon_core.package_identification:_identify(src) by extension 'python_setup_py'
[2.836s] Level 1:colcon.colcon_core.package_identification:_identify(src/bluesea2) by extensions ['ignore', 'ignore_ament_install']
[2.837s] Level 1:colcon.colcon_core.package_identification:_identify(src/bluesea2) by extension 'ignore'
[2.838s] Level 1:colcon.colcon_core.package_identification:_identify(src/bluesea2) by extension 'ignore_ament_install'
[2.839s] Level 1:colcon.colcon_core.package_identification:_identify(src/bluesea2) by extensions ['colcon_pkg']
[2.839s] Level 1:colcon.colcon_core.package_identification:_identify(src/bluesea2) by extension 'colcon_pkg'
[2.840s] Level 1:colcon.colcon_core.package_identification:_identify(src/bluesea2) by extensions ['colcon_meta']
[2.840s] Level 1:colcon.colcon_core.package_identification:_identify(src/bluesea2) by extension 'colcon_meta'
[2.841s] Level 1:colcon.colcon_core.package_identification:_identify(src/bluesea2) by extensions ['ros']
[2.841s] Level 1:colcon.colcon_core.package_identification:_identify(src/bluesea2) by extension 'ros'
[2.842s] Level 1:colcon.colcon_core.package_identification:_identify(src/bluesea2) by extensions ['cmake', 'python']
[2.843s] Level 1:colcon.colcon_core.package_identification:_identify(src/bluesea2) by extension 'cmake'
[2.844s] Level 1:colcon.colcon_core.package_identification:_identify(src/bluesea2) by extension 'python'
[2.844s] Level 1:colcon.colcon_core.package_identification:_identify(src/bluesea2) by extensions ['python_setup_py']
[2.845s] Level 1:colcon.colcon_core.package_identification:_identify(src/bluesea2) by extension 'python_setup_py'
[2.846s] Level 1:colcon.colcon_core.package_identification:_identify(src/bluesea2/src) by extensions ['ignore', 'ignore_ament_install']
[2.847s] Level 1:colcon.colcon_core.package_identification:_identify(src/bluesea2/src) by extension 'ignore'
[2.847s] Level 1:colcon.colcon_core.package_identification:_identify(src/bluesea2/src) by extension 'ignore_ament_install'
[2.848s] Level 1:colcon.colcon_core.package_identification:_identify(src/bluesea2/src) by extensions ['colcon_pkg']
[2.848s] Level 1:colcon.colcon_core.package_identification:_identify(src/bluesea2/src) by extension 'colcon_pkg'
[2.849s] Level 1:colcon.colcon_core.package_identification:_identify(src/bluesea2/src) by extensions ['colcon_meta']
[2.850s] Level 1:colcon.colcon_core.package_identification:_identify(src/bluesea2/src) by extension 'colcon_meta'
[2.850s] Level 1:colcon.colcon_core.package_identification:_identify(src/bluesea2/src) by extensions ['ros']
[2.851s] Level 1:colcon.colcon_core.package_identification:_identify(src/bluesea2/src) by extension 'ros'
[2.852s] Level 1:colcon.colcon_core.package_identification:_identify(src/bluesea2/src) by extensions ['cmake', 'python']
[2.852s] Level 1:colcon.colcon_core.package_identification:_identify(src/bluesea2/src) by extension 'cmake'
[2.853s] Level 1:colcon.colcon_core.package_identification:_identify(src/bluesea2/src) by extension 'python'
[2.854s] Level 1:colcon.colcon_core.package_identification:_identify(src/bluesea2/src) by extensions ['python_setup_py']
[2.854s] Level 1:colcon.colcon_core.package_identification:_identify(src/bluesea2/src) by extension 'python_setup_py'
[2.855s] Level 1:colcon.colcon_core.package_identification:_identify(src/bluesea2/src/base) by extensions ['ignore', 'ignore_ament_install']
[2.856s] Level 1:colcon.colcon_core.package_identification:_identify(src/bluesea2/src/base) by extension 'ignore'
[2.857s] Level 1:colcon.colcon_core.package_identification:_identify(src/bluesea2/src/base) by extension 'ignore_ament_install'
[2.858s] Level 1:colcon.colcon_core.package_identification:_identify(src/bluesea2/src/base) by extensions ['colcon_pkg']
[2.858s] Level 1:colcon.colcon_core.package_identification:_identify(src/bluesea2/src/base) by extension 'colcon_pkg'
[2.859s] Level 1:colcon.colcon_core.package_identification:_identify(src/bluesea2/src/base) by extensions ['colcon_meta']
[2.859s] Level 1:colcon.colcon_core.package_identification:_identify(src/bluesea2/src/base) by extension 'colcon_meta'
[2.860s] Level 1:colcon.colcon_core.package_identification:_identify(src/bluesea2/src/base) by extensions ['ros']
[2.860s] Level 1:colcon.colcon_core.package_identification:_identify(src/bluesea2/src/base) by extension 'ros'
[2.878s] DEBUG:colcon.colcon_core.package_identification:Package 'src/bluesea2/src/base' with type 'ros.ament_cmake' and name 'base'
[2.879s] Level 1:colcon.colcon_core.package_identification:_identify(src/bluesea2/src/bluesea-ros2) by extensions ['ignore', 'ignore_ament_install']
[2.880s] Level 1:colcon.colcon_core.package_identification:_identify(src/bluesea2/src/bluesea-ros2) by extension 'ignore'
[2.881s] Level 1:colcon.colcon_core.package_identification:_identify(src/bluesea2/src/bluesea-ros2) by extension 'ignore_ament_install'
[2.882s] Level 1:colcon.colcon_core.package_identification:_identify(src/bluesea2/src/bluesea-ros2) by extensions ['colcon_pkg']
[2.882s] Level 1:colcon.colcon_core.package_identification:_identify(src/bluesea2/src/bluesea-ros2) by extension 'colcon_pkg'
[2.883s] Level 1:colcon.colcon_core.package_identification:_identify(src/bluesea2/src/bluesea-ros2) by extensions ['colcon_meta']
[2.884s] Level 1:colcon.colcon_core.package_identification:_identify(src/bluesea2/src/bluesea-ros2) by extension 'colcon_meta'
[2.884s] Level 1:colcon.colcon_core.package_identification:_identify(src/bluesea2/src/bluesea-ros2) by extensions ['ros']
[2.885s] Level 1:colcon.colcon_core.package_identification:_identify(src/bluesea2/src/bluesea-ros2) by extension 'ros'
[2.892s] DEBUG:colcon.colcon_core.package_identification:Package 'src/bluesea2/src/bluesea-ros2' with type 'ros.ament_cmake' and name 'bluesea2'
[2.893s] Level 1:colcon.colcon_core.package_identification:_identify(src/com_pkg) by extensions ['ignore', 'ignore_ament_install']
[2.894s] Level 1:colcon.colcon_core.package_identification:_identify(src/com_pkg) by extension 'ignore'
[2.895s] Level 1:colcon.colcon_core.package_identification:_identify(src/com_pkg) by extension 'ignore_ament_install'
[2.896s] Level 1:colcon.colcon_core.package_identification:_identify(src/com_pkg) by extensions ['colcon_pkg']
[2.896s] Level 1:colcon.colcon_core.package_identification:_identify(src/com_pkg) by extension 'colcon_pkg'
[2.897s] Level 1:colcon.colcon_core.package_identification:_identify(src/com_pkg) by extensions ['colcon_meta']
[2.897s] Level 1:colcon.colcon_core.package_identification:_identify(src/com_pkg) by extension 'colcon_meta'
[2.898s] Level 1:colcon.colcon_core.package_identification:_identify(src/com_pkg) by extensions ['ros']
[2.898s] Level 1:colcon.colcon_core.package_identification:_identify(src/com_pkg) by extension 'ros'
[2.907s] DEBUG:colcon.colcon_core.package_identification:Package 'src/com_pkg' with type 'ros.ament_cmake' and name 'com_pkg'
[2.908s] Level 1:colcon.colcon_core.package_identification:_identify(src/i2c_pkg) by extensions ['ignore', 'ignore_ament_install']
[2.909s] Level 1:colcon.colcon_core.package_identification:_identify(src/i2c_pkg) by extension 'ignore'
[2.909s] Level 1:colcon.colcon_core.package_identification:_identify(src/i2c_pkg) by extension 'ignore_ament_install'
[2.910s] Level 1:colcon.colcon_core.package_identification:_identify(src/i2c_pkg) by extensions ['colcon_pkg']
[2.911s] Level 1:colcon.colcon_core.package_identification:_identify(src/i2c_pkg) by extension 'colcon_pkg'
[2.911s] Level 1:colcon.colcon_core.package_identification:_identify(src/i2c_pkg) by extensions ['colcon_meta']
[2.912s] Level 1:colcon.colcon_core.package_identification:_identify(src/i2c_pkg) by extension 'colcon_meta'
[2.912s] Level 1:colcon.colcon_core.package_identification:_identify(src/i2c_pkg) by extensions ['ros']
[2.913s] Level 1:colcon.colcon_core.package_identification:_identify(src/i2c_pkg) by extension 'ros'
[2.917s] DEBUG:colcon.colcon_core.package_identification:Package 'src/i2c_pkg' with type 'ros.ament_cmake' and name 'i2c_pkg'
[2.918s] Level 1:colcon.colcon_core.package_identification:_identify(src/my_carto_pkg) by extensions ['ignore', 'ignore_ament_install']
[2.919s] Level 1:colcon.colcon_core.package_identification:_identify(src/my_carto_pkg) by extension 'ignore'
[2.920s] Level 1:colcon.colcon_core.package_identification:_identify(src/my_carto_pkg) by extension 'ignore_ament_install'
[2.921s] Level 1:colcon.colcon_core.package_identification:_identify(src/my_carto_pkg) by extensions ['colcon_pkg']
[2.921s] Level 1:colcon.colcon_core.package_identification:_identify(src/my_carto_pkg) by extension 'colcon_pkg'
[2.922s] Level 1:colcon.colcon_core.package_identification:_identify(src/my_carto_pkg) by extensions ['colcon_meta']
[2.922s] Level 1:colcon.colcon_core.package_identification:_identify(src/my_carto_pkg) by extension 'colcon_meta'
[2.923s] Level 1:colcon.colcon_core.package_identification:_identify(src/my_carto_pkg) by extensions ['ros']
[2.923s] Level 1:colcon.colcon_core.package_identification:_identify(src/my_carto_pkg) by extension 'ros'
[2.927s] DEBUG:colcon.colcon_core.package_identification:Package 'src/my_carto_pkg' with type 'ros.ament_cmake' and name 'my_carto_pkg'
[2.928s] Level 1:colcon.colcon_core.package_discovery:discover_packages(recursive) using defaults
[2.928s] Level 1:colcon.colcon_core.package_discovery:discover_packages(ignore) discover
[2.929s] Level 1:colcon.colcon_core.package_discovery:discover_packages(ignore) using defaults
[2.929s] Level 1:colcon.colcon_core.package_discovery:discover_packages(path) discover
[2.929s] Level 1:colcon.colcon_core.package_discovery:discover_packages(path) using defaults
[3.089s] Level 1:colcon.colcon_core.package_discovery:discover_packages(prefix_path) check parameters
[3.089s] Level 1:colcon.colcon_core.package_discovery:discover_packages(prefix_path) discover
[3.110s] DEBUG:colcon.colcon_installed_package_information.package_discovery:Found 5 installed packages in /home/sunrise/amphibious_ws/install
[3.115s] DEBUG:colcon.colcon_installed_package_information.package_discovery:Found 5 installed packages in /home/sunrise/fly_ws/install
[3.121s] DEBUG:colcon.colcon_installed_package_information.package_discovery:Found 4 installed packages in /home/sunrise/cartographer_ws/install
[3.131s] DEBUG:colcon.colcon_installed_package_information.package_discovery:Found 296 installed packages in /opt/ros/humble
[3.230s] Level 1:colcon.colcon_core.package_discovery:discover_packages(prefix_path) using defaults
[3.622s] Level 5:colcon.colcon_core.verb:set package 'base' build argument 'cmake_args' from command line to 'None'
[3.623s] Level 5:colcon.colcon_core.verb:set package 'base' build argument 'cmake_target' from command line to 'None'
[3.623s] Level 5:colcon.colcon_core.verb:set package 'base' build argument 'cmake_target_skip_unavailable' from command line to 'False'
[3.624s] Level 5:colcon.colcon_core.verb:set package 'base' build argument 'cmake_clean_cache' from command line to 'False'
[3.624s] Level 5:colcon.colcon_core.verb:set package 'base' build argument 'cmake_clean_first' from command line to 'False'
[3.624s] Level 5:colcon.colcon_core.verb:set package 'base' build argument 'cmake_force_configure' from command line to 'False'
[3.625s] Level 5:colcon.colcon_core.verb:set package 'base' build argument 'ament_cmake_args' from command line to 'None'
[3.625s] Level 5:colcon.colcon_core.verb:set package 'base' build argument 'catkin_cmake_args' from command line to 'None'
[3.625s] Level 5:colcon.colcon_core.verb:set package 'base' build argument 'catkin_skip_building_tests' from command line to 'False'
[3.626s] DEBUG:colcon.colcon_core.verb:Building package 'base' with the following arguments: {'ament_cmake_args': None, 'build_base': '/home/sunrise/amphibious_ws/build/base', 'catkin_cmake_args': None, 'catkin_skip_building_tests': False, 'cmake_args': None, 'cmake_clean_cache': False, 'cmake_clean_first': False, 'cmake_force_configure': False, 'cmake_target': None, 'cmake_target_skip_unavailable': False, 'install_base': '/home/sunrise/amphibious_ws/install/base', 'merge_install': False, 'path': '/home/sunrise/amphibious_ws/src/bluesea2/src/base', 'symlink_install': False, 'test_result_base': None}
[3.629s] Level 5:colcon.colcon_core.verb:set package 'com_pkg' build argument 'cmake_args' from command line to 'None'
[3.630s] Level 5:colcon.colcon_core.verb:set package 'com_pkg' build argument 'cmake_target' from command line to 'None'
[3.630s] Level 5:colcon.colcon_core.verb:set package 'com_pkg' build argument 'cmake_target_skip_unavailable' from command line to 'False'
[3.631s] Level 5:colcon.colcon_core.verb:set package 'com_pkg' build argument 'cmake_clean_cache' from command line to 'False'
[3.631s] Level 5:colcon.colcon_core.verb:set package 'com_pkg' build argument 'cmake_clean_first' from command line to 'False'
[3.631s] Level 5:colcon.colcon_core.verb:set package 'com_pkg' build argument 'cmake_force_configure' from command line to 'False'
[3.632s] Level 5:colcon.colcon_core.verb:set package 'com_pkg' build argument 'ament_cmake_args' from command line to 'None'
[3.632s] Level 5:colcon.colcon_core.verb:set package 'com_pkg' build argument 'catkin_cmake_args' from command line to 'None'
[3.632s] Level 5:colcon.colcon_core.verb:set package 'com_pkg' build argument 'catkin_skip_building_tests' from command line to 'False'
[3.633s] DEBUG:colcon.colcon_core.verb:Building package 'com_pkg' with the following arguments: {'ament_cmake_args': None, 'build_base': '/home/sunrise/amphibious_ws/build/com_pkg', 'catkin_cmake_args': None, 'catkin_skip_building_tests': False, 'cmake_args': None, 'cmake_clean_cache': False, 'cmake_clean_first': False, 'cmake_force_configure': False, 'cmake_target': None, 'cmake_target_skip_unavailable': False, 'install_base': '/home/sunrise/amphibious_ws/install/com_pkg', 'merge_install': False, 'path': '/home/sunrise/amphibious_ws/src/com_pkg', 'symlink_install': False, 'test_result_base': None}
[3.636s] Level 5:colcon.colcon_core.verb:set package 'i2c_pkg' build argument 'cmake_args' from command line to 'None'
[3.636s] Level 5:colcon.colcon_core.verb:set package 'i2c_pkg' build argument 'cmake_target' from command line to 'None'
[3.637s] Level 5:colcon.colcon_core.verb:set package 'i2c_pkg' build argument 'cmake_target_skip_unavailable' from command line to 'False'
[3.637s] Level 5:colcon.colcon_core.verb:set package 'i2c_pkg' build argument 'cmake_clean_cache' from command line to 'False'
[3.637s] Level 5:colcon.colcon_core.verb:set package 'i2c_pkg' build argument 'cmake_clean_first' from command line to 'False'
[3.638s] Level 5:colcon.colcon_core.verb:set package 'i2c_pkg' build argument 'cmake_force_configure' from command line to 'False'
[3.638s] Level 5:colcon.colcon_core.verb:set package 'i2c_pkg' build argument 'ament_cmake_args' from command line to 'None'
[3.638s] Level 5:colcon.colcon_core.verb:set package 'i2c_pkg' build argument 'catkin_cmake_args' from command line to 'None'
[3.638s] Level 5:colcon.colcon_core.verb:set package 'i2c_pkg' build argument 'catkin_skip_building_tests' from command line to 'False'
[3.639s] DEBUG:colcon.colcon_core.verb:Building package 'i2c_pkg' with the following arguments: {'ament_cmake_args': None, 'build_base': '/home/sunrise/amphibious_ws/build/i2c_pkg', 'catkin_cmake_args': None, 'catkin_skip_building_tests': False, 'cmake_args': None, 'cmake_clean_cache': False, 'cmake_clean_first': False, 'cmake_force_configure': False, 'cmake_target': None, 'cmake_target_skip_unavailable': False, 'install_base': '/home/sunrise/amphibious_ws/install/i2c_pkg', 'merge_install': False, 'path': '/home/sunrise/amphibious_ws/src/i2c_pkg', 'symlink_install': False, 'test_result_base': None}
[3.642s] Level 5:colcon.colcon_core.verb:set package 'my_carto_pkg' build argument 'cmake_args' from command line to 'None'
[3.642s] Level 5:colcon.colcon_core.verb:set package 'my_carto_pkg' build argument 'cmake_target' from command line to 'None'
[3.643s] Level 5:colcon.colcon_core.verb:set package 'my_carto_pkg' build argument 'cmake_target_skip_unavailable' from command line to 'False'
[3.643s] Level 5:colcon.colcon_core.verb:set package 'my_carto_pkg' build argument 'cmake_clean_cache' from command line to 'False'
[3.643s] Level 5:colcon.colcon_core.verb:set package 'my_carto_pkg' build argument 'cmake_clean_first' from command line to 'False'
[3.643s] Level 5:colcon.colcon_core.verb:set package 'my_carto_pkg' build argument 'cmake_force_configure' from command line to 'False'
[3.643s] Level 5:colcon.colcon_core.verb:set package 'my_carto_pkg' build argument 'ament_cmake_args' from command line to 'None'
[3.644s] Level 5:colcon.colcon_core.verb:set package 'my_carto_pkg' build argument 'catkin_cmake_args' from command line to 'None'
[3.644s] Level 5:colcon.colcon_core.verb:set package 'my_carto_pkg' build argument 'catkin_skip_building_tests' from command line to 'False'
[3.644s] DEBUG:colcon.colcon_core.verb:Building package 'my_carto_pkg' with the following arguments: {'ament_cmake_args': None, 'build_base': '/home/sunrise/amphibious_ws/build/my_carto_pkg', 'catkin_cmake_args': None, 'catkin_skip_building_tests': False, 'cmake_args': None, 'cmake_clean_cache': False, 'cmake_clean_first': False, 'cmake_force_configure': False, 'cmake_target': None, 'cmake_target_skip_unavailable': False, 'install_base': '/home/sunrise/amphibious_ws/install/my_carto_pkg', 'merge_install': False, 'path': '/home/sunrise/amphibious_ws/src/my_carto_pkg', 'symlink_install': False, 'test_result_base': None}
[3.647s] Level 5:colcon.colcon_core.verb:set package 'bluesea2' build argument 'cmake_args' from command line to 'None'
[3.648s] Level 5:colcon.colcon_core.verb:set package 'bluesea2' build argument 'cmake_target' from command line to 'None'
[3.648s] Level 5:colcon.colcon_core.verb:set package 'bluesea2' build argument 'cmake_target_skip_unavailable' from command line to 'False'
[3.648s] Level 5:colcon.colcon_core.verb:set package 'bluesea2' build argument 'cmake_clean_cache' from command line to 'False'
[3.648s] Level 5:colcon.colcon_core.verb:set package 'bluesea2' build argument 'cmake_clean_first' from command line to 'False'
[3.648s] Level 5:colcon.colcon_core.verb:set package 'bluesea2' build argument 'cmake_force_configure' from command line to 'False'
[3.649s] Level 5:colcon.colcon_core.verb:set package 'bluesea2' build argument 'ament_cmake_args' from command line to 'None'
[3.649s] Level 5:colcon.colcon_core.verb:set package 'bluesea2' build argument 'catkin_cmake_args' from command line to 'None'
[3.649s] Level 5:colcon.colcon_core.verb:set package 'bluesea2' build argument 'catkin_skip_building_tests' from command line to 'False'
[3.649s] DEBUG:colcon.colcon_core.verb:Building package 'bluesea2' with the following arguments: {'ament_cmake_args': None, 'build_base': '/home/sunrise/amphibious_ws/build/bluesea2', 'catkin_cmake_args': None, 'catkin_skip_building_tests': False, 'cmake_args': None, 'cmake_clean_cache': False, 'cmake_clean_first': False, 'cmake_force_configure': False, 'cmake_target': None, 'cmake_target_skip_unavailable': False, 'install_base': '/home/sunrise/amphibious_ws/install/bluesea2', 'merge_install': False, 'path': '/home/sunrise/amphibious_ws/src/bluesea2/src/bluesea-ros2', 'symlink_install': False, 'test_result_base': None}
[3.650s] INFO:colcon.colcon_core.executor:Executing jobs using 'parallel' executor
[3.657s] DEBUG:colcon.colcon_parallel_executor.executor.parallel:run_until_complete
[3.659s] INFO:colcon.colcon_ros.task.ament_cmake.build:Building ROS package in '/home/sunrise/amphibious_ws/src/bluesea2/src/base' with build type 'ament_cmake'
[3.660s] INFO:colcon.colcon_cmake.task.cmake.build:Building CMake package in '/home/sunrise/amphibious_ws/src/bluesea2/src/base'
[3.676s] INFO:colcon.colcon_core.plugin_system:Skipping extension 'colcon_core.shell.bat': Not used on non-Windows systems
[3.679s] INFO:colcon.colcon_core.shell:Skip shell extension 'powershell' for command environment: Not usable outside of PowerShell
[3.680s] DEBUG:colcon.colcon_core.shell:Skip shell extension 'dsv' for command environment
[3.717s] INFO:colcon.colcon_ros.task.ament_cmake.build:Building ROS package in '/home/sunrise/amphibious_ws/src/com_pkg' with build type 'ament_cmake'
[3.719s] INFO:colcon.colcon_cmake.task.cmake.build:Building CMake package in '/home/sunrise/amphibious_ws/src/com_pkg'
[3.721s] INFO:colcon.colcon_core.shell:Skip shell extension 'powershell' for command environment: Not usable outside of PowerShell
[3.722s] DEBUG:colcon.colcon_core.shell:Skip shell extension 'dsv' for command environment
[3.764s] INFO:colcon.colcon_ros.task.ament_cmake.build:Building ROS package in '/home/sunrise/amphibious_ws/src/i2c_pkg' with build type 'ament_cmake'
[3.765s] INFO:colcon.colcon_cmake.task.cmake.build:Building CMake package in '/home/sunrise/amphibious_ws/src/i2c_pkg'
[3.768s] INFO:colcon.colcon_core.shell:Skip shell extension 'powershell' for command environment: Not usable outside of PowerShell
[3.768s] DEBUG:colcon.colcon_core.shell:Skip shell extension 'dsv' for command environment
[3.806s] INFO:colcon.colcon_ros.task.ament_cmake.build:Building ROS package in '/home/sunrise/amphibious_ws/src/my_carto_pkg' with build type 'ament_cmake'
[3.807s] INFO:colcon.colcon_cmake.task.cmake.build:Building CMake package in '/home/sunrise/amphibious_ws/src/my_carto_pkg'
[3.810s] INFO:colcon.colcon_core.shell:Skip shell extension 'powershell' for command environment: Not usable outside of PowerShell
[3.811s] DEBUG:colcon.colcon_core.shell:Skip shell extension 'dsv' for command environment
[3.883s] DEBUG:colcon.colcon_core.event_handler.log_command:Invoking command in '/home/sunrise/amphibious_ws/build/base': CMAKE_PREFIX_PATH=${CMAKE_PREFIX_PATH}:/opt/ros/humble /usr/bin/cmake --build /home/sunrise/amphibious_ws/build/base -- -j8 -l8
[3.908s] DEBUG:colcon.colcon_core.event_handler.log_command:Invoking command in '/home/sunrise/amphibious_ws/build/com_pkg': CMAKE_PREFIX_PATH=${CMAKE_PREFIX_PATH}:/opt/ros/humble /usr/bin/cmake --build /home/sunrise/amphibious_ws/build/com_pkg -- -j8 -l8
[3.928s] DEBUG:colcon.colcon_core.event_handler.log_command:Invoking command in '/home/sunrise/amphibious_ws/build/i2c_pkg': CMAKE_PREFIX_PATH=${CMAKE_PREFIX_PATH}:/opt/ros/humble /usr/bin/cmake --build /home/sunrise/amphibious_ws/build/i2c_pkg -- -j8 -l8
[3.978s] DEBUG:colcon.colcon_core.event_handler.log_command:Invoking command in '/home/sunrise/amphibious_ws/build/my_carto_pkg': CMAKE_PREFIX_PATH=${CMAKE_PREFIX_PATH}:/opt/ros/humble /usr/bin/cmake --build /home/sunrise/amphibious_ws/build/my_carto_pkg -- -j8 -l8
[4.488s] DEBUG:colcon.colcon_core.event_handler.log_command:Invoked command in '/home/sunrise/amphibious_ws/build/my_carto_pkg' returned '0': CMAKE_PREFIX_PATH=${CMAKE_PREFIX_PATH}:/opt/ros/humble /usr/bin/cmake --build /home/sunrise/amphibious_ws/build/my_carto_pkg -- -j8 -l8
[4.702s] DEBUG:colcon.colcon_core.event_handler.log_command:Invoking command in '/home/sunrise/amphibious_ws/build/my_carto_pkg': CMAKE_PREFIX_PATH=${CMAKE_PREFIX_PATH}:/opt/ros/humble /usr/bin/cmake --install /home/sunrise/amphibious_ws/build/my_carto_pkg
[4.756s] DEBUG:colcon.colcon_core.event_handler.log_command:Invoked command in '/home/sunrise/amphibious_ws/build/com_pkg' returned '0': CMAKE_PREFIX_PATH=${CMAKE_PREFIX_PATH}:/opt/ros/humble /usr/bin/cmake --build /home/sunrise/amphibious_ws/build/com_pkg -- -j8 -l8
[4.763s] DEBUG:colcon.colcon_core.event_handler.log_command:Invoking command in '/home/sunrise/amphibious_ws/build/com_pkg': CMAKE_PREFIX_PATH=${CMAKE_PREFIX_PATH}:/opt/ros/humble /usr/bin/cmake --install /home/sunrise/amphibious_ws/build/com_pkg
[4.774s] Level 1:colcon.colcon_core.environment:create_environment_scripts_only(my_carto_pkg)
[4.796s] Level 1:colcon.colcon_core.environment:checking '/home/sunrise/amphibious_ws/install/my_carto_pkg' for CMake module files
[4.799s] Level 1:colcon.colcon_core.environment:checking '/home/sunrise/amphibious_ws/install/my_carto_pkg' for CMake config files
[4.800s] Level 1:colcon.colcon_core.shell:create_environment_hook('my_carto_pkg', 'cmake_prefix_path')
[4.802s] INFO:colcon.colcon_core.shell:Creating environment hook '/home/sunrise/amphibious_ws/install/my_carto_pkg/share/my_carto_pkg/hook/cmake_prefix_path.ps1'
[4.819s] INFO:colcon.colcon_core.shell:Creating environment descriptor '/home/sunrise/amphibious_ws/install/my_carto_pkg/share/my_carto_pkg/hook/cmake_prefix_path.dsv'
[4.829s] DEBUG:colcon.colcon_core.event_handler.log_command:Invoked command in '/home/sunrise/amphibious_ws/build/my_carto_pkg' returned '0': CMAKE_PREFIX_PATH=${CMAKE_PREFIX_PATH}:/opt/ros/humble /usr/bin/cmake --install /home/sunrise/amphibious_ws/build/my_carto_pkg
[4.829s] INFO:colcon.colcon_core.shell:Creating environment hook '/home/sunrise/amphibious_ws/install/my_carto_pkg/share/my_carto_pkg/hook/cmake_prefix_path.sh'
[4.839s] Level 1:colcon.colcon_core.environment:checking '/home/sunrise/amphibious_ws/install/my_carto_pkg/bin'
[4.840s] Level 1:colcon.colcon_core.environment:checking '/home/sunrise/amphibious_ws/install/my_carto_pkg/lib/pkgconfig/my_carto_pkg.pc'
[4.842s] Level 1:colcon.colcon_core.environment:checking '/home/sunrise/amphibious_ws/install/my_carto_pkg/lib/python3.10/site-packages'
[4.845s] Level 1:colcon.colcon_core.environment:checking '/home/sunrise/amphibious_ws/install/my_carto_pkg/bin'
[4.847s] INFO:colcon.colcon_core.shell:Creating package script '/home/sunrise/amphibious_ws/install/my_carto_pkg/share/my_carto_pkg/package.ps1'
[4.860s] INFO:colcon.colcon_core.shell:Creating package descriptor '/home/sunrise/amphibious_ws/install/my_carto_pkg/share/my_carto_pkg/package.dsv'
[4.868s] INFO:colcon.colcon_core.shell:Creating package script '/home/sunrise/amphibious_ws/install/my_carto_pkg/share/my_carto_pkg/package.sh'
[4.879s] INFO:colcon.colcon_core.shell:Creating package script '/home/sunrise/amphibious_ws/install/my_carto_pkg/share/my_carto_pkg/package.bash'
[4.887s] INFO:colcon.colcon_core.shell:Creating package script '/home/sunrise/amphibious_ws/install/my_carto_pkg/share/my_carto_pkg/package.zsh'
[4.892s] Level 1:colcon.colcon_core.environment:create_file_with_runtime_dependencies(/home/sunrise/amphibious_ws/install/my_carto_pkg/share/colcon-core/packages/my_carto_pkg)
[4.896s] Level 1:colcon.colcon_core.environment:create_environment_scripts_only(my_carto_pkg)
[4.898s] Level 1:colcon.colcon_core.environment:checking '/home/sunrise/amphibious_ws/install/my_carto_pkg' for CMake module files
[4.903s] Level 1:colcon.colcon_core.environment:checking '/home/sunrise/amphibious_ws/install/my_carto_pkg' for CMake config files
[4.904s] Level 1:colcon.colcon_core.shell:create_environment_hook('my_carto_pkg', 'cmake_prefix_path')
[4.906s] INFO:colcon.colcon_core.shell:Creating environment hook '/home/sunrise/amphibious_ws/install/my_carto_pkg/share/my_carto_pkg/hook/cmake_prefix_path.ps1'
[4.909s] INFO:colcon.colcon_core.shell:Creating environment descriptor '/home/sunrise/amphibious_ws/install/my_carto_pkg/share/my_carto_pkg/hook/cmake_prefix_path.dsv'
[4.912s] INFO:colcon.colcon_core.shell:Creating environment hook '/home/sunrise/amphibious_ws/install/my_carto_pkg/share/my_carto_pkg/hook/cmake_prefix_path.sh'
[4.916s] Level 1:colcon.colcon_core.environment:checking '/home/sunrise/amphibious_ws/install/my_carto_pkg/bin'
[4.917s] Level 1:colcon.colcon_core.environment:checking '/home/sunrise/amphibious_ws/install/my_carto_pkg/lib/pkgconfig/my_carto_pkg.pc'
[4.919s] Level 1:colcon.colcon_core.environment:checking '/home/sunrise/amphibious_ws/install/my_carto_pkg/lib/python3.10/site-packages'
[4.921s] Level 1:colcon.colcon_core.environment:checking '/home/sunrise/amphibious_ws/install/my_carto_pkg/bin'
[4.923s] INFO:colcon.colcon_core.shell:Creating package script '/home/sunrise/amphibious_ws/install/my_carto_pkg/share/my_carto_pkg/package.ps1'
[4.928s] INFO:colcon.colcon_core.shell:Creating package descriptor '/home/sunrise/amphibious_ws/install/my_carto_pkg/share/my_carto_pkg/package.dsv'
[4.933s] INFO:colcon.colcon_core.shell:Creating package script '/home/sunrise/amphibious_ws/install/my_carto_pkg/share/my_carto_pkg/package.sh'
[4.937s] INFO:colcon.colcon_core.shell:Creating package script '/home/sunrise/amphibious_ws/install/my_carto_pkg/share/my_carto_pkg/package.bash'
[4.940s] INFO:colcon.colcon_core.shell:Creating package script '/home/sunrise/amphibious_ws/install/my_carto_pkg/share/my_carto_pkg/package.zsh'
[4.944s] Level 1:colcon.colcon_core.environment:create_file_with_runtime_dependencies(/home/sunrise/amphibious_ws/install/my_carto_pkg/share/colcon-core/packages/my_carto_pkg)
[4.962s] DEBUG:colcon.colcon_core.event_handler.log_command:Invoked command in '/home/sunrise/amphibious_ws/build/i2c_pkg' returned '0': CMAKE_PREFIX_PATH=${CMAKE_PREFIX_PATH}:/opt/ros/humble /usr/bin/cmake --build /home/sunrise/amphibious_ws/build/i2c_pkg -- -j8 -l8
[4.971s] Level 1:colcon.colcon_core.environment:create_environment_scripts_only(com_pkg)
[4.974s] Level 1:colcon.colcon_core.environment:checking '/home/sunrise/amphibious_ws/install/com_pkg' for CMake module files
[4.976s] DEBUG:colcon.colcon_core.event_handler.log_command:Invoking command in '/home/sunrise/amphibious_ws/build/i2c_pkg': CMAKE_PREFIX_PATH=${CMAKE_PREFIX_PATH}:/opt/ros/humble /usr/bin/cmake --install /home/sunrise/amphibious_ws/build/i2c_pkg
[4.984s] DEBUG:colcon.colcon_core.event_handler.log_command:Invoked command in '/home/sunrise/amphibious_ws/build/com_pkg' returned '0': CMAKE_PREFIX_PATH=${CMAKE_PREFIX_PATH}:/opt/ros/humble /usr/bin/cmake --install /home/sunrise/amphibious_ws/build/com_pkg
[4.995s] Level 1:colcon.colcon_core.environment:checking '/home/sunrise/amphibious_ws/install/com_pkg' for CMake config files
[5.001s] Level 1:colcon.colcon_core.shell:create_environment_hook('com_pkg', 'cmake_prefix_path')
[5.004s] INFO:colcon.colcon_core.shell:Creating environment hook '/home/sunrise/amphibious_ws/install/com_pkg/share/com_pkg/hook/cmake_prefix_path.ps1'
[5.027s] INFO:colcon.colcon_core.shell:Creating environment descriptor '/home/sunrise/amphibious_ws/install/com_pkg/share/com_pkg/hook/cmake_prefix_path.dsv'
[5.031s] INFO:colcon.colcon_core.shell:Creating environment hook '/home/sunrise/amphibious_ws/install/com_pkg/share/com_pkg/hook/cmake_prefix_path.sh'
[5.040s] Level 1:colcon.colcon_core.environment:checking '/home/sunrise/amphibious_ws/install/com_pkg/lib'
[5.042s] Level 1:colcon.colcon_core.environment:checking '/home/sunrise/amphibious_ws/install/com_pkg/bin'
[5.043s] Level 1:colcon.colcon_core.environment:checking '/home/sunrise/amphibious_ws/install/com_pkg/lib/pkgconfig/com_pkg.pc'
[5.045s] Level 1:colcon.colcon_core.environment:checking '/home/sunrise/amphibious_ws/install/com_pkg/lib/python3.10/site-packages'
[5.047s] Level 1:colcon.colcon_core.environment:checking '/home/sunrise/amphibious_ws/install/com_pkg/bin'
[5.050s] INFO:colcon.colcon_core.shell:Creating package script '/home/sunrise/amphibious_ws/install/com_pkg/share/com_pkg/package.ps1'
[5.061s] INFO:colcon.colcon_core.shell:Creating package descriptor '/home/sunrise/amphibious_ws/install/com_pkg/share/com_pkg/package.dsv'
[5.065s] INFO:colcon.colcon_core.shell:Creating package script '/home/sunrise/amphibious_ws/install/com_pkg/share/com_pkg/package.sh'
[5.069s] INFO:colcon.colcon_core.shell:Creating package script '/home/sunrise/amphibious_ws/install/com_pkg/share/com_pkg/package.bash'
[5.072s] INFO:colcon.colcon_core.shell:Creating package script '/home/sunrise/amphibious_ws/install/com_pkg/share/com_pkg/package.zsh'
[5.075s] Level 1:colcon.colcon_core.environment:create_file_with_runtime_dependencies(/home/sunrise/amphibious_ws/install/com_pkg/share/colcon-core/packages/com_pkg)
[5.080s] Level 1:colcon.colcon_core.environment:create_environment_scripts_only(com_pkg)
[5.082s] Level 1:colcon.colcon_core.environment:checking '/home/sunrise/amphibious_ws/install/com_pkg' for CMake module files
[5.087s] Level 1:colcon.colcon_core.environment:checking '/home/sunrise/amphibious_ws/install/com_pkg' for CMake config files
[5.088s] Level 1:colcon.colcon_core.shell:create_environment_hook('com_pkg', 'cmake_prefix_path')
[5.090s] INFO:colcon.colcon_core.shell:Creating environment hook '/home/sunrise/amphibious_ws/install/com_pkg/share/com_pkg/hook/cmake_prefix_path.ps1'
[5.094s] INFO:colcon.colcon_core.shell:Creating environment descriptor '/home/sunrise/amphibious_ws/install/com_pkg/share/com_pkg/hook/cmake_prefix_path.dsv'
[5.097s] INFO:colcon.colcon_core.shell:Creating environment hook '/home/sunrise/amphibious_ws/install/com_pkg/share/com_pkg/hook/cmake_prefix_path.sh'
[5.101s] Level 1:colcon.colcon_core.environment:checking '/home/sunrise/amphibious_ws/install/com_pkg/lib'
[5.102s] Level 1:colcon.colcon_core.environment:checking '/home/sunrise/amphibious_ws/install/com_pkg/bin'
[5.102s] Level 1:colcon.colcon_core.environment:checking '/home/sunrise/amphibious_ws/install/com_pkg/lib/pkgconfig/com_pkg.pc'
[5.104s] Level 1:colcon.colcon_core.environment:checking '/home/sunrise/amphibious_ws/install/com_pkg/lib/python3.10/site-packages'
[5.106s] Level 1:colcon.colcon_core.environment:checking '/home/sunrise/amphibious_ws/install/com_pkg/bin'
[5.108s] INFO:colcon.colcon_core.shell:Creating package script '/home/sunrise/amphibious_ws/install/com_pkg/share/com_pkg/package.ps1'
[5.112s] INFO:colcon.colcon_core.shell:Creating package descriptor '/home/sunrise/amphibious_ws/install/com_pkg/share/com_pkg/package.dsv'
[5.116s] INFO:colcon.colcon_core.shell:Creating package script '/home/sunrise/amphibious_ws/install/com_pkg/share/com_pkg/package.sh'
[5.120s] INFO:colcon.colcon_core.shell:Creating package script '/home/sunrise/amphibious_ws/install/com_pkg/share/com_pkg/package.bash'
[5.124s] INFO:colcon.colcon_core.shell:Creating package script '/home/sunrise/amphibious_ws/install/com_pkg/share/com_pkg/package.zsh'
[5.128s] Level 1:colcon.colcon_core.environment:create_file_with_runtime_dependencies(/home/sunrise/amphibious_ws/install/com_pkg/share/colcon-core/packages/com_pkg)
[5.137s] Level 1:colcon.colcon_core.environment:create_environment_scripts_only(i2c_pkg)
[5.141s] Level 1:colcon.colcon_core.environment:checking '/home/sunrise/amphibious_ws/install/i2c_pkg' for CMake module files
[5.145s] DEBUG:colcon.colcon_core.event_handler.log_command:Invoked command in '/home/sunrise/amphibious_ws/build/i2c_pkg' returned '0': CMAKE_PREFIX_PATH=${CMAKE_PREFIX_PATH}:/opt/ros/humble /usr/bin/cmake --install /home/sunrise/amphibious_ws/build/i2c_pkg
[5.153s] Level 1:colcon.colcon_core.environment:checking '/home/sunrise/amphibious_ws/install/i2c_pkg' for CMake config files
[5.155s] Level 1:colcon.colcon_core.shell:create_environment_hook('i2c_pkg', 'cmake_prefix_path')
[5.159s] INFO:colcon.colcon_core.shell:Creating environment hook '/home/sunrise/amphibious_ws/install/i2c_pkg/share/i2c_pkg/hook/cmake_prefix_path.ps1'
[5.164s] INFO:colcon.colcon_core.shell:Creating environment descriptor '/home/sunrise/amphibious_ws/install/i2c_pkg/share/i2c_pkg/hook/cmake_prefix_path.dsv'
[5.169s] INFO:colcon.colcon_core.shell:Creating environment hook '/home/sunrise/amphibious_ws/install/i2c_pkg/share/i2c_pkg/hook/cmake_prefix_path.sh'
[5.176s] Level 1:colcon.colcon_core.environment:checking '/home/sunrise/amphibious_ws/install/i2c_pkg/lib'
[5.178s] Level 1:colcon.colcon_core.environment:checking '/home/sunrise/amphibious_ws/install/i2c_pkg/bin'
[5.179s] Level 1:colcon.colcon_core.environment:checking '/home/sunrise/amphibious_ws/install/i2c_pkg/lib/pkgconfig/i2c_pkg.pc'
[5.182s] Level 1:colcon.colcon_core.environment:checking '/home/sunrise/amphibious_ws/install/i2c_pkg/lib/python3.10/site-packages'
[5.188s] Level 1:colcon.colcon_core.environment:checking '/home/sunrise/amphibious_ws/install/i2c_pkg/bin'
[5.194s] INFO:colcon.colcon_core.shell:Creating package script '/home/sunrise/amphibious_ws/install/i2c_pkg/share/i2c_pkg/package.ps1'
[5.201s] INFO:colcon.colcon_core.shell:Creating package descriptor '/home/sunrise/amphibious_ws/install/i2c_pkg/share/i2c_pkg/package.dsv'
[5.207s] INFO:colcon.colcon_core.shell:Creating package script '/home/sunrise/amphibious_ws/install/i2c_pkg/share/i2c_pkg/package.sh'
[5.215s] INFO:colcon.colcon_core.shell:Creating package script '/home/sunrise/amphibious_ws/install/i2c_pkg/share/i2c_pkg/package.bash'
[5.219s] INFO:colcon.colcon_core.shell:Creating package script '/home/sunrise/amphibious_ws/install/i2c_pkg/share/i2c_pkg/package.zsh'
[5.223s] Level 1:colcon.colcon_core.environment:create_file_with_runtime_dependencies(/home/sunrise/amphibious_ws/install/i2c_pkg/share/colcon-core/packages/i2c_pkg)
[5.228s] Level 1:colcon.colcon_core.environment:create_environment_scripts_only(i2c_pkg)
[5.231s] Level 1:colcon.colcon_core.environment:checking '/home/sunrise/amphibious_ws/install/i2c_pkg' for CMake module files
[5.236s] Level 1:colcon.colcon_core.environment:checking '/home/sunrise/amphibious_ws/install/i2c_pkg' for CMake config files
[5.238s] Level 1:colcon.colcon_core.shell:create_environment_hook('i2c_pkg', 'cmake_prefix_path')
[5.240s] INFO:colcon.colcon_core.shell:Creating environment hook '/home/sunrise/amphibious_ws/install/i2c_pkg/share/i2c_pkg/hook/cmake_prefix_path.ps1'
[5.244s] INFO:colcon.colcon_core.shell:Creating environment descriptor '/home/sunrise/amphibious_ws/install/i2c_pkg/share/i2c_pkg/hook/cmake_prefix_path.dsv'
[5.248s] INFO:colcon.colcon_core.shell:Creating environment hook '/home/sunrise/amphibious_ws/install/i2c_pkg/share/i2c_pkg/hook/cmake_prefix_path.sh'
[5.253s] Level 1:colcon.colcon_core.environment:checking '/home/sunrise/amphibious_ws/install/i2c_pkg/lib'
[5.254s] Level 1:colcon.colcon_core.environment:checking '/home/sunrise/amphibious_ws/install/i2c_pkg/bin'
[5.255s] Level 1:colcon.colcon_core.environment:checking '/home/sunrise/amphibious_ws/install/i2c_pkg/lib/pkgconfig/i2c_pkg.pc'
[5.256s] Level 1:colcon.colcon_core.environment:checking '/home/sunrise/amphibious_ws/install/i2c_pkg/lib/python3.10/site-packages'
[5.258s] Level 1:colcon.colcon_core.environment:checking '/home/sunrise/amphibious_ws/install/i2c_pkg/bin'
[5.261s] INFO:colcon.colcon_core.shell:Creating package script '/home/sunrise/amphibious_ws/install/i2c_pkg/share/i2c_pkg/package.ps1'
[5.267s] INFO:colcon.colcon_core.shell:Creating package descriptor '/home/sunrise/amphibious_ws/install/i2c_pkg/share/i2c_pkg/package.dsv'
[5.271s] INFO:colcon.colcon_core.shell:Creating package script '/home/sunrise/amphibious_ws/install/i2c_pkg/share/i2c_pkg/package.sh'
[5.277s] INFO:colcon.colcon_core.shell:Creating package script '/home/sunrise/amphibious_ws/install/i2c_pkg/share/i2c_pkg/package.bash'
[5.281s] INFO:colcon.colcon_core.shell:Creating package script '/home/sunrise/amphibious_ws/install/i2c_pkg/share/i2c_pkg/package.zsh'
[5.285s] Level 1:colcon.colcon_core.environment:create_file_with_runtime_dependencies(/home/sunrise/amphibious_ws/install/i2c_pkg/share/colcon-core/packages/i2c_pkg)
[7.350s] DEBUG:colcon.colcon_core.event_handler.log_command:Invoked command in '/home/sunrise/amphibious_ws/build/base' returned '0': CMAKE_PREFIX_PATH=${CMAKE_PREFIX_PATH}:/opt/ros/humble /usr/bin/cmake --build /home/sunrise/amphibious_ws/build/base -- -j8 -l8
[7.356s] DEBUG:colcon.colcon_core.event_handler.log_command:Invoking command in '/home/sunrise/amphibious_ws/build/base': CMAKE_PREFIX_PATH=${CMAKE_PREFIX_PATH}:/opt/ros/humble /usr/bin/cmake --install /home/sunrise/amphibious_ws/build/base
[7.757s] Level 1:colcon.colcon_core.environment:create_environment_scripts_only(base)
[7.759s] Level 1:colcon.colcon_core.environment:checking '/home/sunrise/amphibious_ws/install/base' for CMake module files
[7.764s] Level 1:colcon.colcon_core.environment:checking '/home/sunrise/amphibious_ws/install/base' for CMake config files
[7.768s] Level 1:colcon.colcon_core.shell:create_environment_hook('base', 'cmake_prefix_path')
[7.780s] INFO:colcon.colcon_core.shell:Creating environment hook '/home/sunrise/amphibious_ws/install/base/share/base/hook/cmake_prefix_path.ps1'
[7.784s] INFO:colcon.colcon_core.shell:Creating environment descriptor '/home/sunrise/amphibious_ws/install/base/share/base/hook/cmake_prefix_path.dsv'
[7.789s] INFO:colcon.colcon_core.shell:Creating environment hook '/home/sunrise/amphibious_ws/install/base/share/base/hook/cmake_prefix_path.sh'
[7.803s] Level 1:colcon.colcon_core.environment:checking '/home/sunrise/amphibious_ws/install/base/lib'
[7.805s] Level 1:colcon.colcon_core.shell:create_environment_hook('base', 'ld_library_path_lib')
[7.809s] INFO:colcon.colcon_core.shell:Creating environment hook '/home/sunrise/amphibious_ws/install/base/share/base/hook/ld_library_path_lib.ps1'
[7.815s] INFO:colcon.colcon_core.shell:Creating environment descriptor '/home/sunrise/amphibious_ws/install/base/share/base/hook/ld_library_path_lib.dsv'
[7.821s] INFO:colcon.colcon_core.shell:Creating environment hook '/home/sunrise/amphibious_ws/install/base/share/base/hook/ld_library_path_lib.sh'
[7.834s] Level 1:colcon.colcon_core.environment:checking '/home/sunrise/amphibious_ws/install/base/bin'
[7.835s] Level 1:colcon.colcon_core.environment:checking '/home/sunrise/amphibious_ws/install/base/lib/pkgconfig/base.pc'
[7.837s] Level 1:colcon.colcon_core.environment:checking '/home/sunrise/amphibious_ws/install/base/lib/python3.10/site-packages'
[7.839s] Level 1:colcon.colcon_core.environment:checking '/home/sunrise/amphibious_ws/install/base/bin'
[7.843s] INFO:colcon.colcon_core.shell:Creating package script '/home/sunrise/amphibious_ws/install/base/share/base/package.ps1'
[7.850s] DEBUG:colcon.colcon_core.event_handler.log_command:Invoked command in '/home/sunrise/amphibious_ws/build/base' returned '0': CMAKE_PREFIX_PATH=${CMAKE_PREFIX_PATH}:/opt/ros/humble /usr/bin/cmake --install /home/sunrise/amphibious_ws/build/base
[7.850s] INFO:colcon.colcon_core.shell:Creating package descriptor '/home/sunrise/amphibious_ws/install/base/share/base/package.dsv'
[7.854s] INFO:colcon.colcon_core.shell:Creating package script '/home/sunrise/amphibious_ws/install/base/share/base/package.sh'
[7.858s] INFO:colcon.colcon_core.shell:Creating package script '/home/sunrise/amphibious_ws/install/base/share/base/package.bash'
[7.861s] INFO:colcon.colcon_core.shell:Creating package script '/home/sunrise/amphibious_ws/install/base/share/base/package.zsh'
[7.864s] Level 1:colcon.colcon_core.environment:create_file_with_runtime_dependencies(/home/sunrise/amphibious_ws/install/base/share/colcon-core/packages/base)
[7.869s] Level 1:colcon.colcon_core.environment:create_environment_scripts_only(base)
[7.870s] Level 1:colcon.colcon_core.environment:checking '/home/sunrise/amphibious_ws/install/base' for CMake module files
[7.875s] Level 1:colcon.colcon_core.environment:checking '/home/sunrise/amphibious_ws/install/base' for CMake config files
[7.878s] Level 1:colcon.colcon_core.shell:create_environment_hook('base', 'cmake_prefix_path')
[7.881s] INFO:colcon.colcon_core.shell:Creating environment hook '/home/sunrise/amphibious_ws/install/base/share/base/hook/cmake_prefix_path.ps1'
[7.884s] INFO:colcon.colcon_core.shell:Creating environment descriptor '/home/sunrise/amphibious_ws/install/base/share/base/hook/cmake_prefix_path.dsv'
[7.887s] INFO:colcon.colcon_core.shell:Creating environment hook '/home/sunrise/amphibious_ws/install/base/share/base/hook/cmake_prefix_path.sh'
[7.892s] Level 1:colcon.colcon_core.environment:checking '/home/sunrise/amphibious_ws/install/base/lib'
[7.893s] Level 1:colcon.colcon_core.shell:create_environment_hook('base', 'ld_library_path_lib')
[7.895s] INFO:colcon.colcon_core.shell:Creating environment hook '/home/sunrise/amphibious_ws/install/base/share/base/hook/ld_library_path_lib.ps1'
[7.898s] INFO:colcon.colcon_core.shell:Creating environment descriptor '/home/sunrise/amphibious_ws/install/base/share/base/hook/ld_library_path_lib.dsv'
[7.901s] INFO:colcon.colcon_core.shell:Creating environment hook '/home/sunrise/amphibious_ws/install/base/share/base/hook/ld_library_path_lib.sh'
[7.905s] Level 1:colcon.colcon_core.environment:checking '/home/sunrise/amphibious_ws/install/base/bin'
[7.905s] Level 1:colcon.colcon_core.environment:checking '/home/sunrise/amphibious_ws/install/base/lib/pkgconfig/base.pc'
[7.907s] Level 1:colcon.colcon_core.environment:checking '/home/sunrise/amphibious_ws/install/base/lib/python3.10/site-packages'
[7.909s] Level 1:colcon.colcon_core.environment:checking '/home/sunrise/amphibious_ws/install/base/bin'
[7.912s] INFO:colcon.colcon_core.shell:Creating package script '/home/sunrise/amphibious_ws/install/base/share/base/package.ps1'
[7.917s] INFO:colcon.colcon_core.shell:Creating package descriptor '/home/sunrise/amphibious_ws/install/base/share/base/package.dsv'
[7.923s] INFO:colcon.colcon_core.shell:Creating package script '/home/sunrise/amphibious_ws/install/base/share/base/package.sh'
[7.928s] INFO:colcon.colcon_core.shell:Creating package script '/home/sunrise/amphibious_ws/install/base/share/base/package.bash'
[7.932s] INFO:colcon.colcon_core.shell:Creating package script '/home/sunrise/amphibious_ws/install/base/share/base/package.zsh'
[7.936s] Level 1:colcon.colcon_core.environment:create_file_with_runtime_dependencies(/home/sunrise/amphibious_ws/install/base/share/colcon-core/packages/base)
[7.938s] INFO:colcon.colcon_ros.task.ament_cmake.build:Building ROS package in '/home/sunrise/amphibious_ws/src/bluesea2/src/bluesea-ros2' with build type 'ament_cmake'
[7.939s] INFO:colcon.colcon_cmake.task.cmake.build:Building CMake package in '/home/sunrise/amphibious_ws/src/bluesea2/src/bluesea-ros2'
[7.942s] INFO:colcon.colcon_core.shell:Skip shell extension 'powershell' for command environment: Not usable outside of PowerShell
[7.943s] DEBUG:colcon.colcon_core.shell:Skip shell extension 'dsv' for command environment
[8.013s] DEBUG:colcon.colcon_core.event_handler.log_command:Invoking command in '/home/sunrise/amphibious_ws/build/bluesea2': CMAKE_PREFIX_PATH=/home/sunrise/amphibious_ws/install/base:/home/sunrise/amphibious_ws/install/my_carto_pkg:/home/sunrise/amphibious_ws/install/i2c_pkg:/home/sunrise/amphibious_ws/install/com_pkg:/home/sunrise/amphibious_ws/install/bluesea2:/home/sunrise/cartographer_ws/install/cartographer_rviz:/home/sunrise/cartographer_ws/install/cartographer_ros:/home/sunrise/cartographer_ws/install/cartographer_ros_msgs:/home/sunrise/cartographer_ws/install/cartographer:/home/sunrise/fly_ws/install/my_carto_pkg:/home/sunrise/fly_ws/install/com_pkg:/home/sunrise/fly_ws/install/bluesea2:/home/sunrise/fly_ws/install/base:/opt/ros/humble LD_LIBRARY_PATH=/home/sunrise/amphibious_ws/install/base/lib:/home/sunrise/cartographer_ws/install/cartographer_rviz/lib:/home/sunrise/cartographer_ws/install/cartographer_ros/lib:/home/sunrise/cartographer_ws/install/cartographer_ros_msgs/lib:/home/sunrise/fly_ws/install/base/lib:/opt/ros/humble/opt/rviz_ogre_vendor/lib:/opt/ros/humble/lib/aarch64-linux-gnu:/opt/ros/humble/lib:/usr/hobot/lib:/app/lib:/app/pub/lib:/middleware/lib:/middleware/pub/lib:/usr/hobot/lib/sensor:/system/lib:/system/usr/lib:/lib /usr/bin/cmake --build /home/sunrise/amphibious_ws/build/bluesea2 -- -j8 -l8
[8.410s] DEBUG:colcon.colcon_core.event_handler.log_command:Invoked command in '/home/sunrise/amphibious_ws/build/bluesea2' returned '0': CMAKE_PREFIX_PATH=/home/sunrise/amphibious_ws/install/base:/home/sunrise/amphibious_ws/install/my_carto_pkg:/home/sunrise/amphibious_ws/install/i2c_pkg:/home/sunrise/amphibious_ws/install/com_pkg:/home/sunrise/amphibious_ws/install/bluesea2:/home/sunrise/cartographer_ws/install/cartographer_rviz:/home/sunrise/cartographer_ws/install/cartographer_ros:/home/sunrise/cartographer_ws/install/cartographer_ros_msgs:/home/sunrise/cartographer_ws/install/cartographer:/home/sunrise/fly_ws/install/my_carto_pkg:/home/sunrise/fly_ws/install/com_pkg:/home/sunrise/fly_ws/install/bluesea2:/home/sunrise/fly_ws/install/base:/opt/ros/humble LD_LIBRARY_PATH=/home/sunrise/amphibious_ws/install/base/lib:/home/sunrise/cartographer_ws/install/cartographer_rviz/lib:/home/sunrise/cartographer_ws/install/cartographer_ros/lib:/home/sunrise/cartographer_ws/install/cartographer_ros_msgs/lib:/home/sunrise/fly_ws/install/base/lib:/opt/ros/humble/opt/rviz_ogre_vendor/lib:/opt/ros/humble/lib/aarch64-linux-gnu:/opt/ros/humble/lib:/usr/hobot/lib:/app/lib:/app/pub/lib:/middleware/lib:/middleware/pub/lib:/usr/hobot/lib/sensor:/system/lib:/system/usr/lib:/lib /usr/bin/cmake --build /home/sunrise/amphibious_ws/build/bluesea2 -- -j8 -l8
[8.419s] DEBUG:colcon.colcon_core.event_handler.log_command:Invoking command in '/home/sunrise/amphibious_ws/build/bluesea2': CMAKE_PREFIX_PATH=/home/sunrise/amphibious_ws/install/base:/home/sunrise/amphibious_ws/install/my_carto_pkg:/home/sunrise/amphibious_ws/install/i2c_pkg:/home/sunrise/amphibious_ws/install/com_pkg:/home/sunrise/amphibious_ws/install/bluesea2:/home/sunrise/cartographer_ws/install/cartographer_rviz:/home/sunrise/cartographer_ws/install/cartographer_ros:/home/sunrise/cartographer_ws/install/cartographer_ros_msgs:/home/sunrise/cartographer_ws/install/cartographer:/home/sunrise/fly_ws/install/my_carto_pkg:/home/sunrise/fly_ws/install/com_pkg:/home/sunrise/fly_ws/install/bluesea2:/home/sunrise/fly_ws/install/base:/opt/ros/humble LD_LIBRARY_PATH=/home/sunrise/amphibious_ws/install/base/lib:/home/sunrise/cartographer_ws/install/cartographer_rviz/lib:/home/sunrise/cartographer_ws/install/cartographer_ros/lib:/home/sunrise/cartographer_ws/install/cartographer_ros_msgs/lib:/home/sunrise/fly_ws/install/base/lib:/opt/ros/humble/opt/rviz_ogre_vendor/lib:/opt/ros/humble/lib/aarch64-linux-gnu:/opt/ros/humble/lib:/usr/hobot/lib:/app/lib:/app/pub/lib:/middleware/lib:/middleware/pub/lib:/usr/hobot/lib/sensor:/system/lib:/system/usr/lib:/lib /usr/bin/cmake --install /home/sunrise/amphibious_ws/build/bluesea2
[8.476s] Level 1:colcon.colcon_core.environment:create_environment_scripts_only(bluesea2)
[8.478s] Level 1:colcon.colcon_core.environment:checking '/home/sunrise/amphibious_ws/install/bluesea2' for CMake module files
[8.490s] Level 1:colcon.colcon_core.environment:checking '/home/sunrise/amphibious_ws/install/bluesea2' for CMake config files
[8.497s] Level 1:colcon.colcon_core.shell:create_environment_hook('bluesea2', 'cmake_prefix_path')
[8.499s] INFO:colcon.colcon_core.shell:Creating environment hook '/home/sunrise/amphibious_ws/install/bluesea2/share/bluesea2/hook/cmake_prefix_path.ps1'
[8.504s] DEBUG:colcon.colcon_core.event_handler.log_command:Invoked command in '/home/sunrise/amphibious_ws/build/bluesea2' returned '0': CMAKE_PREFIX_PATH=/home/sunrise/amphibious_ws/install/base:/home/sunrise/amphibious_ws/install/my_carto_pkg:/home/sunrise/amphibious_ws/install/i2c_pkg:/home/sunrise/amphibious_ws/install/com_pkg:/home/sunrise/amphibious_ws/install/bluesea2:/home/sunrise/cartographer_ws/install/cartographer_rviz:/home/sunrise/cartographer_ws/install/cartographer_ros:/home/sunrise/cartographer_ws/install/cartographer_ros_msgs:/home/sunrise/cartographer_ws/install/cartographer:/home/sunrise/fly_ws/install/my_carto_pkg:/home/sunrise/fly_ws/install/com_pkg:/home/sunrise/fly_ws/install/bluesea2:/home/sunrise/fly_ws/install/base:/opt/ros/humble LD_LIBRARY_PATH=/home/sunrise/amphibious_ws/install/base/lib:/home/sunrise/cartographer_ws/install/cartographer_rviz/lib:/home/sunrise/cartographer_ws/install/cartographer_ros/lib:/home/sunrise/cartographer_ws/install/cartographer_ros_msgs/lib:/home/sunrise/fly_ws/install/base/lib:/opt/ros/humble/opt/rviz_ogre_vendor/lib:/opt/ros/humble/lib/aarch64-linux-gnu:/opt/ros/humble/lib:/usr/hobot/lib:/app/lib:/app/pub/lib:/middleware/lib:/middleware/pub/lib:/usr/hobot/lib/sensor:/system/lib:/system/usr/lib:/lib /usr/bin/cmake --install /home/sunrise/amphibious_ws/build/bluesea2
[8.505s] INFO:colcon.colcon_core.shell:Creating environment descriptor '/home/sunrise/amphibious_ws/install/bluesea2/share/bluesea2/hook/cmake_prefix_path.dsv'
[8.508s] INFO:colcon.colcon_core.shell:Creating environment hook '/home/sunrise/amphibious_ws/install/bluesea2/share/bluesea2/hook/cmake_prefix_path.sh'
[8.512s] Level 1:colcon.colcon_core.environment:checking '/home/sunrise/amphibious_ws/install/bluesea2/lib'
[8.512s] Level 1:colcon.colcon_core.environment:checking '/home/sunrise/amphibious_ws/install/bluesea2/bin'
[8.513s] Level 1:colcon.colcon_core.environment:checking '/home/sunrise/amphibious_ws/install/bluesea2/lib/pkgconfig/bluesea2.pc'
[8.515s] Level 1:colcon.colcon_core.environment:checking '/home/sunrise/amphibious_ws/install/bluesea2/lib/python3.10/site-packages'
[8.517s] Level 1:colcon.colcon_core.environment:checking '/home/sunrise/amphibious_ws/install/bluesea2/bin'
[8.519s] INFO:colcon.colcon_core.shell:Creating package script '/home/sunrise/amphibious_ws/install/bluesea2/share/bluesea2/package.ps1'
[8.523s] INFO:colcon.colcon_core.shell:Creating package descriptor '/home/sunrise/amphibious_ws/install/bluesea2/share/bluesea2/package.dsv'
[8.527s] INFO:colcon.colcon_core.shell:Creating package script '/home/sunrise/amphibious_ws/install/bluesea2/share/bluesea2/package.sh'
[8.530s] INFO:colcon.colcon_core.shell:Creating package script '/home/sunrise/amphibious_ws/install/bluesea2/share/bluesea2/package.bash'
[8.534s] INFO:colcon.colcon_core.shell:Creating package script '/home/sunrise/amphibious_ws/install/bluesea2/share/bluesea2/package.zsh'
[8.537s] Level 1:colcon.colcon_core.environment:create_file_with_runtime_dependencies(/home/sunrise/amphibious_ws/install/bluesea2/share/colcon-core/packages/bluesea2)
[8.541s] Level 1:colcon.colcon_core.environment:create_environment_scripts_only(bluesea2)
[8.543s] Level 1:colcon.colcon_core.environment:checking '/home/sunrise/amphibious_ws/install/bluesea2' for CMake module files
[8.546s] Level 1:colcon.colcon_core.environment:checking '/home/sunrise/amphibious_ws/install/bluesea2' for CMake config files
[8.548s] Level 1:colcon.colcon_core.shell:create_environment_hook('bluesea2', 'cmake_prefix_path')
[8.549s] INFO:colcon.colcon_core.shell:Creating environment hook '/home/sunrise/amphibious_ws/install/bluesea2/share/bluesea2/hook/cmake_prefix_path.ps1'
[8.552s] INFO:colcon.colcon_core.shell:Creating environment descriptor '/home/sunrise/amphibious_ws/install/bluesea2/share/bluesea2/hook/cmake_prefix_path.dsv'
[8.555s] INFO:colcon.colcon_core.shell:Creating environment hook '/home/sunrise/amphibious_ws/install/bluesea2/share/bluesea2/hook/cmake_prefix_path.sh'
[8.559s] Level 1:colcon.colcon_core.environment:checking '/home/sunrise/amphibious_ws/install/bluesea2/lib'
[8.560s] Level 1:colcon.colcon_core.environment:checking '/home/sunrise/amphibious_ws/install/bluesea2/bin'
[8.561s] Level 1:colcon.colcon_core.environment:checking '/home/sunrise/amphibious_ws/install/bluesea2/lib/pkgconfig/bluesea2.pc'
[8.562s] Level 1:colcon.colcon_core.environment:checking '/home/sunrise/amphibious_ws/install/bluesea2/lib/python3.10/site-packages'
[8.564s] Level 1:colcon.colcon_core.environment:checking '/home/sunrise/amphibious_ws/install/bluesea2/bin'
[8.567s] INFO:colcon.colcon_core.shell:Creating package script '/home/sunrise/amphibious_ws/install/bluesea2/share/bluesea2/package.ps1'
[8.571s] INFO:colcon.colcon_core.shell:Creating package descriptor '/home/sunrise/amphibious_ws/install/bluesea2/share/bluesea2/package.dsv'
[8.575s] INFO:colcon.colcon_core.shell:Creating package script '/home/sunrise/amphibious_ws/install/bluesea2/share/bluesea2/package.sh'
[8.579s] INFO:colcon.colcon_core.shell:Creating package script '/home/sunrise/amphibious_ws/install/bluesea2/share/bluesea2/package.bash'
[8.582s] INFO:colcon.colcon_core.shell:Creating package script '/home/sunrise/amphibious_ws/install/bluesea2/share/bluesea2/package.zsh'
[8.586s] Level 1:colcon.colcon_core.environment:create_file_with_runtime_dependencies(/home/sunrise/amphibious_ws/install/bluesea2/share/colcon-core/packages/bluesea2)
[8.588s] DEBUG:colcon.colcon_parallel_executor.executor.parallel:closing loop
[8.591s] DEBUG:colcon.colcon_parallel_executor.executor.parallel:loop closed
[8.592s] DEBUG:colcon.colcon_parallel_executor.executor.parallel:run_until_complete finished with '0'
[8.592s] DEBUG:colcon.colcon_core.event_reactor:joining thread
[8.630s] INFO:colcon.colcon_core.plugin_system:Skipping extension 'colcon_notification.desktop_notification.notify_send': Could not find 'notify-send'
[8.631s] INFO:colcon.colcon_core.plugin_system:Skipping extension 'colcon_notification.desktop_notification.terminal_notifier': Not used on non-Darwin systems
[8.632s] INFO:colcon.colcon_core.plugin_system:Skipping extension 'colcon_notification.desktop_notification.win32': Not used on non-Windows systems
[8.633s] INFO:colcon.colcon_notification.desktop_notification:Sending desktop notification using 'notify2'
[8.664s] DEBUG:colcon.colcon_core.event_reactor:joined thread
[8.666s] INFO:colcon.colcon_core.shell:Creating prefix script '/home/sunrise/amphibious_ws/install/local_setup.ps1'
[8.673s] INFO:colcon.colcon_core.shell:Creating prefix util module '/home/sunrise/amphibious_ws/install/_local_setup_util_ps1.py'
[8.685s] INFO:colcon.colcon_core.shell:Creating prefix chain script '/home/sunrise/amphibious_ws/install/setup.ps1'
[8.696s] INFO:colcon.colcon_core.shell:Creating prefix script '/home/sunrise/amphibious_ws/install/local_setup.sh'
[8.701s] INFO:colcon.colcon_core.shell:Creating prefix util module '/home/sunrise/amphibious_ws/install/_local_setup_util_sh.py'
[8.705s] INFO:colcon.colcon_core.shell:Creating prefix chain script '/home/sunrise/amphibious_ws/install/setup.sh'
[8.716s] INFO:colcon.colcon_core.shell:Creating prefix script '/home/sunrise/amphibious_ws/install/local_setup.bash'
[8.720s] INFO:colcon.colcon_core.shell:Creating prefix chain script '/home/sunrise/amphibious_ws/install/setup.bash'
[8.731s] INFO:colcon.colcon_core.shell:Creating prefix script '/home/sunrise/amphibious_ws/install/local_setup.zsh'
[8.735s] INFO:colcon.colcon_core.shell:Creating prefix chain script '/home/sunrise/amphibious_ws/install/setup.zsh'
