[0.270s] Invoking command in '/home/sunrise/amphibious_ws/build/my_carto_pkg': CMAKE_PREFIX_PATH=${CMAKE_PREFIX_PATH}:/home/sunrise/amphibious_ws/install/yolo_detect_pkg:/opt/tros/humble:/opt/ros/humble /usr/bin/cmake --build /home/sunrise/amphibious_ws/build/my_carto_pkg -- -j8 -l8
[3.388s] gmake: 警告：文件“Makefile”的修改时间在未来 803812938 秒后
[3.390s] gmake[1]: 警告：文件“CMakeFiles/Makefile2”的修改时间在未来 803812938 秒后
[3.391s] gmake[1]: 警告：检测到时钟错误。您的构建版本可能是不完整的。
[3.392s] gmake: 警告：检测到时钟错误。您的构建版本可能是不完整的。
[3.434s] Invoked command in '/home/sunrise/amphibious_ws/build/my_carto_pkg' returned '0': CMAKE_PREFIX_PATH=${CMAKE_PREFIX_PATH}:/home/sunrise/amphibious_ws/install/yolo_detect_pkg:/opt/tros/humble:/opt/ros/humble /usr/bin/cmake --build /home/sunrise/amphibious_ws/build/my_carto_pkg -- -j8 -l8
[3.437s] Invoking command in '/home/sunrise/amphibious_ws/build/my_carto_pkg': CMAKE_PREFIX_PATH=${CMAKE_PREFIX_PATH}:/home/sunrise/amphibious_ws/install/yolo_detect_pkg:/opt/tros/humble:/opt/ros/humble /usr/bin/cmake --install /home/sunrise/amphibious_ws/build/my_carto_pkg
[3.568s] -- Install configuration: ""
[3.570s] -- Up-to-date: /home/sunrise/amphibious_ws/install/my_carto_pkg/share/my_carto_pkg/launch
[3.587s] -- Up-to-date: /home/sunrise/amphibious_ws/install/my_carto_pkg/share/my_carto_pkg/launch/fly_carto.launch.py
[3.589s] -- Installing: /home/sunrise/amphibious_ws/install/my_carto_pkg/share/my_carto_pkg/launch/amphi_carto.launch.py
[3.590s] -- Up-to-date: /home/sunrise/amphibious_ws/install/my_carto_pkg/share/my_carto_pkg/urdf
[3.594s] -- Up-to-date: /home/sunrise/amphibious_ws/install/my_carto_pkg/share/my_carto_pkg/urdf/fly.urdf
[3.597s] -- Up-to-date: /home/sunrise/amphibious_ws/install/my_carto_pkg/share/my_carto_pkg/configuration_files
[3.598s] -- Up-to-date: /home/sunrise/amphibious_ws/install/my_carto_pkg/share/my_carto_pkg/configuration_files/amphi.lua
[3.599s] -- Up-to-date: /home/sunrise/amphibious_ws/install/my_carto_pkg/share/my_carto_pkg/configuration_files/pose_graph.lua
[3.604s] -- Up-to-date: /home/sunrise/amphibious_ws/install/my_carto_pkg/share/my_carto_pkg/configuration_files/trajectory_builder_3d.lua
[3.605s] -- Up-to-date: /home/sunrise/amphibious_ws/install/my_carto_pkg/share/my_carto_pkg/configuration_files/trajectory_builder_2d.lua
[3.605s] -- Up-to-date: /home/sunrise/amphibious_ws/install/my_carto_pkg/share/my_carto_pkg/configuration_files/map_builder.lua
[3.608s] -- Up-to-date: /home/sunrise/amphibious_ws/install/my_carto_pkg/share/my_carto_pkg/configuration_files/trajectory_builder.lua
[3.613s] -- Up-to-date: /home/sunrise/amphibious_ws/install/my_carto_pkg/share/my_carto_pkg/configuration_files/fly.lua
[3.618s] -- Up-to-date: /home/sunrise/amphibious_ws/install/my_carto_pkg/share/ament_index/resource_index/package_run_dependencies/my_carto_pkg
[3.620s] -- Up-to-date: /home/sunrise/amphibious_ws/install/my_carto_pkg/share/ament_index/resource_index/parent_prefix_path/my_carto_pkg
[3.621s] -- Up-to-date: /home/sunrise/amphibious_ws/install/my_carto_pkg/share/my_carto_pkg/environment/ament_prefix_path.sh
[3.621s] -- Up-to-date: /home/sunrise/amphibious_ws/install/my_carto_pkg/share/my_carto_pkg/environment/ament_prefix_path.dsv
[3.622s] -- Up-to-date: /home/sunrise/amphibious_ws/install/my_carto_pkg/share/my_carto_pkg/environment/path.sh
[3.623s] -- Up-to-date: /home/sunrise/amphibious_ws/install/my_carto_pkg/share/my_carto_pkg/environment/path.dsv
[3.624s] -- Up-to-date: /home/sunrise/amphibious_ws/install/my_carto_pkg/share/my_carto_pkg/local_setup.bash
[3.624s] -- Up-to-date: /home/sunrise/amphibious_ws/install/my_carto_pkg/share/my_carto_pkg/local_setup.sh
[3.625s] -- Up-to-date: /home/sunrise/amphibious_ws/install/my_carto_pkg/share/my_carto_pkg/local_setup.zsh
[3.626s] -- Up-to-date: /home/sunrise/amphibious_ws/install/my_carto_pkg/share/my_carto_pkg/local_setup.dsv
[3.629s] -- Installing: /home/sunrise/amphibious_ws/install/my_carto_pkg/share/my_carto_pkg/package.dsv
[3.630s] -- Up-to-date: /home/sunrise/amphibious_ws/install/my_carto_pkg/share/ament_index/resource_index/packages/my_carto_pkg
[3.631s] -- Up-to-date: /home/sunrise/amphibious_ws/install/my_carto_pkg/share/my_carto_pkg/cmake/my_carto_pkgConfig.cmake
[3.632s] -- Up-to-date: /home/sunrise/amphibious_ws/install/my_carto_pkg/share/my_carto_pkg/cmake/my_carto_pkgConfig-version.cmake
[3.633s] -- Up-to-date: /home/sunrise/amphibious_ws/install/my_carto_pkg/share/my_carto_pkg/package.xml
[3.959s] Invoked command in '/home/sunrise/amphibious_ws/build/my_carto_pkg' returned '0': CMAKE_PREFIX_PATH=${CMAKE_PREFIX_PATH}:/home/sunrise/amphibious_ws/install/yolo_detect_pkg:/opt/tros/humble:/opt/ros/humble /usr/bin/cmake --install /home/sunrise/amphibious_ws/build/my_carto_pkg
