[0.180s] Invoking command in '/home/sunrise/amphibious_ws/build/base': CMAKE_PREFIX_PATH=${CMAKE_PREFIX_PATH}:/opt/ros/humble /usr/bin/cmake --build /home/sunrise/amphibious_ws/build/base -- -j8 -l8
[0.531s] [  9%] Built target base__rosidl_generator_c
[0.560s] [ 12%] Built target base__cpp
[0.686s] [ 12%] Built target ament_cmake_python_copy_base
[0.740s] [ 22%] Built target base__rosidl_typesupport_introspection_c
[0.763s] [ 32%] Built target base__rosidl_typesupport_c
[0.792s] [ 41%] Built target base__rosidl_typesupport_fastrtps_cpp
[0.825s] [ 51%] Built target base__rosidl_typesupport_fastrtps_c
[0.833s] [ 61%] Built target base__rosidl_typesupport_cpp
[0.845s] [ 70%] Built target base__rosidl_typesupport_introspection_cpp
[0.937s] [ 70%] Built target base
[1.049s] [ 74%] Built target base__py
[1.172s] [ 80%] Built target base__rosidl_generator_py
[1.333s] [ 87%] Built target base__rosidl_typesupport_c__pyext
[1.339s] [ 93%] Built target base__rosidl_typesupport_introspection_c__pyext
[1.353s] [100%] Built target base__rosidl_typesupport_fastrtps_c__pyext
[2.810s] running egg_info
[2.816s] writing base.egg-info/PKG-INFO
[2.818s] writing dependency_links to base.egg-info/dependency_links.txt
[2.820s] writing top-level names to base.egg-info/top_level.txt
[2.840s] reading manifest file 'base.egg-info/SOURCES.txt'
[2.844s] writing manifest file 'base.egg-info/SOURCES.txt'
[3.074s] [100%] Built target ament_cmake_python_build_base_egg
[3.128s] Invoked command in '/home/sunrise/amphibious_ws/build/base' returned '0': CMAKE_PREFIX_PATH=${CMAKE_PREFIX_PATH}:/opt/ros/humble /usr/bin/cmake --build /home/sunrise/amphibious_ws/build/base -- -j8 -l8
[3.136s] Invoking command in '/home/sunrise/amphibious_ws/build/base': CMAKE_PREFIX_PATH=${CMAKE_PREFIX_PATH}:/opt/ros/humble /usr/bin/cmake --install /home/sunrise/amphibious_ws/build/base
[3.175s] -- Install configuration: ""
[3.176s] -- Up-to-date: /home/sunrise/amphibious_ws/install/base/share/ament_index/resource_index/rosidl_interfaces/base
[3.177s] -- Up-to-date: /home/sunrise/amphibious_ws/install/base/include/base/base
[3.177s] -- Up-to-date: /home/sunrise/amphibious_ws/install/base/include/base/base/msg
[3.178s] -- Up-to-date: /home/sunrise/amphibious_ws/install/base/include/base/base/msg/rosidl_generator_c__visibility_control.h
[3.179s] -- Up-to-date: /home/sunrise/amphibious_ws/install/base/include/base/base/srv
[3.179s] -- Up-to-date: /home/sunrise/amphibious_ws/install/base/include/base/base/srv/control.h
[3.180s] -- Up-to-date: /home/sunrise/amphibious_ws/install/base/include/base/base/srv/detail
[3.181s] -- Up-to-date: /home/sunrise/amphibious_ws/install/base/include/base/base/srv/detail/control__struct.h
[3.186s] -- Up-to-date: /home/sunrise/amphibious_ws/install/base/include/base/base/srv/detail/control__type_support.h
[3.186s] -- Up-to-date: /home/sunrise/amphibious_ws/install/base/include/base/base/srv/detail/control__functions.c
[3.187s] -- Up-to-date: /home/sunrise/amphibious_ws/install/base/include/base/base/srv/detail/control__functions.h
[3.188s] -- Up-to-date: /home/sunrise/amphibious_ws/install/base/share/base/environment/library_path.sh
[3.189s] -- Up-to-date: /home/sunrise/amphibious_ws/install/base/share/base/environment/library_path.dsv
[3.190s] -- Up-to-date: /home/sunrise/amphibious_ws/install/base/lib/libbase__rosidl_generator_c.so
[3.190s] -- Up-to-date: /home/sunrise/amphibious_ws/install/base/include/base/base
[3.191s] -- Up-to-date: /home/sunrise/amphibious_ws/install/base/include/base/base/msg
[3.192s] -- Up-to-date: /home/sunrise/amphibious_ws/install/base/include/base/base/msg/rosidl_typesupport_fastrtps_c__visibility_control.h
[3.193s] -- Up-to-date: /home/sunrise/amphibious_ws/install/base/include/base/base/srv
[3.194s] -- Up-to-date: /home/sunrise/amphibious_ws/install/base/include/base/base/srv/detail
[3.196s] -- Up-to-date: /home/sunrise/amphibious_ws/install/base/include/base/base/srv/detail/control__rosidl_typesupport_fastrtps_c.h
[3.196s] -- Up-to-date: /home/sunrise/amphibious_ws/install/base/lib/libbase__rosidl_typesupport_fastrtps_c.so
[3.197s] -- Up-to-date: /home/sunrise/amphibious_ws/install/base/include/base/base
[3.198s] -- Up-to-date: /home/sunrise/amphibious_ws/install/base/include/base/base/msg
[3.198s] -- Up-to-date: /home/sunrise/amphibious_ws/install/base/include/base/base/msg/rosidl_generator_cpp__visibility_control.hpp
[3.199s] -- Up-to-date: /home/sunrise/amphibious_ws/install/base/include/base/base/srv
[3.200s] -- Up-to-date: /home/sunrise/amphibious_ws/install/base/include/base/base/srv/detail
[3.200s] -- Up-to-date: /home/sunrise/amphibious_ws/install/base/include/base/base/srv/detail/control__struct.hpp
[3.201s] -- Up-to-date: /home/sunrise/amphibious_ws/install/base/include/base/base/srv/detail/control__traits.hpp
[3.201s] -- Up-to-date: /home/sunrise/amphibious_ws/install/base/include/base/base/srv/detail/control__type_support.hpp
[3.202s] -- Up-to-date: /home/sunrise/amphibious_ws/install/base/include/base/base/srv/detail/control__builder.hpp
[3.203s] -- Up-to-date: /home/sunrise/amphibious_ws/install/base/include/base/base/srv/control.hpp
[3.203s] -- Up-to-date: /home/sunrise/amphibious_ws/install/base/include/base/base
[3.204s] -- Up-to-date: /home/sunrise/amphibious_ws/install/base/include/base/base/msg
[3.205s] -- Up-to-date: /home/sunrise/amphibious_ws/install/base/include/base/base/msg/rosidl_typesupport_fastrtps_cpp__visibility_control.h
[3.205s] -- Up-to-date: /home/sunrise/amphibious_ws/install/base/include/base/base/srv
[3.207s] -- Up-to-date: /home/sunrise/amphibious_ws/install/base/include/base/base/srv/detail
[3.208s] -- Up-to-date: /home/sunrise/amphibious_ws/install/base/include/base/base/srv/detail/dds_fastrtps
[3.209s] -- Up-to-date: /home/sunrise/amphibious_ws/install/base/include/base/base/srv/detail/control__rosidl_typesupport_fastrtps_cpp.hpp
[3.209s] -- Up-to-date: /home/sunrise/amphibious_ws/install/base/lib/libbase__rosidl_typesupport_fastrtps_cpp.so
[3.210s] -- Up-to-date: /home/sunrise/amphibious_ws/install/base/include/base/base
[3.211s] -- Up-to-date: /home/sunrise/amphibious_ws/install/base/include/base/base/msg
[3.211s] -- Up-to-date: /home/sunrise/amphibious_ws/install/base/include/base/base/msg/rosidl_typesupport_introspection_c__visibility_control.h
[3.212s] -- Up-to-date: /home/sunrise/amphibious_ws/install/base/include/base/base/srv
[3.213s] -- Up-to-date: /home/sunrise/amphibious_ws/install/base/include/base/base/srv/detail
[3.213s] -- Up-to-date: /home/sunrise/amphibious_ws/install/base/include/base/base/srv/detail/control__type_support.c
[3.214s] -- Up-to-date: /home/sunrise/amphibious_ws/install/base/include/base/base/srv/detail/control__rosidl_typesupport_introspection_c.h
[3.215s] -- Up-to-date: /home/sunrise/amphibious_ws/install/base/lib/libbase__rosidl_typesupport_introspection_c.so
[3.216s] -- Up-to-date: /home/sunrise/amphibious_ws/install/base/lib/libbase__rosidl_typesupport_c.so
[3.216s] -- Up-to-date: /home/sunrise/amphibious_ws/install/base/include/base/base
[3.217s] -- Up-to-date: /home/sunrise/amphibious_ws/install/base/include/base/base/srv
[3.218s] -- Up-to-date: /home/sunrise/amphibious_ws/install/base/include/base/base/srv/detail
[3.218s] -- Up-to-date: /home/sunrise/amphibious_ws/install/base/include/base/base/srv/detail/control__rosidl_typesupport_introspection_cpp.hpp
[3.219s] -- Up-to-date: /home/sunrise/amphibious_ws/install/base/include/base/base/srv/detail/control__type_support.cpp
[3.220s] -- Up-to-date: /home/sunrise/amphibious_ws/install/base/lib/libbase__rosidl_typesupport_introspection_cpp.so
[3.220s] -- Up-to-date: /home/sunrise/amphibious_ws/install/base/lib/libbase__rosidl_typesupport_cpp.so
[3.221s] -- Up-to-date: /home/sunrise/amphibious_ws/install/base/share/base/environment/pythonpath.sh
[3.222s] -- Up-to-date: /home/sunrise/amphibious_ws/install/base/share/base/environment/pythonpath.dsv
[3.222s] -- Up-to-date: /home/sunrise/amphibious_ws/install/base/local/lib/python3.10/dist-packages/base-0.0.0-py3.10.egg-info
[3.223s] -- Installing: /home/sunrise/amphibious_ws/install/base/local/lib/python3.10/dist-packages/base-0.0.0-py3.10.egg-info/SOURCES.txt
[3.224s] -- Installing: /home/sunrise/amphibious_ws/install/base/local/lib/python3.10/dist-packages/base-0.0.0-py3.10.egg-info/top_level.txt
[3.224s] -- Installing: /home/sunrise/amphibious_ws/install/base/local/lib/python3.10/dist-packages/base-0.0.0-py3.10.egg-info/dependency_links.txt
[3.225s] -- Installing: /home/sunrise/amphibious_ws/install/base/local/lib/python3.10/dist-packages/base-0.0.0-py3.10.egg-info/PKG-INFO
[3.226s] -- Up-to-date: /home/sunrise/amphibious_ws/install/base/local/lib/python3.10/dist-packages/base
[3.227s] -- Up-to-date: /home/sunrise/amphibious_ws/install/base/local/lib/python3.10/dist-packages/base/_base_s.ep.rosidl_typesupport_fastrtps_c.c
[3.228s] -- Up-to-date: /home/sunrise/amphibious_ws/install/base/local/lib/python3.10/dist-packages/base/base_s__rosidl_typesupport_c.cpython-310-aarch64-linux-gnu.so
[3.229s] -- Up-to-date: /home/sunrise/amphibious_ws/install/base/local/lib/python3.10/dist-packages/base/srv
[3.229s] -- Up-to-date: /home/sunrise/amphibious_ws/install/base/local/lib/python3.10/dist-packages/base/srv/_control_s.c
[3.230s] -- Up-to-date: /home/sunrise/amphibious_ws/install/base/local/lib/python3.10/dist-packages/base/srv/__init__.py
[3.231s] -- Up-to-date: /home/sunrise/amphibious_ws/install/base/local/lib/python3.10/dist-packages/base/srv/_control.py
[3.232s] -- Up-to-date: /home/sunrise/amphibious_ws/install/base/local/lib/python3.10/dist-packages/base/base_s__rosidl_typesupport_introspection_c.cpython-310-aarch64-linux-gnu.so
[3.232s] -- Up-to-date: /home/sunrise/amphibious_ws/install/base/local/lib/python3.10/dist-packages/base/_base_s.ep.rosidl_typesupport_introspection_c.c
[3.233s] -- Up-to-date: /home/sunrise/amphibious_ws/install/base/local/lib/python3.10/dist-packages/base/_base_s.ep.rosidl_typesupport_c.c
[3.233s] -- Up-to-date: /home/sunrise/amphibious_ws/install/base/local/lib/python3.10/dist-packages/base/__init__.py
[3.234s] -- Up-to-date: /home/sunrise/amphibious_ws/install/base/local/lib/python3.10/dist-packages/base/libbase__rosidl_generator_py.so
[3.235s] -- Up-to-date: /home/sunrise/amphibious_ws/install/base/local/lib/python3.10/dist-packages/base/base_s__rosidl_typesupport_fastrtps_c.cpython-310-aarch64-linux-gnu.so
[3.418s] Listing '/home/sunrise/amphibious_ws/install/base/local/lib/python3.10/dist-packages/base'...
[3.419s] Listing '/home/sunrise/amphibious_ws/install/base/local/lib/python3.10/dist-packages/base/srv'...
[3.470s] -- Up-to-date: /home/sunrise/amphibious_ws/install/base/local/lib/python3.10/dist-packages/base/base_s__rosidl_typesupport_fastrtps_c.cpython-310-aarch64-linux-gnu.so
[3.471s] -- Up-to-date: /home/sunrise/amphibious_ws/install/base/local/lib/python3.10/dist-packages/base/base_s__rosidl_typesupport_introspection_c.cpython-310-aarch64-linux-gnu.so
[3.472s] -- Up-to-date: /home/sunrise/amphibious_ws/install/base/local/lib/python3.10/dist-packages/base/base_s__rosidl_typesupport_c.cpython-310-aarch64-linux-gnu.so
[3.473s] -- Up-to-date: /home/sunrise/amphibious_ws/install/base/lib/libbase__rosidl_generator_py.so
[3.474s] -- Up-to-date: /home/sunrise/amphibious_ws/install/base/share/base/srv/Control.idl
[3.475s] -- Up-to-date: /home/sunrise/amphibious_ws/install/base/share/base/srv/Control.srv
[3.476s] -- Up-to-date: /home/sunrise/amphibious_ws/install/base/share/base/srv/Control_Request.msg
[3.477s] -- Up-to-date: /home/sunrise/amphibious_ws/install/base/share/base/srv/Control_Response.msg
[3.478s] -- Up-to-date: /home/sunrise/amphibious_ws/install/base/share/ament_index/resource_index/package_run_dependencies/base
[3.478s] -- Up-to-date: /home/sunrise/amphibious_ws/install/base/share/ament_index/resource_index/parent_prefix_path/base
[3.479s] -- Up-to-date: /home/sunrise/amphibious_ws/install/base/share/base/environment/ament_prefix_path.sh
[3.480s] -- Up-to-date: /home/sunrise/amphibious_ws/install/base/share/base/environment/ament_prefix_path.dsv
[3.481s] -- Up-to-date: /home/sunrise/amphibious_ws/install/base/share/base/environment/path.sh
[3.482s] -- Up-to-date: /home/sunrise/amphibious_ws/install/base/share/base/environment/path.dsv
[3.482s] -- Up-to-date: /home/sunrise/amphibious_ws/install/base/share/base/local_setup.bash
[3.483s] -- Up-to-date: /home/sunrise/amphibious_ws/install/base/share/base/local_setup.sh
[3.484s] -- Up-to-date: /home/sunrise/amphibious_ws/install/base/share/base/local_setup.zsh
[3.485s] -- Up-to-date: /home/sunrise/amphibious_ws/install/base/share/base/local_setup.dsv
[3.486s] -- Installing: /home/sunrise/amphibious_ws/install/base/share/base/package.dsv
[3.487s] -- Up-to-date: /home/sunrise/amphibious_ws/install/base/share/ament_index/resource_index/packages/base
[3.487s] -- Up-to-date: /home/sunrise/amphibious_ws/install/base/share/base/cmake/export_base__rosidl_generator_cExport.cmake
[3.488s] -- Up-to-date: /home/sunrise/amphibious_ws/install/base/share/base/cmake/export_base__rosidl_generator_cExport-noconfig.cmake
[3.489s] -- Up-to-date: /home/sunrise/amphibious_ws/install/base/share/base/cmake/export_base__rosidl_typesupport_fastrtps_cExport.cmake
[3.490s] -- Up-to-date: /home/sunrise/amphibious_ws/install/base/share/base/cmake/export_base__rosidl_typesupport_fastrtps_cExport-noconfig.cmake
[3.490s] -- Up-to-date: /home/sunrise/amphibious_ws/install/base/share/base/cmake/export_base__rosidl_generator_cppExport.cmake
[3.491s] -- Up-to-date: /home/sunrise/amphibious_ws/install/base/share/base/cmake/export_base__rosidl_typesupport_fastrtps_cppExport.cmake
[3.492s] -- Up-to-date: /home/sunrise/amphibious_ws/install/base/share/base/cmake/export_base__rosidl_typesupport_fastrtps_cppExport-noconfig.cmake
[3.493s] -- Up-to-date: /home/sunrise/amphibious_ws/install/base/share/base/cmake/base__rosidl_typesupport_introspection_cExport.cmake
[3.497s] -- Up-to-date: /home/sunrise/amphibious_ws/install/base/share/base/cmake/base__rosidl_typesupport_introspection_cExport-noconfig.cmake
[3.504s] -- Up-to-date: /home/sunrise/amphibious_ws/install/base/share/base/cmake/base__rosidl_typesupport_cExport.cmake
[3.505s] -- Up-to-date: /home/sunrise/amphibious_ws/install/base/share/base/cmake/base__rosidl_typesupport_cExport-noconfig.cmake
[3.506s] -- Up-to-date: /home/sunrise/amphibious_ws/install/base/share/base/cmake/base__rosidl_typesupport_introspection_cppExport.cmake
[3.507s] -- Up-to-date: /home/sunrise/amphibious_ws/install/base/share/base/cmake/base__rosidl_typesupport_introspection_cppExport-noconfig.cmake
[3.509s] -- Up-to-date: /home/sunrise/amphibious_ws/install/base/share/base/cmake/base__rosidl_typesupport_cppExport.cmake
[3.509s] -- Up-to-date: /home/sunrise/amphibious_ws/install/base/share/base/cmake/base__rosidl_typesupport_cppExport-noconfig.cmake
[3.510s] -- Up-to-date: /home/sunrise/amphibious_ws/install/base/share/base/cmake/export_base__rosidl_generator_pyExport.cmake
[3.511s] -- Up-to-date: /home/sunrise/amphibious_ws/install/base/share/base/cmake/export_base__rosidl_generator_pyExport-noconfig.cmake
[3.512s] -- Up-to-date: /home/sunrise/amphibious_ws/install/base/share/base/cmake/rosidl_cmake-extras.cmake
[3.513s] -- Up-to-date: /home/sunrise/amphibious_ws/install/base/share/base/cmake/ament_cmake_export_include_directories-extras.cmake
[3.514s] -- Up-to-date: /home/sunrise/amphibious_ws/install/base/share/base/cmake/ament_cmake_export_libraries-extras.cmake
[3.515s] -- Up-to-date: /home/sunrise/amphibious_ws/install/base/share/base/cmake/ament_cmake_export_targets-extras.cmake
[3.516s] -- Up-to-date: /home/sunrise/amphibious_ws/install/base/share/base/cmake/rosidl_cmake_export_typesupport_targets-extras.cmake
[3.517s] -- Up-to-date: /home/sunrise/amphibious_ws/install/base/share/base/cmake/ament_cmake_export_dependencies-extras.cmake
[3.518s] -- Up-to-date: /home/sunrise/amphibious_ws/install/base/share/base/cmake/rosidl_cmake_export_typesupport_libraries-extras.cmake
[3.518s] -- Up-to-date: /home/sunrise/amphibious_ws/install/base/share/base/cmake/baseConfig.cmake
[3.519s] -- Up-to-date: /home/sunrise/amphibious_ws/install/base/share/base/cmake/baseConfig-version.cmake
[3.520s] -- Up-to-date: /home/sunrise/amphibious_ws/install/base/share/base/package.xml
[3.521s] Invoked command in '/home/sunrise/amphibious_ws/build/base' returned '0': CMAKE_PREFIX_PATH=${CMAKE_PREFIX_PATH}:/opt/ros/humble /usr/bin/cmake --install /home/sunrise/amphibious_ws/build/base
