[0.119s] Invoking command in '/home/sunrise/amphibious_ws/build/i2c_pkg': CMAKE_PREFIX_PATH=${CMAKE_PREFIX_PATH}:/opt/ros/humble /usr/bin/cmake --build /home/sunrise/amphibious_ws/build/i2c_pkg -- -j8 -l8
[0.220s] gmake: 警告：文件“Makefile”的修改时间在未来 803907504 秒后
[0.374s] gmake[1]: 警告：文件“CMakeFiles/Makefile2”的修改时间在未来 803907504 秒后
[0.406s] gmake[2]: 警告：文件“CMakeFiles/car_drive.dir/flags.make”的修改时间在未来 803812434 秒后
[0.407s] gmake[2]: 警告：文件“CMakeFiles/pid.dir/flags.make”的修改时间在未来 803825402 秒后
[0.428s] gmake[2]: 警告：文件“CMakeFiles/car_drive_pid.dir/flags.make”的修改时间在未来 803825402 秒后
[0.438s] gmake[2]: 警告：文件“CMakeFiles/target_pub.dir/flags.make”的修改时间在未来 803899287 秒后
[0.452s] gmake[2]: 警告：检测到时钟错误。您的构建版本可能是不完整的。
[0.452s] gmake[2]: 警告：文件“CMakeFiles/pid_velocity.dir/flags.make”的修改时间在未来 803907504 秒后
[0.455s] gmake[2]: 警告：文件“CMakeFiles/car_drive_pid_pwm.dir/flags.make”的修改时间在未来 803907504 秒后
[0.468s] gmake[2]: 警告：检测到时钟错误。您的构建版本可能是不完整的。
[0.490s] gmake[2]: 警告：文件“CMakeFiles/car_drive.dir/flags.make”的修改时间在未来 803812434 秒后
[0.501s] gmake[2]: 警告：文件“CMakeFiles/pid.dir/flags.make”的修改时间在未来 803825402 秒后
[0.511s] gmake[2]: 警告：检测到时钟错误。您的构建版本可能是不完整的。
[0.522s] gmake[2]: 警告：检测到时钟错误。您的构建版本可能是不完整的。
[0.530s] gmake[2]: 警告：文件“CMakeFiles/target_pub.dir/flags.make”的修改时间在未来 803899287 秒后
[0.539s] gmake[2]: 警告：文件“CMakeFiles/car_drive_pid_pwm.dir/flags.make”的修改时间在未来 803907504 秒后
[0.548s] gmake[2]: 警告：检测到时钟错误。您的构建版本可能是不完整的。
[0.552s] gmake[2]: 警告：检测到时钟错误。您的构建版本可能是不完整的。
[0.633s] gmake[2]: 警告：文件“CMakeFiles/car_drive_pid.dir/flags.make”的修改时间在未来 803825402 秒后
[0.672s] gmake[2]: 警告：检测到时钟错误。您的构建版本可能是不完整的。
[0.686s] gmake[2]: 警告：文件“CMakeFiles/pid_velocity.dir/flags.make”的修改时间在未来 803907504 秒后
[0.687s] gmake[2]: 警告：检测到时钟错误。您的构建版本可能是不完整的。
[0.687s] gmake[2]: 警告：检测到时钟错误。您的构建版本可能是不完整的。
[0.688s] gmake[2]: 警告：检测到时钟错误。您的构建版本可能是不完整的。
[0.701s] gmake[2]: 警告：检测到时钟错误。您的构建版本可能是不完整的。
[0.703s] gmake[2]: 警告：检测到时钟错误。您的构建版本可能是不完整的。
[0.726s] [ 33%] Built target target_pub
[0.735s] [ 50%] Built target car_drive
[0.758s] [ 33%] Built target car_drive_pid
[0.762s] [ 66%] Built target pid
[0.766s] [ 83%] Built target car_drive_pid_pwm
[0.770s] [100%] Built target pid_velocity
[0.778s] gmake[1]: 警告：检测到时钟错误。您的构建版本可能是不完整的。
[0.794s] gmake: 警告：检测到时钟错误。您的构建版本可能是不完整的。
[0.883s] Invoked command in '/home/sunrise/amphibious_ws/build/i2c_pkg' returned '0': CMAKE_PREFIX_PATH=${CMAKE_PREFIX_PATH}:/opt/ros/humble /usr/bin/cmake --build /home/sunrise/amphibious_ws/build/i2c_pkg -- -j8 -l8
[0.890s] Invoking command in '/home/sunrise/amphibious_ws/build/i2c_pkg': CMAKE_PREFIX_PATH=${CMAKE_PREFIX_PATH}:/opt/ros/humble /usr/bin/cmake --install /home/sunrise/amphibious_ws/build/i2c_pkg
[0.928s] -- Install configuration: ""
[0.931s] -- Up-to-date: /home/sunrise/amphibious_ws/install/i2c_pkg/lib/i2c_pkg/car_drive
[0.934s] -- Up-to-date: /home/sunrise/amphibious_ws/install/i2c_pkg/lib/i2c_pkg/pid
[0.937s] -- Up-to-date: /home/sunrise/amphibious_ws/install/i2c_pkg/lib/i2c_pkg/car_drive_pid
[0.939s] -- Up-to-date: /home/sunrise/amphibious_ws/install/i2c_pkg/lib/i2c_pkg/target_pub
[0.942s] -- Up-to-date: /home/sunrise/amphibious_ws/install/i2c_pkg/lib/i2c_pkg/pid_velocity
[0.945s] -- Up-to-date: /home/sunrise/amphibious_ws/install/i2c_pkg/lib/i2c_pkg/car_drive_pid_pwm
[0.946s] -- Up-to-date: /home/sunrise/amphibious_ws/install/i2c_pkg/share/ament_index/resource_index/package_run_dependencies/i2c_pkg
[0.948s] -- Up-to-date: /home/sunrise/amphibious_ws/install/i2c_pkg/share/ament_index/resource_index/parent_prefix_path/i2c_pkg
[0.949s] -- Up-to-date: /home/sunrise/amphibious_ws/install/i2c_pkg/share/i2c_pkg/environment/ament_prefix_path.sh
[0.950s] -- Up-to-date: /home/sunrise/amphibious_ws/install/i2c_pkg/share/i2c_pkg/environment/ament_prefix_path.dsv
[0.951s] -- Up-to-date: /home/sunrise/amphibious_ws/install/i2c_pkg/share/i2c_pkg/environment/path.sh
[0.952s] -- Up-to-date: /home/sunrise/amphibious_ws/install/i2c_pkg/share/i2c_pkg/environment/path.dsv
[0.953s] -- Up-to-date: /home/sunrise/amphibious_ws/install/i2c_pkg/share/i2c_pkg/local_setup.bash
[0.954s] -- Up-to-date: /home/sunrise/amphibious_ws/install/i2c_pkg/share/i2c_pkg/local_setup.sh
[0.956s] -- Up-to-date: /home/sunrise/amphibious_ws/install/i2c_pkg/share/i2c_pkg/local_setup.zsh
[0.958s] -- Up-to-date: /home/sunrise/amphibious_ws/install/i2c_pkg/share/i2c_pkg/local_setup.dsv
[0.967s] -- Installing: /home/sunrise/amphibious_ws/install/i2c_pkg/share/i2c_pkg/package.dsv
[0.974s] -- Up-to-date: /home/sunrise/amphibious_ws/install/i2c_pkg/share/ament_index/resource_index/packages/i2c_pkg
[0.977s] -- Up-to-date: /home/sunrise/amphibious_ws/install/i2c_pkg/share/i2c_pkg/cmake/i2c_pkgConfig.cmake
[0.978s] -- Up-to-date: /home/sunrise/amphibious_ws/install/i2c_pkg/share/i2c_pkg/cmake/i2c_pkgConfig-version.cmake
[0.979s] -- Up-to-date: /home/sunrise/amphibious_ws/install/i2c_pkg/share/i2c_pkg/package.xml
[0.982s] Invoked command in '/home/sunrise/amphibious_ws/build/i2c_pkg' returned '0': CMAKE_PREFIX_PATH=${CMAKE_PREFIX_PATH}:/opt/ros/humble /usr/bin/cmake --install /home/sunrise/amphibious_ws/build/i2c_pkg
