[0.271s] Invoking command in '/home/sunrise/amphibious_ws/build/lifecycle_control_pkg': CMAKE_PREFIX_PATH=${CMAKE_PREFIX_PATH}:/home/sunrise/amphibious_ws/install/yolo_detect_pkg:/opt/tros/humble:/opt/ros/humble /usr/bin/cmake --build /home/sunrise/amphibious_ws/build/lifecycle_control_pkg -- -j8 -l8
[3.382s] [100%] Built target lifecycle_control_node
[3.474s] Invoked command in '/home/sunrise/amphibious_ws/build/lifecycle_control_pkg' returned '0': CMAKE_PREFIX_PATH=${CMAKE_PREFIX_PATH}:/home/sunrise/amphibious_ws/install/yolo_detect_pkg:/opt/tros/humble:/opt/ros/humble /usr/bin/cmake --build /home/sunrise/amphibious_ws/build/lifecycle_control_pkg -- -j8 -l8
[3.478s] Invoking command in '/home/sunrise/amphibious_ws/build/lifecycle_control_pkg': CMAKE_PREFIX_PATH=${CMAKE_PREFIX_PATH}:/home/sunrise/amphibious_ws/install/yolo_detect_pkg:/opt/tros/humble:/opt/ros/humble /usr/bin/cmake --install /home/sunrise/amphibious_ws/build/lifecycle_control_pkg
[3.657s] -- Install configuration: ""
[3.657s] -- Up-to-date: /home/sunrise/amphibious_ws/install/lifecycle_control_pkg/lib/lifecycle_control_pkg/lifecycle_control_node
[3.658s] -- Up-to-date: /home/sunrise/amphibious_ws/install/lifecycle_control_pkg/share/ament_index/resource_index/package_run_dependencies/lifecycle_control_pkg
[3.659s] -- Up-to-date: /home/sunrise/amphibious_ws/install/lifecycle_control_pkg/share/ament_index/resource_index/parent_prefix_path/lifecycle_control_pkg
[3.665s] -- Up-to-date: /home/sunrise/amphibious_ws/install/lifecycle_control_pkg/share/lifecycle_control_pkg/environment/ament_prefix_path.sh
[3.666s] -- Up-to-date: /home/sunrise/amphibious_ws/install/lifecycle_control_pkg/share/lifecycle_control_pkg/environment/ament_prefix_path.dsv
[3.667s] -- Up-to-date: /home/sunrise/amphibious_ws/install/lifecycle_control_pkg/share/lifecycle_control_pkg/environment/path.sh
[3.668s] -- Up-to-date: /home/sunrise/amphibious_ws/install/lifecycle_control_pkg/share/lifecycle_control_pkg/environment/path.dsv
[3.669s] -- Up-to-date: /home/sunrise/amphibious_ws/install/lifecycle_control_pkg/share/lifecycle_control_pkg/local_setup.bash
[3.671s] -- Up-to-date: /home/sunrise/amphibious_ws/install/lifecycle_control_pkg/share/lifecycle_control_pkg/local_setup.sh
[3.675s] -- Up-to-date: /home/sunrise/amphibious_ws/install/lifecycle_control_pkg/share/lifecycle_control_pkg/local_setup.zsh
[3.678s] -- Up-to-date: /home/sunrise/amphibious_ws/install/lifecycle_control_pkg/share/lifecycle_control_pkg/local_setup.dsv
[3.679s] -- Installing: /home/sunrise/amphibious_ws/install/lifecycle_control_pkg/share/lifecycle_control_pkg/package.dsv
[3.680s] -- Up-to-date: /home/sunrise/amphibious_ws/install/lifecycle_control_pkg/share/ament_index/resource_index/packages/lifecycle_control_pkg
[3.684s] -- Up-to-date: /home/sunrise/amphibious_ws/install/lifecycle_control_pkg/share/lifecycle_control_pkg/cmake/lifecycle_control_pkgConfig.cmake
[3.685s] -- Up-to-date: /home/sunrise/amphibious_ws/install/lifecycle_control_pkg/share/lifecycle_control_pkg/cmake/lifecycle_control_pkgConfig-version.cmake
[3.686s] -- Up-to-date: /home/sunrise/amphibious_ws/install/lifecycle_control_pkg/share/lifecycle_control_pkg/package.xml
[3.943s] Invoked command in '/home/sunrise/amphibious_ws/build/lifecycle_control_pkg' returned '0': CMAKE_PREFIX_PATH=${CMAKE_PREFIX_PATH}:/home/sunrise/amphibious_ws/install/yolo_detect_pkg:/opt/tros/humble:/opt/ros/humble /usr/bin/cmake --install /home/sunrise/amphibious_ws/build/lifecycle_control_pkg
