[01m[K/home/sunrise/amphibious_ws/src/lifecycle_control_pkg/src/lifecycle_control_node.cpp:[m[K In member function ‘[01m[Kvoid LifecycleManager::process_operations()[m[K’:
[01m[K/home/sunrise/amphibious_ws/src/lifecycle_control_pkg/src/lifecycle_control_node.cpp:205:29:[m[K [01;31m[Kerror: [m[Kcannot convert ‘[01m[KLifecycleManager::process_operations()::<lambda()>[m[K’ to ‘[01m[Kstd::function<void(bool)>[m[K’
  205 |                 [01;31m[Kchange_state(operation.node_name,[m[K
      |                 [01;31m[K~~~~~~~~~~~~^~~~~~~~~~~~~~~~~~~~~[m[K
  206 | [01;31m[K                            lifecycle_msgs::msg::Transition::TRANSITION_CONFIGURE,[m[K
      |                             [01;31m[K~~~~~~~~~~~~~~~~~~~~~~~~~~~~~~~~~~~~~~~~~~~~~~~~~~~~~~[m[K
  207 | [01;31m[K                            [this]() {  // 完全移除参数[m[K
      |                             [01;31m[K~~~~~~~~~~~~~~~~~~~~~~~~~~~[m[K
  208 | [01;31m[K                                is_operation_in_progress_ = false;[m[K
      |                                 [01;31m[K~~~~~~~~~~~~~~~~~~~~~~~~~~~~~~~~~~[m[K
  209 | [01;31m[K                            })[m[K;
      |                             [01;31m[K~~[m[K
[01m[K/home/sunrise/amphibious_ws/src/lifecycle_control_pkg/src/lifecycle_control_node.cpp:334:48:[m[K [01;36m[Knote: [m[K  initializing argument 3 of ‘[01m[Kvoid LifecycleManager::change_state(const string&, uint8_t, std::function<void(bool)>, int)[m[K’
  334 |                      [01;36m[Kstd::function<void(bool)> callback[m[K, int retry_count = 0)
      |                      [01;36m[K~~~~~~~~~~~~~~~~~~~~~~~~~~^~~~~~~~[m[K
[01m[K/home/sunrise/amphibious_ws/src/lifecycle_control_pkg/src/lifecycle_control_node.cpp:213:29:[m[K [01;31m[Kerror: [m[Kcannot convert ‘[01m[KLifecycleManager::process_operations()::<lambda()>[m[K’ to ‘[01m[Kstd::function<void(bool)>[m[K’
  213 |                 [01;31m[Kchange_state(operation.node_name,[m[K
      |                 [01;31m[K~~~~~~~~~~~~^~~~~~~~~~~~~~~~~~~~~[m[K
  214 | [01;31m[K                            lifecycle_msgs::msg::Transition::TRANSITION_ACTIVATE,[m[K
      |                             [01;31m[K~~~~~~~~~~~~~~~~~~~~~~~~~~~~~~~~~~~~~~~~~~~~~~~~~~~~~[m[K
  215 | [01;31m[K                            [this]() {  // 添加下划线表示有意不使用[m[K
      |                             [01;31m[K~~~~~~~~~~~~~~~~~~~~~~~~~~~~~~~~~~~~~~~[m[K
  216 | [01;31m[K                                is_operation_in_progress_ = false;[m[K
      |                                 [01;31m[K~~~~~~~~~~~~~~~~~~~~~~~~~~~~~~~~~~[m[K
  217 | [01;31m[K                            })[m[K;
      |                             [01;31m[K~~[m[K
[01m[K/home/sunrise/amphibious_ws/src/lifecycle_control_pkg/src/lifecycle_control_node.cpp:334:48:[m[K [01;36m[Knote: [m[K  initializing argument 3 of ‘[01m[Kvoid LifecycleManager::change_state(const string&, uint8_t, std::function<void(bool)>, int)[m[K’
  334 |                      [01;36m[Kstd::function<void(bool)> callback[m[K, int retry_count = 0)
      |                      [01;36m[K~~~~~~~~~~~~~~~~~~~~~~~~~~^~~~~~~~[m[K
[01m[K/home/sunrise/amphibious_ws/src/lifecycle_control_pkg/src/lifecycle_control_node.cpp:221:29:[m[K [01;31m[Kerror: [m[Kcannot convert ‘[01m[KLifecycleManager::process_operations()::<lambda()>[m[K’ to ‘[01m[Kstd::function<void(bool)>[m[K’
  221 |                 [01;31m[Kchange_state(operation.node_name,[m[K
      |                 [01;31m[K~~~~~~~~~~~~^~~~~~~~~~~~~~~~~~~~~[m[K
  222 | [01;31m[K                            lifecycle_msgs::msg::Transition::TRANSITION_DEACTIVATE,[m[K
      |                             [01;31m[K~~~~~~~~~~~~~~~~~~~~~~~~~~~~~~~~~~~~~~~~~~~~~~~~~~~~~~~[m[K
  223 | [01;31m[K                            [this]() {  // 添加下划线表示有意不使用[m[K
      |                             [01;31m[K~~~~~~~~~~~~~~~~~~~~~~~~~~~~~~~~~~~~~~~[m[K
  224 | [01;31m[K                                is_operation_in_progress_ = false;[m[K
      |                                 [01;31m[K~~~~~~~~~~~~~~~~~~~~~~~~~~~~~~~~~~[m[K
  225 | [01;31m[K                            })[m[K;
      |                             [01;31m[K~~[m[K
[01m[K/home/sunrise/amphibious_ws/src/lifecycle_control_pkg/src/lifecycle_control_node.cpp:334:48:[m[K [01;36m[Knote: [m[K  initializing argument 3 of ‘[01m[Kvoid LifecycleManager::change_state(const string&, uint8_t, std::function<void(bool)>, int)[m[K’
  334 |                      [01;36m[Kstd::function<void(bool)> callback[m[K, int retry_count = 0)
      |                      [01;36m[K~~~~~~~~~~~~~~~~~~~~~~~~~~^~~~~~~~[m[K
[01m[K/home/sunrise/amphibious_ws/src/lifecycle_control_pkg/src/lifecycle_control_node.cpp:229:29:[m[K [01;31m[Kerror: [m[Kcannot convert ‘[01m[KLifecycleManager::process_operations()::<lambda()>[m[K’ to ‘[01m[Kstd::function<void(bool)>[m[K’
  229 |                 [01;31m[Kchange_state(operation.node_name,[m[K
      |                 [01;31m[K~~~~~~~~~~~~^~~~~~~~~~~~~~~~~~~~~[m[K
  230 | [01;31m[K                            lifecycle_msgs::msg::Transition::TRANSITION_CLEANUP,[m[K
      |                             [01;31m[K~~~~~~~~~~~~~~~~~~~~~~~~~~~~~~~~~~~~~~~~~~~~~~~~~~~~[m[K
  231 | [01;31m[K                            [this]() {  // 添加下划线表示有意不使用[m[K
      |                             [01;31m[K~~~~~~~~~~~~~~~~~~~~~~~~~~~~~~~~~~~~~~~[m[K
  232 | [01;31m[K                                is_operation_in_progress_ = false;[m[K
      |                                 [01;31m[K~~~~~~~~~~~~~~~~~~~~~~~~~~~~~~~~~~[m[K
  233 | [01;31m[K                            })[m[K;
      |                             [01;31m[K~~[m[K
[01m[K/home/sunrise/amphibious_ws/src/lifecycle_control_pkg/src/lifecycle_control_node.cpp:334:48:[m[K [01;36m[Knote: [m[K  initializing argument 3 of ‘[01m[Kvoid LifecycleManager::change_state(const string&, uint8_t, std::function<void(bool)>, int)[m[K’
  334 |                      [01;36m[Kstd::function<void(bool)> callback[m[K, int retry_count = 0)
      |                      [01;36m[K~~~~~~~~~~~~~~~~~~~~~~~~~~^~~~~~~~[m[K
gmake[2]: *** [CMakeFiles/lifecycle_control_node.dir/build.make:76：CMakeFiles/lifecycle_control_node.dir/src/lifecycle_control_node.cpp.o] 错误 1
gmake[1]: *** [CMakeFiles/Makefile2:137：CMakeFiles/lifecycle_control_node.dir/all] 错误 2
gmake: *** [Makefile:146：all] 错误 2
