[0.237s] Invoking command in '/home/sunrise/amphibious_ws/build/i2c_pkg': CMAKE_PREFIX_PATH=${CMAKE_PREFIX_PATH}:/home/sunrise/amphibious_ws/install/yolo_detect_pkg:/opt/tros/humble:/opt/ros/humble /usr/bin/cmake --build /home/sunrise/amphibious_ws/build/i2c_pkg -- -j8 -l8
[2.965s] [ 16%] Built target car_drive
[2.966s] [ 33%] Built target pid_velocity
[2.967s] [ 50%] Built target pid
[2.967s] [ 66%] Built target car_drive_pid
[2.968s] [ 83%] Built target car_drive_pid_pwm
[2.969s] [100%] Built target target_pub
[3.022s] Invoked command in '/home/sunrise/amphibious_ws/build/i2c_pkg' returned '0': CMAKE_PREFIX_PATH=${CMAKE_PREFIX_PATH}:/home/sunrise/amphibious_ws/install/yolo_detect_pkg:/opt/tros/humble:/opt/ros/humble /usr/bin/cmake --build /home/sunrise/amphibious_ws/build/i2c_pkg -- -j8 -l8
[3.032s] Invoking command in '/home/sunrise/amphibious_ws/build/i2c_pkg': CMAKE_PREFIX_PATH=${CMAKE_PREFIX_PATH}:/home/sunrise/amphibious_ws/install/yolo_detect_pkg:/opt/tros/humble:/opt/ros/humble /usr/bin/cmake --install /home/sunrise/amphibious_ws/build/i2c_pkg
[3.174s] -- Install configuration: ""
[3.175s] -- Up-to-date: /home/sunrise/amphibious_ws/install/i2c_pkg/lib/i2c_pkg/car_drive
[3.176s] -- Up-to-date: /home/sunrise/amphibious_ws/install/i2c_pkg/lib/i2c_pkg/pid
[3.178s] -- Up-to-date: /home/sunrise/amphibious_ws/install/i2c_pkg/lib/i2c_pkg/car_drive_pid
[3.179s] -- Up-to-date: /home/sunrise/amphibious_ws/install/i2c_pkg/lib/i2c_pkg/target_pub
[3.181s] -- Up-to-date: /home/sunrise/amphibious_ws/install/i2c_pkg/lib/i2c_pkg/pid_velocity
[3.186s] -- Up-to-date: /home/sunrise/amphibious_ws/install/i2c_pkg/lib/i2c_pkg/car_drive_pid_pwm
[3.190s] -- Up-to-date: /home/sunrise/amphibious_ws/install/i2c_pkg/share/ament_index/resource_index/package_run_dependencies/i2c_pkg
[3.193s] -- Up-to-date: /home/sunrise/amphibious_ws/install/i2c_pkg/share/ament_index/resource_index/parent_prefix_path/i2c_pkg
[3.195s] -- Up-to-date: /home/sunrise/amphibious_ws/install/i2c_pkg/share/i2c_pkg/environment/ament_prefix_path.sh
[3.197s] -- Up-to-date: /home/sunrise/amphibious_ws/install/i2c_pkg/share/i2c_pkg/environment/ament_prefix_path.dsv
[3.199s] -- Up-to-date: /home/sunrise/amphibious_ws/install/i2c_pkg/share/i2c_pkg/environment/path.sh
[3.201s] -- Up-to-date: /home/sunrise/amphibious_ws/install/i2c_pkg/share/i2c_pkg/environment/path.dsv
[3.203s] -- Up-to-date: /home/sunrise/amphibious_ws/install/i2c_pkg/share/i2c_pkg/local_setup.bash
[3.207s] -- Up-to-date: /home/sunrise/amphibious_ws/install/i2c_pkg/share/i2c_pkg/local_setup.sh
[3.222s] -- Up-to-date: /home/sunrise/amphibious_ws/install/i2c_pkg/share/i2c_pkg/local_setup.zsh
[3.224s] -- Up-to-date: /home/sunrise/amphibious_ws/install/i2c_pkg/share/i2c_pkg/local_setup.dsv
[3.226s] -- Installing: /home/sunrise/amphibious_ws/install/i2c_pkg/share/i2c_pkg/package.dsv
[3.235s] -- Up-to-date: /home/sunrise/amphibious_ws/install/i2c_pkg/share/ament_index/resource_index/packages/i2c_pkg
[3.237s] -- Up-to-date: /home/sunrise/amphibious_ws/install/i2c_pkg/share/i2c_pkg/cmake/i2c_pkgConfig.cmake
[3.239s] -- Up-to-date: /home/sunrise/amphibious_ws/install/i2c_pkg/share/i2c_pkg/cmake/i2c_pkgConfig-version.cmake
[3.240s] -- Up-to-date: /home/sunrise/amphibious_ws/install/i2c_pkg/share/i2c_pkg/package.xml
[3.739s] Invoked command in '/home/sunrise/amphibious_ws/build/i2c_pkg' returned '0': CMAKE_PREFIX_PATH=${CMAKE_PREFIX_PATH}:/home/sunrise/amphibious_ws/install/yolo_detect_pkg:/opt/tros/humble:/opt/ros/humble /usr/bin/cmake --install /home/sunrise/amphibious_ws/build/i2c_pkg
