[0.302s] Invoking command in '/home/sunrise/amphibious_ws/build/item_locate_pkg': CMAKE_PREFIX_PATH=${CMAKE_PREFIX_PATH}:/home/sunrise/amphibious_ws/install/yolo_detect_pkg:/opt/tros/humble:/opt/ros/humble /usr/bin/cmake --build /home/sunrise/amphibious_ws/build/item_locate_pkg -- -j8 -l8
[3.079s] [100%] Built target item_locate_node
[3.184s] Invoked command in '/home/sunrise/amphibious_ws/build/item_locate_pkg' returned '0': CMAKE_PREFIX_PATH=${CMAKE_PREFIX_PATH}:/home/sunrise/amphibious_ws/install/yolo_detect_pkg:/opt/tros/humble:/opt/ros/humble /usr/bin/cmake --build /home/sunrise/amphibious_ws/build/item_locate_pkg -- -j8 -l8
[3.196s] Invoking command in '/home/sunrise/amphibious_ws/build/item_locate_pkg': CMAKE_PREFIX_PATH=${CMAKE_PREFIX_PATH}:/home/sunrise/amphibious_ws/install/yolo_detect_pkg:/opt/tros/humble:/opt/ros/humble /usr/bin/cmake --install /home/sunrise/amphibious_ws/build/item_locate_pkg
[3.397s] -- Install configuration: ""
[3.398s] -- Up-to-date: /home/sunrise/amphibious_ws/install/item_locate_pkg/lib/item_locate_pkg/item_locate_node
[3.399s] -- Up-to-date: /home/sunrise/amphibious_ws/install/item_locate_pkg/share/item_locate_pkg/launch
[3.402s] -- Up-to-date: /home/sunrise/amphibious_ws/install/item_locate_pkg/share/item_locate_pkg/launch/item_locate.launch.py
[3.404s] -- Up-to-date: /home/sunrise/amphibious_ws/install/item_locate_pkg/share/ament_index/resource_index/package_run_dependencies/item_locate_pkg
[3.405s] -- Up-to-date: /home/sunrise/amphibious_ws/install/item_locate_pkg/share/ament_index/resource_index/parent_prefix_path/item_locate_pkg
[3.407s] -- Up-to-date: /home/sunrise/amphibious_ws/install/item_locate_pkg/share/item_locate_pkg/environment/ament_prefix_path.sh
[3.410s] -- Up-to-date: /home/sunrise/amphibious_ws/install/item_locate_pkg/share/item_locate_pkg/environment/ament_prefix_path.dsv
[3.413s] -- Up-to-date: /home/sunrise/amphibious_ws/install/item_locate_pkg/share/item_locate_pkg/environment/path.sh
[3.414s] -- Up-to-date: /home/sunrise/amphibious_ws/install/item_locate_pkg/share/item_locate_pkg/environment/path.dsv
[3.415s] -- Up-to-date: /home/sunrise/amphibious_ws/install/item_locate_pkg/share/item_locate_pkg/local_setup.bash
[3.417s] -- Up-to-date: /home/sunrise/amphibious_ws/install/item_locate_pkg/share/item_locate_pkg/local_setup.sh
[3.418s] -- Up-to-date: /home/sunrise/amphibious_ws/install/item_locate_pkg/share/item_locate_pkg/local_setup.zsh
[3.422s] -- Up-to-date: /home/sunrise/amphibious_ws/install/item_locate_pkg/share/item_locate_pkg/local_setup.dsv
[3.426s] -- Installing: /home/sunrise/amphibious_ws/install/item_locate_pkg/share/item_locate_pkg/package.dsv
[3.429s] -- Up-to-date: /home/sunrise/amphibious_ws/install/item_locate_pkg/share/ament_index/resource_index/packages/item_locate_pkg
[3.430s] -- Up-to-date: /home/sunrise/amphibious_ws/install/item_locate_pkg/share/item_locate_pkg/cmake/item_locate_pkgConfig.cmake
[3.432s] -- Up-to-date: /home/sunrise/amphibious_ws/install/item_locate_pkg/share/item_locate_pkg/cmake/item_locate_pkgConfig-version.cmake
[3.435s] -- Up-to-date: /home/sunrise/amphibious_ws/install/item_locate_pkg/share/item_locate_pkg/package.xml
[3.783s] Invoked command in '/home/sunrise/amphibious_ws/build/item_locate_pkg' returned '0': CMAKE_PREFIX_PATH=${CMAKE_PREFIX_PATH}:/home/sunrise/amphibious_ws/install/yolo_detect_pkg:/opt/tros/humble:/opt/ros/humble /usr/bin/cmake --install /home/sunrise/amphibious_ws/build/item_locate_pkg
