[0.314s] Invoking command in '/home/sunrise/amphibious_ws/build/lifecycle_control_pkg': CMAKE_PREFIX_PATH=${CMAKE_PREFIX_PATH}:/home/sunrise/amphibious_ws/install/yolo_detect_pkg:/opt/tros/humble:/opt/ros/humble /usr/bin/cmake --build /home/sunrise/amphibious_ws/build/lifecycle_control_pkg -- -j8 -l8
[4.375s] [35m[1mConsolidate compiler generated dependencies of target lifecycle_control_node[0m
[4.390s] [ 50%] [32mBuilding CXX object CMakeFiles/lifecycle_control_node.dir/src/lifecycle_control_node.cpp.o[0m
[85.434s] [100%] [32m[1mLinking CXX executable lifecycle_control_node[0m
[89.744s] [100%] Built target lifecycle_control_node
[89.802s] Invoked command in '/home/sunrise/amphibious_ws/build/lifecycle_control_pkg' returned '0': CMAKE_PREFIX_PATH=${CMAKE_PREFIX_PATH}:/home/sunrise/amphibious_ws/install/yolo_detect_pkg:/opt/tros/humble:/opt/ros/humble /usr/bin/cmake --build /home/sunrise/amphibious_ws/build/lifecycle_control_pkg -- -j8 -l8
[89.821s] Invoking command in '/home/sunrise/amphibious_ws/build/lifecycle_control_pkg': CMAKE_PREFIX_PATH=${CMAKE_PREFIX_PATH}:/home/sunrise/amphibious_ws/install/yolo_detect_pkg:/opt/tros/humble:/opt/ros/humble /usr/bin/cmake --install /home/sunrise/amphibious_ws/build/lifecycle_control_pkg
[89.860s] -- Install configuration: ""
[89.862s] -- Installing: /home/sunrise/amphibious_ws/install/lifecycle_control_pkg/lib/lifecycle_control_pkg/lifecycle_control_node
[89.909s] -- Set runtime path of "/home/sunrise/amphibious_ws/install/lifecycle_control_pkg/lib/lifecycle_control_pkg/lifecycle_control_node" to ""
[89.911s] -- Up-to-date: /home/sunrise/amphibious_ws/install/lifecycle_control_pkg/share/ament_index/resource_index/package_run_dependencies/lifecycle_control_pkg
[89.912s] -- Up-to-date: /home/sunrise/amphibious_ws/install/lifecycle_control_pkg/share/ament_index/resource_index/parent_prefix_path/lifecycle_control_pkg
[89.913s] -- Up-to-date: /home/sunrise/amphibious_ws/install/lifecycle_control_pkg/share/lifecycle_control_pkg/environment/ament_prefix_path.sh
[89.917s] -- Up-to-date: /home/sunrise/amphibious_ws/install/lifecycle_control_pkg/share/lifecycle_control_pkg/environment/ament_prefix_path.dsv
[89.936s] -- Up-to-date: /home/sunrise/amphibious_ws/install/lifecycle_control_pkg/share/lifecycle_control_pkg/environment/path.sh
[89.938s] -- Up-to-date: /home/sunrise/amphibious_ws/install/lifecycle_control_pkg/share/lifecycle_control_pkg/environment/path.dsv
[89.939s] -- Up-to-date: /home/sunrise/amphibious_ws/install/lifecycle_control_pkg/share/lifecycle_control_pkg/local_setup.bash
[89.940s] -- Up-to-date: /home/sunrise/amphibious_ws/install/lifecycle_control_pkg/share/lifecycle_control_pkg/local_setup.sh
[89.940s] -- Up-to-date: /home/sunrise/amphibious_ws/install/lifecycle_control_pkg/share/lifecycle_control_pkg/local_setup.zsh
[89.941s] -- Up-to-date: /home/sunrise/amphibious_ws/install/lifecycle_control_pkg/share/lifecycle_control_pkg/local_setup.dsv
[89.941s] -- Installing: /home/sunrise/amphibious_ws/install/lifecycle_control_pkg/share/lifecycle_control_pkg/package.dsv
[89.942s] -- Up-to-date: /home/sunrise/amphibious_ws/install/lifecycle_control_pkg/share/ament_index/resource_index/packages/lifecycle_control_pkg
[89.943s] -- Up-to-date: /home/sunrise/amphibious_ws/install/lifecycle_control_pkg/share/lifecycle_control_pkg/cmake/lifecycle_control_pkgConfig.cmake
[89.943s] -- Up-to-date: /home/sunrise/amphibious_ws/install/lifecycle_control_pkg/share/lifecycle_control_pkg/cmake/lifecycle_control_pkgConfig-version.cmake
[89.944s] -- Up-to-date: /home/sunrise/amphibious_ws/install/lifecycle_control_pkg/share/lifecycle_control_pkg/package.xml
[89.945s] Invoked command in '/home/sunrise/amphibious_ws/build/lifecycle_control_pkg' returned '0': CMAKE_PREFIX_PATH=${CMAKE_PREFIX_PATH}:/home/sunrise/amphibious_ws/install/yolo_detect_pkg:/opt/tros/humble:/opt/ros/humble /usr/bin/cmake --install /home/sunrise/amphibious_ws/build/lifecycle_control_pkg
