[0.332s] Invoking command in '/home/sunrise/amphibious_ws/build/camera_pkg': CMAKE_PREFIX_PATH=${CMAKE_PREFIX_PATH}:/home/sunrise/amphibious_ws/install/yolo_detect_pkg:/opt/tros/humble:/opt/ros/humble /usr/bin/cmake --build /home/sunrise/amphibious_ws/build/camera_pkg -- -j8 -l8
[3.435s] [100%] Built target camera_pub
[3.503s] Invoked command in '/home/sunrise/amphibious_ws/build/camera_pkg' returned '0': CMAKE_PREFIX_PATH=${CMAKE_PREFIX_PATH}:/home/sunrise/amphibious_ws/install/yolo_detect_pkg:/opt/tros/humble:/opt/ros/humble /usr/bin/cmake --build /home/sunrise/amphibious_ws/build/camera_pkg -- -j8 -l8
[3.552s] Invoking command in '/home/sunrise/amphibious_ws/build/camera_pkg': CMAKE_PREFIX_PATH=${CMAKE_PREFIX_PATH}:/home/sunrise/amphibious_ws/install/yolo_detect_pkg:/opt/tros/humble:/opt/ros/humble /usr/bin/cmake --install /home/sunrise/amphibious_ws/build/camera_pkg
[3.675s] -- Install configuration: ""
[3.675s] -- Up-to-date: /home/sunrise/amphibious_ws/install/camera_pkg/lib/camera_pkg/camera_pub
[3.676s] -- Up-to-date: /home/sunrise/amphibious_ws/install/camera_pkg/share/ament_index/resource_index/package_run_dependencies/camera_pkg
[3.677s] -- Up-to-date: /home/sunrise/amphibious_ws/install/camera_pkg/share/ament_index/resource_index/parent_prefix_path/camera_pkg
[3.678s] -- Up-to-date: /home/sunrise/amphibious_ws/install/camera_pkg/share/camera_pkg/environment/ament_prefix_path.sh
[3.683s] -- Up-to-date: /home/sunrise/amphibious_ws/install/camera_pkg/share/camera_pkg/environment/ament_prefix_path.dsv
[3.684s] -- Up-to-date: /home/sunrise/amphibious_ws/install/camera_pkg/share/camera_pkg/environment/path.sh
[3.685s] -- Up-to-date: /home/sunrise/amphibious_ws/install/camera_pkg/share/camera_pkg/environment/path.dsv
[3.686s] -- Up-to-date: /home/sunrise/amphibious_ws/install/camera_pkg/share/camera_pkg/local_setup.bash
[3.686s] -- Up-to-date: /home/sunrise/amphibious_ws/install/camera_pkg/share/camera_pkg/local_setup.sh
[3.687s] -- Up-to-date: /home/sunrise/amphibious_ws/install/camera_pkg/share/camera_pkg/local_setup.zsh
[3.688s] -- Up-to-date: /home/sunrise/amphibious_ws/install/camera_pkg/share/camera_pkg/local_setup.dsv
[3.688s] -- Installing: /home/sunrise/amphibious_ws/install/camera_pkg/share/camera_pkg/package.dsv
[3.689s] -- Up-to-date: /home/sunrise/amphibious_ws/install/camera_pkg/share/ament_index/resource_index/packages/camera_pkg
[3.690s] -- Up-to-date: /home/sunrise/amphibious_ws/install/camera_pkg/share/camera_pkg/cmake/camera_pkgConfig.cmake
[3.692s] -- Up-to-date: /home/sunrise/amphibious_ws/install/camera_pkg/share/camera_pkg/cmake/camera_pkgConfig-version.cmake
[3.693s] -- Up-to-date: /home/sunrise/amphibious_ws/install/camera_pkg/share/camera_pkg/package.xml
[3.966s] Invoked command in '/home/sunrise/amphibious_ws/build/camera_pkg' returned '0': CMAKE_PREFIX_PATH=${CMAKE_PREFIX_PATH}:/home/sunrise/amphibious_ws/install/yolo_detect_pkg:/opt/tros/humble:/opt/ros/humble /usr/bin/cmake --install /home/sunrise/amphibious_ws/build/camera_pkg
