[0.365s] Invoking command in '/home/sunrise/amphibious_ws/build/camera_pkg': CMAKE_PREFIX_PATH=${CMAKE_PREFIX_PATH}:/home/sunrise/amphibious_ws/install/yolo_detect_pkg:/opt/tros/humble:/opt/ros/humble /usr/bin/cmake --build /home/sunrise/amphibious_ws/build/camera_pkg -- -j8 -l8
[3.305s] [100%] Built target camera_pub
[3.339s] gmake: 警告：文件“Makefile”的修改时间在未来 804495491 秒后
[3.340s] gmake[1]: 警告：文件“CMakeFiles/Makefile2”的修改时间在未来 804495491 秒后
[3.340s] gmake[2]: 警告：文件“CMakeFiles/camera_pub.dir/flags.make”的修改时间在未来 804495491 秒后
[3.341s] gmake[2]: 警告：检测到时钟错误。您的构建版本可能是不完整的。
[3.341s] gmake[2]: 警告：文件“CMakeFiles/camera_pub.dir/flags.make”的修改时间在未来 804495491 秒后
[3.342s] gmake[2]: 警告：检测到时钟错误。您的构建版本可能是不完整的。
[3.343s] gmake[1]: 警告：检测到时钟错误。您的构建版本可能是不完整的。
[3.343s] gmake: 警告：检测到时钟错误。您的构建版本可能是不完整的。
[3.609s] Invoked command in '/home/sunrise/amphibious_ws/build/camera_pkg' returned '0': CMAKE_PREFIX_PATH=${CMAKE_PREFIX_PATH}:/home/sunrise/amphibious_ws/install/yolo_detect_pkg:/opt/tros/humble:/opt/ros/humble /usr/bin/cmake --build /home/sunrise/amphibious_ws/build/camera_pkg -- -j8 -l8
[3.619s] Invoking command in '/home/sunrise/amphibious_ws/build/camera_pkg': CMAKE_PREFIX_PATH=${CMAKE_PREFIX_PATH}:/home/sunrise/amphibious_ws/install/yolo_detect_pkg:/opt/tros/humble:/opt/ros/humble /usr/bin/cmake --install /home/sunrise/amphibious_ws/build/camera_pkg
[3.672s] -- Install configuration: ""
[3.675s] -- Up-to-date: /home/sunrise/amphibious_ws/install/camera_pkg/lib/camera_pkg/camera_pub
[3.676s] -- Up-to-date: /home/sunrise/amphibious_ws/install/camera_pkg/share/ament_index/resource_index/package_run_dependencies/camera_pkg
[3.678s] -- Up-to-date: /home/sunrise/amphibious_ws/install/camera_pkg/share/ament_index/resource_index/parent_prefix_path/camera_pkg
[3.679s] -- Up-to-date: /home/sunrise/amphibious_ws/install/camera_pkg/share/camera_pkg/environment/ament_prefix_path.sh
[3.683s] -- Up-to-date: /home/sunrise/amphibious_ws/install/camera_pkg/share/camera_pkg/environment/ament_prefix_path.dsv
[3.686s] -- Up-to-date: /home/sunrise/amphibious_ws/install/camera_pkg/share/camera_pkg/environment/path.sh
[3.689s] -- Up-to-date: /home/sunrise/amphibious_ws/install/camera_pkg/share/camera_pkg/environment/path.dsv
[3.694s] -- Up-to-date: /home/sunrise/amphibious_ws/install/camera_pkg/share/camera_pkg/local_setup.bash
[3.695s] -- Up-to-date: /home/sunrise/amphibious_ws/install/camera_pkg/share/camera_pkg/local_setup.sh
[3.697s] -- Up-to-date: /home/sunrise/amphibious_ws/install/camera_pkg/share/camera_pkg/local_setup.zsh
[3.700s] -- Up-to-date: /home/sunrise/amphibious_ws/install/camera_pkg/share/camera_pkg/local_setup.dsv
[3.702s] -- Installing: /home/sunrise/amphibious_ws/install/camera_pkg/share/camera_pkg/package.dsv
[3.703s] -- Up-to-date: /home/sunrise/amphibious_ws/install/camera_pkg/share/ament_index/resource_index/packages/camera_pkg
[3.707s] -- Up-to-date: /home/sunrise/amphibious_ws/install/camera_pkg/share/camera_pkg/cmake/camera_pkgConfig.cmake
[3.708s] -- Up-to-date: /home/sunrise/amphibious_ws/install/camera_pkg/share/camera_pkg/cmake/camera_pkgConfig-version.cmake
[3.710s] -- Up-to-date: /home/sunrise/amphibious_ws/install/camera_pkg/share/camera_pkg/package.xml
[3.965s] Invoked command in '/home/sunrise/amphibious_ws/build/camera_pkg' returned '0': CMAKE_PREFIX_PATH=${CMAKE_PREFIX_PATH}:/home/sunrise/amphibious_ws/install/yolo_detect_pkg:/opt/tros/humble:/opt/ros/humble /usr/bin/cmake --install /home/sunrise/amphibious_ws/build/camera_pkg
