[0.466s] Invoking command in '/home/sunrise/amphibious_ws/build/base_lidar': CMAKE_PREFIX_PATH=${CMAKE_PREFIX_PATH}:/home/sunrise/amphibious_ws/install/yolo_detect_pkg:/opt/tros/humble:/opt/ros/humble /usr/bin/cmake --build /home/sunrise/amphibious_ws/build/base_lidar -- -j8 -l8
[4.125s] [  3%] Built target base_lidar__cpp
[4.126s] [ 12%] Built target base_lidar__rosidl_generator_c
[4.126s] [ 12%] Built target ament_cmake_python_copy_base_lidar
[4.127s] [ 22%] Built target base_lidar__rosidl_typesupport_fastrtps_cpp
[4.128s] [ 35%] Built target base_lidar__rosidl_typesupport_introspection_cpp
[4.129s] [ 41%] Built target base_lidar__rosidl_typesupport_cpp
[4.130s] [ 51%] Built target base_lidar__rosidl_typesupport_fastrtps_c
[4.131s] [ 61%] Built target base_lidar__rosidl_typesupport_c
[4.132s] [ 70%] Built target base_lidar__rosidl_typesupport_introspection_c
[4.132s] [ 70%] Built target base_lidar
[4.133s] [ 74%] Built target base_lidar__py
[4.134s] [ 80%] Built target base_lidar__rosidl_generator_py
[4.141s] [ 87%] Built target base_lidar__rosidl_typesupport_introspection_c__pyext
[4.142s] [ 93%] Built target base_lidar__rosidl_typesupport_fastrtps_c__pyext
[4.147s] [100%] Built target base_lidar__rosidl_typesupport_c__pyext
[4.148s] running egg_info
[4.149s] writing base_lidar.egg-info/PKG-INFO
[4.156s] writing dependency_links to base_lidar.egg-info/dependency_links.txt
[4.157s] writing top-level names to base_lidar.egg-info/top_level.txt
[4.158s] reading manifest file 'base_lidar.egg-info/SOURCES.txt'
[4.159s] writing manifest file 'base_lidar.egg-info/SOURCES.txt'
[4.526s] [100%] Built target ament_cmake_python_build_base_lidar_egg
[5.023s] Invoked command in '/home/sunrise/amphibious_ws/build/base_lidar' returned '0': CMAKE_PREFIX_PATH=${CMAKE_PREFIX_PATH}:/home/sunrise/amphibious_ws/install/yolo_detect_pkg:/opt/tros/humble:/opt/ros/humble /usr/bin/cmake --build /home/sunrise/amphibious_ws/build/base_lidar -- -j8 -l8
[5.033s] Invoking command in '/home/sunrise/amphibious_ws/build/base_lidar': CMAKE_PREFIX_PATH=${CMAKE_PREFIX_PATH}:/home/sunrise/amphibious_ws/install/yolo_detect_pkg:/opt/tros/humble:/opt/ros/humble /usr/bin/cmake --install /home/sunrise/amphibious_ws/build/base_lidar
[5.289s] -- Install configuration: ""
[5.290s] -- Up-to-date: /home/sunrise/amphibious_ws/install/base_lidar/share/ament_index/resource_index/rosidl_interfaces/base_lidar
[5.291s] -- Up-to-date: /home/sunrise/amphibious_ws/install/base_lidar/include/base_lidar/base_lidar
[5.293s] -- Up-to-date: /home/sunrise/amphibious_ws/install/base_lidar/include/base_lidar/base_lidar/msg
[5.293s] -- Up-to-date: /home/sunrise/amphibious_ws/install/base_lidar/include/base_lidar/base_lidar/msg/rosidl_generator_c__visibility_control.h
[5.294s] -- Up-to-date: /home/sunrise/amphibious_ws/install/base_lidar/include/base_lidar/base_lidar/srv
[5.295s] -- Up-to-date: /home/sunrise/amphibious_ws/install/base_lidar/include/base_lidar/base_lidar/srv/control.h
[5.295s] -- Up-to-date: /home/sunrise/amphibious_ws/install/base_lidar/include/base_lidar/base_lidar/srv/detail
[5.296s] -- Up-to-date: /home/sunrise/amphibious_ws/install/base_lidar/include/base_lidar/base_lidar/srv/detail/control__struct.h
[5.296s] -- Up-to-date: /home/sunrise/amphibious_ws/install/base_lidar/include/base_lidar/base_lidar/srv/detail/control__type_support.h
[5.297s] -- Up-to-date: /home/sunrise/amphibious_ws/install/base_lidar/include/base_lidar/base_lidar/srv/detail/control__functions.c
[5.297s] -- Up-to-date: /home/sunrise/amphibious_ws/install/base_lidar/include/base_lidar/base_lidar/srv/detail/control__functions.h
[5.298s] -- Up-to-date: /home/sunrise/amphibious_ws/install/base_lidar/share/base_lidar/environment/library_path.sh
[5.298s] -- Up-to-date: /home/sunrise/amphibious_ws/install/base_lidar/share/base_lidar/environment/library_path.dsv
[5.299s] -- Up-to-date: /home/sunrise/amphibious_ws/install/base_lidar/lib/libbase_lidar__rosidl_generator_c.so
[5.300s] -- Up-to-date: /home/sunrise/amphibious_ws/install/base_lidar/include/base_lidar/base_lidar
[5.300s] -- Up-to-date: /home/sunrise/amphibious_ws/install/base_lidar/include/base_lidar/base_lidar/msg
[5.301s] -- Up-to-date: /home/sunrise/amphibious_ws/install/base_lidar/include/base_lidar/base_lidar/msg/rosidl_typesupport_fastrtps_c__visibility_control.h
[5.301s] -- Up-to-date: /home/sunrise/amphibious_ws/install/base_lidar/include/base_lidar/base_lidar/srv
[5.302s] -- Up-to-date: /home/sunrise/amphibious_ws/install/base_lidar/include/base_lidar/base_lidar/srv/detail
[5.302s] -- Up-to-date: /home/sunrise/amphibious_ws/install/base_lidar/include/base_lidar/base_lidar/srv/detail/control__rosidl_typesupport_fastrtps_c.h
[5.303s] -- Up-to-date: /home/sunrise/amphibious_ws/install/base_lidar/lib/libbase_lidar__rosidl_typesupport_fastrtps_c.so
[5.303s] -- Up-to-date: /home/sunrise/amphibious_ws/install/base_lidar/include/base_lidar/base_lidar
[5.304s] -- Up-to-date: /home/sunrise/amphibious_ws/install/base_lidar/include/base_lidar/base_lidar/msg
[5.304s] -- Up-to-date: /home/sunrise/amphibious_ws/install/base_lidar/include/base_lidar/base_lidar/msg/rosidl_generator_cpp__visibility_control.hpp
[5.305s] -- Up-to-date: /home/sunrise/amphibious_ws/install/base_lidar/include/base_lidar/base_lidar/srv
[5.306s] -- Up-to-date: /home/sunrise/amphibious_ws/install/base_lidar/include/base_lidar/base_lidar/srv/detail
[5.306s] -- Up-to-date: /home/sunrise/amphibious_ws/install/base_lidar/include/base_lidar/base_lidar/srv/detail/control__struct.hpp
[5.307s] -- Up-to-date: /home/sunrise/amphibious_ws/install/base_lidar/include/base_lidar/base_lidar/srv/detail/control__traits.hpp
[5.307s] -- Up-to-date: /home/sunrise/amphibious_ws/install/base_lidar/include/base_lidar/base_lidar/srv/detail/control__type_support.hpp
[5.308s] -- Up-to-date: /home/sunrise/amphibious_ws/install/base_lidar/include/base_lidar/base_lidar/srv/detail/control__builder.hpp
[5.309s] -- Up-to-date: /home/sunrise/amphibious_ws/install/base_lidar/include/base_lidar/base_lidar/srv/control.hpp
[5.309s] -- Up-to-date: /home/sunrise/amphibious_ws/install/base_lidar/include/base_lidar/base_lidar
[5.310s] -- Up-to-date: /home/sunrise/amphibious_ws/install/base_lidar/include/base_lidar/base_lidar/msg
[5.311s] -- Up-to-date: /home/sunrise/amphibious_ws/install/base_lidar/include/base_lidar/base_lidar/msg/rosidl_typesupport_fastrtps_cpp__visibility_control.h
[5.322s] -- Up-to-date: /home/sunrise/amphibious_ws/install/base_lidar/include/base_lidar/base_lidar/srv
[5.323s] -- Up-to-date: /home/sunrise/amphibious_ws/install/base_lidar/include/base_lidar/base_lidar/srv/detail
[5.324s] -- Up-to-date: /home/sunrise/amphibious_ws/install/base_lidar/include/base_lidar/base_lidar/srv/detail/dds_fastrtps
[5.324s] -- Up-to-date: /home/sunrise/amphibious_ws/install/base_lidar/include/base_lidar/base_lidar/srv/detail/control__rosidl_typesupport_fastrtps_cpp.hpp
[5.325s] -- Up-to-date: /home/sunrise/amphibious_ws/install/base_lidar/lib/libbase_lidar__rosidl_typesupport_fastrtps_cpp.so
[5.326s] -- Up-to-date: /home/sunrise/amphibious_ws/install/base_lidar/include/base_lidar/base_lidar
[5.326s] -- Up-to-date: /home/sunrise/amphibious_ws/install/base_lidar/include/base_lidar/base_lidar/msg
[5.327s] -- Up-to-date: /home/sunrise/amphibious_ws/install/base_lidar/include/base_lidar/base_lidar/msg/rosidl_typesupport_introspection_c__visibility_control.h
[5.327s] -- Up-to-date: /home/sunrise/amphibious_ws/install/base_lidar/include/base_lidar/base_lidar/srv
[5.329s] -- Up-to-date: /home/sunrise/amphibious_ws/install/base_lidar/include/base_lidar/base_lidar/srv/detail
[5.329s] -- Up-to-date: /home/sunrise/amphibious_ws/install/base_lidar/include/base_lidar/base_lidar/srv/detail/control__type_support.c
[5.330s] -- Up-to-date: /home/sunrise/amphibious_ws/install/base_lidar/include/base_lidar/base_lidar/srv/detail/control__rosidl_typesupport_introspection_c.h
[5.332s] -- Up-to-date: /home/sunrise/amphibious_ws/install/base_lidar/lib/libbase_lidar__rosidl_typesupport_introspection_c.so
[5.333s] -- Up-to-date: /home/sunrise/amphibious_ws/install/base_lidar/lib/libbase_lidar__rosidl_typesupport_c.so
[5.334s] -- Up-to-date: /home/sunrise/amphibious_ws/install/base_lidar/include/base_lidar/base_lidar
[5.336s] -- Up-to-date: /home/sunrise/amphibious_ws/install/base_lidar/include/base_lidar/base_lidar/srv
[5.337s] -- Up-to-date: /home/sunrise/amphibious_ws/install/base_lidar/include/base_lidar/base_lidar/srv/detail
[5.338s] -- Up-to-date: /home/sunrise/amphibious_ws/install/base_lidar/include/base_lidar/base_lidar/srv/detail/control__rosidl_typesupport_introspection_cpp.hpp
[5.338s] -- Up-to-date: /home/sunrise/amphibious_ws/install/base_lidar/include/base_lidar/base_lidar/srv/detail/control__type_support.cpp
[5.339s] -- Up-to-date: /home/sunrise/amphibious_ws/install/base_lidar/lib/libbase_lidar__rosidl_typesupport_introspection_cpp.so
[5.340s] -- Up-to-date: /home/sunrise/amphibious_ws/install/base_lidar/lib/libbase_lidar__rosidl_typesupport_cpp.so
[5.341s] -- Up-to-date: /home/sunrise/amphibious_ws/install/base_lidar/share/base_lidar/environment/pythonpath.sh
[5.342s] -- Up-to-date: /home/sunrise/amphibious_ws/install/base_lidar/share/base_lidar/environment/pythonpath.dsv
[5.342s] -- Up-to-date: /home/sunrise/amphibious_ws/install/base_lidar/local/lib/python3.10/dist-packages/base_lidar-0.0.0-py3.10.egg-info
[5.345s] -- Installing: /home/sunrise/amphibious_ws/install/base_lidar/local/lib/python3.10/dist-packages/base_lidar-0.0.0-py3.10.egg-info/SOURCES.txt
[5.346s] -- Installing: /home/sunrise/amphibious_ws/install/base_lidar/local/lib/python3.10/dist-packages/base_lidar-0.0.0-py3.10.egg-info/top_level.txt
[5.347s] -- Installing: /home/sunrise/amphibious_ws/install/base_lidar/local/lib/python3.10/dist-packages/base_lidar-0.0.0-py3.10.egg-info/dependency_links.txt
[5.348s] -- Installing: /home/sunrise/amphibious_ws/install/base_lidar/local/lib/python3.10/dist-packages/base_lidar-0.0.0-py3.10.egg-info/PKG-INFO
[5.348s] -- Up-to-date: /home/sunrise/amphibious_ws/install/base_lidar/local/lib/python3.10/dist-packages/base_lidar
[5.349s] -- Up-to-date: /home/sunrise/amphibious_ws/install/base_lidar/local/lib/python3.10/dist-packages/base_lidar/libbase_lidar__rosidl_generator_py.so
[5.350s] -- Up-to-date: /home/sunrise/amphibious_ws/install/base_lidar/local/lib/python3.10/dist-packages/base_lidar/base_lidar_s__rosidl_typesupport_introspection_c.cpython-310-aarch64-linux-gnu.so
[5.350s] -- Up-to-date: /home/sunrise/amphibious_ws/install/base_lidar/local/lib/python3.10/dist-packages/base_lidar/srv
[5.352s] -- Up-to-date: /home/sunrise/amphibious_ws/install/base_lidar/local/lib/python3.10/dist-packages/base_lidar/srv/_control_s.c
[5.352s] -- Up-to-date: /home/sunrise/amphibious_ws/install/base_lidar/local/lib/python3.10/dist-packages/base_lidar/srv/__init__.py
[5.353s] -- Up-to-date: /home/sunrise/amphibious_ws/install/base_lidar/local/lib/python3.10/dist-packages/base_lidar/srv/_control.py
[5.354s] -- Up-to-date: /home/sunrise/amphibious_ws/install/base_lidar/local/lib/python3.10/dist-packages/base_lidar/_base_lidar_s.ep.rosidl_typesupport_fastrtps_c.c
[5.354s] -- Up-to-date: /home/sunrise/amphibious_ws/install/base_lidar/local/lib/python3.10/dist-packages/base_lidar/base_lidar_s__rosidl_typesupport_c.cpython-310-aarch64-linux-gnu.so
[5.355s] -- Up-to-date: /home/sunrise/amphibious_ws/install/base_lidar/local/lib/python3.10/dist-packages/base_lidar/_base_lidar_s.ep.rosidl_typesupport_c.c
[5.356s] -- Up-to-date: /home/sunrise/amphibious_ws/install/base_lidar/local/lib/python3.10/dist-packages/base_lidar/__init__.py
[5.356s] -- Up-to-date: /home/sunrise/amphibious_ws/install/base_lidar/local/lib/python3.10/dist-packages/base_lidar/base_lidar_s__rosidl_typesupport_fastrtps_c.cpython-310-aarch64-linux-gnu.so
[5.357s] -- Up-to-date: /home/sunrise/amphibious_ws/install/base_lidar/local/lib/python3.10/dist-packages/base_lidar/_base_lidar_s.ep.rosidl_typesupport_introspection_c.c
[5.381s] Listing '/home/sunrise/amphibious_ws/install/base_lidar/local/lib/python3.10/dist-packages/base_lidar'...
[5.382s] Listing '/home/sunrise/amphibious_ws/install/base_lidar/local/lib/python3.10/dist-packages/base_lidar/srv'...
[5.421s] -- Up-to-date: /home/sunrise/amphibious_ws/install/base_lidar/local/lib/python3.10/dist-packages/base_lidar/base_lidar_s__rosidl_typesupport_fastrtps_c.cpython-310-aarch64-linux-gnu.so
[5.422s] -- Up-to-date: /home/sunrise/amphibious_ws/install/base_lidar/local/lib/python3.10/dist-packages/base_lidar/base_lidar_s__rosidl_typesupport_introspection_c.cpython-310-aarch64-linux-gnu.so
[5.423s] -- Up-to-date: /home/sunrise/amphibious_ws/install/base_lidar/local/lib/python3.10/dist-packages/base_lidar/base_lidar_s__rosidl_typesupport_c.cpython-310-aarch64-linux-gnu.so
[5.424s] -- Up-to-date: /home/sunrise/amphibious_ws/install/base_lidar/lib/libbase_lidar__rosidl_generator_py.so
[5.425s] -- Up-to-date: /home/sunrise/amphibious_ws/install/base_lidar/share/base_lidar/srv/Control.idl
[5.426s] -- Up-to-date: /home/sunrise/amphibious_ws/install/base_lidar/share/base_lidar/srv/Control.srv
[5.428s] -- Up-to-date: /home/sunrise/amphibious_ws/install/base_lidar/share/base_lidar/srv/Control_Request.msg
[5.432s] -- Up-to-date: /home/sunrise/amphibious_ws/install/base_lidar/share/base_lidar/srv/Control_Response.msg
[5.434s] -- Up-to-date: /home/sunrise/amphibious_ws/install/base_lidar/share/ament_index/resource_index/package_run_dependencies/base_lidar
[5.438s] -- Up-to-date: /home/sunrise/amphibious_ws/install/base_lidar/share/ament_index/resource_index/parent_prefix_path/base_lidar
[5.442s] -- Up-to-date: /home/sunrise/amphibious_ws/install/base_lidar/share/base_lidar/environment/ament_prefix_path.sh
[5.443s] -- Up-to-date: /home/sunrise/amphibious_ws/install/base_lidar/share/base_lidar/environment/ament_prefix_path.dsv
[5.444s] -- Up-to-date: /home/sunrise/amphibious_ws/install/base_lidar/share/base_lidar/environment/path.sh
[5.444s] -- Up-to-date: /home/sunrise/amphibious_ws/install/base_lidar/share/base_lidar/environment/path.dsv
[5.445s] -- Up-to-date: /home/sunrise/amphibious_ws/install/base_lidar/share/base_lidar/local_setup.bash
[5.446s] -- Up-to-date: /home/sunrise/amphibious_ws/install/base_lidar/share/base_lidar/local_setup.sh
[5.459s] -- Up-to-date: /home/sunrise/amphibious_ws/install/base_lidar/share/base_lidar/local_setup.zsh
[5.464s] -- Up-to-date: /home/sunrise/amphibious_ws/install/base_lidar/share/base_lidar/local_setup.dsv
[5.468s] -- Installing: /home/sunrise/amphibious_ws/install/base_lidar/share/base_lidar/package.dsv
[5.468s] -- Up-to-date: /home/sunrise/amphibious_ws/install/base_lidar/share/ament_index/resource_index/packages/base_lidar
[5.469s] -- Up-to-date: /home/sunrise/amphibious_ws/install/base_lidar/share/base_lidar/cmake/export_base_lidar__rosidl_generator_cExport.cmake
[5.470s] -- Up-to-date: /home/sunrise/amphibious_ws/install/base_lidar/share/base_lidar/cmake/export_base_lidar__rosidl_generator_cExport-noconfig.cmake
[5.471s] -- Up-to-date: /home/sunrise/amphibious_ws/install/base_lidar/share/base_lidar/cmake/export_base_lidar__rosidl_typesupport_fastrtps_cExport.cmake
[5.472s] -- Up-to-date: /home/sunrise/amphibious_ws/install/base_lidar/share/base_lidar/cmake/export_base_lidar__rosidl_typesupport_fastrtps_cExport-noconfig.cmake
[5.472s] -- Up-to-date: /home/sunrise/amphibious_ws/install/base_lidar/share/base_lidar/cmake/export_base_lidar__rosidl_generator_cppExport.cmake
[5.473s] -- Up-to-date: /home/sunrise/amphibious_ws/install/base_lidar/share/base_lidar/cmake/export_base_lidar__rosidl_typesupport_fastrtps_cppExport.cmake
[5.474s] -- Up-to-date: /home/sunrise/amphibious_ws/install/base_lidar/share/base_lidar/cmake/export_base_lidar__rosidl_typesupport_fastrtps_cppExport-noconfig.cmake
[5.474s] -- Up-to-date: /home/sunrise/amphibious_ws/install/base_lidar/share/base_lidar/cmake/base_lidar__rosidl_typesupport_introspection_cExport.cmake
[5.481s] -- Up-to-date: /home/sunrise/amphibious_ws/install/base_lidar/share/base_lidar/cmake/base_lidar__rosidl_typesupport_introspection_cExport-noconfig.cmake
[5.494s] -- Up-to-date: /home/sunrise/amphibious_ws/install/base_lidar/share/base_lidar/cmake/base_lidar__rosidl_typesupport_cExport.cmake
[5.495s] -- Up-to-date: /home/sunrise/amphibious_ws/install/base_lidar/share/base_lidar/cmake/base_lidar__rosidl_typesupport_cExport-noconfig.cmake
[5.496s] -- Up-to-date: /home/sunrise/amphibious_ws/install/base_lidar/share/base_lidar/cmake/base_lidar__rosidl_typesupport_introspection_cppExport.cmake
[5.497s] -- Up-to-date: /home/sunrise/amphibious_ws/install/base_lidar/share/base_lidar/cmake/base_lidar__rosidl_typesupport_introspection_cppExport-noconfig.cmake
[5.498s] -- Up-to-date: /home/sunrise/amphibious_ws/install/base_lidar/share/base_lidar/cmake/base_lidar__rosidl_typesupport_cppExport.cmake
[5.498s] -- Up-to-date: /home/sunrise/amphibious_ws/install/base_lidar/share/base_lidar/cmake/base_lidar__rosidl_typesupport_cppExport-noconfig.cmake
[5.499s] -- Up-to-date: /home/sunrise/amphibious_ws/install/base_lidar/share/base_lidar/cmake/export_base_lidar__rosidl_generator_pyExport.cmake
[5.499s] -- Up-to-date: /home/sunrise/amphibious_ws/install/base_lidar/share/base_lidar/cmake/export_base_lidar__rosidl_generator_pyExport-noconfig.cmake
[5.500s] -- Up-to-date: /home/sunrise/amphibious_ws/install/base_lidar/share/base_lidar/cmake/rosidl_cmake-extras.cmake
[5.501s] -- Up-to-date: /home/sunrise/amphibious_ws/install/base_lidar/share/base_lidar/cmake/ament_cmake_export_include_directories-extras.cmake
[5.503s] -- Up-to-date: /home/sunrise/amphibious_ws/install/base_lidar/share/base_lidar/cmake/ament_cmake_export_libraries-extras.cmake
[5.504s] -- Up-to-date: /home/sunrise/amphibious_ws/install/base_lidar/share/base_lidar/cmake/ament_cmake_export_targets-extras.cmake
[5.505s] -- Up-to-date: /home/sunrise/amphibious_ws/install/base_lidar/share/base_lidar/cmake/rosidl_cmake_export_typesupport_targets-extras.cmake
[5.505s] -- Up-to-date: /home/sunrise/amphibious_ws/install/base_lidar/share/base_lidar/cmake/ament_cmake_export_dependencies-extras.cmake
[5.506s] -- Up-to-date: /home/sunrise/amphibious_ws/install/base_lidar/share/base_lidar/cmake/rosidl_cmake_export_typesupport_libraries-extras.cmake
[5.507s] -- Up-to-date: /home/sunrise/amphibious_ws/install/base_lidar/share/base_lidar/cmake/base_lidarConfig.cmake
[5.507s] -- Up-to-date: /home/sunrise/amphibious_ws/install/base_lidar/share/base_lidar/cmake/base_lidarConfig-version.cmake
[5.508s] -- Up-to-date: /home/sunrise/amphibious_ws/install/base_lidar/share/base_lidar/package.xml
[5.524s] Invoked command in '/home/sunrise/amphibious_ws/build/base_lidar' returned '0': CMAKE_PREFIX_PATH=${CMAKE_PREFIX_PATH}:/home/sunrise/amphibious_ws/install/yolo_detect_pkg:/opt/tros/humble:/opt/ros/humble /usr/bin/cmake --install /home/sunrise/amphibious_ws/build/base_lidar
