running egg_info
creating ../../build/yolo_detect_pkg/yolo_detect_pkg.egg-info
writing ../../build/yolo_detect_pkg/yolo_detect_pkg.egg-info/PKG-INFO
writing dependency_links to ../../build/yolo_detect_pkg/yolo_detect_pkg.egg-info/dependency_links.txt
writing entry points to ../../build/yolo_detect_pkg/yolo_detect_pkg.egg-info/entry_points.txt
writing requirements to ../../build/yolo_detect_pkg/yolo_detect_pkg.egg-info/requires.txt
writing top-level names to ../../build/yolo_detect_pkg/yolo_detect_pkg.egg-info/top_level.txt
writing manifest file '../../build/yolo_detect_pkg/yolo_detect_pkg.egg-info/SOURCES.txt'
reading manifest file '../../build/yolo_detect_pkg/yolo_detect_pkg.egg-info/SOURCES.txt'
adding license file 'LICENSE'
writing manifest file '../../build/yolo_detect_pkg/yolo_detect_pkg.egg-info/SOURCES.txt'
running build
running build_py
creating /home/sunrise/amphibious_ws/build/yolo_detect_pkg/build
creating /home/sunrise/amphibious_ws/build/yolo_detect_pkg/build/lib
creating /home/sunrise/amphibious_ws/build/yolo_detect_pkg/build/lib/yolo_detect_pkg
copying yolo_detect_pkg/yolo11_detect.py -> /home/sunrise/amphibious_ws/build/yolo_detect_pkg/build/lib/yolo_detect_pkg
copying yolo_detect_pkg/__init__.py -> /home/sunrise/amphibious_ws/build/yolo_detect_pkg/build/lib/yolo_detect_pkg
running install
running install_lib
creating /home/sunrise/amphibious_ws/install/yolo_detect_pkg/lib/python3.10/site-packages/yolo_detect_pkg
copying /home/sunrise/amphibious_ws/build/yolo_detect_pkg/build/lib/yolo_detect_pkg/yolo11_detect.py -> /home/sunrise/amphibious_ws/install/yolo_detect_pkg/lib/python3.10/site-packages/yolo_detect_pkg
copying /home/sunrise/amphibious_ws/build/yolo_detect_pkg/build/lib/yolo_detect_pkg/__init__.py -> /home/sunrise/amphibious_ws/install/yolo_detect_pkg/lib/python3.10/site-packages/yolo_detect_pkg
byte-compiling /home/sunrise/amphibious_ws/install/yolo_detect_pkg/lib/python3.10/site-packages/yolo_detect_pkg/yolo11_detect.py to yolo11_detect.cpython-310.pyc
byte-compiling /home/sunrise/amphibious_ws/install/yolo_detect_pkg/lib/python3.10/site-packages/yolo_detect_pkg/__init__.py to __init__.cpython-310.pyc
running install_data
creating /home/sunrise/amphibious_ws/install/yolo_detect_pkg/share/ament_index
creating /home/sunrise/amphibious_ws/install/yolo_detect_pkg/share/ament_index/resource_index
creating /home/sunrise/amphibious_ws/install/yolo_detect_pkg/share/ament_index/resource_index/packages
copying resource/yolo_detect_pkg -> /home/sunrise/amphibious_ws/install/yolo_detect_pkg/share/ament_index/resource_index/packages
copying package.xml -> /home/sunrise/amphibious_ws/install/yolo_detect_pkg/share/yolo_detect_pkg
running install_egg_info
Copying ../../build/yolo_detect_pkg/yolo_detect_pkg.egg-info to /home/sunrise/amphibious_ws/install/yolo_detect_pkg/lib/python3.10/site-packages/yolo_detect_pkg-0.0.0-py3.10.egg-info
running install_scripts
Installing yolo_detect script to /home/sunrise/amphibious_ws/install/yolo_detect_pkg/lib/yolo_detect_pkg
writing list of installed files to '/home/sunrise/amphibious_ws/build/yolo_detect_pkg/install.log'
