[0.417s] Invoking command in '/home/sunrise/amphibious_ws/build/base_lidar': CMAKE_PREFIX_PATH=${CMAKE_PREFIX_PATH}:/home/sunrise/amphibious_ws/install/yolo_detect_pkg:/opt/tros/humble:/opt/ros/humble /usr/bin/cmake --build /home/sunrise/amphibious_ws/build/base_lidar -- -j8 -l8
[3.872s] [  3%] Built target base_lidar__cpp
[3.878s] [  3%] Built target ament_cmake_python_copy_base_lidar
[3.882s] [ 12%] Built target base_lidar__rosidl_generator_c
[3.886s] [ 22%] Built target base_lidar__rosidl_typesupport_fastrtps_c
[3.893s] [ 32%] Built target base_lidar__rosidl_typesupport_introspection_c
[3.898s] [ 41%] Built target base_lidar__rosidl_typesupport_fastrtps_cpp
[3.903s] [ 51%] Built target base_lidar__rosidl_typesupport_cpp
[3.907s] [ 61%] Built target base_lidar__rosidl_typesupport_introspection_cpp
[3.913s] [ 70%] Built target base_lidar__rosidl_typesupport_c
[3.914s] [ 70%] Built target base_lidar
[3.915s] [ 74%] Built target base_lidar__py
[3.916s] [ 80%] Built target base_lidar__rosidl_generator_py
[3.917s] [ 87%] Built target base_lidar__rosidl_typesupport_c__pyext
[3.920s] [ 93%] Built target base_lidar__rosidl_typesupport_introspection_c__pyext
[3.923s] [100%] Built target base_lidar__rosidl_typesupport_fastrtps_c__pyext
[3.925s] running egg_info
[3.930s] writing base_lidar.egg-info/PKG-INFO
[3.931s] writing dependency_links to base_lidar.egg-info/dependency_links.txt
[3.932s] writing top-level names to base_lidar.egg-info/top_level.txt
[3.933s] reading manifest file 'base_lidar.egg-info/SOURCES.txt'
[3.933s] writing manifest file 'base_lidar.egg-info/SOURCES.txt'
[4.052s] [100%] Built target ament_cmake_python_build_base_lidar_egg
[4.416s] Invoked command in '/home/sunrise/amphibious_ws/build/base_lidar' returned '0': CMAKE_PREFIX_PATH=${CMAKE_PREFIX_PATH}:/home/sunrise/amphibious_ws/install/yolo_detect_pkg:/opt/tros/humble:/opt/ros/humble /usr/bin/cmake --build /home/sunrise/amphibious_ws/build/base_lidar -- -j8 -l8
[4.432s] Invoking command in '/home/sunrise/amphibious_ws/build/base_lidar': CMAKE_PREFIX_PATH=${CMAKE_PREFIX_PATH}:/home/sunrise/amphibious_ws/install/yolo_detect_pkg:/opt/tros/humble:/opt/ros/humble /usr/bin/cmake --install /home/sunrise/amphibious_ws/build/base_lidar
[4.648s] -- Install configuration: ""
[4.649s] -- Up-to-date: /home/sunrise/amphibious_ws/install/base_lidar/share/ament_index/resource_index/rosidl_interfaces/base_lidar
[4.649s] -- Up-to-date: /home/sunrise/amphibious_ws/install/base_lidar/include/base_lidar/base_lidar
[4.650s] -- Up-to-date: /home/sunrise/amphibious_ws/install/base_lidar/include/base_lidar/base_lidar/msg
[4.651s] -- Up-to-date: /home/sunrise/amphibious_ws/install/base_lidar/include/base_lidar/base_lidar/msg/rosidl_generator_c__visibility_control.h
[4.652s] -- Up-to-date: /home/sunrise/amphibious_ws/install/base_lidar/include/base_lidar/base_lidar/srv
[4.653s] -- Up-to-date: /home/sunrise/amphibious_ws/install/base_lidar/include/base_lidar/base_lidar/srv/control.h
[4.653s] -- Up-to-date: /home/sunrise/amphibious_ws/install/base_lidar/include/base_lidar/base_lidar/srv/detail
[4.654s] -- Up-to-date: /home/sunrise/amphibious_ws/install/base_lidar/include/base_lidar/base_lidar/srv/detail/control__struct.h
[4.655s] -- Up-to-date: /home/sunrise/amphibious_ws/install/base_lidar/include/base_lidar/base_lidar/srv/detail/control__type_support.h
[4.656s] -- Up-to-date: /home/sunrise/amphibious_ws/install/base_lidar/include/base_lidar/base_lidar/srv/detail/control__functions.c
[4.657s] -- Up-to-date: /home/sunrise/amphibious_ws/install/base_lidar/include/base_lidar/base_lidar/srv/detail/control__functions.h
[4.658s] -- Up-to-date: /home/sunrise/amphibious_ws/install/base_lidar/share/base_lidar/environment/library_path.sh
[4.659s] -- Up-to-date: /home/sunrise/amphibious_ws/install/base_lidar/share/base_lidar/environment/library_path.dsv
[4.660s] -- Up-to-date: /home/sunrise/amphibious_ws/install/base_lidar/lib/libbase_lidar__rosidl_generator_c.so
[4.661s] -- Up-to-date: /home/sunrise/amphibious_ws/install/base_lidar/include/base_lidar/base_lidar
[4.662s] -- Up-to-date: /home/sunrise/amphibious_ws/install/base_lidar/include/base_lidar/base_lidar/msg
[4.663s] -- Up-to-date: /home/sunrise/amphibious_ws/install/base_lidar/include/base_lidar/base_lidar/msg/rosidl_typesupport_fastrtps_c__visibility_control.h
[4.664s] -- Up-to-date: /home/sunrise/amphibious_ws/install/base_lidar/include/base_lidar/base_lidar/srv
[4.664s] -- Up-to-date: /home/sunrise/amphibious_ws/install/base_lidar/include/base_lidar/base_lidar/srv/detail
[4.665s] -- Up-to-date: /home/sunrise/amphibious_ws/install/base_lidar/include/base_lidar/base_lidar/srv/detail/control__rosidl_typesupport_fastrtps_c.h
[4.666s] -- Up-to-date: /home/sunrise/amphibious_ws/install/base_lidar/lib/libbase_lidar__rosidl_typesupport_fastrtps_c.so
[4.667s] -- Up-to-date: /home/sunrise/amphibious_ws/install/base_lidar/include/base_lidar/base_lidar
[4.668s] -- Up-to-date: /home/sunrise/amphibious_ws/install/base_lidar/include/base_lidar/base_lidar/msg
[4.669s] -- Up-to-date: /home/sunrise/amphibious_ws/install/base_lidar/include/base_lidar/base_lidar/msg/rosidl_generator_cpp__visibility_control.hpp
[4.670s] -- Up-to-date: /home/sunrise/amphibious_ws/install/base_lidar/include/base_lidar/base_lidar/srv
[4.670s] -- Up-to-date: /home/sunrise/amphibious_ws/install/base_lidar/include/base_lidar/base_lidar/srv/detail
[4.671s] -- Up-to-date: /home/sunrise/amphibious_ws/install/base_lidar/include/base_lidar/base_lidar/srv/detail/control__struct.hpp
[4.672s] -- Up-to-date: /home/sunrise/amphibious_ws/install/base_lidar/include/base_lidar/base_lidar/srv/detail/control__traits.hpp
[4.673s] -- Up-to-date: /home/sunrise/amphibious_ws/install/base_lidar/include/base_lidar/base_lidar/srv/detail/control__type_support.hpp
[4.674s] -- Up-to-date: /home/sunrise/amphibious_ws/install/base_lidar/include/base_lidar/base_lidar/srv/detail/control__builder.hpp
[4.674s] -- Up-to-date: /home/sunrise/amphibious_ws/install/base_lidar/include/base_lidar/base_lidar/srv/control.hpp
[4.675s] -- Up-to-date: /home/sunrise/amphibious_ws/install/base_lidar/include/base_lidar/base_lidar
[4.676s] -- Up-to-date: /home/sunrise/amphibious_ws/install/base_lidar/include/base_lidar/base_lidar/msg
[4.677s] -- Up-to-date: /home/sunrise/amphibious_ws/install/base_lidar/include/base_lidar/base_lidar/msg/rosidl_typesupport_fastrtps_cpp__visibility_control.h
[4.677s] -- Up-to-date: /home/sunrise/amphibious_ws/install/base_lidar/include/base_lidar/base_lidar/srv
[4.678s] -- Up-to-date: /home/sunrise/amphibious_ws/install/base_lidar/include/base_lidar/base_lidar/srv/detail
[4.679s] -- Up-to-date: /home/sunrise/amphibious_ws/install/base_lidar/include/base_lidar/base_lidar/srv/detail/dds_fastrtps
[4.680s] -- Up-to-date: /home/sunrise/amphibious_ws/install/base_lidar/include/base_lidar/base_lidar/srv/detail/control__rosidl_typesupport_fastrtps_cpp.hpp
[4.680s] -- Up-to-date: /home/sunrise/amphibious_ws/install/base_lidar/lib/libbase_lidar__rosidl_typesupport_fastrtps_cpp.so
[4.681s] -- Up-to-date: /home/sunrise/amphibious_ws/install/base_lidar/include/base_lidar/base_lidar
[4.682s] -- Up-to-date: /home/sunrise/amphibious_ws/install/base_lidar/include/base_lidar/base_lidar/msg
[4.682s] -- Up-to-date: /home/sunrise/amphibious_ws/install/base_lidar/include/base_lidar/base_lidar/msg/rosidl_typesupport_introspection_c__visibility_control.h
[4.683s] -- Up-to-date: /home/sunrise/amphibious_ws/install/base_lidar/include/base_lidar/base_lidar/srv
[4.684s] -- Up-to-date: /home/sunrise/amphibious_ws/install/base_lidar/include/base_lidar/base_lidar/srv/detail
[4.685s] -- Up-to-date: /home/sunrise/amphibious_ws/install/base_lidar/include/base_lidar/base_lidar/srv/detail/control__type_support.c
[4.686s] -- Up-to-date: /home/sunrise/amphibious_ws/install/base_lidar/include/base_lidar/base_lidar/srv/detail/control__rosidl_typesupport_introspection_c.h
[4.686s] -- Up-to-date: /home/sunrise/amphibious_ws/install/base_lidar/lib/libbase_lidar__rosidl_typesupport_introspection_c.so
[4.687s] -- Up-to-date: /home/sunrise/amphibious_ws/install/base_lidar/lib/libbase_lidar__rosidl_typesupport_c.so
[4.688s] -- Up-to-date: /home/sunrise/amphibious_ws/install/base_lidar/include/base_lidar/base_lidar
[4.689s] -- Up-to-date: /home/sunrise/amphibious_ws/install/base_lidar/include/base_lidar/base_lidar/srv
[4.690s] -- Up-to-date: /home/sunrise/amphibious_ws/install/base_lidar/include/base_lidar/base_lidar/srv/detail
[4.690s] -- Up-to-date: /home/sunrise/amphibious_ws/install/base_lidar/include/base_lidar/base_lidar/srv/detail/control__rosidl_typesupport_introspection_cpp.hpp
[4.691s] -- Up-to-date: /home/sunrise/amphibious_ws/install/base_lidar/include/base_lidar/base_lidar/srv/detail/control__type_support.cpp
[4.692s] -- Up-to-date: /home/sunrise/amphibious_ws/install/base_lidar/lib/libbase_lidar__rosidl_typesupport_introspection_cpp.so
[4.693s] -- Up-to-date: /home/sunrise/amphibious_ws/install/base_lidar/lib/libbase_lidar__rosidl_typesupport_cpp.so
[4.693s] -- Up-to-date: /home/sunrise/amphibious_ws/install/base_lidar/share/base_lidar/environment/pythonpath.sh
[4.694s] -- Up-to-date: /home/sunrise/amphibious_ws/install/base_lidar/share/base_lidar/environment/pythonpath.dsv
[4.695s] -- Up-to-date: /home/sunrise/amphibious_ws/install/base_lidar/local/lib/python3.10/dist-packages/base_lidar-0.0.0-py3.10.egg-info
[4.696s] -- Installing: /home/sunrise/amphibious_ws/install/base_lidar/local/lib/python3.10/dist-packages/base_lidar-0.0.0-py3.10.egg-info/SOURCES.txt
[4.698s] -- Installing: /home/sunrise/amphibious_ws/install/base_lidar/local/lib/python3.10/dist-packages/base_lidar-0.0.0-py3.10.egg-info/top_level.txt
[4.700s] -- Installing: /home/sunrise/amphibious_ws/install/base_lidar/local/lib/python3.10/dist-packages/base_lidar-0.0.0-py3.10.egg-info/dependency_links.txt
[4.701s] -- Installing: /home/sunrise/amphibious_ws/install/base_lidar/local/lib/python3.10/dist-packages/base_lidar-0.0.0-py3.10.egg-info/PKG-INFO
[4.702s] -- Up-to-date: /home/sunrise/amphibious_ws/install/base_lidar/local/lib/python3.10/dist-packages/base_lidar
[4.703s] -- Up-to-date: /home/sunrise/amphibious_ws/install/base_lidar/local/lib/python3.10/dist-packages/base_lidar/libbase_lidar__rosidl_generator_py.so
[4.704s] -- Up-to-date: /home/sunrise/amphibious_ws/install/base_lidar/local/lib/python3.10/dist-packages/base_lidar/base_lidar_s__rosidl_typesupport_introspection_c.cpython-310-aarch64-linux-gnu.so
[4.704s] -- Up-to-date: /home/sunrise/amphibious_ws/install/base_lidar/local/lib/python3.10/dist-packages/base_lidar/srv
[4.705s] -- Up-to-date: /home/sunrise/amphibious_ws/install/base_lidar/local/lib/python3.10/dist-packages/base_lidar/srv/_control_s.c
[4.706s] -- Up-to-date: /home/sunrise/amphibious_ws/install/base_lidar/local/lib/python3.10/dist-packages/base_lidar/srv/__init__.py
[4.707s] -- Up-to-date: /home/sunrise/amphibious_ws/install/base_lidar/local/lib/python3.10/dist-packages/base_lidar/srv/_control.py
[4.708s] -- Up-to-date: /home/sunrise/amphibious_ws/install/base_lidar/local/lib/python3.10/dist-packages/base_lidar/_base_lidar_s.ep.rosidl_typesupport_fastrtps_c.c
[4.709s] -- Up-to-date: /home/sunrise/amphibious_ws/install/base_lidar/local/lib/python3.10/dist-packages/base_lidar/base_lidar_s__rosidl_typesupport_c.cpython-310-aarch64-linux-gnu.so
[4.723s] -- Up-to-date: /home/sunrise/amphibious_ws/install/base_lidar/local/lib/python3.10/dist-packages/base_lidar/_base_lidar_s.ep.rosidl_typesupport_c.c
[4.724s] -- Up-to-date: /home/sunrise/amphibious_ws/install/base_lidar/local/lib/python3.10/dist-packages/base_lidar/__init__.py
[4.725s] -- Up-to-date: /home/sunrise/amphibious_ws/install/base_lidar/local/lib/python3.10/dist-packages/base_lidar/base_lidar_s__rosidl_typesupport_fastrtps_c.cpython-310-aarch64-linux-gnu.so
[4.725s] -- Up-to-date: /home/sunrise/amphibious_ws/install/base_lidar/local/lib/python3.10/dist-packages/base_lidar/_base_lidar_s.ep.rosidl_typesupport_introspection_c.c
[4.854s] Listing '/home/sunrise/amphibious_ws/install/base_lidar/local/lib/python3.10/dist-packages/base_lidar'...
[4.855s] Listing '/home/sunrise/amphibious_ws/install/base_lidar/local/lib/python3.10/dist-packages/base_lidar/srv'...
[4.958s] -- Up-to-date: /home/sunrise/amphibious_ws/install/base_lidar/local/lib/python3.10/dist-packages/base_lidar/base_lidar_s__rosidl_typesupport_fastrtps_c.cpython-310-aarch64-linux-gnu.so
[4.961s] -- Up-to-date: /home/sunrise/amphibious_ws/install/base_lidar/local/lib/python3.10/dist-packages/base_lidar/base_lidar_s__rosidl_typesupport_introspection_c.cpython-310-aarch64-linux-gnu.so
[4.965s] -- Up-to-date: /home/sunrise/amphibious_ws/install/base_lidar/local/lib/python3.10/dist-packages/base_lidar/base_lidar_s__rosidl_typesupport_c.cpython-310-aarch64-linux-gnu.so
[4.968s] -- Up-to-date: /home/sunrise/amphibious_ws/install/base_lidar/lib/libbase_lidar__rosidl_generator_py.so
[4.970s] -- Up-to-date: /home/sunrise/amphibious_ws/install/base_lidar/share/base_lidar/srv/Control.idl
[4.972s] -- Up-to-date: /home/sunrise/amphibious_ws/install/base_lidar/share/base_lidar/srv/Control.srv
[4.973s] -- Up-to-date: /home/sunrise/amphibious_ws/install/base_lidar/share/base_lidar/srv/Control_Request.msg
[4.975s] -- Up-to-date: /home/sunrise/amphibious_ws/install/base_lidar/share/base_lidar/srv/Control_Response.msg
[4.977s] -- Up-to-date: /home/sunrise/amphibious_ws/install/base_lidar/share/ament_index/resource_index/package_run_dependencies/base_lidar
[4.980s] -- Up-to-date: /home/sunrise/amphibious_ws/install/base_lidar/share/ament_index/resource_index/parent_prefix_path/base_lidar
[4.981s] -- Up-to-date: /home/sunrise/amphibious_ws/install/base_lidar/share/base_lidar/environment/ament_prefix_path.sh
[4.982s] -- Up-to-date: /home/sunrise/amphibious_ws/install/base_lidar/share/base_lidar/environment/ament_prefix_path.dsv
[4.988s] -- Up-to-date: /home/sunrise/amphibious_ws/install/base_lidar/share/base_lidar/environment/path.sh
[4.989s] -- Up-to-date: /home/sunrise/amphibious_ws/install/base_lidar/share/base_lidar/environment/path.dsv
[4.995s] -- Up-to-date: /home/sunrise/amphibious_ws/install/base_lidar/share/base_lidar/local_setup.bash
[4.996s] -- Up-to-date: /home/sunrise/amphibious_ws/install/base_lidar/share/base_lidar/local_setup.sh
[4.997s] -- Up-to-date: /home/sunrise/amphibious_ws/install/base_lidar/share/base_lidar/local_setup.zsh
[4.998s] -- Up-to-date: /home/sunrise/amphibious_ws/install/base_lidar/share/base_lidar/local_setup.dsv
[4.999s] -- Installing: /home/sunrise/amphibious_ws/install/base_lidar/share/base_lidar/package.dsv
[5.009s] -- Up-to-date: /home/sunrise/amphibious_ws/install/base_lidar/share/ament_index/resource_index/packages/base_lidar
[5.010s] -- Up-to-date: /home/sunrise/amphibious_ws/install/base_lidar/share/base_lidar/cmake/export_base_lidar__rosidl_generator_cExport.cmake
[5.017s] -- Up-to-date: /home/sunrise/amphibious_ws/install/base_lidar/share/base_lidar/cmake/export_base_lidar__rosidl_generator_cExport-noconfig.cmake
[5.018s] -- Up-to-date: /home/sunrise/amphibious_ws/install/base_lidar/share/base_lidar/cmake/export_base_lidar__rosidl_typesupport_fastrtps_cExport.cmake
[5.018s] -- Up-to-date: /home/sunrise/amphibious_ws/install/base_lidar/share/base_lidar/cmake/export_base_lidar__rosidl_typesupport_fastrtps_cExport-noconfig.cmake
[5.019s] -- Up-to-date: /home/sunrise/amphibious_ws/install/base_lidar/share/base_lidar/cmake/export_base_lidar__rosidl_generator_cppExport.cmake
[5.020s] -- Up-to-date: /home/sunrise/amphibious_ws/install/base_lidar/share/base_lidar/cmake/export_base_lidar__rosidl_typesupport_fastrtps_cppExport.cmake
[5.021s] -- Up-to-date: /home/sunrise/amphibious_ws/install/base_lidar/share/base_lidar/cmake/export_base_lidar__rosidl_typesupport_fastrtps_cppExport-noconfig.cmake
[5.022s] -- Up-to-date: /home/sunrise/amphibious_ws/install/base_lidar/share/base_lidar/cmake/base_lidar__rosidl_typesupport_introspection_cExport.cmake
[5.023s] -- Up-to-date: /home/sunrise/amphibious_ws/install/base_lidar/share/base_lidar/cmake/base_lidar__rosidl_typesupport_introspection_cExport-noconfig.cmake
[5.023s] -- Up-to-date: /home/sunrise/amphibious_ws/install/base_lidar/share/base_lidar/cmake/base_lidar__rosidl_typesupport_cExport.cmake
[5.024s] -- Up-to-date: /home/sunrise/amphibious_ws/install/base_lidar/share/base_lidar/cmake/base_lidar__rosidl_typesupport_cExport-noconfig.cmake
[5.025s] -- Up-to-date: /home/sunrise/amphibious_ws/install/base_lidar/share/base_lidar/cmake/base_lidar__rosidl_typesupport_introspection_cppExport.cmake
[5.026s] -- Up-to-date: /home/sunrise/amphibious_ws/install/base_lidar/share/base_lidar/cmake/base_lidar__rosidl_typesupport_introspection_cppExport-noconfig.cmake
[5.043s] -- Up-to-date: /home/sunrise/amphibious_ws/install/base_lidar/share/base_lidar/cmake/base_lidar__rosidl_typesupport_cppExport.cmake
[5.044s] -- Up-to-date: /home/sunrise/amphibious_ws/install/base_lidar/share/base_lidar/cmake/base_lidar__rosidl_typesupport_cppExport-noconfig.cmake
[5.045s] -- Up-to-date: /home/sunrise/amphibious_ws/install/base_lidar/share/base_lidar/cmake/export_base_lidar__rosidl_generator_pyExport.cmake
[5.046s] -- Up-to-date: /home/sunrise/amphibious_ws/install/base_lidar/share/base_lidar/cmake/export_base_lidar__rosidl_generator_pyExport-noconfig.cmake
[5.047s] -- Up-to-date: /home/sunrise/amphibious_ws/install/base_lidar/share/base_lidar/cmake/rosidl_cmake-extras.cmake
[5.048s] -- Up-to-date: /home/sunrise/amphibious_ws/install/base_lidar/share/base_lidar/cmake/ament_cmake_export_include_directories-extras.cmake
[5.049s] -- Up-to-date: /home/sunrise/amphibious_ws/install/base_lidar/share/base_lidar/cmake/ament_cmake_export_libraries-extras.cmake
[5.050s] -- Up-to-date: /home/sunrise/amphibious_ws/install/base_lidar/share/base_lidar/cmake/ament_cmake_export_targets-extras.cmake
[5.051s] -- Up-to-date: /home/sunrise/amphibious_ws/install/base_lidar/share/base_lidar/cmake/rosidl_cmake_export_typesupport_targets-extras.cmake
[5.052s] -- Up-to-date: /home/sunrise/amphibious_ws/install/base_lidar/share/base_lidar/cmake/ament_cmake_export_dependencies-extras.cmake
[5.054s] -- Up-to-date: /home/sunrise/amphibious_ws/install/base_lidar/share/base_lidar/cmake/rosidl_cmake_export_typesupport_libraries-extras.cmake
[5.055s] -- Up-to-date: /home/sunrise/amphibious_ws/install/base_lidar/share/base_lidar/cmake/base_lidarConfig.cmake
[5.056s] -- Up-to-date: /home/sunrise/amphibious_ws/install/base_lidar/share/base_lidar/cmake/base_lidarConfig-version.cmake
[5.079s] -- Up-to-date: /home/sunrise/amphibious_ws/install/base_lidar/share/base_lidar/package.xml
[5.081s] Invoked command in '/home/sunrise/amphibious_ws/build/base_lidar' returned '0': CMAKE_PREFIX_PATH=${CMAKE_PREFIX_PATH}:/home/sunrise/amphibious_ws/install/yolo_detect_pkg:/opt/tros/humble:/opt/ros/humble /usr/bin/cmake --install /home/sunrise/amphibious_ws/build/base_lidar
