[0.175s] Invoking command in '/home/sunrise/amphibious_ws/build/base': CMAKE_PREFIX_PATH=${CMAKE_PREFIX_PATH}:/opt/ros/humble /usr/bin/cmake --build /home/sunrise/amphibious_ws/build/base -- -j8 -l8
[0.467s] [  3%] Built target base__cpp
[0.468s] [ 12%] Built target base__rosidl_generator_c
[0.623s] [ 12%] Built target ament_cmake_python_copy_base
[0.730s] [ 22%] Built target base__rosidl_typesupport_introspection_c
[0.730s] [ 32%] Built target base__rosidl_typesupport_c
[0.766s] [ 41%] Built target base__rosidl_typesupport_fastrtps_c
[0.784s] [ 51%] Built target base__rosidl_typesupport_introspection_cpp
[0.810s] [ 61%] Built target base__rosidl_typesupport_fastrtps_cpp
[0.830s] [ 70%] Built target base__rosidl_typesupport_cpp
[0.939s] [ 70%] Built target base
[1.072s] [ 74%] Built target base__py
[1.204s] [ 80%] Built target base__rosidl_generator_py
[1.356s] [ 87%] Built target base__rosidl_typesupport_introspection_c__pyext
[1.382s] [ 93%] Built target base__rosidl_typesupport_fastrtps_c__pyext
[1.408s] [100%] Built target base__rosidl_typesupport_c__pyext
[2.831s] running egg_info
[2.836s] writing base.egg-info/PKG-INFO
[2.837s] writing dependency_links to base.egg-info/dependency_links.txt
[2.839s] writing top-level names to base.egg-info/top_level.txt
[2.855s] reading manifest file 'base.egg-info/SOURCES.txt'
[2.859s] writing manifest file 'base.egg-info/SOURCES.txt'
[3.101s] [100%] Built target ament_cmake_python_build_base_egg
[3.156s] Invoked command in '/home/sunrise/amphibious_ws/build/base' returned '0': CMAKE_PREFIX_PATH=${CMAKE_PREFIX_PATH}:/opt/ros/humble /usr/bin/cmake --build /home/sunrise/amphibious_ws/build/base -- -j8 -l8
[3.168s] Invoking command in '/home/sunrise/amphibious_ws/build/base': CMAKE_PREFIX_PATH=${CMAKE_PREFIX_PATH}:/opt/ros/humble /usr/bin/cmake --install /home/sunrise/amphibious_ws/build/base
[3.207s] -- Install configuration: ""
[3.208s] -- Up-to-date: /home/sunrise/amphibious_ws/install/base/share/ament_index/resource_index/rosidl_interfaces/base
[3.209s] -- Up-to-date: /home/sunrise/amphibious_ws/install/base/include/base/base
[3.210s] -- Up-to-date: /home/sunrise/amphibious_ws/install/base/include/base/base/msg
[3.211s] -- Up-to-date: /home/sunrise/amphibious_ws/install/base/include/base/base/msg/rosidl_generator_c__visibility_control.h
[3.212s] -- Up-to-date: /home/sunrise/amphibious_ws/install/base/include/base/base/srv
[3.214s] -- Up-to-date: /home/sunrise/amphibious_ws/install/base/include/base/base/srv/control.h
[3.215s] -- Up-to-date: /home/sunrise/amphibious_ws/install/base/include/base/base/srv/detail
[3.216s] -- Up-to-date: /home/sunrise/amphibious_ws/install/base/include/base/base/srv/detail/control__struct.h
[3.217s] -- Up-to-date: /home/sunrise/amphibious_ws/install/base/include/base/base/srv/detail/control__type_support.h
[3.218s] -- Up-to-date: /home/sunrise/amphibious_ws/install/base/include/base/base/srv/detail/control__functions.c
[3.219s] -- Up-to-date: /home/sunrise/amphibious_ws/install/base/include/base/base/srv/detail/control__functions.h
[3.219s] -- Up-to-date: /home/sunrise/amphibious_ws/install/base/share/base/environment/library_path.sh
[3.220s] -- Up-to-date: /home/sunrise/amphibious_ws/install/base/share/base/environment/library_path.dsv
[3.221s] -- Up-to-date: /home/sunrise/amphibious_ws/install/base/lib/libbase__rosidl_generator_c.so
[3.222s] -- Up-to-date: /home/sunrise/amphibious_ws/install/base/include/base/base
[3.223s] -- Up-to-date: /home/sunrise/amphibious_ws/install/base/include/base/base/msg
[3.223s] -- Up-to-date: /home/sunrise/amphibious_ws/install/base/include/base/base/msg/rosidl_typesupport_fastrtps_c__visibility_control.h
[3.224s] -- Up-to-date: /home/sunrise/amphibious_ws/install/base/include/base/base/srv
[3.226s] -- Up-to-date: /home/sunrise/amphibious_ws/install/base/include/base/base/srv/detail
[3.227s] -- Up-to-date: /home/sunrise/amphibious_ws/install/base/include/base/base/srv/detail/control__rosidl_typesupport_fastrtps_c.h
[3.228s] -- Up-to-date: /home/sunrise/amphibious_ws/install/base/lib/libbase__rosidl_typesupport_fastrtps_c.so
[3.229s] -- Up-to-date: /home/sunrise/amphibious_ws/install/base/include/base/base
[3.231s] -- Up-to-date: /home/sunrise/amphibious_ws/install/base/include/base/base/msg
[3.232s] -- Up-to-date: /home/sunrise/amphibious_ws/install/base/include/base/base/msg/rosidl_generator_cpp__visibility_control.hpp
[3.232s] -- Up-to-date: /home/sunrise/amphibious_ws/install/base/include/base/base/srv
[3.233s] -- Up-to-date: /home/sunrise/amphibious_ws/install/base/include/base/base/srv/detail
[3.234s] -- Up-to-date: /home/sunrise/amphibious_ws/install/base/include/base/base/srv/detail/control__struct.hpp
[3.235s] -- Up-to-date: /home/sunrise/amphibious_ws/install/base/include/base/base/srv/detail/control__traits.hpp
[3.235s] -- Up-to-date: /home/sunrise/amphibious_ws/install/base/include/base/base/srv/detail/control__type_support.hpp
[3.236s] -- Up-to-date: /home/sunrise/amphibious_ws/install/base/include/base/base/srv/detail/control__builder.hpp
[3.237s] -- Up-to-date: /home/sunrise/amphibious_ws/install/base/include/base/base/srv/control.hpp
[3.237s] -- Up-to-date: /home/sunrise/amphibious_ws/install/base/include/base/base
[3.238s] -- Up-to-date: /home/sunrise/amphibious_ws/install/base/include/base/base/msg
[3.239s] -- Up-to-date: /home/sunrise/amphibious_ws/install/base/include/base/base/msg/rosidl_typesupport_fastrtps_cpp__visibility_control.h
[3.239s] -- Up-to-date: /home/sunrise/amphibious_ws/install/base/include/base/base/srv
[3.240s] -- Up-to-date: /home/sunrise/amphibious_ws/install/base/include/base/base/srv/detail
[3.241s] -- Up-to-date: /home/sunrise/amphibious_ws/install/base/include/base/base/srv/detail/dds_fastrtps
[3.241s] -- Up-to-date: /home/sunrise/amphibious_ws/install/base/include/base/base/srv/detail/control__rosidl_typesupport_fastrtps_cpp.hpp
[3.242s] -- Up-to-date: /home/sunrise/amphibious_ws/install/base/lib/libbase__rosidl_typesupport_fastrtps_cpp.so
[3.243s] -- Up-to-date: /home/sunrise/amphibious_ws/install/base/include/base/base
[3.244s] -- Up-to-date: /home/sunrise/amphibious_ws/install/base/include/base/base/msg
[3.244s] -- Up-to-date: /home/sunrise/amphibious_ws/install/base/include/base/base/msg/rosidl_typesupport_introspection_c__visibility_control.h
[3.245s] -- Up-to-date: /home/sunrise/amphibious_ws/install/base/include/base/base/srv
[3.246s] -- Up-to-date: /home/sunrise/amphibious_ws/install/base/include/base/base/srv/detail
[3.247s] -- Up-to-date: /home/sunrise/amphibious_ws/install/base/include/base/base/srv/detail/control__type_support.c
[3.248s] -- Up-to-date: /home/sunrise/amphibious_ws/install/base/include/base/base/srv/detail/control__rosidl_typesupport_introspection_c.h
[3.248s] -- Up-to-date: /home/sunrise/amphibious_ws/install/base/lib/libbase__rosidl_typesupport_introspection_c.so
[3.249s] -- Up-to-date: /home/sunrise/amphibious_ws/install/base/lib/libbase__rosidl_typesupport_c.so
[3.250s] -- Up-to-date: /home/sunrise/amphibious_ws/install/base/include/base/base
[3.250s] -- Up-to-date: /home/sunrise/amphibious_ws/install/base/include/base/base/srv
[3.251s] -- Up-to-date: /home/sunrise/amphibious_ws/install/base/include/base/base/srv/detail
[3.251s] -- Up-to-date: /home/sunrise/amphibious_ws/install/base/include/base/base/srv/detail/control__rosidl_typesupport_introspection_cpp.hpp
[3.252s] -- Up-to-date: /home/sunrise/amphibious_ws/install/base/include/base/base/srv/detail/control__type_support.cpp
[3.252s] -- Up-to-date: /home/sunrise/amphibious_ws/install/base/lib/libbase__rosidl_typesupport_introspection_cpp.so
[3.253s] -- Up-to-date: /home/sunrise/amphibious_ws/install/base/lib/libbase__rosidl_typesupport_cpp.so
[3.254s] -- Up-to-date: /home/sunrise/amphibious_ws/install/base/share/base/environment/pythonpath.sh
[3.254s] -- Up-to-date: /home/sunrise/amphibious_ws/install/base/share/base/environment/pythonpath.dsv
[3.255s] -- Up-to-date: /home/sunrise/amphibious_ws/install/base/local/lib/python3.10/dist-packages/base-0.0.0-py3.10.egg-info
[3.255s] -- Installing: /home/sunrise/amphibious_ws/install/base/local/lib/python3.10/dist-packages/base-0.0.0-py3.10.egg-info/SOURCES.txt
[3.256s] -- Installing: /home/sunrise/amphibious_ws/install/base/local/lib/python3.10/dist-packages/base-0.0.0-py3.10.egg-info/top_level.txt
[3.256s] -- Installing: /home/sunrise/amphibious_ws/install/base/local/lib/python3.10/dist-packages/base-0.0.0-py3.10.egg-info/dependency_links.txt
[3.257s] -- Installing: /home/sunrise/amphibious_ws/install/base/local/lib/python3.10/dist-packages/base-0.0.0-py3.10.egg-info/PKG-INFO
[3.258s] -- Up-to-date: /home/sunrise/amphibious_ws/install/base/local/lib/python3.10/dist-packages/base
[3.258s] -- Up-to-date: /home/sunrise/amphibious_ws/install/base/local/lib/python3.10/dist-packages/base/_base_s.ep.rosidl_typesupport_fastrtps_c.c
[3.259s] -- Up-to-date: /home/sunrise/amphibious_ws/install/base/local/lib/python3.10/dist-packages/base/base_s__rosidl_typesupport_c.cpython-310-aarch64-linux-gnu.so
[3.260s] -- Up-to-date: /home/sunrise/amphibious_ws/install/base/local/lib/python3.10/dist-packages/base/srv
[3.260s] -- Up-to-date: /home/sunrise/amphibious_ws/install/base/local/lib/python3.10/dist-packages/base/srv/_control_s.c
[3.261s] -- Up-to-date: /home/sunrise/amphibious_ws/install/base/local/lib/python3.10/dist-packages/base/srv/__init__.py
[3.262s] -- Up-to-date: /home/sunrise/amphibious_ws/install/base/local/lib/python3.10/dist-packages/base/srv/_control.py
[3.262s] -- Up-to-date: /home/sunrise/amphibious_ws/install/base/local/lib/python3.10/dist-packages/base/base_s__rosidl_typesupport_introspection_c.cpython-310-aarch64-linux-gnu.so
[3.263s] -- Up-to-date: /home/sunrise/amphibious_ws/install/base/local/lib/python3.10/dist-packages/base/_base_s.ep.rosidl_typesupport_introspection_c.c
[3.264s] -- Up-to-date: /home/sunrise/amphibious_ws/install/base/local/lib/python3.10/dist-packages/base/_base_s.ep.rosidl_typesupport_c.c
[3.265s] -- Up-to-date: /home/sunrise/amphibious_ws/install/base/local/lib/python3.10/dist-packages/base/__init__.py
[3.266s] -- Up-to-date: /home/sunrise/amphibious_ws/install/base/local/lib/python3.10/dist-packages/base/libbase__rosidl_generator_py.so
[3.267s] -- Up-to-date: /home/sunrise/amphibious_ws/install/base/local/lib/python3.10/dist-packages/base/base_s__rosidl_typesupport_fastrtps_c.cpython-310-aarch64-linux-gnu.so
[3.460s] Listing '/home/sunrise/amphibious_ws/install/base/local/lib/python3.10/dist-packages/base'...
[3.461s] Listing '/home/sunrise/amphibious_ws/install/base/local/lib/python3.10/dist-packages/base/srv'...
[3.509s] -- Up-to-date: /home/sunrise/amphibious_ws/install/base/local/lib/python3.10/dist-packages/base/base_s__rosidl_typesupport_fastrtps_c.cpython-310-aarch64-linux-gnu.so
[3.510s] -- Up-to-date: /home/sunrise/amphibious_ws/install/base/local/lib/python3.10/dist-packages/base/base_s__rosidl_typesupport_introspection_c.cpython-310-aarch64-linux-gnu.so
[3.512s] -- Up-to-date: /home/sunrise/amphibious_ws/install/base/local/lib/python3.10/dist-packages/base/base_s__rosidl_typesupport_c.cpython-310-aarch64-linux-gnu.so
[3.513s] -- Up-to-date: /home/sunrise/amphibious_ws/install/base/lib/libbase__rosidl_generator_py.so
[3.515s] -- Up-to-date: /home/sunrise/amphibious_ws/install/base/share/base/srv/Control.idl
[3.517s] -- Up-to-date: /home/sunrise/amphibious_ws/install/base/share/base/srv/Control.srv
[3.518s] -- Up-to-date: /home/sunrise/amphibious_ws/install/base/share/base/srv/Control_Request.msg
[3.519s] -- Up-to-date: /home/sunrise/amphibious_ws/install/base/share/base/srv/Control_Response.msg
[3.520s] -- Up-to-date: /home/sunrise/amphibious_ws/install/base/share/ament_index/resource_index/package_run_dependencies/base
[3.523s] -- Up-to-date: /home/sunrise/amphibious_ws/install/base/share/ament_index/resource_index/parent_prefix_path/base
[3.529s] -- Up-to-date: /home/sunrise/amphibious_ws/install/base/share/base/environment/ament_prefix_path.sh
[3.530s] -- Up-to-date: /home/sunrise/amphibious_ws/install/base/share/base/environment/ament_prefix_path.dsv
[3.531s] -- Up-to-date: /home/sunrise/amphibious_ws/install/base/share/base/environment/path.sh
[3.532s] -- Up-to-date: /home/sunrise/amphibious_ws/install/base/share/base/environment/path.dsv
[3.534s] -- Up-to-date: /home/sunrise/amphibious_ws/install/base/share/base/local_setup.bash
[3.543s] -- Up-to-date: /home/sunrise/amphibious_ws/install/base/share/base/local_setup.sh
[3.545s] -- Up-to-date: /home/sunrise/amphibious_ws/install/base/share/base/local_setup.zsh
[3.547s] -- Up-to-date: /home/sunrise/amphibious_ws/install/base/share/base/local_setup.dsv
[3.548s] -- Installing: /home/sunrise/amphibious_ws/install/base/share/base/package.dsv
[3.549s] -- Up-to-date: /home/sunrise/amphibious_ws/install/base/share/ament_index/resource_index/packages/base
[3.551s] -- Up-to-date: /home/sunrise/amphibious_ws/install/base/share/base/cmake/export_base__rosidl_generator_cExport.cmake
[3.552s] -- Up-to-date: /home/sunrise/amphibious_ws/install/base/share/base/cmake/export_base__rosidl_generator_cExport-noconfig.cmake
[3.553s] -- Up-to-date: /home/sunrise/amphibious_ws/install/base/share/base/cmake/export_base__rosidl_typesupport_fastrtps_cExport.cmake
[3.554s] -- Up-to-date: /home/sunrise/amphibious_ws/install/base/share/base/cmake/export_base__rosidl_typesupport_fastrtps_cExport-noconfig.cmake
[3.555s] -- Up-to-date: /home/sunrise/amphibious_ws/install/base/share/base/cmake/export_base__rosidl_generator_cppExport.cmake
[3.555s] -- Up-to-date: /home/sunrise/amphibious_ws/install/base/share/base/cmake/export_base__rosidl_typesupport_fastrtps_cppExport.cmake
[3.557s] -- Up-to-date: /home/sunrise/amphibious_ws/install/base/share/base/cmake/export_base__rosidl_typesupport_fastrtps_cppExport-noconfig.cmake
[3.558s] -- Up-to-date: /home/sunrise/amphibious_ws/install/base/share/base/cmake/base__rosidl_typesupport_introspection_cExport.cmake
[3.559s] -- Up-to-date: /home/sunrise/amphibious_ws/install/base/share/base/cmake/base__rosidl_typesupport_introspection_cExport-noconfig.cmake
[3.560s] -- Up-to-date: /home/sunrise/amphibious_ws/install/base/share/base/cmake/base__rosidl_typesupport_cExport.cmake
[3.561s] -- Up-to-date: /home/sunrise/amphibious_ws/install/base/share/base/cmake/base__rosidl_typesupport_cExport-noconfig.cmake
[3.562s] -- Up-to-date: /home/sunrise/amphibious_ws/install/base/share/base/cmake/base__rosidl_typesupport_introspection_cppExport.cmake
[3.563s] -- Up-to-date: /home/sunrise/amphibious_ws/install/base/share/base/cmake/base__rosidl_typesupport_introspection_cppExport-noconfig.cmake
[3.564s] -- Up-to-date: /home/sunrise/amphibious_ws/install/base/share/base/cmake/base__rosidl_typesupport_cppExport.cmake
[3.565s] -- Up-to-date: /home/sunrise/amphibious_ws/install/base/share/base/cmake/base__rosidl_typesupport_cppExport-noconfig.cmake
[3.566s] -- Up-to-date: /home/sunrise/amphibious_ws/install/base/share/base/cmake/export_base__rosidl_generator_pyExport.cmake
[3.567s] -- Up-to-date: /home/sunrise/amphibious_ws/install/base/share/base/cmake/export_base__rosidl_generator_pyExport-noconfig.cmake
[3.568s] -- Up-to-date: /home/sunrise/amphibious_ws/install/base/share/base/cmake/rosidl_cmake-extras.cmake
[3.569s] -- Up-to-date: /home/sunrise/amphibious_ws/install/base/share/base/cmake/ament_cmake_export_include_directories-extras.cmake
[3.570s] -- Up-to-date: /home/sunrise/amphibious_ws/install/base/share/base/cmake/ament_cmake_export_libraries-extras.cmake
[3.571s] -- Up-to-date: /home/sunrise/amphibious_ws/install/base/share/base/cmake/ament_cmake_export_targets-extras.cmake
[3.572s] -- Up-to-date: /home/sunrise/amphibious_ws/install/base/share/base/cmake/rosidl_cmake_export_typesupport_targets-extras.cmake
[3.573s] -- Up-to-date: /home/sunrise/amphibious_ws/install/base/share/base/cmake/ament_cmake_export_dependencies-extras.cmake
[3.574s] -- Up-to-date: /home/sunrise/amphibious_ws/install/base/share/base/cmake/rosidl_cmake_export_typesupport_libraries-extras.cmake
[3.575s] -- Up-to-date: /home/sunrise/amphibious_ws/install/base/share/base/cmake/baseConfig.cmake
[3.575s] -- Up-to-date: /home/sunrise/amphibious_ws/install/base/share/base/cmake/baseConfig-version.cmake
[3.576s] -- Up-to-date: /home/sunrise/amphibious_ws/install/base/share/base/package.xml
[3.579s] Invoked command in '/home/sunrise/amphibious_ws/build/base' returned '0': CMAKE_PREFIX_PATH=${CMAKE_PREFIX_PATH}:/opt/ros/humble /usr/bin/cmake --install /home/sunrise/amphibious_ws/build/base
