[0.373s] Invoking command in '/home/sunrise/amphibious_ws/build/base_lidar': CMAKE_PREFIX_PATH=${CMAKE_PREFIX_PATH}:/home/sunrise/amphibious_ws/install/yolo_detect_pkg:/opt/tros/humble:/opt/ros/humble /usr/bin/cmake --build /home/sunrise/amphibious_ws/build/base_lidar -- -j8 -l8
[3.552s] [  9%] Built target base_lidar__rosidl_generator_c
[3.553s] [ 12%] Built target base_lidar__cpp
[3.554s] [ 12%] Built target ament_cmake_python_copy_base_lidar
[3.555s] [ 22%] Built target base_lidar__rosidl_typesupport_introspection_c
[3.557s] [ 32%] Built target base_lidar__rosidl_typesupport_cpp
[3.558s] [ 41%] Built target base_lidar__rosidl_typesupport_fastrtps_c
[3.559s] [ 51%] Built target base_lidar__rosidl_typesupport_c
[3.559s] [ 61%] Built target base_lidar__rosidl_typesupport_fastrtps_cpp
[3.560s] [ 70%] Built target base_lidar__rosidl_typesupport_introspection_cpp
[3.561s] [ 70%] Built target base_lidar
[3.561s] [ 74%] Built target base_lidar__py
[3.562s] [ 80%] Built target base_lidar__rosidl_generator_py
[3.563s] [ 87%] Built target base_lidar__rosidl_typesupport_c__pyext
[3.563s] [ 93%] Built target base_lidar__rosidl_typesupport_fastrtps_c__pyext
[3.564s] [100%] Built target base_lidar__rosidl_typesupport_introspection_c__pyext
[4.086s] running egg_info
[4.087s] writing base_lidar.egg-info/PKG-INFO
[4.136s] writing dependency_links to base_lidar.egg-info/dependency_links.txt
[4.137s] writing top-level names to base_lidar.egg-info/top_level.txt
[4.138s] reading manifest file 'base_lidar.egg-info/SOURCES.txt'
[4.138s] writing manifest file 'base_lidar.egg-info/SOURCES.txt'
[4.238s] [100%] Built target ament_cmake_python_build_base_lidar_egg
[4.710s] Invoked command in '/home/sunrise/amphibious_ws/build/base_lidar' returned '0': CMAKE_PREFIX_PATH=${CMAKE_PREFIX_PATH}:/home/sunrise/amphibious_ws/install/yolo_detect_pkg:/opt/tros/humble:/opt/ros/humble /usr/bin/cmake --build /home/sunrise/amphibious_ws/build/base_lidar -- -j8 -l8
[4.714s] Invoking command in '/home/sunrise/amphibious_ws/build/base_lidar': CMAKE_PREFIX_PATH=${CMAKE_PREFIX_PATH}:/home/sunrise/amphibious_ws/install/yolo_detect_pkg:/opt/tros/humble:/opt/ros/humble /usr/bin/cmake --install /home/sunrise/amphibious_ws/build/base_lidar
[4.760s] -- Install configuration: ""
[4.761s] -- Up-to-date: /home/sunrise/amphibious_ws/install/base_lidar/share/ament_index/resource_index/rosidl_interfaces/base_lidar
[4.762s] -- Up-to-date: /home/sunrise/amphibious_ws/install/base_lidar/include/base_lidar/base_lidar
[4.763s] -- Up-to-date: /home/sunrise/amphibious_ws/install/base_lidar/include/base_lidar/base_lidar/msg
[4.764s] -- Up-to-date: /home/sunrise/amphibious_ws/install/base_lidar/include/base_lidar/base_lidar/msg/rosidl_generator_c__visibility_control.h
[4.765s] -- Up-to-date: /home/sunrise/amphibious_ws/install/base_lidar/include/base_lidar/base_lidar/srv
[4.766s] -- Up-to-date: /home/sunrise/amphibious_ws/install/base_lidar/include/base_lidar/base_lidar/srv/control.h
[4.767s] -- Up-to-date: /home/sunrise/amphibious_ws/install/base_lidar/include/base_lidar/base_lidar/srv/detail
[4.768s] -- Up-to-date: /home/sunrise/amphibious_ws/install/base_lidar/include/base_lidar/base_lidar/srv/detail/control__struct.h
[4.769s] -- Up-to-date: /home/sunrise/amphibious_ws/install/base_lidar/include/base_lidar/base_lidar/srv/detail/control__type_support.h
[4.769s] -- Up-to-date: /home/sunrise/amphibious_ws/install/base_lidar/include/base_lidar/base_lidar/srv/detail/control__functions.c
[4.770s] -- Up-to-date: /home/sunrise/amphibious_ws/install/base_lidar/include/base_lidar/base_lidar/srv/detail/control__functions.h
[4.771s] -- Up-to-date: /home/sunrise/amphibious_ws/install/base_lidar/share/base_lidar/environment/library_path.sh
[4.772s] -- Up-to-date: /home/sunrise/amphibious_ws/install/base_lidar/share/base_lidar/environment/library_path.dsv
[4.774s] -- Up-to-date: /home/sunrise/amphibious_ws/install/base_lidar/lib/libbase_lidar__rosidl_generator_c.so
[4.775s] -- Up-to-date: /home/sunrise/amphibious_ws/install/base_lidar/include/base_lidar/base_lidar
[4.776s] -- Up-to-date: /home/sunrise/amphibious_ws/install/base_lidar/include/base_lidar/base_lidar/msg
[4.781s] -- Up-to-date: /home/sunrise/amphibious_ws/install/base_lidar/include/base_lidar/base_lidar/msg/rosidl_typesupport_fastrtps_c__visibility_control.h
[4.782s] -- Up-to-date: /home/sunrise/amphibious_ws/install/base_lidar/include/base_lidar/base_lidar/srv
[4.783s] -- Up-to-date: /home/sunrise/amphibious_ws/install/base_lidar/include/base_lidar/base_lidar/srv/detail
[4.784s] -- Up-to-date: /home/sunrise/amphibious_ws/install/base_lidar/include/base_lidar/base_lidar/srv/detail/control__rosidl_typesupport_fastrtps_c.h
[4.785s] -- Up-to-date: /home/sunrise/amphibious_ws/install/base_lidar/lib/libbase_lidar__rosidl_typesupport_fastrtps_c.so
[4.785s] -- Up-to-date: /home/sunrise/amphibious_ws/install/base_lidar/include/base_lidar/base_lidar
[4.786s] -- Up-to-date: /home/sunrise/amphibious_ws/install/base_lidar/include/base_lidar/base_lidar/msg
[4.787s] -- Up-to-date: /home/sunrise/amphibious_ws/install/base_lidar/include/base_lidar/base_lidar/msg/rosidl_generator_cpp__visibility_control.hpp
[4.788s] -- Up-to-date: /home/sunrise/amphibious_ws/install/base_lidar/include/base_lidar/base_lidar/srv
[4.788s] -- Up-to-date: /home/sunrise/amphibious_ws/install/base_lidar/include/base_lidar/base_lidar/srv/detail
[4.789s] -- Up-to-date: /home/sunrise/amphibious_ws/install/base_lidar/include/base_lidar/base_lidar/srv/detail/control__struct.hpp
[4.790s] -- Up-to-date: /home/sunrise/amphibious_ws/install/base_lidar/include/base_lidar/base_lidar/srv/detail/control__traits.hpp
[4.791s] -- Up-to-date: /home/sunrise/amphibious_ws/install/base_lidar/include/base_lidar/base_lidar/srv/detail/control__type_support.hpp
[4.792s] -- Up-to-date: /home/sunrise/amphibious_ws/install/base_lidar/include/base_lidar/base_lidar/srv/detail/control__builder.hpp
[4.793s] -- Up-to-date: /home/sunrise/amphibious_ws/install/base_lidar/include/base_lidar/base_lidar/srv/control.hpp
[4.794s] -- Up-to-date: /home/sunrise/amphibious_ws/install/base_lidar/include/base_lidar/base_lidar
[4.795s] -- Up-to-date: /home/sunrise/amphibious_ws/install/base_lidar/include/base_lidar/base_lidar/msg
[4.796s] -- Up-to-date: /home/sunrise/amphibious_ws/install/base_lidar/include/base_lidar/base_lidar/msg/rosidl_typesupport_fastrtps_cpp__visibility_control.h
[4.797s] -- Up-to-date: /home/sunrise/amphibious_ws/install/base_lidar/include/base_lidar/base_lidar/srv
[4.799s] -- Up-to-date: /home/sunrise/amphibious_ws/install/base_lidar/include/base_lidar/base_lidar/srv/detail
[4.799s] -- Up-to-date: /home/sunrise/amphibious_ws/install/base_lidar/include/base_lidar/base_lidar/srv/detail/dds_fastrtps
[4.800s] -- Up-to-date: /home/sunrise/amphibious_ws/install/base_lidar/include/base_lidar/base_lidar/srv/detail/control__rosidl_typesupport_fastrtps_cpp.hpp
[4.801s] -- Up-to-date: /home/sunrise/amphibious_ws/install/base_lidar/lib/libbase_lidar__rosidl_typesupport_fastrtps_cpp.so
[4.802s] -- Up-to-date: /home/sunrise/amphibious_ws/install/base_lidar/include/base_lidar/base_lidar
[4.806s] -- Up-to-date: /home/sunrise/amphibious_ws/install/base_lidar/include/base_lidar/base_lidar/msg
[4.807s] -- Up-to-date: /home/sunrise/amphibious_ws/install/base_lidar/include/base_lidar/base_lidar/msg/rosidl_typesupport_introspection_c__visibility_control.h
[4.808s] -- Up-to-date: /home/sunrise/amphibious_ws/install/base_lidar/include/base_lidar/base_lidar/srv
[4.809s] -- Up-to-date: /home/sunrise/amphibious_ws/install/base_lidar/include/base_lidar/base_lidar/srv/detail
[4.810s] -- Up-to-date: /home/sunrise/amphibious_ws/install/base_lidar/include/base_lidar/base_lidar/srv/detail/control__type_support.c
[4.811s] -- Up-to-date: /home/sunrise/amphibious_ws/install/base_lidar/include/base_lidar/base_lidar/srv/detail/control__rosidl_typesupport_introspection_c.h
[4.812s] -- Up-to-date: /home/sunrise/amphibious_ws/install/base_lidar/lib/libbase_lidar__rosidl_typesupport_introspection_c.so
[4.813s] -- Up-to-date: /home/sunrise/amphibious_ws/install/base_lidar/lib/libbase_lidar__rosidl_typesupport_c.so
[4.813s] -- Up-to-date: /home/sunrise/amphibious_ws/install/base_lidar/include/base_lidar/base_lidar
[4.814s] -- Up-to-date: /home/sunrise/amphibious_ws/install/base_lidar/include/base_lidar/base_lidar/srv
[4.815s] -- Up-to-date: /home/sunrise/amphibious_ws/install/base_lidar/include/base_lidar/base_lidar/srv/detail
[4.816s] -- Up-to-date: /home/sunrise/amphibious_ws/install/base_lidar/include/base_lidar/base_lidar/srv/detail/control__rosidl_typesupport_introspection_cpp.hpp
[4.817s] -- Up-to-date: /home/sunrise/amphibious_ws/install/base_lidar/include/base_lidar/base_lidar/srv/detail/control__type_support.cpp
[4.818s] -- Up-to-date: /home/sunrise/amphibious_ws/install/base_lidar/lib/libbase_lidar__rosidl_typesupport_introspection_cpp.so
[4.819s] -- Up-to-date: /home/sunrise/amphibious_ws/install/base_lidar/lib/libbase_lidar__rosidl_typesupport_cpp.so
[4.820s] -- Up-to-date: /home/sunrise/amphibious_ws/install/base_lidar/share/base_lidar/environment/pythonpath.sh
[4.821s] -- Up-to-date: /home/sunrise/amphibious_ws/install/base_lidar/share/base_lidar/environment/pythonpath.dsv
[4.822s] -- Up-to-date: /home/sunrise/amphibious_ws/install/base_lidar/local/lib/python3.10/dist-packages/base_lidar-0.0.0-py3.10.egg-info
[4.822s] -- Installing: /home/sunrise/amphibious_ws/install/base_lidar/local/lib/python3.10/dist-packages/base_lidar-0.0.0-py3.10.egg-info/SOURCES.txt
[4.824s] -- Installing: /home/sunrise/amphibious_ws/install/base_lidar/local/lib/python3.10/dist-packages/base_lidar-0.0.0-py3.10.egg-info/top_level.txt
[4.825s] -- Installing: /home/sunrise/amphibious_ws/install/base_lidar/local/lib/python3.10/dist-packages/base_lidar-0.0.0-py3.10.egg-info/dependency_links.txt
[4.826s] -- Installing: /home/sunrise/amphibious_ws/install/base_lidar/local/lib/python3.10/dist-packages/base_lidar-0.0.0-py3.10.egg-info/PKG-INFO
[4.827s] -- Up-to-date: /home/sunrise/amphibious_ws/install/base_lidar/local/lib/python3.10/dist-packages/base_lidar
[4.827s] -- Up-to-date: /home/sunrise/amphibious_ws/install/base_lidar/local/lib/python3.10/dist-packages/base_lidar/libbase_lidar__rosidl_generator_py.so
[4.828s] -- Up-to-date: /home/sunrise/amphibious_ws/install/base_lidar/local/lib/python3.10/dist-packages/base_lidar/base_lidar_s__rosidl_typesupport_introspection_c.cpython-310-aarch64-linux-gnu.so
[4.829s] -- Up-to-date: /home/sunrise/amphibious_ws/install/base_lidar/local/lib/python3.10/dist-packages/base_lidar/srv
[4.830s] -- Up-to-date: /home/sunrise/amphibious_ws/install/base_lidar/local/lib/python3.10/dist-packages/base_lidar/srv/_control_s.c
[4.830s] -- Up-to-date: /home/sunrise/amphibious_ws/install/base_lidar/local/lib/python3.10/dist-packages/base_lidar/srv/__init__.py
[4.831s] -- Up-to-date: /home/sunrise/amphibious_ws/install/base_lidar/local/lib/python3.10/dist-packages/base_lidar/srv/_control.py
[4.832s] -- Up-to-date: /home/sunrise/amphibious_ws/install/base_lidar/local/lib/python3.10/dist-packages/base_lidar/_base_lidar_s.ep.rosidl_typesupport_fastrtps_c.c
[4.833s] -- Up-to-date: /home/sunrise/amphibious_ws/install/base_lidar/local/lib/python3.10/dist-packages/base_lidar/base_lidar_s__rosidl_typesupport_c.cpython-310-aarch64-linux-gnu.so
[4.834s] -- Up-to-date: /home/sunrise/amphibious_ws/install/base_lidar/local/lib/python3.10/dist-packages/base_lidar/_base_lidar_s.ep.rosidl_typesupport_c.c
[4.834s] -- Up-to-date: /home/sunrise/amphibious_ws/install/base_lidar/local/lib/python3.10/dist-packages/base_lidar/__init__.py
[4.835s] -- Up-to-date: /home/sunrise/amphibious_ws/install/base_lidar/local/lib/python3.10/dist-packages/base_lidar/base_lidar_s__rosidl_typesupport_fastrtps_c.cpython-310-aarch64-linux-gnu.so
[4.836s] -- Up-to-date: /home/sunrise/amphibious_ws/install/base_lidar/local/lib/python3.10/dist-packages/base_lidar/_base_lidar_s.ep.rosidl_typesupport_introspection_c.c
[5.062s] Listing '/home/sunrise/amphibious_ws/install/base_lidar/local/lib/python3.10/dist-packages/base_lidar'...
[5.063s] Listing '/home/sunrise/amphibious_ws/install/base_lidar/local/lib/python3.10/dist-packages/base_lidar/srv'...
[5.118s] -- Up-to-date: /home/sunrise/amphibious_ws/install/base_lidar/local/lib/python3.10/dist-packages/base_lidar/base_lidar_s__rosidl_typesupport_fastrtps_c.cpython-310-aarch64-linux-gnu.so
[5.119s] -- Up-to-date: /home/sunrise/amphibious_ws/install/base_lidar/local/lib/python3.10/dist-packages/base_lidar/base_lidar_s__rosidl_typesupport_introspection_c.cpython-310-aarch64-linux-gnu.so
[5.121s] -- Up-to-date: /home/sunrise/amphibious_ws/install/base_lidar/local/lib/python3.10/dist-packages/base_lidar/base_lidar_s__rosidl_typesupport_c.cpython-310-aarch64-linux-gnu.so
[5.124s] -- Up-to-date: /home/sunrise/amphibious_ws/install/base_lidar/lib/libbase_lidar__rosidl_generator_py.so
[5.127s] -- Up-to-date: /home/sunrise/amphibious_ws/install/base_lidar/share/base_lidar/srv/Control.idl
[5.129s] -- Up-to-date: /home/sunrise/amphibious_ws/install/base_lidar/share/base_lidar/srv/Control.srv
[5.130s] -- Up-to-date: /home/sunrise/amphibious_ws/install/base_lidar/share/base_lidar/srv/Control_Request.msg
[5.134s] -- Up-to-date: /home/sunrise/amphibious_ws/install/base_lidar/share/base_lidar/srv/Control_Response.msg
[5.134s] -- Up-to-date: /home/sunrise/amphibious_ws/install/base_lidar/share/ament_index/resource_index/package_run_dependencies/base_lidar
[5.135s] -- Up-to-date: /home/sunrise/amphibious_ws/install/base_lidar/share/ament_index/resource_index/parent_prefix_path/base_lidar
[5.136s] -- Up-to-date: /home/sunrise/amphibious_ws/install/base_lidar/share/base_lidar/environment/ament_prefix_path.sh
[5.144s] -- Up-to-date: /home/sunrise/amphibious_ws/install/base_lidar/share/base_lidar/environment/ament_prefix_path.dsv
[5.145s] -- Up-to-date: /home/sunrise/amphibious_ws/install/base_lidar/share/base_lidar/environment/path.sh
[5.145s] -- Up-to-date: /home/sunrise/amphibious_ws/install/base_lidar/share/base_lidar/environment/path.dsv
[5.146s] -- Up-to-date: /home/sunrise/amphibious_ws/install/base_lidar/share/base_lidar/local_setup.bash
[5.147s] -- Up-to-date: /home/sunrise/amphibious_ws/install/base_lidar/share/base_lidar/local_setup.sh
[5.148s] -- Up-to-date: /home/sunrise/amphibious_ws/install/base_lidar/share/base_lidar/local_setup.zsh
[5.149s] -- Up-to-date: /home/sunrise/amphibious_ws/install/base_lidar/share/base_lidar/local_setup.dsv
[5.150s] -- Installing: /home/sunrise/amphibious_ws/install/base_lidar/share/base_lidar/package.dsv
[5.151s] -- Up-to-date: /home/sunrise/amphibious_ws/install/base_lidar/share/ament_index/resource_index/packages/base_lidar
[5.162s] -- Up-to-date: /home/sunrise/amphibious_ws/install/base_lidar/share/base_lidar/cmake/export_base_lidar__rosidl_generator_cExport.cmake
[5.167s] -- Up-to-date: /home/sunrise/amphibious_ws/install/base_lidar/share/base_lidar/cmake/export_base_lidar__rosidl_generator_cExport-noconfig.cmake
[5.168s] -- Up-to-date: /home/sunrise/amphibious_ws/install/base_lidar/share/base_lidar/cmake/export_base_lidar__rosidl_typesupport_fastrtps_cExport.cmake
[5.169s] -- Up-to-date: /home/sunrise/amphibious_ws/install/base_lidar/share/base_lidar/cmake/export_base_lidar__rosidl_typesupport_fastrtps_cExport-noconfig.cmake
[5.169s] -- Up-to-date: /home/sunrise/amphibious_ws/install/base_lidar/share/base_lidar/cmake/export_base_lidar__rosidl_generator_cppExport.cmake
[5.170s] -- Up-to-date: /home/sunrise/amphibious_ws/install/base_lidar/share/base_lidar/cmake/export_base_lidar__rosidl_typesupport_fastrtps_cppExport.cmake
[5.171s] -- Up-to-date: /home/sunrise/amphibious_ws/install/base_lidar/share/base_lidar/cmake/export_base_lidar__rosidl_typesupport_fastrtps_cppExport-noconfig.cmake
[5.172s] -- Up-to-date: /home/sunrise/amphibious_ws/install/base_lidar/share/base_lidar/cmake/base_lidar__rosidl_typesupport_introspection_cExport.cmake
[5.173s] -- Up-to-date: /home/sunrise/amphibious_ws/install/base_lidar/share/base_lidar/cmake/base_lidar__rosidl_typesupport_introspection_cExport-noconfig.cmake
[5.186s] -- Up-to-date: /home/sunrise/amphibious_ws/install/base_lidar/share/base_lidar/cmake/base_lidar__rosidl_typesupport_cExport.cmake
[5.187s] -- Up-to-date: /home/sunrise/amphibious_ws/install/base_lidar/share/base_lidar/cmake/base_lidar__rosidl_typesupport_cExport-noconfig.cmake
[5.188s] -- Up-to-date: /home/sunrise/amphibious_ws/install/base_lidar/share/base_lidar/cmake/base_lidar__rosidl_typesupport_introspection_cppExport.cmake
[5.189s] -- Up-to-date: /home/sunrise/amphibious_ws/install/base_lidar/share/base_lidar/cmake/base_lidar__rosidl_typesupport_introspection_cppExport-noconfig.cmake
[5.195s] -- Up-to-date: /home/sunrise/amphibious_ws/install/base_lidar/share/base_lidar/cmake/base_lidar__rosidl_typesupport_cppExport.cmake
[5.213s] -- Up-to-date: /home/sunrise/amphibious_ws/install/base_lidar/share/base_lidar/cmake/base_lidar__rosidl_typesupport_cppExport-noconfig.cmake
[5.218s] -- Up-to-date: /home/sunrise/amphibious_ws/install/base_lidar/share/base_lidar/cmake/export_base_lidar__rosidl_generator_pyExport.cmake
[5.219s] -- Up-to-date: /home/sunrise/amphibious_ws/install/base_lidar/share/base_lidar/cmake/export_base_lidar__rosidl_generator_pyExport-noconfig.cmake
[5.220s] -- Up-to-date: /home/sunrise/amphibious_ws/install/base_lidar/share/base_lidar/cmake/rosidl_cmake-extras.cmake
[5.220s] -- Up-to-date: /home/sunrise/amphibious_ws/install/base_lidar/share/base_lidar/cmake/ament_cmake_export_include_directories-extras.cmake
[5.221s] -- Up-to-date: /home/sunrise/amphibious_ws/install/base_lidar/share/base_lidar/cmake/ament_cmake_export_libraries-extras.cmake
[5.222s] -- Up-to-date: /home/sunrise/amphibious_ws/install/base_lidar/share/base_lidar/cmake/ament_cmake_export_targets-extras.cmake
[5.232s] -- Up-to-date: /home/sunrise/amphibious_ws/install/base_lidar/share/base_lidar/cmake/rosidl_cmake_export_typesupport_targets-extras.cmake
[5.233s] -- Up-to-date: /home/sunrise/amphibious_ws/install/base_lidar/share/base_lidar/cmake/ament_cmake_export_dependencies-extras.cmake
[5.234s] -- Up-to-date: /home/sunrise/amphibious_ws/install/base_lidar/share/base_lidar/cmake/rosidl_cmake_export_typesupport_libraries-extras.cmake
[5.235s] -- Up-to-date: /home/sunrise/amphibious_ws/install/base_lidar/share/base_lidar/cmake/base_lidarConfig.cmake
[5.237s] -- Up-to-date: /home/sunrise/amphibious_ws/install/base_lidar/share/base_lidar/cmake/base_lidarConfig-version.cmake
[5.238s] -- Up-to-date: /home/sunrise/amphibious_ws/install/base_lidar/share/base_lidar/package.xml
[5.240s] Invoked command in '/home/sunrise/amphibious_ws/build/base_lidar' returned '0': CMAKE_PREFIX_PATH=${CMAKE_PREFIX_PATH}:/home/sunrise/amphibious_ws/install/yolo_detect_pkg:/opt/tros/humble:/opt/ros/humble /usr/bin/cmake --install /home/sunrise/amphibious_ws/build/base_lidar
