[0.287s] Invoking command in '/home/sunrise/amphibious_ws/build/item_locate_pkg': CMAKE_PREFIX_PATH=${CMAKE_PREFIX_PATH}:/home/sunrise/amphibious_ws/install/yolo_detect_pkg:/opt/tros/humble:/opt/ros/humble /usr/bin/cmake --build /home/sunrise/amphibious_ws/build/item_locate_pkg -- -j8 -l8
[3.447s] [100%] Built target item_locate_node
[3.670s] Invoked command in '/home/sunrise/amphibious_ws/build/item_locate_pkg' returned '0': CMAKE_PREFIX_PATH=${CMAKE_PREFIX_PATH}:/home/sunrise/amphibious_ws/install/yolo_detect_pkg:/opt/tros/humble:/opt/ros/humble /usr/bin/cmake --build /home/sunrise/amphibious_ws/build/item_locate_pkg -- -j8 -l8
[3.673s] Invoking command in '/home/sunrise/amphibious_ws/build/item_locate_pkg': CMAKE_PREFIX_PATH=${CMAKE_PREFIX_PATH}:/home/sunrise/amphibious_ws/install/yolo_detect_pkg:/opt/tros/humble:/opt/ros/humble /usr/bin/cmake --install /home/sunrise/amphibious_ws/build/item_locate_pkg
[3.863s] -- Install configuration: ""
[3.864s] -- Up-to-date: /home/sunrise/amphibious_ws/install/item_locate_pkg/lib/item_locate_pkg/item_locate_node
[3.866s] -- Up-to-date: /home/sunrise/amphibious_ws/install/item_locate_pkg/share/item_locate_pkg/launch
[3.870s] -- Up-to-date: /home/sunrise/amphibious_ws/install/item_locate_pkg/share/item_locate_pkg/launch/item_locate.launch.py
[3.871s] -- Up-to-date: /home/sunrise/amphibious_ws/install/item_locate_pkg/share/ament_index/resource_index/package_run_dependencies/item_locate_pkg
[3.873s] -- Up-to-date: /home/sunrise/amphibious_ws/install/item_locate_pkg/share/ament_index/resource_index/parent_prefix_path/item_locate_pkg
[3.873s] -- Up-to-date: /home/sunrise/amphibious_ws/install/item_locate_pkg/share/item_locate_pkg/environment/ament_prefix_path.sh
[3.874s] -- Up-to-date: /home/sunrise/amphibious_ws/install/item_locate_pkg/share/item_locate_pkg/environment/ament_prefix_path.dsv
[3.875s] -- Up-to-date: /home/sunrise/amphibious_ws/install/item_locate_pkg/share/item_locate_pkg/environment/path.sh
[3.875s] -- Up-to-date: /home/sunrise/amphibious_ws/install/item_locate_pkg/share/item_locate_pkg/environment/path.dsv
[3.876s] -- Up-to-date: /home/sunrise/amphibious_ws/install/item_locate_pkg/share/item_locate_pkg/local_setup.bash
[3.876s] -- Up-to-date: /home/sunrise/amphibious_ws/install/item_locate_pkg/share/item_locate_pkg/local_setup.sh
[3.877s] -- Up-to-date: /home/sunrise/amphibious_ws/install/item_locate_pkg/share/item_locate_pkg/local_setup.zsh
[3.878s] -- Up-to-date: /home/sunrise/amphibious_ws/install/item_locate_pkg/share/item_locate_pkg/local_setup.dsv
[3.879s] -- Installing: /home/sunrise/amphibious_ws/install/item_locate_pkg/share/item_locate_pkg/package.dsv
[3.883s] -- Up-to-date: /home/sunrise/amphibious_ws/install/item_locate_pkg/share/ament_index/resource_index/packages/item_locate_pkg
[3.886s] -- Up-to-date: /home/sunrise/amphibious_ws/install/item_locate_pkg/share/item_locate_pkg/cmake/item_locate_pkgConfig.cmake
[3.893s] -- Up-to-date: /home/sunrise/amphibious_ws/install/item_locate_pkg/share/item_locate_pkg/cmake/item_locate_pkgConfig-version.cmake
[3.894s] -- Up-to-date: /home/sunrise/amphibious_ws/install/item_locate_pkg/share/item_locate_pkg/package.xml
[4.470s] Invoked command in '/home/sunrise/amphibious_ws/build/item_locate_pkg' returned '0': CMAKE_PREFIX_PATH=${CMAKE_PREFIX_PATH}:/home/sunrise/amphibious_ws/install/yolo_detect_pkg:/opt/tros/humble:/opt/ros/humble /usr/bin/cmake --install /home/sunrise/amphibious_ws/build/item_locate_pkg
