[0.162s] Invoking command in '/home/sunrise/amphibious_ws/build/base': CMAKE_PREFIX_PATH=${CMAKE_PREFIX_PATH}:/opt/ros/humble /usr/bin/cmake --build /home/sunrise/amphibious_ws/build/base -- -j8 -l8
[0.587s] [  3%] Built target base__cpp
[0.608s] [ 12%] Built target base__rosidl_generator_c
[0.711s] [ 12%] Built target ament_cmake_python_copy_base
[0.805s] [ 22%] Built target base__rosidl_typesupport_fastrtps_c
[0.820s] [ 41%] Built target base__rosidl_typesupport_fastrtps_cpp
[0.821s] [ 41%] Built target base__rosidl_typesupport_cpp
[0.841s] [ 51%] Built target base__rosidl_typesupport_introspection_c
[0.871s] [ 61%] Built target base__rosidl_typesupport_introspection_cpp
[0.877s] [ 70%] Built target base__rosidl_typesupport_c
[0.995s] [ 70%] Built target base
[1.088s] [ 74%] Built target base__py
[1.219s] [ 80%] Built target base__rosidl_generator_py
[1.348s] [ 87%] Built target base__rosidl_typesupport_fastrtps_c__pyext
[1.352s] [ 93%] Built target base__rosidl_typesupport_introspection_c__pyext
[1.354s] [100%] Built target base__rosidl_typesupport_c__pyext
[2.833s] running egg_info
[2.837s] writing base.egg-info/PKG-INFO
[2.839s] writing dependency_links to base.egg-info/dependency_links.txt
[2.840s] writing top-level names to base.egg-info/top_level.txt
[2.860s] reading manifest file 'base.egg-info/SOURCES.txt'
[2.864s] writing manifest file 'base.egg-info/SOURCES.txt'
[3.091s] [100%] Built target ament_cmake_python_build_base_egg
[3.146s] Invoked command in '/home/sunrise/amphibious_ws/build/base' returned '0': CMAKE_PREFIX_PATH=${CMAKE_PREFIX_PATH}:/opt/ros/humble /usr/bin/cmake --build /home/sunrise/amphibious_ws/build/base -- -j8 -l8
[3.155s] Invoking command in '/home/sunrise/amphibious_ws/build/base': CMAKE_PREFIX_PATH=${CMAKE_PREFIX_PATH}:/opt/ros/humble /usr/bin/cmake --install /home/sunrise/amphibious_ws/build/base
[3.197s] -- Install configuration: ""
[3.199s] -- Up-to-date: /home/sunrise/amphibious_ws/install/base/share/ament_index/resource_index/rosidl_interfaces/base
[3.199s] -- Up-to-date: /home/sunrise/amphibious_ws/install/base/include/base/base
[3.200s] -- Up-to-date: /home/sunrise/amphibious_ws/install/base/include/base/base/msg
[3.201s] -- Up-to-date: /home/sunrise/amphibious_ws/install/base/include/base/base/msg/rosidl_generator_c__visibility_control.h
[3.202s] -- Up-to-date: /home/sunrise/amphibious_ws/install/base/include/base/base/srv
[3.203s] -- Up-to-date: /home/sunrise/amphibious_ws/install/base/include/base/base/srv/control.h
[3.203s] -- Up-to-date: /home/sunrise/amphibious_ws/install/base/include/base/base/srv/detail
[3.204s] -- Up-to-date: /home/sunrise/amphibious_ws/install/base/include/base/base/srv/detail/control__struct.h
[3.205s] -- Up-to-date: /home/sunrise/amphibious_ws/install/base/include/base/base/srv/detail/control__type_support.h
[3.205s] -- Up-to-date: /home/sunrise/amphibious_ws/install/base/include/base/base/srv/detail/control__functions.c
[3.206s] -- Up-to-date: /home/sunrise/amphibious_ws/install/base/include/base/base/srv/detail/control__functions.h
[3.207s] -- Up-to-date: /home/sunrise/amphibious_ws/install/base/share/base/environment/library_path.sh
[3.208s] -- Up-to-date: /home/sunrise/amphibious_ws/install/base/share/base/environment/library_path.dsv
[3.209s] -- Up-to-date: /home/sunrise/amphibious_ws/install/base/lib/libbase__rosidl_generator_c.so
[3.210s] -- Up-to-date: /home/sunrise/amphibious_ws/install/base/include/base/base
[3.211s] -- Up-to-date: /home/sunrise/amphibious_ws/install/base/include/base/base/msg
[3.211s] -- Up-to-date: /home/sunrise/amphibious_ws/install/base/include/base/base/msg/rosidl_typesupport_fastrtps_c__visibility_control.h
[3.212s] -- Up-to-date: /home/sunrise/amphibious_ws/install/base/include/base/base/srv
[3.213s] -- Up-to-date: /home/sunrise/amphibious_ws/install/base/include/base/base/srv/detail
[3.213s] -- Up-to-date: /home/sunrise/amphibious_ws/install/base/include/base/base/srv/detail/control__rosidl_typesupport_fastrtps_c.h
[3.214s] -- Up-to-date: /home/sunrise/amphibious_ws/install/base/lib/libbase__rosidl_typesupport_fastrtps_c.so
[3.215s] -- Up-to-date: /home/sunrise/amphibious_ws/install/base/include/base/base
[3.216s] -- Up-to-date: /home/sunrise/amphibious_ws/install/base/include/base/base/msg
[3.216s] -- Up-to-date: /home/sunrise/amphibious_ws/install/base/include/base/base/msg/rosidl_generator_cpp__visibility_control.hpp
[3.217s] -- Up-to-date: /home/sunrise/amphibious_ws/install/base/include/base/base/srv
[3.218s] -- Up-to-date: /home/sunrise/amphibious_ws/install/base/include/base/base/srv/detail
[3.218s] -- Up-to-date: /home/sunrise/amphibious_ws/install/base/include/base/base/srv/detail/control__struct.hpp
[3.219s] -- Up-to-date: /home/sunrise/amphibious_ws/install/base/include/base/base/srv/detail/control__traits.hpp
[3.220s] -- Up-to-date: /home/sunrise/amphibious_ws/install/base/include/base/base/srv/detail/control__type_support.hpp
[3.221s] -- Up-to-date: /home/sunrise/amphibious_ws/install/base/include/base/base/srv/detail/control__builder.hpp
[3.221s] -- Up-to-date: /home/sunrise/amphibious_ws/install/base/include/base/base/srv/control.hpp
[3.222s] -- Up-to-date: /home/sunrise/amphibious_ws/install/base/include/base/base
[3.223s] -- Up-to-date: /home/sunrise/amphibious_ws/install/base/include/base/base/msg
[3.224s] -- Up-to-date: /home/sunrise/amphibious_ws/install/base/include/base/base/msg/rosidl_typesupport_fastrtps_cpp__visibility_control.h
[3.225s] -- Up-to-date: /home/sunrise/amphibious_ws/install/base/include/base/base/srv
[3.226s] -- Up-to-date: /home/sunrise/amphibious_ws/install/base/include/base/base/srv/detail
[3.226s] -- Up-to-date: /home/sunrise/amphibious_ws/install/base/include/base/base/srv/detail/dds_fastrtps
[3.227s] -- Up-to-date: /home/sunrise/amphibious_ws/install/base/include/base/base/srv/detail/control__rosidl_typesupport_fastrtps_cpp.hpp
[3.228s] -- Up-to-date: /home/sunrise/amphibious_ws/install/base/lib/libbase__rosidl_typesupport_fastrtps_cpp.so
[3.228s] -- Up-to-date: /home/sunrise/amphibious_ws/install/base/include/base/base
[3.229s] -- Up-to-date: /home/sunrise/amphibious_ws/install/base/include/base/base/msg
[3.230s] -- Up-to-date: /home/sunrise/amphibious_ws/install/base/include/base/base/msg/rosidl_typesupport_introspection_c__visibility_control.h
[3.230s] -- Up-to-date: /home/sunrise/amphibious_ws/install/base/include/base/base/srv
[3.231s] -- Up-to-date: /home/sunrise/amphibious_ws/install/base/include/base/base/srv/detail
[3.232s] -- Up-to-date: /home/sunrise/amphibious_ws/install/base/include/base/base/srv/detail/control__type_support.c
[3.232s] -- Up-to-date: /home/sunrise/amphibious_ws/install/base/include/base/base/srv/detail/control__rosidl_typesupport_introspection_c.h
[3.233s] -- Up-to-date: /home/sunrise/amphibious_ws/install/base/lib/libbase__rosidl_typesupport_introspection_c.so
[3.233s] -- Up-to-date: /home/sunrise/amphibious_ws/install/base/lib/libbase__rosidl_typesupport_c.so
[3.234s] -- Up-to-date: /home/sunrise/amphibious_ws/install/base/include/base/base
[3.235s] -- Up-to-date: /home/sunrise/amphibious_ws/install/base/include/base/base/srv
[3.235s] -- Up-to-date: /home/sunrise/amphibious_ws/install/base/include/base/base/srv/detail
[3.237s] -- Up-to-date: /home/sunrise/amphibious_ws/install/base/include/base/base/srv/detail/control__rosidl_typesupport_introspection_cpp.hpp
[3.238s] -- Up-to-date: /home/sunrise/amphibious_ws/install/base/include/base/base/srv/detail/control__type_support.cpp
[3.239s] -- Up-to-date: /home/sunrise/amphibious_ws/install/base/lib/libbase__rosidl_typesupport_introspection_cpp.so
[3.240s] -- Up-to-date: /home/sunrise/amphibious_ws/install/base/lib/libbase__rosidl_typesupport_cpp.so
[3.241s] -- Up-to-date: /home/sunrise/amphibious_ws/install/base/share/base/environment/pythonpath.sh
[3.241s] -- Up-to-date: /home/sunrise/amphibious_ws/install/base/share/base/environment/pythonpath.dsv
[3.242s] -- Up-to-date: /home/sunrise/amphibious_ws/install/base/local/lib/python3.10/dist-packages/base-0.0.0-py3.10.egg-info
[3.243s] -- Installing: /home/sunrise/amphibious_ws/install/base/local/lib/python3.10/dist-packages/base-0.0.0-py3.10.egg-info/SOURCES.txt
[3.243s] -- Installing: /home/sunrise/amphibious_ws/install/base/local/lib/python3.10/dist-packages/base-0.0.0-py3.10.egg-info/top_level.txt
[3.244s] -- Installing: /home/sunrise/amphibious_ws/install/base/local/lib/python3.10/dist-packages/base-0.0.0-py3.10.egg-info/dependency_links.txt
[3.245s] -- Installing: /home/sunrise/amphibious_ws/install/base/local/lib/python3.10/dist-packages/base-0.0.0-py3.10.egg-info/PKG-INFO
[3.246s] -- Up-to-date: /home/sunrise/amphibious_ws/install/base/local/lib/python3.10/dist-packages/base
[3.246s] -- Up-to-date: /home/sunrise/amphibious_ws/install/base/local/lib/python3.10/dist-packages/base/_base_s.ep.rosidl_typesupport_fastrtps_c.c
[3.247s] -- Up-to-date: /home/sunrise/amphibious_ws/install/base/local/lib/python3.10/dist-packages/base/base_s__rosidl_typesupport_c.cpython-310-aarch64-linux-gnu.so
[3.248s] -- Up-to-date: /home/sunrise/amphibious_ws/install/base/local/lib/python3.10/dist-packages/base/srv
[3.249s] -- Up-to-date: /home/sunrise/amphibious_ws/install/base/local/lib/python3.10/dist-packages/base/srv/_control_s.c
[3.250s] -- Up-to-date: /home/sunrise/amphibious_ws/install/base/local/lib/python3.10/dist-packages/base/srv/__init__.py
[3.250s] -- Up-to-date: /home/sunrise/amphibious_ws/install/base/local/lib/python3.10/dist-packages/base/srv/_control.py
[3.251s] -- Up-to-date: /home/sunrise/amphibious_ws/install/base/local/lib/python3.10/dist-packages/base/base_s__rosidl_typesupport_introspection_c.cpython-310-aarch64-linux-gnu.so
[3.252s] -- Up-to-date: /home/sunrise/amphibious_ws/install/base/local/lib/python3.10/dist-packages/base/_base_s.ep.rosidl_typesupport_introspection_c.c
[3.252s] -- Up-to-date: /home/sunrise/amphibious_ws/install/base/local/lib/python3.10/dist-packages/base/_base_s.ep.rosidl_typesupport_c.c
[3.253s] -- Up-to-date: /home/sunrise/amphibious_ws/install/base/local/lib/python3.10/dist-packages/base/__init__.py
[3.253s] -- Up-to-date: /home/sunrise/amphibious_ws/install/base/local/lib/python3.10/dist-packages/base/libbase__rosidl_generator_py.so
[3.254s] -- Up-to-date: /home/sunrise/amphibious_ws/install/base/local/lib/python3.10/dist-packages/base/base_s__rosidl_typesupport_fastrtps_c.cpython-310-aarch64-linux-gnu.so
[3.455s] Listing '/home/sunrise/amphibious_ws/install/base/local/lib/python3.10/dist-packages/base'...
[3.456s] Listing '/home/sunrise/amphibious_ws/install/base/local/lib/python3.10/dist-packages/base/srv'...
[3.502s] -- Up-to-date: /home/sunrise/amphibious_ws/install/base/local/lib/python3.10/dist-packages/base/base_s__rosidl_typesupport_fastrtps_c.cpython-310-aarch64-linux-gnu.so
[3.504s] -- Up-to-date: /home/sunrise/amphibious_ws/install/base/local/lib/python3.10/dist-packages/base/base_s__rosidl_typesupport_introspection_c.cpython-310-aarch64-linux-gnu.so
[3.506s] -- Up-to-date: /home/sunrise/amphibious_ws/install/base/local/lib/python3.10/dist-packages/base/base_s__rosidl_typesupport_c.cpython-310-aarch64-linux-gnu.so
[3.508s] -- Up-to-date: /home/sunrise/amphibious_ws/install/base/lib/libbase__rosidl_generator_py.so
[3.509s] -- Up-to-date: /home/sunrise/amphibious_ws/install/base/share/base/srv/Control.idl
[3.510s] -- Up-to-date: /home/sunrise/amphibious_ws/install/base/share/base/srv/Control.srv
[3.511s] -- Up-to-date: /home/sunrise/amphibious_ws/install/base/share/base/srv/Control_Request.msg
[3.512s] -- Up-to-date: /home/sunrise/amphibious_ws/install/base/share/base/srv/Control_Response.msg
[3.513s] -- Up-to-date: /home/sunrise/amphibious_ws/install/base/share/ament_index/resource_index/package_run_dependencies/base
[3.513s] -- Up-to-date: /home/sunrise/amphibious_ws/install/base/share/ament_index/resource_index/parent_prefix_path/base
[3.514s] -- Up-to-date: /home/sunrise/amphibious_ws/install/base/share/base/environment/ament_prefix_path.sh
[3.515s] -- Up-to-date: /home/sunrise/amphibious_ws/install/base/share/base/environment/ament_prefix_path.dsv
[3.516s] -- Up-to-date: /home/sunrise/amphibious_ws/install/base/share/base/environment/path.sh
[3.517s] -- Up-to-date: /home/sunrise/amphibious_ws/install/base/share/base/environment/path.dsv
[3.518s] -- Up-to-date: /home/sunrise/amphibious_ws/install/base/share/base/local_setup.bash
[3.519s] -- Up-to-date: /home/sunrise/amphibious_ws/install/base/share/base/local_setup.sh
[3.519s] -- Up-to-date: /home/sunrise/amphibious_ws/install/base/share/base/local_setup.zsh
[3.521s] -- Up-to-date: /home/sunrise/amphibious_ws/install/base/share/base/local_setup.dsv
[3.521s] -- Installing: /home/sunrise/amphibious_ws/install/base/share/base/package.dsv
[3.522s] -- Up-to-date: /home/sunrise/amphibious_ws/install/base/share/ament_index/resource_index/packages/base
[3.523s] -- Up-to-date: /home/sunrise/amphibious_ws/install/base/share/base/cmake/export_base__rosidl_generator_cExport.cmake
[3.524s] -- Up-to-date: /home/sunrise/amphibious_ws/install/base/share/base/cmake/export_base__rosidl_generator_cExport-noconfig.cmake
[3.525s] -- Up-to-date: /home/sunrise/amphibious_ws/install/base/share/base/cmake/export_base__rosidl_typesupport_fastrtps_cExport.cmake
[3.526s] -- Up-to-date: /home/sunrise/amphibious_ws/install/base/share/base/cmake/export_base__rosidl_typesupport_fastrtps_cExport-noconfig.cmake
[3.527s] -- Up-to-date: /home/sunrise/amphibious_ws/install/base/share/base/cmake/export_base__rosidl_generator_cppExport.cmake
[3.528s] -- Up-to-date: /home/sunrise/amphibious_ws/install/base/share/base/cmake/export_base__rosidl_typesupport_fastrtps_cppExport.cmake
[3.528s] -- Up-to-date: /home/sunrise/amphibious_ws/install/base/share/base/cmake/export_base__rosidl_typesupport_fastrtps_cppExport-noconfig.cmake
[3.529s] -- Up-to-date: /home/sunrise/amphibious_ws/install/base/share/base/cmake/base__rosidl_typesupport_introspection_cExport.cmake
[3.530s] -- Up-to-date: /home/sunrise/amphibious_ws/install/base/share/base/cmake/base__rosidl_typesupport_introspection_cExport-noconfig.cmake
[3.531s] -- Up-to-date: /home/sunrise/amphibious_ws/install/base/share/base/cmake/base__rosidl_typesupport_cExport.cmake
[3.532s] -- Up-to-date: /home/sunrise/amphibious_ws/install/base/share/base/cmake/base__rosidl_typesupport_cExport-noconfig.cmake
[3.533s] -- Up-to-date: /home/sunrise/amphibious_ws/install/base/share/base/cmake/base__rosidl_typesupport_introspection_cppExport.cmake
[3.534s] -- Up-to-date: /home/sunrise/amphibious_ws/install/base/share/base/cmake/base__rosidl_typesupport_introspection_cppExport-noconfig.cmake
[3.534s] -- Up-to-date: /home/sunrise/amphibious_ws/install/base/share/base/cmake/base__rosidl_typesupport_cppExport.cmake
[3.535s] -- Up-to-date: /home/sunrise/amphibious_ws/install/base/share/base/cmake/base__rosidl_typesupport_cppExport-noconfig.cmake
[3.536s] -- Up-to-date: /home/sunrise/amphibious_ws/install/base/share/base/cmake/export_base__rosidl_generator_pyExport.cmake
[3.536s] -- Up-to-date: /home/sunrise/amphibious_ws/install/base/share/base/cmake/export_base__rosidl_generator_pyExport-noconfig.cmake
[3.537s] -- Up-to-date: /home/sunrise/amphibious_ws/install/base/share/base/cmake/rosidl_cmake-extras.cmake
[3.539s] -- Up-to-date: /home/sunrise/amphibious_ws/install/base/share/base/cmake/ament_cmake_export_include_directories-extras.cmake
[3.540s] -- Up-to-date: /home/sunrise/amphibious_ws/install/base/share/base/cmake/ament_cmake_export_libraries-extras.cmake
[3.542s] -- Up-to-date: /home/sunrise/amphibious_ws/install/base/share/base/cmake/ament_cmake_export_targets-extras.cmake
[3.547s] -- Up-to-date: /home/sunrise/amphibious_ws/install/base/share/base/cmake/rosidl_cmake_export_typesupport_targets-extras.cmake
[3.549s] -- Up-to-date: /home/sunrise/amphibious_ws/install/base/share/base/cmake/ament_cmake_export_dependencies-extras.cmake
[3.550s] -- Up-to-date: /home/sunrise/amphibious_ws/install/base/share/base/cmake/rosidl_cmake_export_typesupport_libraries-extras.cmake
[3.551s] -- Up-to-date: /home/sunrise/amphibious_ws/install/base/share/base/cmake/baseConfig.cmake
[3.552s] -- Up-to-date: /home/sunrise/amphibious_ws/install/base/share/base/cmake/baseConfig-version.cmake
[3.553s] -- Up-to-date: /home/sunrise/amphibious_ws/install/base/share/base/package.xml
[3.555s] Invoked command in '/home/sunrise/amphibious_ws/build/base' returned '0': CMAKE_PREFIX_PATH=${CMAKE_PREFIX_PATH}:/opt/ros/humble /usr/bin/cmake --install /home/sunrise/amphibious_ws/build/base
