gmake: 警告：文件“Makefile”的修改时间在未来 803812435 秒后
gmake[1]: 警告：文件“CMakeFiles/Makefile2”的修改时间在未来 803812435 秒后
gmake[2]: 警告：文件“CMakeFiles/com_node.dir/flags.make”的修改时间在未来 803812435 秒后
gmake[2]: 警告：文件“CMakeFiles/com_node_without_imu.dir/flags.make”的修改时间在未来 803812435 秒后
gmake[2]: 警告：检测到时钟错误。您的构建版本可能是不完整的。
gmake[2]: 警告：检测到时钟错误。您的构建版本可能是不完整的。
gmake[2]: 警告：文件“CMakeFiles/com_node_without_imu.dir/flags.make”的修改时间在未来 803812435 秒后
gmake[2]: 警告：文件“CMakeFiles/com_node.dir/flags.make”的修改时间在未来 803812434 秒后
gmake[2]: 警告：检测到时钟错误。您的构建版本可能是不完整的。
gmake[2]: 警告：检测到时钟错误。您的构建版本可能是不完整的。
[100%] Built target com_node
[100%] Built target com_node_without_imu
gmake[1]: 警告：检测到时钟错误。您的构建版本可能是不完整的。
gmake: 警告：检测到时钟错误。您的构建版本可能是不完整的。
-- Install configuration: ""
-- Up-to-date: /home/sunrise/amphibious_ws/install/com_pkg/lib/com_pkg/com_node
-- Up-to-date: /home/sunrise/amphibious_ws/install/com_pkg/lib/com_pkg/com_node_without_imu
-- Up-to-date: /home/sunrise/amphibious_ws/install/com_pkg/share/ament_index/resource_index/package_run_dependencies/com_pkg
-- Up-to-date: /home/sunrise/amphibious_ws/install/com_pkg/share/ament_index/resource_index/parent_prefix_path/com_pkg
-- Up-to-date: /home/sunrise/amphibious_ws/install/com_pkg/share/com_pkg/environment/ament_prefix_path.sh
-- Up-to-date: /home/sunrise/amphibious_ws/install/com_pkg/share/com_pkg/environment/ament_prefix_path.dsv
-- Up-to-date: /home/sunrise/amphibious_ws/install/com_pkg/share/com_pkg/environment/path.sh
-- Up-to-date: /home/sunrise/amphibious_ws/install/com_pkg/share/com_pkg/environment/path.dsv
-- Up-to-date: /home/sunrise/amphibious_ws/install/com_pkg/share/com_pkg/local_setup.bash
-- Up-to-date: /home/sunrise/amphibious_ws/install/com_pkg/share/com_pkg/local_setup.sh
-- Up-to-date: /home/sunrise/amphibious_ws/install/com_pkg/share/com_pkg/local_setup.zsh
-- Up-to-date: /home/sunrise/amphibious_ws/install/com_pkg/share/com_pkg/local_setup.dsv
-- Installing: /home/sunrise/amphibious_ws/install/com_pkg/share/com_pkg/package.dsv
-- Up-to-date: /home/sunrise/amphibious_ws/install/com_pkg/share/ament_index/resource_index/packages/com_pkg
-- Up-to-date: /home/sunrise/amphibious_ws/install/com_pkg/share/com_pkg/cmake/com_pkgConfig.cmake
-- Up-to-date: /home/sunrise/amphibious_ws/install/com_pkg/share/com_pkg/cmake/com_pkgConfig-version.cmake
-- Up-to-date: /home/sunrise/amphibious_ws/install/com_pkg/share/com_pkg/package.xml
