[0.140s] Invoking command in '/home/sunrise/amphibious_ws/build/my_carto_pkg': CMAKE_PREFIX_PATH=${CMAKE_PREFIX_PATH}:/opt/ros/humble /usr/bin/cmake --build /home/sunrise/amphibious_ws/build/my_carto_pkg -- -j8 -l8
[0.359s] Invoked command in '/home/sunrise/amphibious_ws/build/my_carto_pkg' returned '0': CMAKE_PREFIX_PATH=${CMAKE_PREFIX_PATH}:/opt/ros/humble /usr/bin/cmake --build /home/sunrise/amphibious_ws/build/my_carto_pkg -- -j8 -l8
[0.461s] Invoking command in '/home/sunrise/amphibious_ws/build/my_carto_pkg': CMAKE_PREFIX_PATH=${CMAKE_PREFIX_PATH}:/opt/ros/humble /usr/bin/cmake --install /home/sunrise/amphibious_ws/build/my_carto_pkg
[0.538s] -- Install configuration: ""
[0.542s] -- Up-to-date: /home/sunrise/amphibious_ws/install/my_carto_pkg/share/my_carto_pkg/launch
[0.544s] -- Up-to-date: /home/sunrise/amphibious_ws/install/my_carto_pkg/share/my_carto_pkg/launch/fly_carto.launch.py
[0.546s] -- Installing: /home/sunrise/amphibious_ws/install/my_carto_pkg/share/my_carto_pkg/launch/amphi_carto.launch.py
[0.547s] -- Up-to-date: /home/sunrise/amphibious_ws/install/my_carto_pkg/share/my_carto_pkg/urdf
[0.548s] -- Up-to-date: /home/sunrise/amphibious_ws/install/my_carto_pkg/share/my_carto_pkg/urdf/fly.urdf
[0.548s] -- Up-to-date: /home/sunrise/amphibious_ws/install/my_carto_pkg/share/my_carto_pkg/configuration_files
[0.549s] -- Up-to-date: /home/sunrise/amphibious_ws/install/my_carto_pkg/share/my_carto_pkg/configuration_files/amphi.lua
[0.550s] -- Up-to-date: /home/sunrise/amphibious_ws/install/my_carto_pkg/share/my_carto_pkg/configuration_files/pose_graph.lua
[0.550s] -- Up-to-date: /home/sunrise/amphibious_ws/install/my_carto_pkg/share/my_carto_pkg/configuration_files/trajectory_builder_3d.lua
[0.551s] -- Up-to-date: /home/sunrise/amphibious_ws/install/my_carto_pkg/share/my_carto_pkg/configuration_files/trajectory_builder_2d.lua
[0.564s] -- Up-to-date: /home/sunrise/amphibious_ws/install/my_carto_pkg/share/my_carto_pkg/configuration_files/map_builder.lua
[0.565s] -- Up-to-date: /home/sunrise/amphibious_ws/install/my_carto_pkg/share/my_carto_pkg/configuration_files/trajectory_builder.lua
[0.595s] -- Up-to-date: /home/sunrise/amphibious_ws/install/my_carto_pkg/share/my_carto_pkg/configuration_files/fly.lua
[0.599s] -- Up-to-date: /home/sunrise/amphibious_ws/install/my_carto_pkg/share/ament_index/resource_index/package_run_dependencies/my_carto_pkg
[0.600s] -- Up-to-date: /home/sunrise/amphibious_ws/install/my_carto_pkg/share/ament_index/resource_index/parent_prefix_path/my_carto_pkg
[0.600s] -- Up-to-date: /home/sunrise/amphibious_ws/install/my_carto_pkg/share/my_carto_pkg/environment/ament_prefix_path.sh
[0.601s] -- Up-to-date: /home/sunrise/amphibious_ws/install/my_carto_pkg/share/my_carto_pkg/environment/ament_prefix_path.dsv
[0.602s] -- Up-to-date: /home/sunrise/amphibious_ws/install/my_carto_pkg/share/my_carto_pkg/environment/path.sh
[0.603s] -- Up-to-date: /home/sunrise/amphibious_ws/install/my_carto_pkg/share/my_carto_pkg/environment/path.dsv
[0.604s] -- Up-to-date: /home/sunrise/amphibious_ws/install/my_carto_pkg/share/my_carto_pkg/local_setup.bash
[0.604s] -- Up-to-date: /home/sunrise/amphibious_ws/install/my_carto_pkg/share/my_carto_pkg/local_setup.sh
[0.605s] -- Up-to-date: /home/sunrise/amphibious_ws/install/my_carto_pkg/share/my_carto_pkg/local_setup.zsh
[0.606s] -- Up-to-date: /home/sunrise/amphibious_ws/install/my_carto_pkg/share/my_carto_pkg/local_setup.dsv
[0.607s] -- Installing: /home/sunrise/amphibious_ws/install/my_carto_pkg/share/my_carto_pkg/package.dsv
[0.608s] -- Up-to-date: /home/sunrise/amphibious_ws/install/my_carto_pkg/share/ament_index/resource_index/packages/my_carto_pkg
[0.611s] -- Up-to-date: /home/sunrise/amphibious_ws/install/my_carto_pkg/share/my_carto_pkg/cmake/my_carto_pkgConfig.cmake
[0.612s] -- Up-to-date: /home/sunrise/amphibious_ws/install/my_carto_pkg/share/my_carto_pkg/cmake/my_carto_pkgConfig-version.cmake
[0.613s] -- Up-to-date: /home/sunrise/amphibious_ws/install/my_carto_pkg/share/my_carto_pkg/package.xml
[0.615s] Invoked command in '/home/sunrise/amphibious_ws/build/my_carto_pkg' returned '0': CMAKE_PREFIX_PATH=${CMAKE_PREFIX_PATH}:/opt/ros/humble /usr/bin/cmake --install /home/sunrise/amphibious_ws/build/my_carto_pkg
