[0.144s] Invoking command in '/home/sunrise/amphibious_ws/build/com_pkg': CMAKE_PREFIX_PATH=${CMAKE_PREFIX_PATH}:/opt/ros/humble /usr/bin/cmake --build /home/sunrise/amphibious_ws/build/com_pkg -- -j8 -l8
[0.703s] [ 50%] Built target com_node
[0.704s] [100%] Built target com_node_without_imu
[0.900s] Invoked command in '/home/sunrise/amphibious_ws/build/com_pkg' returned '0': CMAKE_PREFIX_PATH=${CMAKE_PREFIX_PATH}:/opt/ros/humble /usr/bin/cmake --build /home/sunrise/amphibious_ws/build/com_pkg -- -j8 -l8
[0.903s] Invoking command in '/home/sunrise/amphibious_ws/build/com_pkg': CMAKE_PREFIX_PATH=${CMAKE_PREFIX_PATH}:/opt/ros/humble /usr/bin/cmake --install /home/sunrise/amphibious_ws/build/com_pkg
[0.948s] -- Install configuration: ""
[0.949s] -- Up-to-date: /home/sunrise/amphibious_ws/install/com_pkg/lib/com_pkg/com_node
[0.961s] -- Up-to-date: /home/sunrise/amphibious_ws/install/com_pkg/lib/com_pkg/com_node_without_imu
[0.962s] -- Up-to-date: /home/sunrise/amphibious_ws/install/com_pkg/share/ament_index/resource_index/package_run_dependencies/com_pkg
[0.963s] -- Up-to-date: /home/sunrise/amphibious_ws/install/com_pkg/share/ament_index/resource_index/parent_prefix_path/com_pkg
[0.964s] -- Up-to-date: /home/sunrise/amphibious_ws/install/com_pkg/share/com_pkg/environment/ament_prefix_path.sh
[0.965s] -- Up-to-date: /home/sunrise/amphibious_ws/install/com_pkg/share/com_pkg/environment/ament_prefix_path.dsv
[0.973s] -- Up-to-date: /home/sunrise/amphibious_ws/install/com_pkg/share/com_pkg/environment/path.sh
[0.974s] -- Up-to-date: /home/sunrise/amphibious_ws/install/com_pkg/share/com_pkg/environment/path.dsv
[0.975s] -- Up-to-date: /home/sunrise/amphibious_ws/install/com_pkg/share/com_pkg/local_setup.bash
[0.976s] -- Up-to-date: /home/sunrise/amphibious_ws/install/com_pkg/share/com_pkg/local_setup.sh
[0.977s] -- Up-to-date: /home/sunrise/amphibious_ws/install/com_pkg/share/com_pkg/local_setup.zsh
[0.977s] -- Up-to-date: /home/sunrise/amphibious_ws/install/com_pkg/share/com_pkg/local_setup.dsv
[0.991s] -- Installing: /home/sunrise/amphibious_ws/install/com_pkg/share/com_pkg/package.dsv
[0.992s] -- Up-to-date: /home/sunrise/amphibious_ws/install/com_pkg/share/ament_index/resource_index/packages/com_pkg
[0.993s] -- Up-to-date: /home/sunrise/amphibious_ws/install/com_pkg/share/com_pkg/cmake/com_pkgConfig.cmake
[0.994s] -- Up-to-date: /home/sunrise/amphibious_ws/install/com_pkg/share/com_pkg/cmake/com_pkgConfig-version.cmake
[0.994s] -- Up-to-date: /home/sunrise/amphibious_ws/install/com_pkg/share/com_pkg/package.xml
[0.996s] Invoked command in '/home/sunrise/amphibious_ws/build/com_pkg' returned '0': CMAKE_PREFIX_PATH=${CMAKE_PREFIX_PATH}:/opt/ros/humble /usr/bin/cmake --install /home/sunrise/amphibious_ws/build/com_pkg
