[8.475s] Invoking command in '/home/sunrise/amphibious_ws/src/yolo_detect_pkg': PYTHONPATH=/home/sunrise/amphibious_ws/build/yolo_detect_pkg/prefix_override:/usr/lib/python3/dist-packages/colcon_core/task/python/colcon_distutils_commands:/home/sunrise/amphibious_ws/install/yolo_detect_pkg/lib/python3.10/site-packages:${PYTHONPATH} /usr/bin/python3 -W ignore:setup.py install is deprecated -W ignore:easy_install command is deprecated setup.py egg_info --egg-base ../../build/yolo_detect_pkg build --build-base /home/sunrise/amphibious_ws/build/yolo_detect_pkg/build install --record /home/sunrise/amphibious_ws/build/yolo_detect_pkg/install.log --single-version-externally-managed install_data
[11.281s] running egg_info
[11.299s] writing ../../build/yolo_detect_pkg/yolo_detect_pkg.egg-info/PKG-INFO
[11.301s] writing dependency_links to ../../build/yolo_detect_pkg/yolo_detect_pkg.egg-info/dependency_links.txt
[11.302s] writing entry points to ../../build/yolo_detect_pkg/yolo_detect_pkg.egg-info/entry_points.txt
[11.304s] writing requirements to ../../build/yolo_detect_pkg/yolo_detect_pkg.egg-info/requires.txt
[11.305s] writing top-level names to ../../build/yolo_detect_pkg/yolo_detect_pkg.egg-info/top_level.txt
[11.319s] reading manifest file '../../build/yolo_detect_pkg/yolo_detect_pkg.egg-info/SOURCES.txt'
[11.320s] adding license file 'LICENSE'
[11.326s] writing manifest file '../../build/yolo_detect_pkg/yolo_detect_pkg.egg-info/SOURCES.txt'
[11.327s] running build
[11.327s] running build_py
[11.332s] running install
[11.333s] running install_lib
[11.342s] running install_data
[11.343s] running install_egg_info
[11.357s] removing '/home/sunrise/amphibious_ws/install/yolo_detect_pkg/lib/python3.10/site-packages/yolo_detect_pkg-0.0.0-py3.10.egg-info' (and everything under it)
[11.359s] Copying ../../build/yolo_detect_pkg/yolo_detect_pkg.egg-info to /home/sunrise/amphibious_ws/install/yolo_detect_pkg/lib/python3.10/site-packages/yolo_detect_pkg-0.0.0-py3.10.egg-info
[11.367s] running install_scripts
[11.518s] Installing yolo11_detect script to /home/sunrise/amphibious_ws/install/yolo_detect_pkg/lib/yolo_detect_pkg
[11.519s] Installing yolo11_detect_lifecycle script to /home/sunrise/amphibious_ws/install/yolo_detect_pkg/lib/yolo_detect_pkg
[11.521s] writing list of installed files to '/home/sunrise/amphibious_ws/build/yolo_detect_pkg/install.log'
[11.812s] Invoked command in '/home/sunrise/amphibious_ws/src/yolo_detect_pkg' returned '0': PYTHONPATH=/home/sunrise/amphibious_ws/build/yolo_detect_pkg/prefix_override:/usr/lib/python3/dist-packages/colcon_core/task/python/colcon_distutils_commands:/home/sunrise/amphibious_ws/install/yolo_detect_pkg/lib/python3.10/site-packages:${PYTHONPATH} /usr/bin/python3 -W ignore:setup.py install is deprecated -W ignore:easy_install command is deprecated setup.py egg_info --egg-base ../../build/yolo_detect_pkg build --build-base /home/sunrise/amphibious_ws/build/yolo_detect_pkg/build install --record /home/sunrise/amphibious_ws/build/yolo_detect_pkg/install.log --single-version-externally-managed install_data
