[0.261s] Invoking command in '/home/sunrise/amphibious_ws/build/lifecycle_control_pkg': CMAKE_PREFIX_PATH=${CMAKE_PREFIX_PATH}:/home/sunrise/amphibious_ws/install/yolo_detect_pkg:/opt/tros/humble:/opt/ros/humble /usr/bin/cmake --build /home/sunrise/amphibious_ws/build/lifecycle_control_pkg -- -j8 -l8
[3.443s] [100%] Built target lifecycle_control_node
[3.530s] Invoked command in '/home/sunrise/amphibious_ws/build/lifecycle_control_pkg' returned '0': CMAKE_PREFIX_PATH=${CMAKE_PREFIX_PATH}:/home/sunrise/amphibious_ws/install/yolo_detect_pkg:/opt/tros/humble:/opt/ros/humble /usr/bin/cmake --build /home/sunrise/amphibious_ws/build/lifecycle_control_pkg -- -j8 -l8
[3.534s] Invoking command in '/home/sunrise/amphibious_ws/build/lifecycle_control_pkg': CMAKE_PREFIX_PATH=${CMAKE_PREFIX_PATH}:/home/sunrise/amphibious_ws/install/yolo_detect_pkg:/opt/tros/humble:/opt/ros/humble /usr/bin/cmake --install /home/sunrise/amphibious_ws/build/lifecycle_control_pkg
[3.768s] -- Install configuration: ""
[3.769s] -- Up-to-date: /home/sunrise/amphibious_ws/install/lifecycle_control_pkg/lib/lifecycle_control_pkg/lifecycle_control_node
[3.770s] -- Up-to-date: /home/sunrise/amphibious_ws/install/lifecycle_control_pkg/share/ament_index/resource_index/package_run_dependencies/lifecycle_control_pkg
[3.772s] -- Up-to-date: /home/sunrise/amphibious_ws/install/lifecycle_control_pkg/share/ament_index/resource_index/parent_prefix_path/lifecycle_control_pkg
[3.776s] -- Up-to-date: /home/sunrise/amphibious_ws/install/lifecycle_control_pkg/share/lifecycle_control_pkg/environment/ament_prefix_path.sh
[3.778s] -- Up-to-date: /home/sunrise/amphibious_ws/install/lifecycle_control_pkg/share/lifecycle_control_pkg/environment/ament_prefix_path.dsv
[3.781s] -- Up-to-date: /home/sunrise/amphibious_ws/install/lifecycle_control_pkg/share/lifecycle_control_pkg/environment/path.sh
[3.786s] -- Up-to-date: /home/sunrise/amphibious_ws/install/lifecycle_control_pkg/share/lifecycle_control_pkg/environment/path.dsv
[3.790s] -- Up-to-date: /home/sunrise/amphibious_ws/install/lifecycle_control_pkg/share/lifecycle_control_pkg/local_setup.bash
[3.797s] -- Up-to-date: /home/sunrise/amphibious_ws/install/lifecycle_control_pkg/share/lifecycle_control_pkg/local_setup.sh
[3.798s] -- Up-to-date: /home/sunrise/amphibious_ws/install/lifecycle_control_pkg/share/lifecycle_control_pkg/local_setup.zsh
[3.798s] -- Up-to-date: /home/sunrise/amphibious_ws/install/lifecycle_control_pkg/share/lifecycle_control_pkg/local_setup.dsv
[3.799s] -- Installing: /home/sunrise/amphibious_ws/install/lifecycle_control_pkg/share/lifecycle_control_pkg/package.dsv
[3.801s] -- Up-to-date: /home/sunrise/amphibious_ws/install/lifecycle_control_pkg/share/ament_index/resource_index/packages/lifecycle_control_pkg
[3.802s] -- Up-to-date: /home/sunrise/amphibious_ws/install/lifecycle_control_pkg/share/lifecycle_control_pkg/cmake/lifecycle_control_pkgConfig.cmake
[3.803s] -- Up-to-date: /home/sunrise/amphibious_ws/install/lifecycle_control_pkg/share/lifecycle_control_pkg/cmake/lifecycle_control_pkgConfig-version.cmake
[3.804s] -- Up-to-date: /home/sunrise/amphibious_ws/install/lifecycle_control_pkg/share/lifecycle_control_pkg/package.xml
[4.051s] Invoked command in '/home/sunrise/amphibious_ws/build/lifecycle_control_pkg' returned '0': CMAKE_PREFIX_PATH=${CMAKE_PREFIX_PATH}:/home/sunrise/amphibious_ws/install/yolo_detect_pkg:/opt/tros/humble:/opt/ros/humble /usr/bin/cmake --install /home/sunrise/amphibious_ws/build/lifecycle_control_pkg
