[0.157s] Invoking command in '/home/sunrise/amphibious_ws/build/com_pkg': CMAKE_PREFIX_PATH=${CMAKE_PREFIX_PATH}:/opt/ros/humble /usr/bin/cmake --build /home/sunrise/amphibious_ws/build/com_pkg -- -j8 -l8
[0.774s] [ 50%] Built target com_node_without_imu
[0.855s] [100%] Built target com_node
[1.071s] Invoked command in '/home/sunrise/amphibious_ws/build/com_pkg' returned '0': CMAKE_PREFIX_PATH=${CMAKE_PREFIX_PATH}:/opt/ros/humble /usr/bin/cmake --build /home/sunrise/amphibious_ws/build/com_pkg -- -j8 -l8
[1.085s] Invoking command in '/home/sunrise/amphibious_ws/build/com_pkg': CMAKE_PREFIX_PATH=${CMAKE_PREFIX_PATH}:/opt/ros/humble /usr/bin/cmake --install /home/sunrise/amphibious_ws/build/com_pkg
[1.133s] -- Install configuration: ""
[1.134s] -- Up-to-date: /home/sunrise/amphibious_ws/install/com_pkg/lib/com_pkg/com_node
[1.136s] -- Up-to-date: /home/sunrise/amphibious_ws/install/com_pkg/lib/com_pkg/com_node_without_imu
[1.139s] -- Up-to-date: /home/sunrise/amphibious_ws/install/com_pkg/share/ament_index/resource_index/package_run_dependencies/com_pkg
[1.145s] -- Up-to-date: /home/sunrise/amphibious_ws/install/com_pkg/share/ament_index/resource_index/parent_prefix_path/com_pkg
[1.145s] -- Up-to-date: /home/sunrise/amphibious_ws/install/com_pkg/share/com_pkg/environment/ament_prefix_path.sh
[1.164s] -- Up-to-date: /home/sunrise/amphibious_ws/install/com_pkg/share/com_pkg/environment/ament_prefix_path.dsv
[1.165s] -- Up-to-date: /home/sunrise/amphibious_ws/install/com_pkg/share/com_pkg/environment/path.sh
[1.166s] -- Up-to-date: /home/sunrise/amphibious_ws/install/com_pkg/share/com_pkg/environment/path.dsv
[1.166s] -- Up-to-date: /home/sunrise/amphibious_ws/install/com_pkg/share/com_pkg/local_setup.bash
[1.167s] -- Up-to-date: /home/sunrise/amphibious_ws/install/com_pkg/share/com_pkg/local_setup.sh
[1.168s] -- Up-to-date: /home/sunrise/amphibious_ws/install/com_pkg/share/com_pkg/local_setup.zsh
[1.169s] -- Up-to-date: /home/sunrise/amphibious_ws/install/com_pkg/share/com_pkg/local_setup.dsv
[1.169s] -- Installing: /home/sunrise/amphibious_ws/install/com_pkg/share/com_pkg/package.dsv
[1.172s] -- Up-to-date: /home/sunrise/amphibious_ws/install/com_pkg/share/ament_index/resource_index/packages/com_pkg
[1.173s] -- Up-to-date: /home/sunrise/amphibious_ws/install/com_pkg/share/com_pkg/cmake/com_pkgConfig.cmake
[1.174s] -- Up-to-date: /home/sunrise/amphibious_ws/install/com_pkg/share/com_pkg/cmake/com_pkgConfig-version.cmake
[1.175s] -- Up-to-date: /home/sunrise/amphibious_ws/install/com_pkg/share/com_pkg/package.xml
[1.176s] Invoked command in '/home/sunrise/amphibious_ws/build/com_pkg' returned '0': CMAKE_PREFIX_PATH=${CMAKE_PREFIX_PATH}:/opt/ros/humble /usr/bin/cmake --install /home/sunrise/amphibious_ws/build/com_pkg
