[0.118s] Invoking command in '/home/sunrise/amphibious_ws/build/my_carto_pkg': CMAKE_PREFIX_PATH=${CMAKE_PREFIX_PATH}:/opt/ros/humble /usr/bin/cmake --build /home/sunrise/amphibious_ws/build/my_carto_pkg -- -j8 -l8
[0.347s] Invoked command in '/home/sunrise/amphibious_ws/build/my_carto_pkg' returned '0': CMAKE_PREFIX_PATH=${CMAKE_PREFIX_PATH}:/opt/ros/humble /usr/bin/cmake --build /home/sunrise/amphibious_ws/build/my_carto_pkg -- -j8 -l8
[0.490s] Invoking command in '/home/sunrise/amphibious_ws/build/my_carto_pkg': CMAKE_PREFIX_PATH=${CMAKE_PREFIX_PATH}:/opt/ros/humble /usr/bin/cmake --install /home/sunrise/amphibious_ws/build/my_carto_pkg
[0.555s] -- Install configuration: ""
[0.569s] -- Up-to-date: /home/sunrise/amphibious_ws/install/my_carto_pkg/share/my_carto_pkg/launch
[0.570s] -- Up-to-date: /home/sunrise/amphibious_ws/install/my_carto_pkg/share/my_carto_pkg/launch/fly_carto.launch.py
[0.572s] -- Installing: /home/sunrise/amphibious_ws/install/my_carto_pkg/share/my_carto_pkg/launch/amphi_carto.launch.py
[0.574s] -- Up-to-date: /home/sunrise/amphibious_ws/install/my_carto_pkg/share/my_carto_pkg/urdf
[0.576s] -- Up-to-date: /home/sunrise/amphibious_ws/install/my_carto_pkg/share/my_carto_pkg/urdf/fly.urdf
[0.578s] -- Up-to-date: /home/sunrise/amphibious_ws/install/my_carto_pkg/share/my_carto_pkg/configuration_files
[0.579s] -- Up-to-date: /home/sunrise/amphibious_ws/install/my_carto_pkg/share/my_carto_pkg/configuration_files/amphi.lua
[0.581s] -- Up-to-date: /home/sunrise/amphibious_ws/install/my_carto_pkg/share/my_carto_pkg/configuration_files/pose_graph.lua
[0.582s] -- Up-to-date: /home/sunrise/amphibious_ws/install/my_carto_pkg/share/my_carto_pkg/configuration_files/trajectory_builder_3d.lua
[0.583s] -- Up-to-date: /home/sunrise/amphibious_ws/install/my_carto_pkg/share/my_carto_pkg/configuration_files/trajectory_builder_2d.lua
[0.585s] -- Up-to-date: /home/sunrise/amphibious_ws/install/my_carto_pkg/share/my_carto_pkg/configuration_files/map_builder.lua
[0.586s] -- Up-to-date: /home/sunrise/amphibious_ws/install/my_carto_pkg/share/my_carto_pkg/configuration_files/trajectory_builder.lua
[0.589s] -- Up-to-date: /home/sunrise/amphibious_ws/install/my_carto_pkg/share/my_carto_pkg/configuration_files/fly.lua
[0.594s] -- Up-to-date: /home/sunrise/amphibious_ws/install/my_carto_pkg/share/ament_index/resource_index/package_run_dependencies/my_carto_pkg
[0.598s] -- Up-to-date: /home/sunrise/amphibious_ws/install/my_carto_pkg/share/ament_index/resource_index/parent_prefix_path/my_carto_pkg
[0.599s] -- Up-to-date: /home/sunrise/amphibious_ws/install/my_carto_pkg/share/my_carto_pkg/environment/ament_prefix_path.sh
[0.599s] -- Up-to-date: /home/sunrise/amphibious_ws/install/my_carto_pkg/share/my_carto_pkg/environment/ament_prefix_path.dsv
[0.612s] -- Up-to-date: /home/sunrise/amphibious_ws/install/my_carto_pkg/share/my_carto_pkg/environment/path.sh
[0.613s] -- Up-to-date: /home/sunrise/amphibious_ws/install/my_carto_pkg/share/my_carto_pkg/environment/path.dsv
[0.614s] -- Up-to-date: /home/sunrise/amphibious_ws/install/my_carto_pkg/share/my_carto_pkg/local_setup.bash
[0.615s] -- Up-to-date: /home/sunrise/amphibious_ws/install/my_carto_pkg/share/my_carto_pkg/local_setup.sh
[0.615s] -- Up-to-date: /home/sunrise/amphibious_ws/install/my_carto_pkg/share/my_carto_pkg/local_setup.zsh
[0.648s] -- Up-to-date: /home/sunrise/amphibious_ws/install/my_carto_pkg/share/my_carto_pkg/local_setup.dsv
[0.649s] -- Installing: /home/sunrise/amphibious_ws/install/my_carto_pkg/share/my_carto_pkg/package.dsv
[0.649s] -- Up-to-date: /home/sunrise/amphibious_ws/install/my_carto_pkg/share/ament_index/resource_index/packages/my_carto_pkg
[0.650s] -- Up-to-date: /home/sunrise/amphibious_ws/install/my_carto_pkg/share/my_carto_pkg/cmake/my_carto_pkgConfig.cmake
[0.651s] -- Up-to-date: /home/sunrise/amphibious_ws/install/my_carto_pkg/share/my_carto_pkg/cmake/my_carto_pkgConfig-version.cmake
[0.651s] -- Up-to-date: /home/sunrise/amphibious_ws/install/my_carto_pkg/share/my_carto_pkg/package.xml
[0.654s] Invoked command in '/home/sunrise/amphibious_ws/build/my_carto_pkg' returned '0': CMAKE_PREFIX_PATH=${CMAKE_PREFIX_PATH}:/opt/ros/humble /usr/bin/cmake --install /home/sunrise/amphibious_ws/build/my_carto_pkg
