[6.207s] Invoking command in '/home/sunrise/amphibious_ws/src/yolo_detect_pkg': PYTHONPATH=/home/sunrise/amphibious_ws/build/yolo_detect_pkg/prefix_override:/usr/lib/python3/dist-packages/colcon_core/task/python/colcon_distutils_commands:/home/sunrise/amphibious_ws/install/yolo_detect_pkg/lib/python3.10/site-packages:${PYTHONPATH} /usr/bin/python3 -W ignore:setup.py install is deprecated -W ignore:easy_install command is deprecated setup.py egg_info --egg-base ../../build/yolo_detect_pkg build --build-base /home/sunrise/amphibious_ws/build/yolo_detect_pkg/build install --record /home/sunrise/amphibious_ws/build/yolo_detect_pkg/install.log --single-version-externally-managed install_data
[8.709s] running egg_info
[8.755s] writing ../../build/yolo_detect_pkg/yolo_detect_pkg.egg-info/PKG-INFO
[8.758s] writing dependency_links to ../../build/yolo_detect_pkg/yolo_detect_pkg.egg-info/dependency_links.txt
[8.762s] writing entry points to ../../build/yolo_detect_pkg/yolo_detect_pkg.egg-info/entry_points.txt
[8.763s] writing requirements to ../../build/yolo_detect_pkg/yolo_detect_pkg.egg-info/requires.txt
[8.765s] writing top-level names to ../../build/yolo_detect_pkg/yolo_detect_pkg.egg-info/top_level.txt
[8.776s] reading manifest file '../../build/yolo_detect_pkg/yolo_detect_pkg.egg-info/SOURCES.txt'
[8.778s] adding license file 'LICENSE'
[8.782s] writing manifest file '../../build/yolo_detect_pkg/yolo_detect_pkg.egg-info/SOURCES.txt'
[8.784s] running build
[8.786s] running build_py
[8.789s] running install
[8.792s] running install_lib
[8.800s] running install_data
[8.801s] running install_egg_info
[8.816s] removing '/home/sunrise/amphibious_ws/install/yolo_detect_pkg/lib/python3.10/site-packages/yolo_detect_pkg-0.0.0-py3.10.egg-info' (and everything under it)
[8.825s] Copying ../../build/yolo_detect_pkg/yolo_detect_pkg.egg-info to /home/sunrise/amphibious_ws/install/yolo_detect_pkg/lib/python3.10/site-packages/yolo_detect_pkg-0.0.0-py3.10.egg-info
[8.826s] running install_scripts
[8.978s] Installing yolo_detect script to /home/sunrise/amphibious_ws/install/yolo_detect_pkg/lib/yolo_detect_pkg
[8.980s] writing list of installed files to '/home/sunrise/amphibious_ws/build/yolo_detect_pkg/install.log'
[9.249s] Invoked command in '/home/sunrise/amphibious_ws/src/yolo_detect_pkg' returned '0': PYTHONPATH=/home/sunrise/amphibious_ws/build/yolo_detect_pkg/prefix_override:/usr/lib/python3/dist-packages/colcon_core/task/python/colcon_distutils_commands:/home/sunrise/amphibious_ws/install/yolo_detect_pkg/lib/python3.10/site-packages:${PYTHONPATH} /usr/bin/python3 -W ignore:setup.py install is deprecated -W ignore:easy_install command is deprecated setup.py egg_info --egg-base ../../build/yolo_detect_pkg build --build-base /home/sunrise/amphibious_ws/build/yolo_detect_pkg/build install --record /home/sunrise/amphibious_ws/build/yolo_detect_pkg/install.log --single-version-externally-managed install_data
