[0.325s] Invoking command in '/home/sunrise/amphibious_ws/build/base_lidar': CMAKE_PREFIX_PATH=${CMAKE_PREFIX_PATH}:/home/sunrise/amphibious_ws/install/yolo_detect_pkg:/opt/tros/humble:/opt/ros/humble /usr/bin/cmake --build /home/sunrise/amphibious_ws/build/base_lidar -- -j8 -l8
[3.421s] [  3%] Built target base_lidar__cpp
[3.422s] [ 12%] Built target base_lidar__rosidl_generator_c
[3.422s] [ 12%] Built target ament_cmake_python_copy_base_lidar
[3.430s] [ 22%] Built target base_lidar__rosidl_typesupport_introspection_c
[3.433s] [ 32%] Built target base_lidar__rosidl_typesupport_introspection_cpp
[3.434s] [ 41%] Built target base_lidar__rosidl_typesupport_fastrtps_c
[3.440s] [ 51%] Built target base_lidar__rosidl_typesupport_c
[3.441s] [ 61%] Built target base_lidar__rosidl_typesupport_cpp
[3.442s] [ 70%] Built target base_lidar__rosidl_typesupport_fastrtps_cpp
[3.442s] [ 70%] Built target base_lidar
[3.443s] [ 74%] Built target base_lidar__py
[3.444s] [ 80%] Built target base_lidar__rosidl_generator_py
[3.446s] [ 87%] Built target base_lidar__rosidl_typesupport_fastrtps_c__pyext
[3.446s] [ 93%] Built target base_lidar__rosidl_typesupport_c__pyext
[3.453s] [100%] Built target base_lidar__rosidl_typesupport_introspection_c__pyext
[3.454s] running egg_info
[3.455s] writing base_lidar.egg-info/PKG-INFO
[3.455s] writing dependency_links to base_lidar.egg-info/dependency_links.txt
[3.456s] writing top-level names to base_lidar.egg-info/top_level.txt
[3.457s] reading manifest file 'base_lidar.egg-info/SOURCES.txt'
[3.457s] writing manifest file 'base_lidar.egg-info/SOURCES.txt'
[3.636s] [100%] Built target ament_cmake_python_build_base_lidar_egg
[4.241s] Invoked command in '/home/sunrise/amphibious_ws/build/base_lidar' returned '0': CMAKE_PREFIX_PATH=${CMAKE_PREFIX_PATH}:/home/sunrise/amphibious_ws/install/yolo_detect_pkg:/opt/tros/humble:/opt/ros/humble /usr/bin/cmake --build /home/sunrise/amphibious_ws/build/base_lidar -- -j8 -l8
[4.244s] Invoking command in '/home/sunrise/amphibious_ws/build/base_lidar': CMAKE_PREFIX_PATH=${CMAKE_PREFIX_PATH}:/home/sunrise/amphibious_ws/install/yolo_detect_pkg:/opt/tros/humble:/opt/ros/humble /usr/bin/cmake --install /home/sunrise/amphibious_ws/build/base_lidar
[4.506s] -- Install configuration: ""
[4.506s] -- Up-to-date: /home/sunrise/amphibious_ws/install/base_lidar/share/ament_index/resource_index/rosidl_interfaces/base_lidar
[4.507s] -- Up-to-date: /home/sunrise/amphibious_ws/install/base_lidar/include/base_lidar/base_lidar
[4.508s] -- Up-to-date: /home/sunrise/amphibious_ws/install/base_lidar/include/base_lidar/base_lidar/msg
[4.508s] -- Up-to-date: /home/sunrise/amphibious_ws/install/base_lidar/include/base_lidar/base_lidar/msg/rosidl_generator_c__visibility_control.h
[4.509s] -- Up-to-date: /home/sunrise/amphibious_ws/install/base_lidar/include/base_lidar/base_lidar/srv
[4.510s] -- Up-to-date: /home/sunrise/amphibious_ws/install/base_lidar/include/base_lidar/base_lidar/srv/control.h
[4.511s] -- Up-to-date: /home/sunrise/amphibious_ws/install/base_lidar/include/base_lidar/base_lidar/srv/detail
[4.511s] -- Up-to-date: /home/sunrise/amphibious_ws/install/base_lidar/include/base_lidar/base_lidar/srv/detail/control__struct.h
[4.512s] -- Up-to-date: /home/sunrise/amphibious_ws/install/base_lidar/include/base_lidar/base_lidar/srv/detail/control__type_support.h
[4.512s] -- Up-to-date: /home/sunrise/amphibious_ws/install/base_lidar/include/base_lidar/base_lidar/srv/detail/control__functions.c
[4.513s] -- Up-to-date: /home/sunrise/amphibious_ws/install/base_lidar/include/base_lidar/base_lidar/srv/detail/control__functions.h
[4.515s] -- Up-to-date: /home/sunrise/amphibious_ws/install/base_lidar/share/base_lidar/environment/library_path.sh
[4.516s] -- Up-to-date: /home/sunrise/amphibious_ws/install/base_lidar/share/base_lidar/environment/library_path.dsv
[4.516s] -- Up-to-date: /home/sunrise/amphibious_ws/install/base_lidar/lib/libbase_lidar__rosidl_generator_c.so
[4.517s] -- Up-to-date: /home/sunrise/amphibious_ws/install/base_lidar/include/base_lidar/base_lidar
[4.518s] -- Up-to-date: /home/sunrise/amphibious_ws/install/base_lidar/include/base_lidar/base_lidar/msg
[4.518s] -- Up-to-date: /home/sunrise/amphibious_ws/install/base_lidar/include/base_lidar/base_lidar/msg/rosidl_typesupport_fastrtps_c__visibility_control.h
[4.519s] -- Up-to-date: /home/sunrise/amphibious_ws/install/base_lidar/include/base_lidar/base_lidar/srv
[4.520s] -- Up-to-date: /home/sunrise/amphibious_ws/install/base_lidar/include/base_lidar/base_lidar/srv/detail
[4.521s] -- Up-to-date: /home/sunrise/amphibious_ws/install/base_lidar/include/base_lidar/base_lidar/srv/detail/control__rosidl_typesupport_fastrtps_c.h
[4.521s] -- Up-to-date: /home/sunrise/amphibious_ws/install/base_lidar/lib/libbase_lidar__rosidl_typesupport_fastrtps_c.so
[4.523s] -- Up-to-date: /home/sunrise/amphibious_ws/install/base_lidar/include/base_lidar/base_lidar
[4.524s] -- Up-to-date: /home/sunrise/amphibious_ws/install/base_lidar/include/base_lidar/base_lidar/msg
[4.525s] -- Up-to-date: /home/sunrise/amphibious_ws/install/base_lidar/include/base_lidar/base_lidar/msg/rosidl_generator_cpp__visibility_control.hpp
[4.525s] -- Up-to-date: /home/sunrise/amphibious_ws/install/base_lidar/include/base_lidar/base_lidar/srv
[4.526s] -- Up-to-date: /home/sunrise/amphibious_ws/install/base_lidar/include/base_lidar/base_lidar/srv/detail
[4.527s] -- Up-to-date: /home/sunrise/amphibious_ws/install/base_lidar/include/base_lidar/base_lidar/srv/detail/control__struct.hpp
[4.528s] -- Up-to-date: /home/sunrise/amphibious_ws/install/base_lidar/include/base_lidar/base_lidar/srv/detail/control__traits.hpp
[4.529s] -- Up-to-date: /home/sunrise/amphibious_ws/install/base_lidar/include/base_lidar/base_lidar/srv/detail/control__type_support.hpp
[4.529s] -- Up-to-date: /home/sunrise/amphibious_ws/install/base_lidar/include/base_lidar/base_lidar/srv/detail/control__builder.hpp
[4.530s] -- Up-to-date: /home/sunrise/amphibious_ws/install/base_lidar/include/base_lidar/base_lidar/srv/control.hpp
[4.531s] -- Up-to-date: /home/sunrise/amphibious_ws/install/base_lidar/include/base_lidar/base_lidar
[4.532s] -- Up-to-date: /home/sunrise/amphibious_ws/install/base_lidar/include/base_lidar/base_lidar/msg
[4.533s] -- Up-to-date: /home/sunrise/amphibious_ws/install/base_lidar/include/base_lidar/base_lidar/msg/rosidl_typesupport_fastrtps_cpp__visibility_control.h
[4.534s] -- Up-to-date: /home/sunrise/amphibious_ws/install/base_lidar/include/base_lidar/base_lidar/srv
[4.534s] -- Up-to-date: /home/sunrise/amphibious_ws/install/base_lidar/include/base_lidar/base_lidar/srv/detail
[4.535s] -- Up-to-date: /home/sunrise/amphibious_ws/install/base_lidar/include/base_lidar/base_lidar/srv/detail/dds_fastrtps
[4.536s] -- Up-to-date: /home/sunrise/amphibious_ws/install/base_lidar/include/base_lidar/base_lidar/srv/detail/control__rosidl_typesupport_fastrtps_cpp.hpp
[4.537s] -- Up-to-date: /home/sunrise/amphibious_ws/install/base_lidar/lib/libbase_lidar__rosidl_typesupport_fastrtps_cpp.so
[4.538s] -- Up-to-date: /home/sunrise/amphibious_ws/install/base_lidar/include/base_lidar/base_lidar
[4.564s] -- Up-to-date: /home/sunrise/amphibious_ws/install/base_lidar/include/base_lidar/base_lidar/msg
[4.564s] -- Up-to-date: /home/sunrise/amphibious_ws/install/base_lidar/include/base_lidar/base_lidar/msg/rosidl_typesupport_introspection_c__visibility_control.h
[4.565s] -- Up-to-date: /home/sunrise/amphibious_ws/install/base_lidar/include/base_lidar/base_lidar/srv
[4.566s] -- Up-to-date: /home/sunrise/amphibious_ws/install/base_lidar/include/base_lidar/base_lidar/srv/detail
[4.567s] -- Up-to-date: /home/sunrise/amphibious_ws/install/base_lidar/include/base_lidar/base_lidar/srv/detail/control__type_support.c
[4.567s] -- Up-to-date: /home/sunrise/amphibious_ws/install/base_lidar/include/base_lidar/base_lidar/srv/detail/control__rosidl_typesupport_introspection_c.h
[4.568s] -- Up-to-date: /home/sunrise/amphibious_ws/install/base_lidar/lib/libbase_lidar__rosidl_typesupport_introspection_c.so
[4.569s] -- Up-to-date: /home/sunrise/amphibious_ws/install/base_lidar/lib/libbase_lidar__rosidl_typesupport_c.so
[4.569s] -- Up-to-date: /home/sunrise/amphibious_ws/install/base_lidar/include/base_lidar/base_lidar
[4.570s] -- Up-to-date: /home/sunrise/amphibious_ws/install/base_lidar/include/base_lidar/base_lidar/srv
[4.571s] -- Up-to-date: /home/sunrise/amphibious_ws/install/base_lidar/include/base_lidar/base_lidar/srv/detail
[4.572s] -- Up-to-date: /home/sunrise/amphibious_ws/install/base_lidar/include/base_lidar/base_lidar/srv/detail/control__rosidl_typesupport_introspection_cpp.hpp
[4.573s] -- Up-to-date: /home/sunrise/amphibious_ws/install/base_lidar/include/base_lidar/base_lidar/srv/detail/control__type_support.cpp
[4.573s] -- Up-to-date: /home/sunrise/amphibious_ws/install/base_lidar/lib/libbase_lidar__rosidl_typesupport_introspection_cpp.so
[4.574s] -- Up-to-date: /home/sunrise/amphibious_ws/install/base_lidar/lib/libbase_lidar__rosidl_typesupport_cpp.so
[4.575s] -- Up-to-date: /home/sunrise/amphibious_ws/install/base_lidar/share/base_lidar/environment/pythonpath.sh
[4.576s] -- Up-to-date: /home/sunrise/amphibious_ws/install/base_lidar/share/base_lidar/environment/pythonpath.dsv
[4.576s] -- Up-to-date: /home/sunrise/amphibious_ws/install/base_lidar/local/lib/python3.10/dist-packages/base_lidar-0.0.0-py3.10.egg-info
[4.577s] -- Installing: /home/sunrise/amphibious_ws/install/base_lidar/local/lib/python3.10/dist-packages/base_lidar-0.0.0-py3.10.egg-info/SOURCES.txt
[4.578s] -- Installing: /home/sunrise/amphibious_ws/install/base_lidar/local/lib/python3.10/dist-packages/base_lidar-0.0.0-py3.10.egg-info/top_level.txt
[4.579s] -- Installing: /home/sunrise/amphibious_ws/install/base_lidar/local/lib/python3.10/dist-packages/base_lidar-0.0.0-py3.10.egg-info/dependency_links.txt
[4.580s] -- Installing: /home/sunrise/amphibious_ws/install/base_lidar/local/lib/python3.10/dist-packages/base_lidar-0.0.0-py3.10.egg-info/PKG-INFO
[4.580s] -- Up-to-date: /home/sunrise/amphibious_ws/install/base_lidar/local/lib/python3.10/dist-packages/base_lidar
[4.581s] -- Up-to-date: /home/sunrise/amphibious_ws/install/base_lidar/local/lib/python3.10/dist-packages/base_lidar/libbase_lidar__rosidl_generator_py.so
[4.582s] -- Up-to-date: /home/sunrise/amphibious_ws/install/base_lidar/local/lib/python3.10/dist-packages/base_lidar/base_lidar_s__rosidl_typesupport_introspection_c.cpython-310-aarch64-linux-gnu.so
[4.583s] -- Up-to-date: /home/sunrise/amphibious_ws/install/base_lidar/local/lib/python3.10/dist-packages/base_lidar/srv
[4.584s] -- Up-to-date: /home/sunrise/amphibious_ws/install/base_lidar/local/lib/python3.10/dist-packages/base_lidar/srv/_control_s.c
[4.585s] -- Up-to-date: /home/sunrise/amphibious_ws/install/base_lidar/local/lib/python3.10/dist-packages/base_lidar/srv/__init__.py
[4.586s] -- Up-to-date: /home/sunrise/amphibious_ws/install/base_lidar/local/lib/python3.10/dist-packages/base_lidar/srv/_control.py
[4.587s] -- Up-to-date: /home/sunrise/amphibious_ws/install/base_lidar/local/lib/python3.10/dist-packages/base_lidar/_base_lidar_s.ep.rosidl_typesupport_fastrtps_c.c
[4.588s] -- Up-to-date: /home/sunrise/amphibious_ws/install/base_lidar/local/lib/python3.10/dist-packages/base_lidar/base_lidar_s__rosidl_typesupport_c.cpython-310-aarch64-linux-gnu.so
[4.588s] -- Up-to-date: /home/sunrise/amphibious_ws/install/base_lidar/local/lib/python3.10/dist-packages/base_lidar/_base_lidar_s.ep.rosidl_typesupport_c.c
[4.589s] -- Up-to-date: /home/sunrise/amphibious_ws/install/base_lidar/local/lib/python3.10/dist-packages/base_lidar/__init__.py
[4.591s] -- Up-to-date: /home/sunrise/amphibious_ws/install/base_lidar/local/lib/python3.10/dist-packages/base_lidar/base_lidar_s__rosidl_typesupport_fastrtps_c.cpython-310-aarch64-linux-gnu.so
[4.591s] -- Up-to-date: /home/sunrise/amphibious_ws/install/base_lidar/local/lib/python3.10/dist-packages/base_lidar/_base_lidar_s.ep.rosidl_typesupport_introspection_c.c
[4.605s] Listing '/home/sunrise/amphibious_ws/install/base_lidar/local/lib/python3.10/dist-packages/base_lidar'...
[4.606s] Listing '/home/sunrise/amphibious_ws/install/base_lidar/local/lib/python3.10/dist-packages/base_lidar/srv'...
[4.649s] -- Up-to-date: /home/sunrise/amphibious_ws/install/base_lidar/local/lib/python3.10/dist-packages/base_lidar/base_lidar_s__rosidl_typesupport_fastrtps_c.cpython-310-aarch64-linux-gnu.so
[4.650s] -- Up-to-date: /home/sunrise/amphibious_ws/install/base_lidar/local/lib/python3.10/dist-packages/base_lidar/base_lidar_s__rosidl_typesupport_introspection_c.cpython-310-aarch64-linux-gnu.so
[4.652s] -- Up-to-date: /home/sunrise/amphibious_ws/install/base_lidar/local/lib/python3.10/dist-packages/base_lidar/base_lidar_s__rosidl_typesupport_c.cpython-310-aarch64-linux-gnu.so
[4.654s] -- Up-to-date: /home/sunrise/amphibious_ws/install/base_lidar/lib/libbase_lidar__rosidl_generator_py.so
[4.659s] -- Up-to-date: /home/sunrise/amphibious_ws/install/base_lidar/share/base_lidar/srv/Control.idl
[4.660s] -- Up-to-date: /home/sunrise/amphibious_ws/install/base_lidar/share/base_lidar/srv/Control.srv
[4.661s] -- Up-to-date: /home/sunrise/amphibious_ws/install/base_lidar/share/base_lidar/srv/Control_Request.msg
[4.665s] -- Up-to-date: /home/sunrise/amphibious_ws/install/base_lidar/share/base_lidar/srv/Control_Response.msg
[4.670s] -- Up-to-date: /home/sunrise/amphibious_ws/install/base_lidar/share/ament_index/resource_index/package_run_dependencies/base_lidar
[4.671s] -- Up-to-date: /home/sunrise/amphibious_ws/install/base_lidar/share/ament_index/resource_index/parent_prefix_path/base_lidar
[4.675s] -- Up-to-date: /home/sunrise/amphibious_ws/install/base_lidar/share/base_lidar/environment/ament_prefix_path.sh
[4.680s] -- Up-to-date: /home/sunrise/amphibious_ws/install/base_lidar/share/base_lidar/environment/ament_prefix_path.dsv
[4.681s] -- Up-to-date: /home/sunrise/amphibious_ws/install/base_lidar/share/base_lidar/environment/path.sh
[4.682s] -- Up-to-date: /home/sunrise/amphibious_ws/install/base_lidar/share/base_lidar/environment/path.dsv
[4.683s] -- Up-to-date: /home/sunrise/amphibious_ws/install/base_lidar/share/base_lidar/local_setup.bash
[4.683s] -- Up-to-date: /home/sunrise/amphibious_ws/install/base_lidar/share/base_lidar/local_setup.sh
[4.684s] -- Up-to-date: /home/sunrise/amphibious_ws/install/base_lidar/share/base_lidar/local_setup.zsh
[4.685s] -- Up-to-date: /home/sunrise/amphibious_ws/install/base_lidar/share/base_lidar/local_setup.dsv
[4.686s] -- Installing: /home/sunrise/amphibious_ws/install/base_lidar/share/base_lidar/package.dsv
[4.707s] -- Up-to-date: /home/sunrise/amphibious_ws/install/base_lidar/share/ament_index/resource_index/packages/base_lidar
[4.708s] -- Up-to-date: /home/sunrise/amphibious_ws/install/base_lidar/share/base_lidar/cmake/export_base_lidar__rosidl_generator_cExport.cmake
[4.709s] -- Up-to-date: /home/sunrise/amphibious_ws/install/base_lidar/share/base_lidar/cmake/export_base_lidar__rosidl_generator_cExport-noconfig.cmake
[4.710s] -- Up-to-date: /home/sunrise/amphibious_ws/install/base_lidar/share/base_lidar/cmake/export_base_lidar__rosidl_typesupport_fastrtps_cExport.cmake
[4.714s] -- Up-to-date: /home/sunrise/amphibious_ws/install/base_lidar/share/base_lidar/cmake/export_base_lidar__rosidl_typesupport_fastrtps_cExport-noconfig.cmake
[4.715s] -- Up-to-date: /home/sunrise/amphibious_ws/install/base_lidar/share/base_lidar/cmake/export_base_lidar__rosidl_generator_cppExport.cmake
[4.715s] -- Up-to-date: /home/sunrise/amphibious_ws/install/base_lidar/share/base_lidar/cmake/export_base_lidar__rosidl_typesupport_fastrtps_cppExport.cmake
[4.717s] -- Up-to-date: /home/sunrise/amphibious_ws/install/base_lidar/share/base_lidar/cmake/export_base_lidar__rosidl_typesupport_fastrtps_cppExport-noconfig.cmake
[4.719s] -- Up-to-date: /home/sunrise/amphibious_ws/install/base_lidar/share/base_lidar/cmake/base_lidar__rosidl_typesupport_introspection_cExport.cmake
[4.721s] -- Up-to-date: /home/sunrise/amphibious_ws/install/base_lidar/share/base_lidar/cmake/base_lidar__rosidl_typesupport_introspection_cExport-noconfig.cmake
[4.724s] -- Up-to-date: /home/sunrise/amphibious_ws/install/base_lidar/share/base_lidar/cmake/base_lidar__rosidl_typesupport_cExport.cmake
[4.726s] -- Up-to-date: /home/sunrise/amphibious_ws/install/base_lidar/share/base_lidar/cmake/base_lidar__rosidl_typesupport_cExport-noconfig.cmake
[4.727s] -- Up-to-date: /home/sunrise/amphibious_ws/install/base_lidar/share/base_lidar/cmake/base_lidar__rosidl_typesupport_introspection_cppExport.cmake
[4.727s] -- Up-to-date: /home/sunrise/amphibious_ws/install/base_lidar/share/base_lidar/cmake/base_lidar__rosidl_typesupport_introspection_cppExport-noconfig.cmake
[4.733s] -- Up-to-date: /home/sunrise/amphibious_ws/install/base_lidar/share/base_lidar/cmake/base_lidar__rosidl_typesupport_cppExport.cmake
[4.734s] -- Up-to-date: /home/sunrise/amphibious_ws/install/base_lidar/share/base_lidar/cmake/base_lidar__rosidl_typesupport_cppExport-noconfig.cmake
[4.734s] -- Up-to-date: /home/sunrise/amphibious_ws/install/base_lidar/share/base_lidar/cmake/export_base_lidar__rosidl_generator_pyExport.cmake
[4.735s] -- Up-to-date: /home/sunrise/amphibious_ws/install/base_lidar/share/base_lidar/cmake/export_base_lidar__rosidl_generator_pyExport-noconfig.cmake
[4.736s] -- Up-to-date: /home/sunrise/amphibious_ws/install/base_lidar/share/base_lidar/cmake/rosidl_cmake-extras.cmake
[4.737s] -- Up-to-date: /home/sunrise/amphibious_ws/install/base_lidar/share/base_lidar/cmake/ament_cmake_export_include_directories-extras.cmake
[4.737s] -- Up-to-date: /home/sunrise/amphibious_ws/install/base_lidar/share/base_lidar/cmake/ament_cmake_export_libraries-extras.cmake
[4.738s] -- Up-to-date: /home/sunrise/amphibious_ws/install/base_lidar/share/base_lidar/cmake/ament_cmake_export_targets-extras.cmake
[4.739s] -- Up-to-date: /home/sunrise/amphibious_ws/install/base_lidar/share/base_lidar/cmake/rosidl_cmake_export_typesupport_targets-extras.cmake
[4.741s] -- Up-to-date: /home/sunrise/amphibious_ws/install/base_lidar/share/base_lidar/cmake/ament_cmake_export_dependencies-extras.cmake
[4.742s] -- Up-to-date: /home/sunrise/amphibious_ws/install/base_lidar/share/base_lidar/cmake/rosidl_cmake_export_typesupport_libraries-extras.cmake
[4.747s] -- Up-to-date: /home/sunrise/amphibious_ws/install/base_lidar/share/base_lidar/cmake/base_lidarConfig.cmake
[4.751s] -- Up-to-date: /home/sunrise/amphibious_ws/install/base_lidar/share/base_lidar/cmake/base_lidarConfig-version.cmake
[4.757s] -- Up-to-date: /home/sunrise/amphibious_ws/install/base_lidar/share/base_lidar/package.xml
[4.758s] Invoked command in '/home/sunrise/amphibious_ws/build/base_lidar' returned '0': CMAKE_PREFIX_PATH=${CMAKE_PREFIX_PATH}:/home/sunrise/amphibious_ws/install/yolo_detect_pkg:/opt/tros/humble:/opt/ros/humble /usr/bin/cmake --install /home/sunrise/amphibious_ws/build/base_lidar
