[8.417s] Invoking command in '/home/sunrise/amphibious_ws/src/yolo_detect_pkg': PYTHONPATH=/home/sunrise/amphibious_ws/build/yolo_detect_pkg/prefix_override:/usr/lib/python3/dist-packages/colcon_core/task/python/colcon_distutils_commands:/home/sunrise/amphibious_ws/install/yolo_detect_pkg/lib/python3.10/site-packages:${PYTHONPATH} /usr/bin/python3 -W ignore:setup.py install is deprecated -W ignore:easy_install command is deprecated setup.py egg_info --egg-base ../../build/yolo_detect_pkg build --build-base /home/sunrise/amphibious_ws/build/yolo_detect_pkg/build install --record /home/sunrise/amphibious_ws/build/yolo_detect_pkg/install.log --single-version-externally-managed install_data
[11.001s] running egg_info
[11.020s] writing ../../build/yolo_detect_pkg/yolo_detect_pkg.egg-info/PKG-INFO
[11.022s] writing dependency_links to ../../build/yolo_detect_pkg/yolo_detect_pkg.egg-info/dependency_links.txt
[11.024s] writing entry points to ../../build/yolo_detect_pkg/yolo_detect_pkg.egg-info/entry_points.txt
[11.028s] writing requirements to ../../build/yolo_detect_pkg/yolo_detect_pkg.egg-info/requires.txt
[11.029s] writing top-level names to ../../build/yolo_detect_pkg/yolo_detect_pkg.egg-info/top_level.txt
[11.042s] reading manifest file '../../build/yolo_detect_pkg/yolo_detect_pkg.egg-info/SOURCES.txt'
[11.044s] adding license file 'LICENSE'
[11.050s] writing manifest file '../../build/yolo_detect_pkg/yolo_detect_pkg.egg-info/SOURCES.txt'
[11.051s] running build
[11.052s] running build_py
[11.053s] running install
[11.056s] running install_lib
[11.071s] running install_data
[11.072s] running install_egg_info
[11.083s] removing '/home/sunrise/amphibious_ws/install/yolo_detect_pkg/lib/python3.10/site-packages/yolo_detect_pkg-0.0.0-py3.10.egg-info' (and everything under it)
[11.086s] Copying ../../build/yolo_detect_pkg/yolo_detect_pkg.egg-info to /home/sunrise/amphibious_ws/install/yolo_detect_pkg/lib/python3.10/site-packages/yolo_detect_pkg-0.0.0-py3.10.egg-info
[11.093s] running install_scripts
[11.245s] Installing yolo11_detect script to /home/sunrise/amphibious_ws/install/yolo_detect_pkg/lib/yolo_detect_pkg
[11.246s] Installing yolo11_detect_lifecycle script to /home/sunrise/amphibious_ws/install/yolo_detect_pkg/lib/yolo_detect_pkg
[11.249s] writing list of installed files to '/home/sunrise/amphibious_ws/build/yolo_detect_pkg/install.log'
[11.544s] Invoked command in '/home/sunrise/amphibious_ws/src/yolo_detect_pkg' returned '0': PYTHONPATH=/home/sunrise/amphibious_ws/build/yolo_detect_pkg/prefix_override:/usr/lib/python3/dist-packages/colcon_core/task/python/colcon_distutils_commands:/home/sunrise/amphibious_ws/install/yolo_detect_pkg/lib/python3.10/site-packages:${PYTHONPATH} /usr/bin/python3 -W ignore:setup.py install is deprecated -W ignore:easy_install command is deprecated setup.py egg_info --egg-base ../../build/yolo_detect_pkg build --build-base /home/sunrise/amphibious_ws/build/yolo_detect_pkg/build install --record /home/sunrise/amphibious_ws/build/yolo_detect_pkg/install.log --single-version-externally-managed install_data
