[0.380s] Invoking command in '/home/sunrise/amphibious_ws/build/item_locate_pkg': CMAKE_PREFIX_PATH=${CMAKE_PREFIX_PATH}:/home/sunrise/amphibious_ws/install/yolo_detect_pkg:/opt/tros/humble:/opt/ros/humble /usr/bin/cmake --build /home/sunrise/amphibious_ws/build/item_locate_pkg -- -j8 -l8
[4.603s] [100%] Built target item_locate_node
[4.655s] Invoked command in '/home/sunrise/amphibious_ws/build/item_locate_pkg' returned '0': CMAKE_PREFIX_PATH=${CMAKE_PREFIX_PATH}:/home/sunrise/amphibious_ws/install/yolo_detect_pkg:/opt/tros/humble:/opt/ros/humble /usr/bin/cmake --build /home/sunrise/amphibious_ws/build/item_locate_pkg -- -j8 -l8
[4.672s] Invoking command in '/home/sunrise/amphibious_ws/build/item_locate_pkg': CMAKE_PREFIX_PATH=${CMAKE_PREFIX_PATH}:/home/sunrise/amphibious_ws/install/yolo_detect_pkg:/opt/tros/humble:/opt/ros/humble /usr/bin/cmake --install /home/sunrise/amphibious_ws/build/item_locate_pkg
[4.896s] -- Install configuration: ""
[4.896s] -- Up-to-date: /home/sunrise/amphibious_ws/install/item_locate_pkg/lib/item_locate_pkg/item_locate_node
[4.897s] -- Up-to-date: /home/sunrise/amphibious_ws/install/item_locate_pkg/share/item_locate_pkg/launch
[4.899s] -- Up-to-date: /home/sunrise/amphibious_ws/install/item_locate_pkg/share/item_locate_pkg/launch/item_locate.launch.py
[4.900s] -- Up-to-date: /home/sunrise/amphibious_ws/install/item_locate_pkg/share/ament_index/resource_index/package_run_dependencies/item_locate_pkg
[4.901s] -- Up-to-date: /home/sunrise/amphibious_ws/install/item_locate_pkg/share/ament_index/resource_index/parent_prefix_path/item_locate_pkg
[4.902s] -- Up-to-date: /home/sunrise/amphibious_ws/install/item_locate_pkg/share/item_locate_pkg/environment/ament_prefix_path.sh
[4.903s] -- Up-to-date: /home/sunrise/amphibious_ws/install/item_locate_pkg/share/item_locate_pkg/environment/ament_prefix_path.dsv
[4.904s] -- Up-to-date: /home/sunrise/amphibious_ws/install/item_locate_pkg/share/item_locate_pkg/environment/path.sh
[4.905s] -- Up-to-date: /home/sunrise/amphibious_ws/install/item_locate_pkg/share/item_locate_pkg/environment/path.dsv
[4.906s] -- Up-to-date: /home/sunrise/amphibious_ws/install/item_locate_pkg/share/item_locate_pkg/local_setup.bash
[4.907s] -- Up-to-date: /home/sunrise/amphibious_ws/install/item_locate_pkg/share/item_locate_pkg/local_setup.sh
[4.908s] -- Up-to-date: /home/sunrise/amphibious_ws/install/item_locate_pkg/share/item_locate_pkg/local_setup.zsh
[4.932s] -- Up-to-date: /home/sunrise/amphibious_ws/install/item_locate_pkg/share/item_locate_pkg/local_setup.dsv
[4.936s] -- Installing: /home/sunrise/amphibious_ws/install/item_locate_pkg/share/item_locate_pkg/package.dsv
[4.940s] -- Up-to-date: /home/sunrise/amphibious_ws/install/item_locate_pkg/share/ament_index/resource_index/packages/item_locate_pkg
[4.944s] -- Up-to-date: /home/sunrise/amphibious_ws/install/item_locate_pkg/share/item_locate_pkg/cmake/item_locate_pkgConfig.cmake
[4.945s] -- Up-to-date: /home/sunrise/amphibious_ws/install/item_locate_pkg/share/item_locate_pkg/cmake/item_locate_pkgConfig-version.cmake
[4.946s] -- Up-to-date: /home/sunrise/amphibious_ws/install/item_locate_pkg/share/item_locate_pkg/package.xml
[5.469s] Invoked command in '/home/sunrise/amphibious_ws/build/item_locate_pkg' returned '0': CMAKE_PREFIX_PATH=${CMAKE_PREFIX_PATH}:/home/sunrise/amphibious_ws/install/yolo_detect_pkg:/opt/tros/humble:/opt/ros/humble /usr/bin/cmake --install /home/sunrise/amphibious_ws/build/item_locate_pkg
