[0.150s] Invoking command in '/home/sunrise/amphibious_ws/build/com_pkg': CMAKE_PREFIX_PATH=${CMAKE_PREFIX_PATH}:/opt/ros/humble /usr/bin/cmake --build /home/sunrise/amphibious_ws/build/com_pkg -- -j8 -l8
[0.701s] [ 50%] Built target com_node
[0.713s] [100%] Built target com_node_without_imu
[0.875s] Invoked command in '/home/sunrise/amphibious_ws/build/com_pkg' returned '0': CMAKE_PREFIX_PATH=${CMAKE_PREFIX_PATH}:/opt/ros/humble /usr/bin/cmake --build /home/sunrise/amphibious_ws/build/com_pkg -- -j8 -l8
[0.885s] Invoking command in '/home/sunrise/amphibious_ws/build/com_pkg': CMAKE_PREFIX_PATH=${CMAKE_PREFIX_PATH}:/opt/ros/humble /usr/bin/cmake --install /home/sunrise/amphibious_ws/build/com_pkg
[0.925s] -- Install configuration: ""
[0.928s] -- Up-to-date: /home/sunrise/amphibious_ws/install/com_pkg/lib/com_pkg/com_node
[0.937s] -- Up-to-date: /home/sunrise/amphibious_ws/install/com_pkg/lib/com_pkg/com_node_without_imu
[0.938s] -- Up-to-date: /home/sunrise/amphibious_ws/install/com_pkg/share/ament_index/resource_index/package_run_dependencies/com_pkg
[0.939s] -- Up-to-date: /home/sunrise/amphibious_ws/install/com_pkg/share/ament_index/resource_index/parent_prefix_path/com_pkg
[0.939s] -- Up-to-date: /home/sunrise/amphibious_ws/install/com_pkg/share/com_pkg/environment/ament_prefix_path.sh
[0.940s] -- Up-to-date: /home/sunrise/amphibious_ws/install/com_pkg/share/com_pkg/environment/ament_prefix_path.dsv
[0.941s] -- Up-to-date: /home/sunrise/amphibious_ws/install/com_pkg/share/com_pkg/environment/path.sh
[0.941s] -- Up-to-date: /home/sunrise/amphibious_ws/install/com_pkg/share/com_pkg/environment/path.dsv
[0.942s] -- Up-to-date: /home/sunrise/amphibious_ws/install/com_pkg/share/com_pkg/local_setup.bash
[0.943s] -- Up-to-date: /home/sunrise/amphibious_ws/install/com_pkg/share/com_pkg/local_setup.sh
[0.943s] -- Up-to-date: /home/sunrise/amphibious_ws/install/com_pkg/share/com_pkg/local_setup.zsh
[0.944s] -- Up-to-date: /home/sunrise/amphibious_ws/install/com_pkg/share/com_pkg/local_setup.dsv
[0.953s] -- Installing: /home/sunrise/amphibious_ws/install/com_pkg/share/com_pkg/package.dsv
[0.954s] -- Up-to-date: /home/sunrise/amphibious_ws/install/com_pkg/share/ament_index/resource_index/packages/com_pkg
[0.955s] -- Up-to-date: /home/sunrise/amphibious_ws/install/com_pkg/share/com_pkg/cmake/com_pkgConfig.cmake
[0.955s] -- Up-to-date: /home/sunrise/amphibious_ws/install/com_pkg/share/com_pkg/cmake/com_pkgConfig-version.cmake
[0.956s] -- Up-to-date: /home/sunrise/amphibious_ws/install/com_pkg/share/com_pkg/package.xml
[0.957s] Invoked command in '/home/sunrise/amphibious_ws/build/com_pkg' returned '0': CMAKE_PREFIX_PATH=${CMAKE_PREFIX_PATH}:/opt/ros/humble /usr/bin/cmake --install /home/sunrise/amphibious_ws/build/com_pkg
