[0.251s] Invoking command in '/home/sunrise/amphibious_ws/build/camera_pkg': CMAKE_PREFIX_PATH=${CMAKE_PREFIX_PATH}:/home/sunrise/amphibious_ws/install/yolo_detect_pkg:/opt/tros/humble:/opt/ros/humble /usr/bin/cmake --build /home/sunrise/amphibious_ws/build/camera_pkg -- -j8 -l8
[0.674s] [100%] Built target camera_pub
[2.814s] Invoked command in '/home/sunrise/amphibious_ws/build/camera_pkg' returned '0': CMAKE_PREFIX_PATH=${CMAKE_PREFIX_PATH}:/home/sunrise/amphibious_ws/install/yolo_detect_pkg:/opt/tros/humble:/opt/ros/humble /usr/bin/cmake --build /home/sunrise/amphibious_ws/build/camera_pkg -- -j8 -l8
[2.822s] Invoking command in '/home/sunrise/amphibious_ws/build/camera_pkg': CMAKE_PREFIX_PATH=${CMAKE_PREFIX_PATH}:/home/sunrise/amphibious_ws/install/yolo_detect_pkg:/opt/tros/humble:/opt/ros/humble /usr/bin/cmake --install /home/sunrise/amphibious_ws/build/camera_pkg
[2.948s] -- Install configuration: ""
[2.949s] -- Up-to-date: /home/sunrise/amphibious_ws/install/camera_pkg/lib/camera_pkg/camera_pub
[2.951s] -- Up-to-date: /home/sunrise/amphibious_ws/install/camera_pkg/share/ament_index/resource_index/package_run_dependencies/camera_pkg
[2.952s] -- Up-to-date: /home/sunrise/amphibious_ws/install/camera_pkg/share/ament_index/resource_index/parent_prefix_path/camera_pkg
[2.953s] -- Up-to-date: /home/sunrise/amphibious_ws/install/camera_pkg/share/camera_pkg/environment/ament_prefix_path.sh
[2.954s] -- Up-to-date: /home/sunrise/amphibious_ws/install/camera_pkg/share/camera_pkg/environment/ament_prefix_path.dsv
[2.955s] -- Up-to-date: /home/sunrise/amphibious_ws/install/camera_pkg/share/camera_pkg/environment/path.sh
[2.957s] -- Up-to-date: /home/sunrise/amphibious_ws/install/camera_pkg/share/camera_pkg/environment/path.dsv
[2.962s] -- Up-to-date: /home/sunrise/amphibious_ws/install/camera_pkg/share/camera_pkg/local_setup.bash
[2.963s] -- Up-to-date: /home/sunrise/amphibious_ws/install/camera_pkg/share/camera_pkg/local_setup.sh
[2.964s] -- Up-to-date: /home/sunrise/amphibious_ws/install/camera_pkg/share/camera_pkg/local_setup.zsh
[2.965s] -- Up-to-date: /home/sunrise/amphibious_ws/install/camera_pkg/share/camera_pkg/local_setup.dsv
[2.966s] -- Installing: /home/sunrise/amphibious_ws/install/camera_pkg/share/camera_pkg/package.dsv
[2.967s] -- Up-to-date: /home/sunrise/amphibious_ws/install/camera_pkg/share/ament_index/resource_index/packages/camera_pkg
[2.967s] -- Up-to-date: /home/sunrise/amphibious_ws/install/camera_pkg/share/camera_pkg/cmake/camera_pkgConfig.cmake
[2.968s] -- Up-to-date: /home/sunrise/amphibious_ws/install/camera_pkg/share/camera_pkg/cmake/camera_pkgConfig-version.cmake
[2.969s] -- Up-to-date: /home/sunrise/amphibious_ws/install/camera_pkg/share/camera_pkg/package.xml
[3.145s] Invoked command in '/home/sunrise/amphibious_ws/build/camera_pkg' returned '0': CMAKE_PREFIX_PATH=${CMAKE_PREFIX_PATH}:/home/sunrise/amphibious_ws/install/yolo_detect_pkg:/opt/tros/humble:/opt/ros/humble /usr/bin/cmake --install /home/sunrise/amphibious_ws/build/camera_pkg
