[35m[1mConsolidate compiler generated dependencies of target com_amp[0m
[ 33%] Built target com_amp
[ 66%] Built target com_node
[100%] Built target com_node_without_imu
-- Install configuration: ""
-- Up-to-date: /home/sunrise/amphibious_ws/install/com_pkg/lib/com_pkg/com_node
-- Up-to-date: /home/sunrise/amphibious_ws/install/com_pkg/lib/com_pkg/com_node_without_imu
-- Installing: /home/sunrise/amphibious_ws/install/com_pkg/lib/com_pkg/com_amp
-- Set runtime path of "/home/sunrise/amphibious_ws/install/com_pkg/lib/com_pkg/com_amp" to ""
-- Up-to-date: /home/sunrise/amphibious_ws/install/com_pkg/share/ament_index/resource_index/package_run_dependencies/com_pkg
-- Installing: /home/sunrise/amphibious_ws/install/com_pkg/share/ament_index/resource_index/parent_prefix_path/com_pkg
-- Up-to-date: /home/sunrise/amphibious_ws/install/com_pkg/share/com_pkg/environment/ament_prefix_path.sh
-- Installing: /home/sunrise/amphibious_ws/install/com_pkg/share/com_pkg/environment/ament_prefix_path.dsv
-- Up-to-date: /home/sunrise/amphibious_ws/install/com_pkg/share/com_pkg/environment/path.sh
-- Installing: /home/sunrise/amphibious_ws/install/com_pkg/share/com_pkg/environment/path.dsv
-- Up-to-date: /home/sunrise/amphibious_ws/install/com_pkg/share/com_pkg/local_setup.bash
-- Up-to-date: /home/sunrise/amphibious_ws/install/com_pkg/share/com_pkg/local_setup.sh
-- Up-to-date: /home/sunrise/amphibious_ws/install/com_pkg/share/com_pkg/local_setup.zsh
-- Installing: /home/sunrise/amphibious_ws/install/com_pkg/share/com_pkg/local_setup.dsv
-- Installing: /home/sunrise/amphibious_ws/install/com_pkg/share/com_pkg/package.dsv
-- Up-to-date: /home/sunrise/amphibious_ws/install/com_pkg/share/ament_index/resource_index/packages/com_pkg
-- Up-to-date: /home/sunrise/amphibious_ws/install/com_pkg/share/com_pkg/cmake/com_pkgConfig.cmake
-- Up-to-date: /home/sunrise/amphibious_ws/install/com_pkg/share/com_pkg/cmake/com_pkgConfig-version.cmake
-- Up-to-date: /home/sunrise/amphibious_ws/install/com_pkg/share/com_pkg/package.xml
