[0.285s] Invoking command in '/home/sunrise/amphibious_ws/build/com_pkg': CMAKE_PREFIX_PATH=${CMAKE_PREFIX_PATH}:/home/sunrise/amphibious_ws/install/yolo_detect_pkg:/opt/tros/humble:/opt/ros/humble /usr/bin/cmake --build /home/sunrise/amphibious_ws/build/com_pkg -- -j8 -l8
[3.203s] [ 50%] Built target com_node_without_imu
[3.206s] [100%] Built target com_node
[3.284s] Invoked command in '/home/sunrise/amphibious_ws/build/com_pkg' returned '0': CMAKE_PREFIX_PATH=${CMAKE_PREFIX_PATH}:/home/sunrise/amphibious_ws/install/yolo_detect_pkg:/opt/tros/humble:/opt/ros/humble /usr/bin/cmake --build /home/sunrise/amphibious_ws/build/com_pkg -- -j8 -l8
[3.287s] Invoking command in '/home/sunrise/amphibious_ws/build/com_pkg': CMAKE_PREFIX_PATH=${CMAKE_PREFIX_PATH}:/home/sunrise/amphibious_ws/install/yolo_detect_pkg:/opt/tros/humble:/opt/ros/humble /usr/bin/cmake --install /home/sunrise/amphibious_ws/build/com_pkg
[3.425s] -- Install configuration: ""
[3.426s] -- Up-to-date: /home/sunrise/amphibious_ws/install/com_pkg/lib/com_pkg/com_node
[3.427s] -- Up-to-date: /home/sunrise/amphibious_ws/install/com_pkg/lib/com_pkg/com_node_without_imu
[3.430s] -- Up-to-date: /home/sunrise/amphibious_ws/install/com_pkg/share/ament_index/resource_index/package_run_dependencies/com_pkg
[3.431s] -- Up-to-date: /home/sunrise/amphibious_ws/install/com_pkg/share/ament_index/resource_index/parent_prefix_path/com_pkg
[3.449s] -- Up-to-date: /home/sunrise/amphibious_ws/install/com_pkg/share/com_pkg/environment/ament_prefix_path.sh
[3.463s] -- Up-to-date: /home/sunrise/amphibious_ws/install/com_pkg/share/com_pkg/environment/ament_prefix_path.dsv
[3.464s] -- Up-to-date: /home/sunrise/amphibious_ws/install/com_pkg/share/com_pkg/environment/path.sh
[3.465s] -- Up-to-date: /home/sunrise/amphibious_ws/install/com_pkg/share/com_pkg/environment/path.dsv
[3.466s] -- Up-to-date: /home/sunrise/amphibious_ws/install/com_pkg/share/com_pkg/local_setup.bash
[3.471s] -- Up-to-date: /home/sunrise/amphibious_ws/install/com_pkg/share/com_pkg/local_setup.sh
[3.472s] -- Up-to-date: /home/sunrise/amphibious_ws/install/com_pkg/share/com_pkg/local_setup.zsh
[3.472s] -- Up-to-date: /home/sunrise/amphibious_ws/install/com_pkg/share/com_pkg/local_setup.dsv
[3.473s] -- Installing: /home/sunrise/amphibious_ws/install/com_pkg/share/com_pkg/package.dsv
[3.474s] -- Up-to-date: /home/sunrise/amphibious_ws/install/com_pkg/share/ament_index/resource_index/packages/com_pkg
[3.476s] -- Up-to-date: /home/sunrise/amphibious_ws/install/com_pkg/share/com_pkg/cmake/com_pkgConfig.cmake
[3.477s] -- Up-to-date: /home/sunrise/amphibious_ws/install/com_pkg/share/com_pkg/cmake/com_pkgConfig-version.cmake
[3.478s] -- Up-to-date: /home/sunrise/amphibious_ws/install/com_pkg/share/com_pkg/package.xml
[3.728s] Invoked command in '/home/sunrise/amphibious_ws/build/com_pkg' returned '0': CMAKE_PREFIX_PATH=${CMAKE_PREFIX_PATH}:/home/sunrise/amphibious_ws/install/yolo_detect_pkg:/opt/tros/humble:/opt/ros/humble /usr/bin/cmake --install /home/sunrise/amphibious_ws/build/com_pkg
