[0.121s] Invoking command in '/home/sunrise/amphibious_ws/build/i2c_pkg': CMAKE_PREFIX_PATH=${CMAKE_PREFIX_PATH}:/opt/ros/humble /usr/bin/cmake --build /home/sunrise/amphibious_ws/build/i2c_pkg -- -j8 -l8
[0.470s] [ 16%] Built target car_drive_pid
[0.595s] [ 33%] Built target target_pub
[0.597s] [ 50%] Built target car_drive
[0.599s] [ 66%] Built target car_drive_pid_pwm
[0.600s] [ 83%] Built target pid_velocity
[0.653s] [100%] Built target pid
[0.748s] Invoked command in '/home/sunrise/amphibious_ws/build/i2c_pkg' returned '0': CMAKE_PREFIX_PATH=${CMAKE_PREFIX_PATH}:/opt/ros/humble /usr/bin/cmake --build /home/sunrise/amphibious_ws/build/i2c_pkg -- -j8 -l8
[0.756s] Invoking command in '/home/sunrise/amphibious_ws/build/i2c_pkg': CMAKE_PREFIX_PATH=${CMAKE_PREFIX_PATH}:/opt/ros/humble /usr/bin/cmake --install /home/sunrise/amphibious_ws/build/i2c_pkg
[0.807s] -- Install configuration: ""
[0.811s] -- Up-to-date: /home/sunrise/amphibious_ws/install/i2c_pkg/lib/i2c_pkg/car_drive
[0.812s] -- Up-to-date: /home/sunrise/amphibious_ws/install/i2c_pkg/lib/i2c_pkg/pid
[0.813s] -- Up-to-date: /home/sunrise/amphibious_ws/install/i2c_pkg/lib/i2c_pkg/car_drive_pid
[0.814s] -- Up-to-date: /home/sunrise/amphibious_ws/install/i2c_pkg/lib/i2c_pkg/target_pub
[0.815s] -- Up-to-date: /home/sunrise/amphibious_ws/install/i2c_pkg/lib/i2c_pkg/pid_velocity
[0.816s] -- Up-to-date: /home/sunrise/amphibious_ws/install/i2c_pkg/lib/i2c_pkg/car_drive_pid_pwm
[0.817s] -- Up-to-date: /home/sunrise/amphibious_ws/install/i2c_pkg/share/ament_index/resource_index/package_run_dependencies/i2c_pkg
[0.818s] -- Up-to-date: /home/sunrise/amphibious_ws/install/i2c_pkg/share/ament_index/resource_index/parent_prefix_path/i2c_pkg
[0.819s] -- Up-to-date: /home/sunrise/amphibious_ws/install/i2c_pkg/share/i2c_pkg/environment/ament_prefix_path.sh
[0.819s] -- Up-to-date: /home/sunrise/amphibious_ws/install/i2c_pkg/share/i2c_pkg/environment/ament_prefix_path.dsv
[0.820s] -- Up-to-date: /home/sunrise/amphibious_ws/install/i2c_pkg/share/i2c_pkg/environment/path.sh
[0.821s] -- Up-to-date: /home/sunrise/amphibious_ws/install/i2c_pkg/share/i2c_pkg/environment/path.dsv
[0.823s] -- Up-to-date: /home/sunrise/amphibious_ws/install/i2c_pkg/share/i2c_pkg/local_setup.bash
[0.826s] -- Up-to-date: /home/sunrise/amphibious_ws/install/i2c_pkg/share/i2c_pkg/local_setup.sh
[0.827s] -- Up-to-date: /home/sunrise/amphibious_ws/install/i2c_pkg/share/i2c_pkg/local_setup.zsh
[0.828s] -- Up-to-date: /home/sunrise/amphibious_ws/install/i2c_pkg/share/i2c_pkg/local_setup.dsv
[0.829s] -- Installing: /home/sunrise/amphibious_ws/install/i2c_pkg/share/i2c_pkg/package.dsv
[0.831s] -- Up-to-date: /home/sunrise/amphibious_ws/install/i2c_pkg/share/ament_index/resource_index/packages/i2c_pkg
[0.832s] -- Up-to-date: /home/sunrise/amphibious_ws/install/i2c_pkg/share/i2c_pkg/cmake/i2c_pkgConfig.cmake
[0.832s] -- Up-to-date: /home/sunrise/amphibious_ws/install/i2c_pkg/share/i2c_pkg/cmake/i2c_pkgConfig-version.cmake
[0.833s] -- Up-to-date: /home/sunrise/amphibious_ws/install/i2c_pkg/share/i2c_pkg/package.xml
[0.920s] Invoked command in '/home/sunrise/amphibious_ws/build/i2c_pkg' returned '0': CMAKE_PREFIX_PATH=${CMAKE_PREFIX_PATH}:/opt/ros/humble /usr/bin/cmake --install /home/sunrise/amphibious_ws/build/i2c_pkg
