[0.237s] Invoking command in '/home/sunrise/amphibious_ws/build/my_carto_pkg': CMAKE_PREFIX_PATH=${CMAKE_PREFIX_PATH}:/home/sunrise/amphibious_ws/install/yolo_detect_pkg:/opt/tros/humble:/opt/ros/humble /usr/bin/cmake --build /home/sunrise/amphibious_ws/build/my_carto_pkg -- -j8 -l8
[3.281s] Invoked command in '/home/sunrise/amphibious_ws/build/my_carto_pkg' returned '0': CMAKE_PREFIX_PATH=${CMAKE_PREFIX_PATH}:/home/sunrise/amphibious_ws/install/yolo_detect_pkg:/opt/tros/humble:/opt/ros/humble /usr/bin/cmake --build /home/sunrise/amphibious_ws/build/my_carto_pkg -- -j8 -l8
[3.293s] Invoking command in '/home/sunrise/amphibious_ws/build/my_carto_pkg': CMAKE_PREFIX_PATH=${CMAKE_PREFIX_PATH}:/home/sunrise/amphibious_ws/install/yolo_detect_pkg:/opt/tros/humble:/opt/ros/humble /usr/bin/cmake --install /home/sunrise/amphibious_ws/build/my_carto_pkg
[3.440s] -- Install configuration: ""
[3.442s] -- Up-to-date: /home/sunrise/amphibious_ws/install/my_carto_pkg/share/my_carto_pkg/launch
[3.443s] -- Up-to-date: /home/sunrise/amphibious_ws/install/my_carto_pkg/share/my_carto_pkg/launch/fly_carto.launch.py
[3.451s] -- Installing: /home/sunrise/amphibious_ws/install/my_carto_pkg/share/my_carto_pkg/launch/amphi_carto.launch.py
[3.475s] -- Up-to-date: /home/sunrise/amphibious_ws/install/my_carto_pkg/share/my_carto_pkg/urdf
[3.476s] -- Up-to-date: /home/sunrise/amphibious_ws/install/my_carto_pkg/share/my_carto_pkg/urdf/fly.urdf
[3.477s] -- Up-to-date: /home/sunrise/amphibious_ws/install/my_carto_pkg/share/my_carto_pkg/configuration_files
[3.478s] -- Up-to-date: /home/sunrise/amphibious_ws/install/my_carto_pkg/share/my_carto_pkg/configuration_files/amphi.lua
[3.480s] -- Up-to-date: /home/sunrise/amphibious_ws/install/my_carto_pkg/share/my_carto_pkg/configuration_files/pose_graph.lua
[3.480s] -- Up-to-date: /home/sunrise/amphibious_ws/install/my_carto_pkg/share/my_carto_pkg/configuration_files/trajectory_builder_3d.lua
[3.481s] -- Up-to-date: /home/sunrise/amphibious_ws/install/my_carto_pkg/share/my_carto_pkg/configuration_files/trajectory_builder_2d.lua
[3.482s] -- Up-to-date: /home/sunrise/amphibious_ws/install/my_carto_pkg/share/my_carto_pkg/configuration_files/map_builder.lua
[3.484s] -- Up-to-date: /home/sunrise/amphibious_ws/install/my_carto_pkg/share/my_carto_pkg/configuration_files/trajectory_builder.lua
[3.485s] -- Up-to-date: /home/sunrise/amphibious_ws/install/my_carto_pkg/share/my_carto_pkg/configuration_files/fly.lua
[3.486s] -- Up-to-date: /home/sunrise/amphibious_ws/install/my_carto_pkg/share/ament_index/resource_index/package_run_dependencies/my_carto_pkg
[3.486s] -- Up-to-date: /home/sunrise/amphibious_ws/install/my_carto_pkg/share/ament_index/resource_index/parent_prefix_path/my_carto_pkg
[3.487s] -- Up-to-date: /home/sunrise/amphibious_ws/install/my_carto_pkg/share/my_carto_pkg/environment/ament_prefix_path.sh
[3.495s] -- Up-to-date: /home/sunrise/amphibious_ws/install/my_carto_pkg/share/my_carto_pkg/environment/ament_prefix_path.dsv
[3.500s] -- Up-to-date: /home/sunrise/amphibious_ws/install/my_carto_pkg/share/my_carto_pkg/environment/path.sh
[3.501s] -- Up-to-date: /home/sunrise/amphibious_ws/install/my_carto_pkg/share/my_carto_pkg/environment/path.dsv
[3.503s] -- Up-to-date: /home/sunrise/amphibious_ws/install/my_carto_pkg/share/my_carto_pkg/local_setup.bash
[3.522s] -- Up-to-date: /home/sunrise/amphibious_ws/install/my_carto_pkg/share/my_carto_pkg/local_setup.sh
[3.524s] -- Up-to-date: /home/sunrise/amphibious_ws/install/my_carto_pkg/share/my_carto_pkg/local_setup.zsh
[3.525s] -- Up-to-date: /home/sunrise/amphibious_ws/install/my_carto_pkg/share/my_carto_pkg/local_setup.dsv
[3.526s] -- Installing: /home/sunrise/amphibious_ws/install/my_carto_pkg/share/my_carto_pkg/package.dsv
[3.537s] -- Up-to-date: /home/sunrise/amphibious_ws/install/my_carto_pkg/share/ament_index/resource_index/packages/my_carto_pkg
[3.538s] -- Up-to-date: /home/sunrise/amphibious_ws/install/my_carto_pkg/share/my_carto_pkg/cmake/my_carto_pkgConfig.cmake
[3.539s] -- Up-to-date: /home/sunrise/amphibious_ws/install/my_carto_pkg/share/my_carto_pkg/cmake/my_carto_pkgConfig-version.cmake
[3.543s] -- Up-to-date: /home/sunrise/amphibious_ws/install/my_carto_pkg/share/my_carto_pkg/package.xml
[3.949s] Invoked command in '/home/sunrise/amphibious_ws/build/my_carto_pkg' returned '0': CMAKE_PREFIX_PATH=${CMAKE_PREFIX_PATH}:/home/sunrise/amphibious_ws/install/yolo_detect_pkg:/opt/tros/humble:/opt/ros/humble /usr/bin/cmake --install /home/sunrise/amphibious_ws/build/my_carto_pkg
