[0.187s] Invoking command in '/home/sunrise/amphibious_ws/build/base': CMAKE_PREFIX_PATH=${CMAKE_PREFIX_PATH}:/opt/ros/humble /usr/bin/cmake --build /home/sunrise/amphibious_ws/build/base -- -j8 -l8
[0.270s] gmake: 警告：文件“Makefile”的修改时间在未来 803812938 秒后
[0.418s] gmake[1]: 警告：文件“CMakeFiles/Makefile2”的修改时间在未来 803812938 秒后
[0.433s] gmake[2]: 警告：文件“CMakeFiles/base__cpp.dir/progress.make”的修改时间在未来 803812938 秒后
[0.441s] gmake[2]: 警告：文件“CMakeFiles/ament_cmake_python_copy_base.dir/progress.make”的修改时间在未来 803812938 秒后
[0.451s] gmake[2]: 警告：文件“CMakeFiles/base__rosidl_generator_c.dir/flags.make”的修改时间在未来 803812938 秒后
[0.491s] gmake[2]: 警告：检测到时钟错误。您的构建版本可能是不完整的。
[0.505s] gmake[2]: 警告：文件“CMakeFiles/base__cpp.dir/progress.make”的修改时间在未来 803812938 秒后
[0.530s] gmake[2]: 警告：检测到时钟错误。您的构建版本可能是不完整的。
[0.551s] gmake[2]: 警告：检测到时钟错误。您的构建版本可能是不完整的。
[0.565s] gmake[2]: 警告：文件“CMakeFiles/ament_cmake_python_copy_base.dir/progress.make”的修改时间在未来 803812938 秒后
[0.566s] [  3%] Built target base__cpp
[0.576s] gmake[2]: 警告：检测到时钟错误。您的构建版本可能是不完整的。
[0.663s] gmake[2]: 警告：文件“CMakeFiles/base__rosidl_generator_c.dir/flags.make”的修改时间在未来 803812938 秒后
[0.673s] gmake[2]: 警告：文件“CMakeFiles/base__rosidl_typesupport_cpp.dir/flags.make”的修改时间在未来 803812938 秒后
[0.688s] gmake[2]: 警告：检测到时钟错误。您的构建版本可能是不完整的。
[0.689s] gmake[2]: 警告：文件“CMakeFiles/base__rosidl_typesupport_fastrtps_cpp.dir/flags.make”的修改时间在未来 803812938 秒后
[0.689s] gmake[2]: 警告：文件“CMakeFiles/base__rosidl_typesupport_introspection_cpp.dir/flags.make”的修改时间在未来 803812938 秒后
[0.695s] gmake[2]: 警告：检测到时钟错误。您的构建版本可能是不完整的。
[0.695s] [ 12%] Built target base__rosidl_generator_c
[0.710s] gmake[2]: 警告：检测到时钟错误。您的构建版本可能是不完整的。
[0.710s] gmake[2]: 警告：检测到时钟错误。您的构建版本可能是不完整的。
[0.711s] gmake[2]: 警告：检测到时钟错误。您的构建版本可能是不完整的。
[0.712s] gmake[2]: 警告：文件“CMakeFiles/base__rosidl_typesupport_introspection_cpp.dir/flags.make”的修改时间在未来 803812938 秒后
[0.713s] gmake[2]: 警告：检测到时钟错误。您的构建版本可能是不完整的。
[0.718s] [ 12%] Built target ament_cmake_python_copy_base
[0.827s] gmake[2]: 警告：文件“CMakeFiles/base__rosidl_typesupport_cpp.dir/flags.make”的修改时间在未来 803812938 秒后
[0.842s] gmake[2]: 警告：文件“CMakeFiles/base__rosidl_typesupport_fastrtps_c.dir/flags.make”的修改时间在未来 803812938 秒后
[0.843s] gmake[2]: 警告：文件“CMakeFiles/base__rosidl_typesupport_fastrtps_cpp.dir/flags.make”的修改时间在未来 803812938 秒后
[0.844s] gmake[2]: 警告：检测到时钟错误。您的构建版本可能是不完整的。
[0.844s] gmake[2]: 警告：检测到时钟错误。您的构建版本可能是不完整的。
[0.855s] gmake[2]: 警告：文件“CMakeFiles/base__rosidl_typesupport_introspection_c.dir/flags.make”的修改时间在未来 803812938 秒后
[0.872s] [ 22%] Built target base__rosidl_typesupport_introspection_cpp
[0.883s] gmake[2]: 警告：文件“CMakeFiles/base__rosidl_typesupport_c.dir/flags.make”的修改时间在未来 803812938 秒后
[0.886s] gmake[2]: 警告：检测到时钟错误。您的构建版本可能是不完整的。
[0.887s] [ 32%] Built target base__rosidl_typesupport_cpp
[0.890s] gmake[2]: 警告：文件“CMakeFiles/ament_cmake_python_build_base_egg.dir/progress.make”的修改时间在未来 803812938 秒后
[0.891s] gmake[2]: 警告：文件“CMakeFiles/base__rosidl_typesupport_fastrtps_c.dir/flags.make”的修改时间在未来 803812938 秒后
[0.892s] gmake[2]: 警告：检测到时钟错误。您的构建版本可能是不完整的。
[0.893s] [ 41%] Built target base__rosidl_typesupport_fastrtps_cpp
[0.898s] gmake[2]: 警告：检测到时钟错误。您的构建版本可能是不完整的。
[0.909s] gmake[2]: 警告：检测到时钟错误。您的构建版本可能是不完整的。
[0.910s] gmake[2]: 警告：文件“CMakeFiles/base__rosidl_typesupport_c.dir/flags.make”的修改时间在未来 803812938 秒后
[0.911s] gmake[2]: 警告：检测到时钟错误。您的构建版本可能是不完整的。
[0.911s] gmake[2]: 警告：文件“CMakeFiles/base__rosidl_typesupport_introspection_c.dir/flags.make”的修改时间在未来 803812938 秒后
[0.912s] gmake[2]: 警告：检测到时钟错误。您的构建版本可能是不完整的。
[0.913s] [ 51%] Built target base__rosidl_typesupport_fastrtps_c
[0.914s] gmake[2]: 警告：检测到时钟错误。您的构建版本可能是不完整的。
[0.949s] [ 61%] Built target base__rosidl_typesupport_introspection_c
[0.954s] gmake[2]: 警告：文件“CMakeFiles/ament_cmake_python_build_base_egg.dir/progress.make”的修改时间在未来 803812938 秒后
[0.956s] [ 70%] Built target base__rosidl_typesupport_c
[0.967s] gmake[2]: 警告：文件“CMakeFiles/base.dir/progress.make”的修改时间在未来 803812938 秒后
[1.015s] gmake[2]: 警告：检测到时钟错误。您的构建版本可能是不完整的。
[1.024s] gmake[2]: 警告：文件“CMakeFiles/base.dir/progress.make”的修改时间在未来 803812938 秒后
[1.025s] gmake[2]: 警告：检测到时钟错误。您的构建版本可能是不完整的。
[1.073s] [ 70%] Built target base
[1.096s] gmake[2]: 警告：文件“base__py/CMakeFiles/base__py.dir/progress.make”的修改时间在未来 803812938 秒后
[1.164s] gmake[2]: 警告：检测到时钟错误。您的构建版本可能是不完整的。
[1.166s] gmake[2]: 警告：文件“base__py/CMakeFiles/base__py.dir/progress.make”的修改时间在未来 803812938 秒后
[1.174s] gmake[2]: 警告：检测到时钟错误。您的构建版本可能是不完整的。
[1.222s] [ 74%] Built target base__py
[1.224s] gmake[2]: 警告：文件“CMakeFiles/base__rosidl_generator_py.dir/flags.make”的修改时间在未来 803812937 秒后
[1.257s] gmake[2]: 警告：检测到时钟错误。您的构建版本可能是不完整的。
[1.269s] gmake[2]: 警告：文件“CMakeFiles/base__rosidl_generator_py.dir/flags.make”的修改时间在未来 803812937 秒后
[1.272s] gmake[2]: 警告：检测到时钟错误。您的构建版本可能是不完整的。
[1.309s] [ 80%] Built target base__rosidl_generator_py
[1.334s] gmake[2]: 警告：文件“CMakeFiles/base__rosidl_typesupport_c__pyext.dir/flags.make”的修改时间在未来 803812937 秒后
[1.335s] gmake[2]: 警告：文件“CMakeFiles/base__rosidl_typesupport_fastrtps_c__pyext.dir/flags.make”的修改时间在未来 803812937 秒后
[1.337s] gmake[2]: 警告：文件“CMakeFiles/base__rosidl_typesupport_introspection_c__pyext.dir/flags.make”的修改时间在未来 803812937 秒后
[1.381s] gmake[2]: 警告：检测到时钟错误。您的构建版本可能是不完整的。
[1.382s] gmake[2]: 警告：检测到时钟错误。您的构建版本可能是不完整的。
[1.385s] gmake[2]: 警告：检测到时钟错误。您的构建版本可能是不完整的。
[1.390s] gmake[2]: 警告：文件“CMakeFiles/base__rosidl_typesupport_c__pyext.dir/flags.make”的修改时间在未来 803812937 秒后
[1.393s] gmake[2]: 警告：检测到时钟错误。您的构建版本可能是不完整的。
[1.393s] gmake[2]: 警告：文件“CMakeFiles/base__rosidl_typesupport_fastrtps_c__pyext.dir/flags.make”的修改时间在未来 803812937 秒后
[1.395s] gmake[2]: 警告：检测到时钟错误。您的构建版本可能是不完整的。
[1.396s] gmake[2]: 警告：文件“CMakeFiles/base__rosidl_typesupport_introspection_c__pyext.dir/flags.make”的修改时间在未来 803812937 秒后
[1.399s] gmake[2]: 警告：检测到时钟错误。您的构建版本可能是不完整的。
[1.436s] [ 87%] Built target base__rosidl_typesupport_c__pyext
[1.437s] [ 93%] Built target base__rosidl_typesupport_fastrtps_c__pyext
[1.448s] [100%] Built target base__rosidl_typesupport_introspection_c__pyext
[3.070s] running egg_info
[3.075s] writing base.egg-info/PKG-INFO
[3.076s] writing dependency_links to base.egg-info/dependency_links.txt
[3.078s] writing top-level names to base.egg-info/top_level.txt
[3.100s] reading manifest file 'base.egg-info/SOURCES.txt'
[3.106s] writing manifest file 'base.egg-info/SOURCES.txt'
[3.315s] gmake[2]: 警告：检测到时钟错误。您的构建版本可能是不完整的。
[3.355s] [100%] Built target ament_cmake_python_build_base_egg
[3.362s] gmake[1]: 警告：检测到时钟错误。您的构建版本可能是不完整的。
[3.408s] gmake: 警告：检测到时钟错误。您的构建版本可能是不完整的。
[3.418s] Invoked command in '/home/sunrise/amphibious_ws/build/base' returned '0': CMAKE_PREFIX_PATH=${CMAKE_PREFIX_PATH}:/opt/ros/humble /usr/bin/cmake --build /home/sunrise/amphibious_ws/build/base -- -j8 -l8
[3.428s] Invoking command in '/home/sunrise/amphibious_ws/build/base': CMAKE_PREFIX_PATH=${CMAKE_PREFIX_PATH}:/opt/ros/humble /usr/bin/cmake --install /home/sunrise/amphibious_ws/build/base
[3.469s] -- Install configuration: ""
[3.470s] -- Up-to-date: /home/sunrise/amphibious_ws/install/base/share/ament_index/resource_index/rosidl_interfaces/base
[3.471s] -- Up-to-date: /home/sunrise/amphibious_ws/install/base/include/base/base
[3.472s] -- Up-to-date: /home/sunrise/amphibious_ws/install/base/include/base/base/msg
[3.473s] -- Up-to-date: /home/sunrise/amphibious_ws/install/base/include/base/base/msg/rosidl_generator_c__visibility_control.h
[3.473s] -- Up-to-date: /home/sunrise/amphibious_ws/install/base/include/base/base/srv
[3.474s] -- Up-to-date: /home/sunrise/amphibious_ws/install/base/include/base/base/srv/control.h
[3.475s] -- Up-to-date: /home/sunrise/amphibious_ws/install/base/include/base/base/srv/detail
[3.480s] -- Up-to-date: /home/sunrise/amphibious_ws/install/base/include/base/base/srv/detail/control__struct.h
[3.483s] -- Up-to-date: /home/sunrise/amphibious_ws/install/base/include/base/base/srv/detail/control__type_support.h
[3.484s] -- Up-to-date: /home/sunrise/amphibious_ws/install/base/include/base/base/srv/detail/control__functions.c
[3.485s] -- Up-to-date: /home/sunrise/amphibious_ws/install/base/include/base/base/srv/detail/control__functions.h
[3.487s] -- Up-to-date: /home/sunrise/amphibious_ws/install/base/share/base/environment/library_path.sh
[3.489s] -- Up-to-date: /home/sunrise/amphibious_ws/install/base/share/base/environment/library_path.dsv
[3.492s] -- Up-to-date: /home/sunrise/amphibious_ws/install/base/lib/libbase__rosidl_generator_c.so
[3.493s] -- Up-to-date: /home/sunrise/amphibious_ws/install/base/include/base/base
[3.495s] -- Up-to-date: /home/sunrise/amphibious_ws/install/base/include/base/base/msg
[3.496s] -- Up-to-date: /home/sunrise/amphibious_ws/install/base/include/base/base/msg/rosidl_typesupport_fastrtps_c__visibility_control.h
[3.497s] -- Up-to-date: /home/sunrise/amphibious_ws/install/base/include/base/base/srv
[3.498s] -- Up-to-date: /home/sunrise/amphibious_ws/install/base/include/base/base/srv/detail
[3.499s] -- Up-to-date: /home/sunrise/amphibious_ws/install/base/include/base/base/srv/detail/control__rosidl_typesupport_fastrtps_c.h
[3.500s] -- Up-to-date: /home/sunrise/amphibious_ws/install/base/lib/libbase__rosidl_typesupport_fastrtps_c.so
[3.501s] -- Up-to-date: /home/sunrise/amphibious_ws/install/base/include/base/base
[3.502s] -- Up-to-date: /home/sunrise/amphibious_ws/install/base/include/base/base/msg
[3.504s] -- Up-to-date: /home/sunrise/amphibious_ws/install/base/include/base/base/msg/rosidl_generator_cpp__visibility_control.hpp
[3.505s] -- Up-to-date: /home/sunrise/amphibious_ws/install/base/include/base/base/srv
[3.506s] -- Up-to-date: /home/sunrise/amphibious_ws/install/base/include/base/base/srv/detail
[3.506s] -- Up-to-date: /home/sunrise/amphibious_ws/install/base/include/base/base/srv/detail/control__struct.hpp
[3.507s] -- Up-to-date: /home/sunrise/amphibious_ws/install/base/include/base/base/srv/detail/control__traits.hpp
[3.508s] -- Up-to-date: /home/sunrise/amphibious_ws/install/base/include/base/base/srv/detail/control__type_support.hpp
[3.509s] -- Up-to-date: /home/sunrise/amphibious_ws/install/base/include/base/base/srv/detail/control__builder.hpp
[3.509s] -- Up-to-date: /home/sunrise/amphibious_ws/install/base/include/base/base/srv/control.hpp
[3.510s] -- Up-to-date: /home/sunrise/amphibious_ws/install/base/include/base/base
[3.511s] -- Up-to-date: /home/sunrise/amphibious_ws/install/base/include/base/base/msg
[3.512s] -- Up-to-date: /home/sunrise/amphibious_ws/install/base/include/base/base/msg/rosidl_typesupport_fastrtps_cpp__visibility_control.h
[3.512s] -- Up-to-date: /home/sunrise/amphibious_ws/install/base/include/base/base/srv
[3.513s] -- Up-to-date: /home/sunrise/amphibious_ws/install/base/include/base/base/srv/detail
[3.514s] -- Up-to-date: /home/sunrise/amphibious_ws/install/base/include/base/base/srv/detail/dds_fastrtps
[3.515s] -- Up-to-date: /home/sunrise/amphibious_ws/install/base/include/base/base/srv/detail/control__rosidl_typesupport_fastrtps_cpp.hpp
[3.515s] -- Up-to-date: /home/sunrise/amphibious_ws/install/base/lib/libbase__rosidl_typesupport_fastrtps_cpp.so
[3.516s] -- Up-to-date: /home/sunrise/amphibious_ws/install/base/include/base/base
[3.517s] -- Up-to-date: /home/sunrise/amphibious_ws/install/base/include/base/base/msg
[3.517s] -- Up-to-date: /home/sunrise/amphibious_ws/install/base/include/base/base/msg/rosidl_typesupport_introspection_c__visibility_control.h
[3.518s] -- Up-to-date: /home/sunrise/amphibious_ws/install/base/include/base/base/srv
[3.519s] -- Up-to-date: /home/sunrise/amphibious_ws/install/base/include/base/base/srv/detail
[3.520s] -- Up-to-date: /home/sunrise/amphibious_ws/install/base/include/base/base/srv/detail/control__type_support.c
[3.520s] -- Up-to-date: /home/sunrise/amphibious_ws/install/base/include/base/base/srv/detail/control__rosidl_typesupport_introspection_c.h
[3.521s] -- Up-to-date: /home/sunrise/amphibious_ws/install/base/lib/libbase__rosidl_typesupport_introspection_c.so
[3.521s] -- Up-to-date: /home/sunrise/amphibious_ws/install/base/lib/libbase__rosidl_typesupport_c.so
[3.522s] -- Up-to-date: /home/sunrise/amphibious_ws/install/base/include/base/base
[3.523s] -- Up-to-date: /home/sunrise/amphibious_ws/install/base/include/base/base/srv
[3.523s] -- Up-to-date: /home/sunrise/amphibious_ws/install/base/include/base/base/srv/detail
[3.524s] -- Up-to-date: /home/sunrise/amphibious_ws/install/base/include/base/base/srv/detail/control__rosidl_typesupport_introspection_cpp.hpp
[3.525s] -- Up-to-date: /home/sunrise/amphibious_ws/install/base/include/base/base/srv/detail/control__type_support.cpp
[3.525s] -- Up-to-date: /home/sunrise/amphibious_ws/install/base/lib/libbase__rosidl_typesupport_introspection_cpp.so
[3.526s] -- Up-to-date: /home/sunrise/amphibious_ws/install/base/lib/libbase__rosidl_typesupport_cpp.so
[3.527s] -- Up-to-date: /home/sunrise/amphibious_ws/install/base/share/base/environment/pythonpath.sh
[3.527s] -- Up-to-date: /home/sunrise/amphibious_ws/install/base/share/base/environment/pythonpath.dsv
[3.528s] -- Up-to-date: /home/sunrise/amphibious_ws/install/base/local/lib/python3.10/dist-packages/base-0.0.0-py3.10.egg-info
[3.529s] -- Installing: /home/sunrise/amphibious_ws/install/base/local/lib/python3.10/dist-packages/base-0.0.0-py3.10.egg-info/SOURCES.txt
[3.529s] -- Installing: /home/sunrise/amphibious_ws/install/base/local/lib/python3.10/dist-packages/base-0.0.0-py3.10.egg-info/top_level.txt
[3.530s] -- Installing: /home/sunrise/amphibious_ws/install/base/local/lib/python3.10/dist-packages/base-0.0.0-py3.10.egg-info/dependency_links.txt
[3.531s] -- Installing: /home/sunrise/amphibious_ws/install/base/local/lib/python3.10/dist-packages/base-0.0.0-py3.10.egg-info/PKG-INFO
[3.531s] -- Up-to-date: /home/sunrise/amphibious_ws/install/base/local/lib/python3.10/dist-packages/base
[3.532s] -- Up-to-date: /home/sunrise/amphibious_ws/install/base/local/lib/python3.10/dist-packages/base/_base_s.ep.rosidl_typesupport_fastrtps_c.c
[3.533s] -- Up-to-date: /home/sunrise/amphibious_ws/install/base/local/lib/python3.10/dist-packages/base/base_s__rosidl_typesupport_c.cpython-310-aarch64-linux-gnu.so
[3.533s] -- Up-to-date: /home/sunrise/amphibious_ws/install/base/local/lib/python3.10/dist-packages/base/srv
[3.534s] -- Up-to-date: /home/sunrise/amphibious_ws/install/base/local/lib/python3.10/dist-packages/base/srv/_control_s.c
[3.535s] -- Up-to-date: /home/sunrise/amphibious_ws/install/base/local/lib/python3.10/dist-packages/base/srv/__init__.py
[3.535s] -- Up-to-date: /home/sunrise/amphibious_ws/install/base/local/lib/python3.10/dist-packages/base/srv/_control.py
[3.536s] -- Up-to-date: /home/sunrise/amphibious_ws/install/base/local/lib/python3.10/dist-packages/base/base_s__rosidl_typesupport_introspection_c.cpython-310-aarch64-linux-gnu.so
[3.537s] -- Up-to-date: /home/sunrise/amphibious_ws/install/base/local/lib/python3.10/dist-packages/base/_base_s.ep.rosidl_typesupport_introspection_c.c
[3.537s] -- Up-to-date: /home/sunrise/amphibious_ws/install/base/local/lib/python3.10/dist-packages/base/_base_s.ep.rosidl_typesupport_c.c
[3.538s] -- Up-to-date: /home/sunrise/amphibious_ws/install/base/local/lib/python3.10/dist-packages/base/__init__.py
[3.539s] -- Up-to-date: /home/sunrise/amphibious_ws/install/base/local/lib/python3.10/dist-packages/base/libbase__rosidl_generator_py.so
[3.539s] -- Up-to-date: /home/sunrise/amphibious_ws/install/base/local/lib/python3.10/dist-packages/base/base_s__rosidl_typesupport_fastrtps_c.cpython-310-aarch64-linux-gnu.so
[3.748s] Listing '/home/sunrise/amphibious_ws/install/base/local/lib/python3.10/dist-packages/base'...
[3.749s] Listing '/home/sunrise/amphibious_ws/install/base/local/lib/python3.10/dist-packages/base/srv'...
[3.797s] -- Up-to-date: /home/sunrise/amphibious_ws/install/base/local/lib/python3.10/dist-packages/base/base_s__rosidl_typesupport_fastrtps_c.cpython-310-aarch64-linux-gnu.so
[3.799s] -- Up-to-date: /home/sunrise/amphibious_ws/install/base/local/lib/python3.10/dist-packages/base/base_s__rosidl_typesupport_introspection_c.cpython-310-aarch64-linux-gnu.so
[3.801s] -- Up-to-date: /home/sunrise/amphibious_ws/install/base/local/lib/python3.10/dist-packages/base/base_s__rosidl_typesupport_c.cpython-310-aarch64-linux-gnu.so
[3.804s] -- Up-to-date: /home/sunrise/amphibious_ws/install/base/lib/libbase__rosidl_generator_py.so
[3.805s] -- Up-to-date: /home/sunrise/amphibious_ws/install/base/share/base/srv/Control.idl
[3.806s] -- Up-to-date: /home/sunrise/amphibious_ws/install/base/share/base/srv/Control.srv
[3.807s] -- Up-to-date: /home/sunrise/amphibious_ws/install/base/share/base/srv/Control_Request.msg
[3.808s] -- Up-to-date: /home/sunrise/amphibious_ws/install/base/share/base/srv/Control_Response.msg
[3.809s] -- Up-to-date: /home/sunrise/amphibious_ws/install/base/share/ament_index/resource_index/package_run_dependencies/base
[3.810s] -- Up-to-date: /home/sunrise/amphibious_ws/install/base/share/ament_index/resource_index/parent_prefix_path/base
[3.810s] -- Up-to-date: /home/sunrise/amphibious_ws/install/base/share/base/environment/ament_prefix_path.sh
[3.811s] -- Up-to-date: /home/sunrise/amphibious_ws/install/base/share/base/environment/ament_prefix_path.dsv
[3.812s] -- Up-to-date: /home/sunrise/amphibious_ws/install/base/share/base/environment/path.sh
[3.813s] -- Up-to-date: /home/sunrise/amphibious_ws/install/base/share/base/environment/path.dsv
[3.814s] -- Up-to-date: /home/sunrise/amphibious_ws/install/base/share/base/local_setup.bash
[3.815s] -- Up-to-date: /home/sunrise/amphibious_ws/install/base/share/base/local_setup.sh
[3.817s] -- Up-to-date: /home/sunrise/amphibious_ws/install/base/share/base/local_setup.zsh
[3.818s] -- Up-to-date: /home/sunrise/amphibious_ws/install/base/share/base/local_setup.dsv
[3.819s] -- Installing: /home/sunrise/amphibious_ws/install/base/share/base/package.dsv
[3.820s] -- Up-to-date: /home/sunrise/amphibious_ws/install/base/share/ament_index/resource_index/packages/base
[3.821s] -- Up-to-date: /home/sunrise/amphibious_ws/install/base/share/base/cmake/export_base__rosidl_generator_cExport.cmake
[3.823s] -- Up-to-date: /home/sunrise/amphibious_ws/install/base/share/base/cmake/export_base__rosidl_generator_cExport-noconfig.cmake
[3.824s] -- Up-to-date: /home/sunrise/amphibious_ws/install/base/share/base/cmake/export_base__rosidl_typesupport_fastrtps_cExport.cmake
[3.826s] -- Up-to-date: /home/sunrise/amphibious_ws/install/base/share/base/cmake/export_base__rosidl_typesupport_fastrtps_cExport-noconfig.cmake
[3.827s] -- Up-to-date: /home/sunrise/amphibious_ws/install/base/share/base/cmake/export_base__rosidl_generator_cppExport.cmake
[3.830s] -- Up-to-date: /home/sunrise/amphibious_ws/install/base/share/base/cmake/export_base__rosidl_typesupport_fastrtps_cppExport.cmake
[3.831s] -- Up-to-date: /home/sunrise/amphibious_ws/install/base/share/base/cmake/export_base__rosidl_typesupport_fastrtps_cppExport-noconfig.cmake
[3.832s] -- Up-to-date: /home/sunrise/amphibious_ws/install/base/share/base/cmake/base__rosidl_typesupport_introspection_cExport.cmake
[3.833s] -- Up-to-date: /home/sunrise/amphibious_ws/install/base/share/base/cmake/base__rosidl_typesupport_introspection_cExport-noconfig.cmake
[3.834s] -- Up-to-date: /home/sunrise/amphibious_ws/install/base/share/base/cmake/base__rosidl_typesupport_cExport.cmake
[3.835s] -- Up-to-date: /home/sunrise/amphibious_ws/install/base/share/base/cmake/base__rosidl_typesupport_cExport-noconfig.cmake
[3.836s] -- Up-to-date: /home/sunrise/amphibious_ws/install/base/share/base/cmake/base__rosidl_typesupport_introspection_cppExport.cmake
[3.837s] -- Up-to-date: /home/sunrise/amphibious_ws/install/base/share/base/cmake/base__rosidl_typesupport_introspection_cppExport-noconfig.cmake
[3.838s] -- Up-to-date: /home/sunrise/amphibious_ws/install/base/share/base/cmake/base__rosidl_typesupport_cppExport.cmake
[3.839s] -- Up-to-date: /home/sunrise/amphibious_ws/install/base/share/base/cmake/base__rosidl_typesupport_cppExport-noconfig.cmake
[3.840s] -- Up-to-date: /home/sunrise/amphibious_ws/install/base/share/base/cmake/export_base__rosidl_generator_pyExport.cmake
[3.843s] -- Up-to-date: /home/sunrise/amphibious_ws/install/base/share/base/cmake/export_base__rosidl_generator_pyExport-noconfig.cmake
[3.850s] -- Up-to-date: /home/sunrise/amphibious_ws/install/base/share/base/cmake/rosidl_cmake-extras.cmake
[3.852s] -- Up-to-date: /home/sunrise/amphibious_ws/install/base/share/base/cmake/ament_cmake_export_include_directories-extras.cmake
[3.853s] -- Up-to-date: /home/sunrise/amphibious_ws/install/base/share/base/cmake/ament_cmake_export_libraries-extras.cmake
[3.858s] -- Up-to-date: /home/sunrise/amphibious_ws/install/base/share/base/cmake/ament_cmake_export_targets-extras.cmake
[3.860s] -- Up-to-date: /home/sunrise/amphibious_ws/install/base/share/base/cmake/rosidl_cmake_export_typesupport_targets-extras.cmake
[3.861s] -- Up-to-date: /home/sunrise/amphibious_ws/install/base/share/base/cmake/ament_cmake_export_dependencies-extras.cmake
[3.862s] -- Up-to-date: /home/sunrise/amphibious_ws/install/base/share/base/cmake/rosidl_cmake_export_typesupport_libraries-extras.cmake
[3.864s] -- Up-to-date: /home/sunrise/amphibious_ws/install/base/share/base/cmake/baseConfig.cmake
[3.865s] -- Up-to-date: /home/sunrise/amphibious_ws/install/base/share/base/cmake/baseConfig-version.cmake
[3.866s] -- Up-to-date: /home/sunrise/amphibious_ws/install/base/share/base/package.xml
[3.868s] Invoked command in '/home/sunrise/amphibious_ws/build/base' returned '0': CMAKE_PREFIX_PATH=${CMAKE_PREFIX_PATH}:/opt/ros/humble /usr/bin/cmake --install /home/sunrise/amphibious_ws/build/base
