[0.322s] Invoking command in '/home/sunrise/amphibious_ws/build/i2c_pkg': CMAKE_PREFIX_PATH=${CMAKE_PREFIX_PATH}:/home/sunrise/amphibious_ws/install/yolo_detect_pkg:/opt/tros/humble:/opt/ros/humble /usr/bin/cmake --build /home/sunrise/amphibious_ws/build/i2c_pkg -- -j8 -l8
[3.370s] [  9%] Built target target_pub
[3.371s] [ 18%] Built target car_drive
[3.371s] [ 27%] Built target car_drive_pid_pwm
[3.372s] [ 36%] Built target pid
[3.373s] [ 45%] Built target pid_lifecycle
[3.373s] [ 54%] Built target pid_velocity
[3.374s] [ 63%] Built target car_drive_pid
[3.374s] [ 72%] Built target pid_velocity_lifecycle
[3.377s] [ 81%] Built target velocity_by_encoder
[3.378s] [ 90%] Built target velocity_by_encoder_lifecycle
[3.379s] [100%] Built target car_drive_pid_pwm_lifecycle
[3.493s] Invoked command in '/home/sunrise/amphibious_ws/build/i2c_pkg' returned '0': CMAKE_PREFIX_PATH=${CMAKE_PREFIX_PATH}:/home/sunrise/amphibious_ws/install/yolo_detect_pkg:/opt/tros/humble:/opt/ros/humble /usr/bin/cmake --build /home/sunrise/amphibious_ws/build/i2c_pkg -- -j8 -l8
[3.505s] Invoking command in '/home/sunrise/amphibious_ws/build/i2c_pkg': CMAKE_PREFIX_PATH=${CMAKE_PREFIX_PATH}:/home/sunrise/amphibious_ws/install/yolo_detect_pkg:/opt/tros/humble:/opt/ros/humble /usr/bin/cmake --install /home/sunrise/amphibious_ws/build/i2c_pkg
[3.783s] -- Install configuration: ""
[3.784s] -- Up-to-date: /home/sunrise/amphibious_ws/install/i2c_pkg/lib/i2c_pkg/car_drive
[3.785s] -- Up-to-date: /home/sunrise/amphibious_ws/install/i2c_pkg/lib/i2c_pkg/pid
[3.785s] -- Up-to-date: /home/sunrise/amphibious_ws/install/i2c_pkg/lib/i2c_pkg/car_drive_pid
[3.786s] -- Up-to-date: /home/sunrise/amphibious_ws/install/i2c_pkg/lib/i2c_pkg/target_pub
[3.787s] -- Up-to-date: /home/sunrise/amphibious_ws/install/i2c_pkg/lib/i2c_pkg/pid_velocity
[3.790s] -- Up-to-date: /home/sunrise/amphibious_ws/install/i2c_pkg/lib/i2c_pkg/car_drive_pid_pwm
[3.791s] -- Up-to-date: /home/sunrise/amphibious_ws/install/i2c_pkg/lib/i2c_pkg/pid_lifecycle
[3.792s] -- Up-to-date: /home/sunrise/amphibious_ws/install/i2c_pkg/lib/i2c_pkg/pid_velocity_lifecycle
[3.792s] -- Up-to-date: /home/sunrise/amphibious_ws/install/i2c_pkg/lib/i2c_pkg/car_drive_pid_pwm_lifecycle
[3.793s] -- Up-to-date: /home/sunrise/amphibious_ws/install/i2c_pkg/lib/i2c_pkg/velocity_by_encoder
[3.794s] -- Up-to-date: /home/sunrise/amphibious_ws/install/i2c_pkg/lib/i2c_pkg/velocity_by_encoder_lifecycle
[3.795s] -- Up-to-date: /home/sunrise/amphibious_ws/install/i2c_pkg/share/i2c_pkg/launch
[3.795s] -- Up-to-date: /home/sunrise/amphibious_ws/install/i2c_pkg/share/i2c_pkg/launch/car_drive.launch.py
[3.796s] -- Up-to-date: /home/sunrise/amphibious_ws/install/i2c_pkg/share/ament_index/resource_index/package_run_dependencies/i2c_pkg
[3.797s] -- Up-to-date: /home/sunrise/amphibious_ws/install/i2c_pkg/share/ament_index/resource_index/parent_prefix_path/i2c_pkg
[3.797s] -- Up-to-date: /home/sunrise/amphibious_ws/install/i2c_pkg/share/i2c_pkg/environment/ament_prefix_path.sh
[3.798s] -- Up-to-date: /home/sunrise/amphibious_ws/install/i2c_pkg/share/i2c_pkg/environment/ament_prefix_path.dsv
[3.799s] -- Up-to-date: /home/sunrise/amphibious_ws/install/i2c_pkg/share/i2c_pkg/environment/path.sh
[3.799s] -- Up-to-date: /home/sunrise/amphibious_ws/install/i2c_pkg/share/i2c_pkg/environment/path.dsv
[3.800s] -- Up-to-date: /home/sunrise/amphibious_ws/install/i2c_pkg/share/i2c_pkg/local_setup.bash
[3.801s] -- Up-to-date: /home/sunrise/amphibious_ws/install/i2c_pkg/share/i2c_pkg/local_setup.sh
[3.802s] -- Up-to-date: /home/sunrise/amphibious_ws/install/i2c_pkg/share/i2c_pkg/local_setup.zsh
[3.803s] -- Up-to-date: /home/sunrise/amphibious_ws/install/i2c_pkg/share/i2c_pkg/local_setup.dsv
[3.803s] -- Installing: /home/sunrise/amphibious_ws/install/i2c_pkg/share/i2c_pkg/package.dsv
[3.804s] -- Up-to-date: /home/sunrise/amphibious_ws/install/i2c_pkg/share/ament_index/resource_index/packages/i2c_pkg
[3.807s] -- Up-to-date: /home/sunrise/amphibious_ws/install/i2c_pkg/share/i2c_pkg/cmake/i2c_pkgConfig.cmake
[3.808s] -- Up-to-date: /home/sunrise/amphibious_ws/install/i2c_pkg/share/i2c_pkg/cmake/i2c_pkgConfig-version.cmake
[3.809s] -- Up-to-date: /home/sunrise/amphibious_ws/install/i2c_pkg/share/i2c_pkg/package.xml
[4.271s] Invoked command in '/home/sunrise/amphibious_ws/build/i2c_pkg' returned '0': CMAKE_PREFIX_PATH=${CMAKE_PREFIX_PATH}:/home/sunrise/amphibious_ws/install/yolo_detect_pkg:/opt/tros/humble:/opt/ros/humble /usr/bin/cmake --install /home/sunrise/amphibious_ws/build/i2c_pkg
