[0.186s] Invoking command in '/home/sunrise/amphibious_ws/build/base': CMAKE_PREFIX_PATH=${CMAKE_PREFIX_PATH}:/opt/ros/humble /usr/bin/cmake --build /home/sunrise/amphibious_ws/build/base -- -j8 -l8
[0.582s] [  9%] Built target base__rosidl_generator_c
[0.591s] [ 12%] Built target base__cpp
[0.635s] [ 12%] Built target ament_cmake_python_copy_base
[0.855s] [ 22%] Built target base__rosidl_typesupport_c
[0.867s] [ 32%] Built target base__rosidl_typesupport_fastrtps_c
[0.876s] [ 41%] Built target base__rosidl_typesupport_introspection_c
[0.900s] [ 51%] Built target base__rosidl_typesupport_introspection_cpp
[0.957s] [ 61%] Built target base__rosidl_typesupport_cpp
[0.985s] [ 70%] Built target base__rosidl_typesupport_fastrtps_cpp
[1.080s] [ 70%] Built target base
[1.186s] [ 74%] Built target base__py
[1.319s] [ 80%] Built target base__rosidl_generator_py
[1.456s] [ 87%] Built target base__rosidl_typesupport_fastrtps_c__pyext
[1.472s] [ 93%] Built target base__rosidl_typesupport_introspection_c__pyext
[1.480s] [100%] Built target base__rosidl_typesupport_c__pyext
[3.182s] running egg_info
[3.187s] writing base.egg-info/PKG-INFO
[3.189s] writing dependency_links to base.egg-info/dependency_links.txt
[3.194s] writing top-level names to base.egg-info/top_level.txt
[3.211s] reading manifest file 'base.egg-info/SOURCES.txt'
[3.217s] writing manifest file 'base.egg-info/SOURCES.txt'
[3.476s] [100%] Built target ament_cmake_python_build_base_egg
[3.555s] Invoked command in '/home/sunrise/amphibious_ws/build/base' returned '0': CMAKE_PREFIX_PATH=${CMAKE_PREFIX_PATH}:/opt/ros/humble /usr/bin/cmake --build /home/sunrise/amphibious_ws/build/base -- -j8 -l8
[3.565s] Invoking command in '/home/sunrise/amphibious_ws/build/base': CMAKE_PREFIX_PATH=${CMAKE_PREFIX_PATH}:/opt/ros/humble /usr/bin/cmake --install /home/sunrise/amphibious_ws/build/base
[3.596s] -- Install configuration: ""
[3.597s] -- Up-to-date: /home/sunrise/amphibious_ws/install/base/share/ament_index/resource_index/rosidl_interfaces/base
[3.597s] -- Up-to-date: /home/sunrise/amphibious_ws/install/base/include/base/base
[3.598s] -- Up-to-date: /home/sunrise/amphibious_ws/install/base/include/base/base/msg
[3.599s] -- Up-to-date: /home/sunrise/amphibious_ws/install/base/include/base/base/msg/rosidl_generator_c__visibility_control.h
[3.600s] -- Up-to-date: /home/sunrise/amphibious_ws/install/base/include/base/base/srv
[3.603s] -- Up-to-date: /home/sunrise/amphibious_ws/install/base/include/base/base/srv/control.h
[3.604s] -- Up-to-date: /home/sunrise/amphibious_ws/install/base/include/base/base/srv/detail
[3.604s] -- Up-to-date: /home/sunrise/amphibious_ws/install/base/include/base/base/srv/detail/control__struct.h
[3.606s] -- Up-to-date: /home/sunrise/amphibious_ws/install/base/include/base/base/srv/detail/control__type_support.h
[3.606s] -- Up-to-date: /home/sunrise/amphibious_ws/install/base/include/base/base/srv/detail/control__functions.c
[3.607s] -- Up-to-date: /home/sunrise/amphibious_ws/install/base/include/base/base/srv/detail/control__functions.h
[3.608s] -- Up-to-date: /home/sunrise/amphibious_ws/install/base/share/base/environment/library_path.sh
[3.609s] -- Up-to-date: /home/sunrise/amphibious_ws/install/base/share/base/environment/library_path.dsv
[3.610s] -- Up-to-date: /home/sunrise/amphibious_ws/install/base/lib/libbase__rosidl_generator_c.so
[3.611s] -- Up-to-date: /home/sunrise/amphibious_ws/install/base/include/base/base
[3.613s] -- Up-to-date: /home/sunrise/amphibious_ws/install/base/include/base/base/msg
[3.626s] -- Up-to-date: /home/sunrise/amphibious_ws/install/base/include/base/base/msg/rosidl_typesupport_fastrtps_c__visibility_control.h
[3.626s] -- Up-to-date: /home/sunrise/amphibious_ws/install/base/include/base/base/srv
[3.627s] -- Up-to-date: /home/sunrise/amphibious_ws/install/base/include/base/base/srv/detail
[3.628s] -- Up-to-date: /home/sunrise/amphibious_ws/install/base/include/base/base/srv/detail/control__rosidl_typesupport_fastrtps_c.h
[3.629s] -- Up-to-date: /home/sunrise/amphibious_ws/install/base/lib/libbase__rosidl_typesupport_fastrtps_c.so
[3.629s] -- Up-to-date: /home/sunrise/amphibious_ws/install/base/include/base/base
[3.630s] -- Up-to-date: /home/sunrise/amphibious_ws/install/base/include/base/base/msg
[3.631s] -- Up-to-date: /home/sunrise/amphibious_ws/install/base/include/base/base/msg/rosidl_generator_cpp__visibility_control.hpp
[3.631s] -- Up-to-date: /home/sunrise/amphibious_ws/install/base/include/base/base/srv
[3.632s] -- Up-to-date: /home/sunrise/amphibious_ws/install/base/include/base/base/srv/detail
[3.633s] -- Up-to-date: /home/sunrise/amphibious_ws/install/base/include/base/base/srv/detail/control__struct.hpp
[3.633s] -- Up-to-date: /home/sunrise/amphibious_ws/install/base/include/base/base/srv/detail/control__traits.hpp
[3.634s] -- Up-to-date: /home/sunrise/amphibious_ws/install/base/include/base/base/srv/detail/control__type_support.hpp
[3.644s] -- Up-to-date: /home/sunrise/amphibious_ws/install/base/include/base/base/srv/detail/control__builder.hpp
[3.645s] -- Up-to-date: /home/sunrise/amphibious_ws/install/base/include/base/base/srv/control.hpp
[3.646s] -- Up-to-date: /home/sunrise/amphibious_ws/install/base/include/base/base
[3.647s] -- Up-to-date: /home/sunrise/amphibious_ws/install/base/include/base/base/msg
[3.648s] -- Up-to-date: /home/sunrise/amphibious_ws/install/base/include/base/base/msg/rosidl_typesupport_fastrtps_cpp__visibility_control.h
[3.649s] -- Up-to-date: /home/sunrise/amphibious_ws/install/base/include/base/base/srv
[3.649s] -- Up-to-date: /home/sunrise/amphibious_ws/install/base/include/base/base/srv/detail
[3.650s] -- Up-to-date: /home/sunrise/amphibious_ws/install/base/include/base/base/srv/detail/dds_fastrtps
[3.651s] -- Up-to-date: /home/sunrise/amphibious_ws/install/base/include/base/base/srv/detail/control__rosidl_typesupport_fastrtps_cpp.hpp
[3.651s] -- Up-to-date: /home/sunrise/amphibious_ws/install/base/lib/libbase__rosidl_typesupport_fastrtps_cpp.so
[3.652s] -- Up-to-date: /home/sunrise/amphibious_ws/install/base/include/base/base
[3.653s] -- Up-to-date: /home/sunrise/amphibious_ws/install/base/include/base/base/msg
[3.653s] -- Up-to-date: /home/sunrise/amphibious_ws/install/base/include/base/base/msg/rosidl_typesupport_introspection_c__visibility_control.h
[3.654s] -- Up-to-date: /home/sunrise/amphibious_ws/install/base/include/base/base/srv
[3.655s] -- Up-to-date: /home/sunrise/amphibious_ws/install/base/include/base/base/srv/detail
[3.656s] -- Up-to-date: /home/sunrise/amphibious_ws/install/base/include/base/base/srv/detail/control__type_support.c
[3.656s] -- Up-to-date: /home/sunrise/amphibious_ws/install/base/include/base/base/srv/detail/control__rosidl_typesupport_introspection_c.h
[3.657s] -- Up-to-date: /home/sunrise/amphibious_ws/install/base/lib/libbase__rosidl_typesupport_introspection_c.so
[3.665s] -- Up-to-date: /home/sunrise/amphibious_ws/install/base/lib/libbase__rosidl_typesupport_c.so
[3.666s] -- Up-to-date: /home/sunrise/amphibious_ws/install/base/include/base/base
[3.667s] -- Up-to-date: /home/sunrise/amphibious_ws/install/base/include/base/base/srv
[3.668s] -- Up-to-date: /home/sunrise/amphibious_ws/install/base/include/base/base/srv/detail
[3.668s] -- Up-to-date: /home/sunrise/amphibious_ws/install/base/include/base/base/srv/detail/control__rosidl_typesupport_introspection_cpp.hpp
[3.669s] -- Up-to-date: /home/sunrise/amphibious_ws/install/base/include/base/base/srv/detail/control__type_support.cpp
[3.670s] -- Up-to-date: /home/sunrise/amphibious_ws/install/base/lib/libbase__rosidl_typesupport_introspection_cpp.so
[3.671s] -- Up-to-date: /home/sunrise/amphibious_ws/install/base/lib/libbase__rosidl_typesupport_cpp.so
[3.671s] -- Up-to-date: /home/sunrise/amphibious_ws/install/base/share/base/environment/pythonpath.sh
[3.672s] -- Up-to-date: /home/sunrise/amphibious_ws/install/base/share/base/environment/pythonpath.dsv
[3.673s] -- Up-to-date: /home/sunrise/amphibious_ws/install/base/local/lib/python3.10/dist-packages/base-0.0.0-py3.10.egg-info
[3.673s] -- Installing: /home/sunrise/amphibious_ws/install/base/local/lib/python3.10/dist-packages/base-0.0.0-py3.10.egg-info/SOURCES.txt
[3.674s] -- Installing: /home/sunrise/amphibious_ws/install/base/local/lib/python3.10/dist-packages/base-0.0.0-py3.10.egg-info/top_level.txt
[3.675s] -- Installing: /home/sunrise/amphibious_ws/install/base/local/lib/python3.10/dist-packages/base-0.0.0-py3.10.egg-info/dependency_links.txt
[3.675s] -- Installing: /home/sunrise/amphibious_ws/install/base/local/lib/python3.10/dist-packages/base-0.0.0-py3.10.egg-info/PKG-INFO
[3.676s] -- Up-to-date: /home/sunrise/amphibious_ws/install/base/local/lib/python3.10/dist-packages/base
[3.677s] -- Up-to-date: /home/sunrise/amphibious_ws/install/base/local/lib/python3.10/dist-packages/base/_base_s.ep.rosidl_typesupport_fastrtps_c.c
[3.677s] -- Up-to-date: /home/sunrise/amphibious_ws/install/base/local/lib/python3.10/dist-packages/base/base_s__rosidl_typesupport_c.cpython-310-aarch64-linux-gnu.so
[3.678s] -- Up-to-date: /home/sunrise/amphibious_ws/install/base/local/lib/python3.10/dist-packages/base/srv
[3.679s] -- Up-to-date: /home/sunrise/amphibious_ws/install/base/local/lib/python3.10/dist-packages/base/srv/_control_s.c
[3.679s] -- Up-to-date: /home/sunrise/amphibious_ws/install/base/local/lib/python3.10/dist-packages/base/srv/__init__.py
[3.680s] -- Up-to-date: /home/sunrise/amphibious_ws/install/base/local/lib/python3.10/dist-packages/base/srv/_control.py
[3.681s] -- Up-to-date: /home/sunrise/amphibious_ws/install/base/local/lib/python3.10/dist-packages/base/base_s__rosidl_typesupport_introspection_c.cpython-310-aarch64-linux-gnu.so
[3.681s] -- Up-to-date: /home/sunrise/amphibious_ws/install/base/local/lib/python3.10/dist-packages/base/_base_s.ep.rosidl_typesupport_introspection_c.c
[3.682s] -- Up-to-date: /home/sunrise/amphibious_ws/install/base/local/lib/python3.10/dist-packages/base/_base_s.ep.rosidl_typesupport_c.c
[3.683s] -- Up-to-date: /home/sunrise/amphibious_ws/install/base/local/lib/python3.10/dist-packages/base/__init__.py
[3.684s] -- Up-to-date: /home/sunrise/amphibious_ws/install/base/local/lib/python3.10/dist-packages/base/libbase__rosidl_generator_py.so
[3.684s] -- Up-to-date: /home/sunrise/amphibious_ws/install/base/local/lib/python3.10/dist-packages/base/base_s__rosidl_typesupport_fastrtps_c.cpython-310-aarch64-linux-gnu.so
[3.854s] Listing '/home/sunrise/amphibious_ws/install/base/local/lib/python3.10/dist-packages/base'...
[3.855s] Listing '/home/sunrise/amphibious_ws/install/base/local/lib/python3.10/dist-packages/base/srv'...
[3.904s] -- Up-to-date: /home/sunrise/amphibious_ws/install/base/local/lib/python3.10/dist-packages/base/base_s__rosidl_typesupport_fastrtps_c.cpython-310-aarch64-linux-gnu.so
[3.905s] -- Up-to-date: /home/sunrise/amphibious_ws/install/base/local/lib/python3.10/dist-packages/base/base_s__rosidl_typesupport_introspection_c.cpython-310-aarch64-linux-gnu.so
[3.918s] -- Up-to-date: /home/sunrise/amphibious_ws/install/base/local/lib/python3.10/dist-packages/base/base_s__rosidl_typesupport_c.cpython-310-aarch64-linux-gnu.so
[3.919s] -- Up-to-date: /home/sunrise/amphibious_ws/install/base/lib/libbase__rosidl_generator_py.so
[3.920s] -- Up-to-date: /home/sunrise/amphibious_ws/install/base/share/base/srv/Control.idl
[3.920s] -- Up-to-date: /home/sunrise/amphibious_ws/install/base/share/base/srv/Control.srv
[3.921s] -- Up-to-date: /home/sunrise/amphibious_ws/install/base/share/base/srv/Control_Request.msg
[3.922s] -- Up-to-date: /home/sunrise/amphibious_ws/install/base/share/base/srv/Control_Response.msg
[3.922s] -- Up-to-date: /home/sunrise/amphibious_ws/install/base/share/ament_index/resource_index/package_run_dependencies/base
[3.923s] -- Up-to-date: /home/sunrise/amphibious_ws/install/base/share/ament_index/resource_index/parent_prefix_path/base
[3.924s] -- Up-to-date: /home/sunrise/amphibious_ws/install/base/share/base/environment/ament_prefix_path.sh
[3.933s] -- Up-to-date: /home/sunrise/amphibious_ws/install/base/share/base/environment/ament_prefix_path.dsv
[3.935s] -- Up-to-date: /home/sunrise/amphibious_ws/install/base/share/base/environment/path.sh
[3.936s] -- Up-to-date: /home/sunrise/amphibious_ws/install/base/share/base/environment/path.dsv
[3.937s] -- Up-to-date: /home/sunrise/amphibious_ws/install/base/share/base/local_setup.bash
[3.937s] -- Up-to-date: /home/sunrise/amphibious_ws/install/base/share/base/local_setup.sh
[3.938s] -- Up-to-date: /home/sunrise/amphibious_ws/install/base/share/base/local_setup.zsh
[3.939s] -- Up-to-date: /home/sunrise/amphibious_ws/install/base/share/base/local_setup.dsv
[3.939s] -- Installing: /home/sunrise/amphibious_ws/install/base/share/base/package.dsv
[3.940s] -- Up-to-date: /home/sunrise/amphibious_ws/install/base/share/ament_index/resource_index/packages/base
[3.941s] -- Up-to-date: /home/sunrise/amphibious_ws/install/base/share/base/cmake/export_base__rosidl_generator_cExport.cmake
[3.941s] -- Up-to-date: /home/sunrise/amphibious_ws/install/base/share/base/cmake/export_base__rosidl_generator_cExport-noconfig.cmake
[3.942s] -- Up-to-date: /home/sunrise/amphibious_ws/install/base/share/base/cmake/export_base__rosidl_typesupport_fastrtps_cExport.cmake
[3.942s] -- Up-to-date: /home/sunrise/amphibious_ws/install/base/share/base/cmake/export_base__rosidl_typesupport_fastrtps_cExport-noconfig.cmake
[3.943s] -- Up-to-date: /home/sunrise/amphibious_ws/install/base/share/base/cmake/export_base__rosidl_generator_cppExport.cmake
[3.944s] -- Up-to-date: /home/sunrise/amphibious_ws/install/base/share/base/cmake/export_base__rosidl_typesupport_fastrtps_cppExport.cmake
[3.944s] -- Up-to-date: /home/sunrise/amphibious_ws/install/base/share/base/cmake/export_base__rosidl_typesupport_fastrtps_cppExport-noconfig.cmake
[3.945s] -- Up-to-date: /home/sunrise/amphibious_ws/install/base/share/base/cmake/base__rosidl_typesupport_introspection_cExport.cmake
[3.946s] -- Up-to-date: /home/sunrise/amphibious_ws/install/base/share/base/cmake/base__rosidl_typesupport_introspection_cExport-noconfig.cmake
[3.946s] -- Up-to-date: /home/sunrise/amphibious_ws/install/base/share/base/cmake/base__rosidl_typesupport_cExport.cmake
[3.947s] -- Up-to-date: /home/sunrise/amphibious_ws/install/base/share/base/cmake/base__rosidl_typesupport_cExport-noconfig.cmake
[3.959s] -- Up-to-date: /home/sunrise/amphibious_ws/install/base/share/base/cmake/base__rosidl_typesupport_introspection_cppExport.cmake
[3.960s] -- Up-to-date: /home/sunrise/amphibious_ws/install/base/share/base/cmake/base__rosidl_typesupport_introspection_cppExport-noconfig.cmake
[3.961s] -- Up-to-date: /home/sunrise/amphibious_ws/install/base/share/base/cmake/base__rosidl_typesupport_cppExport.cmake
[3.962s] -- Up-to-date: /home/sunrise/amphibious_ws/install/base/share/base/cmake/base__rosidl_typesupport_cppExport-noconfig.cmake
[3.962s] -- Up-to-date: /home/sunrise/amphibious_ws/install/base/share/base/cmake/export_base__rosidl_generator_pyExport.cmake
[3.963s] -- Up-to-date: /home/sunrise/amphibious_ws/install/base/share/base/cmake/export_base__rosidl_generator_pyExport-noconfig.cmake
[3.964s] -- Up-to-date: /home/sunrise/amphibious_ws/install/base/share/base/cmake/rosidl_cmake-extras.cmake
[3.964s] -- Up-to-date: /home/sunrise/amphibious_ws/install/base/share/base/cmake/ament_cmake_export_include_directories-extras.cmake
[3.982s] -- Up-to-date: /home/sunrise/amphibious_ws/install/base/share/base/cmake/ament_cmake_export_libraries-extras.cmake
[3.984s] -- Up-to-date: /home/sunrise/amphibious_ws/install/base/share/base/cmake/ament_cmake_export_targets-extras.cmake
[3.985s] -- Up-to-date: /home/sunrise/amphibious_ws/install/base/share/base/cmake/rosidl_cmake_export_typesupport_targets-extras.cmake
[3.986s] -- Up-to-date: /home/sunrise/amphibious_ws/install/base/share/base/cmake/ament_cmake_export_dependencies-extras.cmake
[3.987s] -- Up-to-date: /home/sunrise/amphibious_ws/install/base/share/base/cmake/rosidl_cmake_export_typesupport_libraries-extras.cmake
[3.987s] -- Up-to-date: /home/sunrise/amphibious_ws/install/base/share/base/cmake/baseConfig.cmake
[3.988s] -- Up-to-date: /home/sunrise/amphibious_ws/install/base/share/base/cmake/baseConfig-version.cmake
[3.989s] -- Up-to-date: /home/sunrise/amphibious_ws/install/base/share/base/package.xml
[3.990s] Invoked command in '/home/sunrise/amphibious_ws/build/base' returned '0': CMAKE_PREFIX_PATH=${CMAKE_PREFIX_PATH}:/opt/ros/humble /usr/bin/cmake --install /home/sunrise/amphibious_ws/build/base
