[0.286s] Invoking command in '/home/sunrise/amphibious_ws/build/item_locate_pkg': CMAKE_PREFIX_PATH=${CMAKE_PREFIX_PATH}:/home/sunrise/amphibious_ws/install/yolo_detect_pkg:/opt/tros/humble:/opt/ros/humble /usr/bin/cmake --build /home/sunrise/amphibious_ws/build/item_locate_pkg -- -j8 -l8
[3.750s] [100%] Built target item_locate_node
[4.024s] Invoked command in '/home/sunrise/amphibious_ws/build/item_locate_pkg' returned '0': CMAKE_PREFIX_PATH=${CMAKE_PREFIX_PATH}:/home/sunrise/amphibious_ws/install/yolo_detect_pkg:/opt/tros/humble:/opt/ros/humble /usr/bin/cmake --build /home/sunrise/amphibious_ws/build/item_locate_pkg -- -j8 -l8
[4.028s] Invoking command in '/home/sunrise/amphibious_ws/build/item_locate_pkg': CMAKE_PREFIX_PATH=${CMAKE_PREFIX_PATH}:/home/sunrise/amphibious_ws/install/yolo_detect_pkg:/opt/tros/humble:/opt/ros/humble /usr/bin/cmake --install /home/sunrise/amphibious_ws/build/item_locate_pkg
[4.148s] -- Install configuration: ""
[4.152s] -- Up-to-date: /home/sunrise/amphibious_ws/install/item_locate_pkg/lib/item_locate_pkg/item_locate_node
[4.153s] -- Up-to-date: /home/sunrise/amphibious_ws/install/item_locate_pkg/share/item_locate_pkg/launch
[4.153s] -- Up-to-date: /home/sunrise/amphibious_ws/install/item_locate_pkg/share/item_locate_pkg/launch/item_locate.launch.py
[4.154s] -- Up-to-date: /home/sunrise/amphibious_ws/install/item_locate_pkg/share/ament_index/resource_index/package_run_dependencies/item_locate_pkg
[4.155s] -- Up-to-date: /home/sunrise/amphibious_ws/install/item_locate_pkg/share/ament_index/resource_index/parent_prefix_path/item_locate_pkg
[4.155s] -- Up-to-date: /home/sunrise/amphibious_ws/install/item_locate_pkg/share/item_locate_pkg/environment/ament_prefix_path.sh
[4.156s] -- Up-to-date: /home/sunrise/amphibious_ws/install/item_locate_pkg/share/item_locate_pkg/environment/ament_prefix_path.dsv
[4.157s] -- Up-to-date: /home/sunrise/amphibious_ws/install/item_locate_pkg/share/item_locate_pkg/environment/path.sh
[4.158s] -- Up-to-date: /home/sunrise/amphibious_ws/install/item_locate_pkg/share/item_locate_pkg/environment/path.dsv
[4.161s] -- Up-to-date: /home/sunrise/amphibious_ws/install/item_locate_pkg/share/item_locate_pkg/local_setup.bash
[4.164s] -- Up-to-date: /home/sunrise/amphibious_ws/install/item_locate_pkg/share/item_locate_pkg/local_setup.sh
[4.171s] -- Up-to-date: /home/sunrise/amphibious_ws/install/item_locate_pkg/share/item_locate_pkg/local_setup.zsh
[4.184s] -- Up-to-date: /home/sunrise/amphibious_ws/install/item_locate_pkg/share/item_locate_pkg/local_setup.dsv
[4.185s] -- Installing: /home/sunrise/amphibious_ws/install/item_locate_pkg/share/item_locate_pkg/package.dsv
[4.187s] -- Up-to-date: /home/sunrise/amphibious_ws/install/item_locate_pkg/share/ament_index/resource_index/packages/item_locate_pkg
[4.187s] -- Up-to-date: /home/sunrise/amphibious_ws/install/item_locate_pkg/share/item_locate_pkg/cmake/item_locate_pkgConfig.cmake
[4.193s] -- Up-to-date: /home/sunrise/amphibious_ws/install/item_locate_pkg/share/item_locate_pkg/cmake/item_locate_pkgConfig-version.cmake
[4.195s] -- Up-to-date: /home/sunrise/amphibious_ws/install/item_locate_pkg/share/item_locate_pkg/package.xml
[4.752s] Invoked command in '/home/sunrise/amphibious_ws/build/item_locate_pkg' returned '0': CMAKE_PREFIX_PATH=${CMAKE_PREFIX_PATH}:/home/sunrise/amphibious_ws/install/yolo_detect_pkg:/opt/tros/humble:/opt/ros/humble /usr/bin/cmake --install /home/sunrise/amphibious_ws/build/item_locate_pkg
