[0.409s] Invoking command in '/home/sunrise/amphibious_ws/build/item_locate_pkg': CMAKE_PREFIX_PATH=${CMAKE_PREFIX_PATH}:/home/sunrise/amphibious_ws/install/yolo_detect_pkg:/opt/tros/humble:/opt/ros/humble /usr/bin/cmake --build /home/sunrise/amphibious_ws/build/item_locate_pkg -- -j8 -l8
[1.608s] [100%] Built target item_locate_node
[4.865s] Invoked command in '/home/sunrise/amphibious_ws/build/item_locate_pkg' returned '0': CMAKE_PREFIX_PATH=${CMAKE_PREFIX_PATH}:/home/sunrise/amphibious_ws/install/yolo_detect_pkg:/opt/tros/humble:/opt/ros/humble /usr/bin/cmake --build /home/sunrise/amphibious_ws/build/item_locate_pkg -- -j8 -l8
[4.869s] Invoking command in '/home/sunrise/amphibious_ws/build/item_locate_pkg': CMAKE_PREFIX_PATH=${CMAKE_PREFIX_PATH}:/home/sunrise/amphibious_ws/install/yolo_detect_pkg:/opt/tros/humble:/opt/ros/humble /usr/bin/cmake --install /home/sunrise/amphibious_ws/build/item_locate_pkg
[5.080s] -- Install configuration: ""
[5.081s] -- Up-to-date: /home/sunrise/amphibious_ws/install/item_locate_pkg/lib/item_locate_pkg/item_locate_node
[5.082s] -- Up-to-date: /home/sunrise/amphibious_ws/install/item_locate_pkg/share/item_locate_pkg/launch
[5.115s] -- Up-to-date: /home/sunrise/amphibious_ws/install/item_locate_pkg/share/item_locate_pkg/launch/item_locate.launch.py
[5.116s] -- Up-to-date: /home/sunrise/amphibious_ws/install/item_locate_pkg/share/ament_index/resource_index/package_run_dependencies/item_locate_pkg
[5.117s] -- Up-to-date: /home/sunrise/amphibious_ws/install/item_locate_pkg/share/ament_index/resource_index/parent_prefix_path/item_locate_pkg
[5.117s] -- Up-to-date: /home/sunrise/amphibious_ws/install/item_locate_pkg/share/item_locate_pkg/environment/ament_prefix_path.sh
[5.118s] -- Up-to-date: /home/sunrise/amphibious_ws/install/item_locate_pkg/share/item_locate_pkg/environment/ament_prefix_path.dsv
[5.119s] -- Up-to-date: /home/sunrise/amphibious_ws/install/item_locate_pkg/share/item_locate_pkg/environment/path.sh
[5.155s] -- Up-to-date: /home/sunrise/amphibious_ws/install/item_locate_pkg/share/item_locate_pkg/environment/path.dsv
[5.156s] -- Up-to-date: /home/sunrise/amphibious_ws/install/item_locate_pkg/share/item_locate_pkg/local_setup.bash
[5.156s] -- Up-to-date: /home/sunrise/amphibious_ws/install/item_locate_pkg/share/item_locate_pkg/local_setup.sh
[5.157s] -- Up-to-date: /home/sunrise/amphibious_ws/install/item_locate_pkg/share/item_locate_pkg/local_setup.zsh
[5.158s] -- Up-to-date: /home/sunrise/amphibious_ws/install/item_locate_pkg/share/item_locate_pkg/local_setup.dsv
[5.159s] -- Installing: /home/sunrise/amphibious_ws/install/item_locate_pkg/share/item_locate_pkg/package.dsv
[5.160s] -- Up-to-date: /home/sunrise/amphibious_ws/install/item_locate_pkg/share/ament_index/resource_index/packages/item_locate_pkg
[5.164s] -- Up-to-date: /home/sunrise/amphibious_ws/install/item_locate_pkg/share/item_locate_pkg/cmake/item_locate_pkgConfig.cmake
[5.165s] -- Up-to-date: /home/sunrise/amphibious_ws/install/item_locate_pkg/share/item_locate_pkg/cmake/item_locate_pkgConfig-version.cmake
[5.169s] -- Up-to-date: /home/sunrise/amphibious_ws/install/item_locate_pkg/share/item_locate_pkg/package.xml
[5.615s] Invoked command in '/home/sunrise/amphibious_ws/build/item_locate_pkg' returned '0': CMAKE_PREFIX_PATH=${CMAKE_PREFIX_PATH}:/home/sunrise/amphibious_ws/install/yolo_detect_pkg:/opt/tros/humble:/opt/ros/humble /usr/bin/cmake --install /home/sunrise/amphibious_ws/build/item_locate_pkg
