[0.251s] Invoking command in '/home/sunrise/amphibious_ws/build/item_locate_pkg': CMAKE_PREFIX_PATH=${CMAKE_PREFIX_PATH}:/home/sunrise/amphibious_ws/install/yolo_detect_pkg:/opt/tros/humble:/opt/ros/humble /usr/bin/cmake /home/sunrise/amphibious_ws/src/item_locate_pkg -DCMAKE_INSTALL_PREFIX=/home/sunrise/amphibious_ws/install/item_locate_pkg
[4.008s] -- The C compiler identification is GNU 11.2.0
[4.009s] -- The CXX compiler identification is GNU 11.2.0
[4.015s] -- Detecting C compiler ABI info
[4.016s] -- Detecting C compiler ABI info - done
[4.017s] -- Check for working C compiler: /usr/bin/cc - skipped
[4.019s] -- Detecting C compile features
[4.020s] -- Detecting C compile features - done
[4.021s] -- Detecting CXX compiler ABI info
[4.022s] -- Detecting CXX compiler ABI info - done
[4.023s] -- Check for working CXX compiler: /usr/bin/c++ - skipped
[4.024s] -- Detecting CXX compile features
[4.025s] -- Detecting CXX compile features - done
[4.026s] -- Found ament_cmake: 1.3.11 (/opt/ros/humble/share/ament_cmake/cmake)
[5.291s] -- Found Python3: /usr/bin/python3 (found version "3.10.12") found components: Interpreter 
[6.229s] -- Found rclcpp: 16.0.11 (/opt/ros/humble/share/rclcpp/cmake)
[6.692s] -- Found rosidl_generator_c: 3.1.6 (/opt/ros/humble/share/rosidl_generator_c/cmake)
[6.749s] -- Found rosidl_adapter: 3.1.6 (/opt/ros/humble/share/rosidl_adapter/cmake)
[6.818s] -- Found rosidl_generator_cpp: 3.1.6 (/opt/ros/humble/share/rosidl_generator_cpp/cmake)
[6.956s] -- Using all available rosidl_typesupport_c: rosidl_typesupport_fastrtps_c;rosidl_typesupport_introspection_c
[7.068s] -- Using all available rosidl_typesupport_cpp: rosidl_typesupport_fastrtps_cpp;rosidl_typesupport_introspection_cpp
[7.422s] -- Found rmw_implementation_cmake: 6.1.2 (/opt/ros/humble/share/rmw_implementation_cmake/cmake)
[7.449s] -- Found rmw_fastrtps_cpp: 6.2.7 (/opt/ros/humble/share/rmw_fastrtps_cpp/cmake)
[8.003s] -- Found OpenSSL: /usr/lib/aarch64-linux-gnu/libcrypto.so (found version "3.0.2")  
[8.165s] -- Found FastRTPS: /opt/ros/humble/include  
[8.437s] -- Using RMW implementation 'rmw_fastrtps_cpp' as default
[8.518s] -- Looking for pthread.h
[9.037s] -- Looking for pthread.h - found
[9.039s] -- Performing Test CMAKE_HAVE_LIBC_PTHREAD
[9.492s] -- Performing Test CMAKE_HAVE_LIBC_PTHREAD - Success
[9.502s] -- Found Threads: TRUE  
[9.875s] -- Found tf2_ros: 0.25.9 (/opt/ros/humble/share/tf2_ros/cmake)
[10.742s] [31mCMake Error at CMakeLists.txt:16 (find_package):
[10.743s]   By not providing "Findgeomotry_msgs.cmake" in CMAKE_MODULE_PATH this
[10.743s]   project has asked CMake to find a package configuration file provided by
[10.744s]   "geomotry_msgs", but CMake did not find one.
[10.745s] 
[10.748s]   Could not find a package configuration file provided by "geomotry_msgs"
[10.749s]   with any of the following names:
[10.750s] 
[10.750s]     geomotry_msgsConfig.cmake
[10.751s]     geomotry_msgs-config.cmake
[10.752s] 
[10.755s]   Add the installation prefix of "geomotry_msgs" to CMAKE_PREFIX_PATH or set
[10.755s]   "geomotry_msgs_DIR" to a directory containing one of the above files.  If
[10.756s]   "geomotry_msgs" provides a separate development package or SDK, be sure it
[10.757s]   has been installed.
[10.757s] 
[10.758s] [0m
[10.758s] -- Configuring incomplete, errors occurred!
[10.759s] See also "/home/sunrise/amphibious_ws/build/item_locate_pkg/CMakeFiles/CMakeOutput.log".
[10.821s] Invoked command in '/home/sunrise/amphibious_ws/build/item_locate_pkg' returned '1': CMAKE_PREFIX_PATH=${CMAKE_PREFIX_PATH}:/home/sunrise/amphibious_ws/install/yolo_detect_pkg:/opt/tros/humble:/opt/ros/humble /usr/bin/cmake /home/sunrise/amphibious_ws/src/item_locate_pkg -DCMAKE_INSTALL_PREFIX=/home/sunrise/amphibious_ws/install/item_locate_pkg
