-- Found ament_cmake: 1.3.11 (/opt/ros/humble/share/ament_cmake/cmake)
-- Found rclcpp: 16.0.11 (/opt/ros/humble/share/rclcpp/cmake)
-- Found rosidl_generator_c: 3.1.6 (/opt/ros/humble/share/rosidl_generator_c/cmake)
-- Found rosidl_adapter: 3.1.6 (/opt/ros/humble/share/rosidl_adapter/cmake)
-- Found rosidl_generator_cpp: 3.1.6 (/opt/ros/humble/share/rosidl_generator_cpp/cmake)
-- Using all available rosidl_typesupport_c: rosidl_typesupport_fastrtps_c;rosidl_typesupport_introspection_c
-- Using all available rosidl_typesupport_cpp: rosidl_typesupport_fastrtps_cpp;rosidl_typesupport_introspection_cpp
-- Found rmw_implementation_cmake: 6.1.2 (/opt/ros/humble/share/rmw_implementation_cmake/cmake)
-- Found rmw_fastrtps_cpp: 6.2.7 (/opt/ros/humble/share/rmw_fastrtps_cpp/cmake)
-- Using RMW implementation 'rmw_fastrtps_cpp' as default
-- Found tf2_ros: 0.25.9 (/opt/ros/humble/share/tf2_ros/cmake)
-- Found rclcpp_lifecycle: 16.0.11 (/opt/ros/humble/share/rclcpp_lifecycle/cmake)
-- Found ament_lint_auto: 0.12.11 (/opt/ros/humble/share/ament_lint_auto/cmake)
-- Added test 'cppcheck' to perform static code analysis on C / C++ code
-- Configured cppcheck include dirs: 
-- Configured cppcheck exclude dirs and/or files: 
-- Added test 'flake8' to check Python code syntax and style conventions
-- Added test 'lint_cmake' to check CMake code style
-- Added test 'pep257' to check Python code against some of the docstring style conventions in PEP 257
-- Added test 'uncrustify' to check C / C++ code style
-- Configured uncrustify additional arguments: 
-- Added test 'xmllint' to check XML markup files
-- Configuring done
-- Generating done
-- Build files have been written to: /home/sunrise/amphibious_ws/build/i2c_pkg
[35m[1mConsolidate compiler generated dependencies of target car_drive[0m
[35m[1mConsolidate compiler generated dependencies of target pid[0m
[35m[1mConsolidate compiler generated dependencies of target pid_velocity[0m
[35m[1mConsolidate compiler generated dependencies of target target_pub[0m
[35m[1mConsolidate compiler generated dependencies of target pid_velocity_lifecycle[0m
[35m[1mConsolidate compiler generated dependencies of target car_drive_pid[0m
[35m[1mConsolidate compiler generated dependencies of target car_drive_pid_pwm[0m
[35m[1mConsolidate compiler generated dependencies of target pid_lifecycle[0m
[  9%] Built target pid
[ 18%] Built target car_drive
[ 27%] Built target target_pub
[ 36%] Built target pid_velocity_lifecycle
[ 40%] [32mBuilding CXX object CMakeFiles/car_drive_pid_pwm.dir/src/car_drive_pid_pwm.cpp.o[0m
[ 50%] Built target car_drive_pid
[ 59%] Built target pid_velocity
[35m[1mConsolidate compiler generated dependencies of target velocity_by_encoder[0m
[35m[1mConsolidate compiler generated dependencies of target car_drive_pid_pwm_lifecycle[0m
[ 68%] Built target pid_lifecycle
[ 77%] Built target velocity_by_encoder
[ 81%] [32mBuilding CXX object CMakeFiles/velocity_by_encoder_lifecycle.dir/src/velocity_by_encoder_lifecycle.cpp.o[0m
[ 86%] [32mBuilding CXX object CMakeFiles/car_drive_pid_pwm_lifecycle.dir/src/car_drive_pid_pwm.cpp.o[0m
[ 90%] [32m[1mLinking CXX executable car_drive_pid_pwm_lifecycle[0m
[ 95%] [32m[1mLinking CXX executable car_drive_pid_pwm[0m
[ 95%] Built target car_drive_pid_pwm_lifecycle
[ 95%] Built target car_drive_pid_pwm
