[7.369s] Invoking command in '/home/sunrise/amphibious_ws/src/yolo_detect_pkg': PYTHONPATH=/home/sunrise/amphibious_ws/build/yolo_detect_pkg/prefix_override:/usr/lib/python3/dist-packages/colcon_core/task/python/colcon_distutils_commands:/home/sunrise/amphibious_ws/install/yolo_detect_pkg/lib/python3.10/site-packages:${PYTHONPATH} /usr/bin/python3 -W ignore:setup.py install is deprecated -W ignore:easy_install command is deprecated setup.py egg_info --egg-base ../../build/yolo_detect_pkg build --build-base /home/sunrise/amphibious_ws/build/yolo_detect_pkg/build install --record /home/sunrise/amphibious_ws/build/yolo_detect_pkg/install.log --single-version-externally-managed install_data
[9.790s] running egg_info
[9.807s] writing ../../build/yolo_detect_pkg/yolo_detect_pkg.egg-info/PKG-INFO
[9.808s] writing dependency_links to ../../build/yolo_detect_pkg/yolo_detect_pkg.egg-info/dependency_links.txt
[9.810s] writing entry points to ../../build/yolo_detect_pkg/yolo_detect_pkg.egg-info/entry_points.txt
[9.811s] writing requirements to ../../build/yolo_detect_pkg/yolo_detect_pkg.egg-info/requires.txt
[9.812s] writing top-level names to ../../build/yolo_detect_pkg/yolo_detect_pkg.egg-info/top_level.txt
[9.826s] reading manifest file '../../build/yolo_detect_pkg/yolo_detect_pkg.egg-info/SOURCES.txt'
[9.827s] adding license file 'LICENSE'
[9.833s] writing manifest file '../../build/yolo_detect_pkg/yolo_detect_pkg.egg-info/SOURCES.txt'
[9.834s] running build
[9.835s] running build_py
[9.836s] running install
[9.839s] running install_lib
[9.848s] running install_data
[9.850s] running install_egg_info
[9.866s] removing '/home/sunrise/amphibious_ws/install/yolo_detect_pkg/lib/python3.10/site-packages/yolo_detect_pkg-0.0.0-py3.10.egg-info' (and everything under it)
[9.868s] Copying ../../build/yolo_detect_pkg/yolo_detect_pkg.egg-info to /home/sunrise/amphibious_ws/install/yolo_detect_pkg/lib/python3.10/site-packages/yolo_detect_pkg-0.0.0-py3.10.egg-info
[9.874s] running install_scripts
[10.023s] Installing yolo11_detect script to /home/sunrise/amphibious_ws/install/yolo_detect_pkg/lib/yolo_detect_pkg
[10.024s] Installing yolo11_detect_lifecycle script to /home/sunrise/amphibious_ws/install/yolo_detect_pkg/lib/yolo_detect_pkg
[10.027s] writing list of installed files to '/home/sunrise/amphibious_ws/build/yolo_detect_pkg/install.log'
[10.313s] Invoked command in '/home/sunrise/amphibious_ws/src/yolo_detect_pkg' returned '0': PYTHONPATH=/home/sunrise/amphibious_ws/build/yolo_detect_pkg/prefix_override:/usr/lib/python3/dist-packages/colcon_core/task/python/colcon_distutils_commands:/home/sunrise/amphibious_ws/install/yolo_detect_pkg/lib/python3.10/site-packages:${PYTHONPATH} /usr/bin/python3 -W ignore:setup.py install is deprecated -W ignore:easy_install command is deprecated setup.py egg_info --egg-base ../../build/yolo_detect_pkg build --build-base /home/sunrise/amphibious_ws/build/yolo_detect_pkg/build install --record /home/sunrise/amphibious_ws/build/yolo_detect_pkg/install.log --single-version-externally-managed install_data
