[7.104s] Invoking command in '/home/sunrise/amphibious_ws/src/yolo_detect_pkg': PYTHONPATH=/home/sunrise/amphibious_ws/build/yolo_detect_pkg/prefix_override:/usr/lib/python3/dist-packages/colcon_core/task/python/colcon_distutils_commands:/home/sunrise/amphibious_ws/install/yolo_detect_pkg/lib/python3.10/site-packages:${PYTHONPATH} /usr/bin/python3 -W ignore:setup.py install is deprecated -W ignore:easy_install command is deprecated setup.py egg_info --egg-base ../../build/yolo_detect_pkg build --build-base /home/sunrise/amphibious_ws/build/yolo_detect_pkg/build install --record /home/sunrise/amphibious_ws/build/yolo_detect_pkg/install.log --single-version-externally-managed install_data
[9.288s] running egg_info
[9.303s] writing ../../build/yolo_detect_pkg/yolo_detect_pkg.egg-info/PKG-INFO
[9.305s] writing dependency_links to ../../build/yolo_detect_pkg/yolo_detect_pkg.egg-info/dependency_links.txt
[9.306s] writing entry points to ../../build/yolo_detect_pkg/yolo_detect_pkg.egg-info/entry_points.txt
[9.307s] writing requirements to ../../build/yolo_detect_pkg/yolo_detect_pkg.egg-info/requires.txt
[9.307s] writing top-level names to ../../build/yolo_detect_pkg/yolo_detect_pkg.egg-info/top_level.txt
[9.320s] reading manifest file '../../build/yolo_detect_pkg/yolo_detect_pkg.egg-info/SOURCES.txt'
[9.322s] adding license file 'LICENSE'
[9.326s] writing manifest file '../../build/yolo_detect_pkg/yolo_detect_pkg.egg-info/SOURCES.txt'
[9.327s] running build
[9.328s] running build_py
[9.329s] running install
[9.332s] running install_lib
[9.340s] running install_data
[9.342s] running install_egg_info
[9.354s] removing '/home/sunrise/amphibious_ws/install/yolo_detect_pkg/lib/python3.10/site-packages/yolo_detect_pkg-0.0.0-py3.10.egg-info' (and everything under it)
[9.356s] Copying ../../build/yolo_detect_pkg/yolo_detect_pkg.egg-info to /home/sunrise/amphibious_ws/install/yolo_detect_pkg/lib/python3.10/site-packages/yolo_detect_pkg-0.0.0-py3.10.egg-info
[9.362s] running install_scripts
[9.492s] Installing yolo_detect script to /home/sunrise/amphibious_ws/install/yolo_detect_pkg/lib/yolo_detect_pkg
[9.494s] writing list of installed files to '/home/sunrise/amphibious_ws/build/yolo_detect_pkg/install.log'
[9.740s] Invoked command in '/home/sunrise/amphibious_ws/src/yolo_detect_pkg' returned '0': PYTHONPATH=/home/sunrise/amphibious_ws/build/yolo_detect_pkg/prefix_override:/usr/lib/python3/dist-packages/colcon_core/task/python/colcon_distutils_commands:/home/sunrise/amphibious_ws/install/yolo_detect_pkg/lib/python3.10/site-packages:${PYTHONPATH} /usr/bin/python3 -W ignore:setup.py install is deprecated -W ignore:easy_install command is deprecated setup.py egg_info --egg-base ../../build/yolo_detect_pkg build --build-base /home/sunrise/amphibious_ws/build/yolo_detect_pkg/build install --record /home/sunrise/amphibious_ws/build/yolo_detect_pkg/install.log --single-version-externally-managed install_data
