[0.299s] Invoking command in '/home/sunrise/amphibious_ws/build/camera_pkg': CMAKE_PREFIX_PATH=${CMAKE_PREFIX_PATH}:/home/sunrise/amphibious_ws/install/yolo_detect_pkg:/opt/tros/humble:/opt/ros/humble /usr/bin/cmake --build /home/sunrise/amphibious_ws/build/camera_pkg -- -j8 -l8
[3.442s] [100%] Built target camera_pub
[3.504s] Invoked command in '/home/sunrise/amphibious_ws/build/camera_pkg' returned '0': CMAKE_PREFIX_PATH=${CMAKE_PREFIX_PATH}:/home/sunrise/amphibious_ws/install/yolo_detect_pkg:/opt/tros/humble:/opt/ros/humble /usr/bin/cmake --build /home/sunrise/amphibious_ws/build/camera_pkg -- -j8 -l8
[3.540s] Invoking command in '/home/sunrise/amphibious_ws/build/camera_pkg': CMAKE_PREFIX_PATH=${CMAKE_PREFIX_PATH}:/home/sunrise/amphibious_ws/install/yolo_detect_pkg:/opt/tros/humble:/opt/ros/humble /usr/bin/cmake --install /home/sunrise/amphibious_ws/build/camera_pkg
[3.621s] -- Install configuration: ""
[3.622s] -- Up-to-date: /home/sunrise/amphibious_ws/install/camera_pkg/lib/camera_pkg/camera_pub
[3.623s] -- Up-to-date: /home/sunrise/amphibious_ws/install/camera_pkg/share/ament_index/resource_index/package_run_dependencies/camera_pkg
[3.624s] -- Up-to-date: /home/sunrise/amphibious_ws/install/camera_pkg/share/ament_index/resource_index/parent_prefix_path/camera_pkg
[3.625s] -- Up-to-date: /home/sunrise/amphibious_ws/install/camera_pkg/share/camera_pkg/environment/ament_prefix_path.sh
[3.629s] -- Up-to-date: /home/sunrise/amphibious_ws/install/camera_pkg/share/camera_pkg/environment/ament_prefix_path.dsv
[3.632s] -- Up-to-date: /home/sunrise/amphibious_ws/install/camera_pkg/share/camera_pkg/environment/path.sh
[3.635s] -- Up-to-date: /home/sunrise/amphibious_ws/install/camera_pkg/share/camera_pkg/environment/path.dsv
[3.654s] -- Up-to-date: /home/sunrise/amphibious_ws/install/camera_pkg/share/camera_pkg/local_setup.bash
[3.655s] -- Up-to-date: /home/sunrise/amphibious_ws/install/camera_pkg/share/camera_pkg/local_setup.sh
[3.656s] -- Up-to-date: /home/sunrise/amphibious_ws/install/camera_pkg/share/camera_pkg/local_setup.zsh
[3.660s] -- Up-to-date: /home/sunrise/amphibious_ws/install/camera_pkg/share/camera_pkg/local_setup.dsv
[3.662s] -- Installing: /home/sunrise/amphibious_ws/install/camera_pkg/share/camera_pkg/package.dsv
[3.664s] -- Up-to-date: /home/sunrise/amphibious_ws/install/camera_pkg/share/ament_index/resource_index/packages/camera_pkg
[3.666s] -- Up-to-date: /home/sunrise/amphibious_ws/install/camera_pkg/share/camera_pkg/cmake/camera_pkgConfig.cmake
[3.668s] -- Up-to-date: /home/sunrise/amphibious_ws/install/camera_pkg/share/camera_pkg/cmake/camera_pkgConfig-version.cmake
[3.674s] -- Up-to-date: /home/sunrise/amphibious_ws/install/camera_pkg/share/camera_pkg/package.xml
[3.751s] Invoked command in '/home/sunrise/amphibious_ws/build/camera_pkg' returned '0': CMAKE_PREFIX_PATH=${CMAKE_PREFIX_PATH}:/home/sunrise/amphibious_ws/install/yolo_detect_pkg:/opt/tros/humble:/opt/ros/humble /usr/bin/cmake --install /home/sunrise/amphibious_ws/build/camera_pkg
