[0.658s] DEBUG:colcon:Command line arguments: ['/usr/bin/colcon', 'build']
[0.659s] DEBUG:colcon:Parsed command line arguments: Namespace(log_base=None, log_level=None, verb_name='build', build_base='build', install_base='install', merge_install=False, symlink_install=False, test_result_base=None, continue_on_error=False, executor='parallel', parallel_workers=8, event_handlers=None, ignore_user_meta=False, metas=['./colcon.meta'], base_paths=['.'], packages_ignore=None, packages_ignore_regex=None, paths=None, packages_up_to=None, packages_up_to_regex=None, packages_above=None, packages_above_and_dependencies=None, packages_above_depth=None, packages_select_by_dep=None, packages_skip_by_dep=None, packages_skip_up_to=None, packages_select_build_failed=False, packages_skip_build_finished=False, packages_select_test_failures=False, packages_skip_test_passed=False, packages_select=None, packages_skip=None, packages_select_regex=None, packages_skip_regex=None, packages_start=None, packages_end=None, allow_overriding=[], cmake_args=None, cmake_target=None, cmake_target_skip_unavailable=False, cmake_clean_cache=False, cmake_clean_first=False, cmake_force_configure=False, ament_cmake_args=None, catkin_cmake_args=None, catkin_skip_building_tests=False, verb_parser=<colcon_defaults.argument_parser.defaults.DefaultArgumentsDecorator object at 0xffffa26acfa0>, verb_extension=<colcon_core.verb.build.BuildVerb object at 0xffffa2792e00>, main=<bound method BuildVerb.main of <colcon_core.verb.build.BuildVerb object at 0xffffa2792e00>>)
[1.835s] Level 1:colcon.colcon_core.package_discovery:discover_packages(colcon_meta) check parameters
[1.835s] Level 1:colcon.colcon_core.package_discovery:discover_packages(recursive) check parameters
[1.836s] Level 1:colcon.colcon_core.package_discovery:discover_packages(ignore) check parameters
[1.836s] Level 1:colcon.colcon_core.package_discovery:discover_packages(path) check parameters
[1.836s] Level 1:colcon.colcon_core.package_discovery:discover_packages(colcon_meta) discover
[1.836s] Level 1:colcon.colcon_core.package_discovery:discover_packages(recursive) discover
[1.837s] INFO:colcon.colcon_core.package_discovery:Crawling recursively for packages in '/home/sunrise/amphibious_ws'
[1.837s] Level 1:colcon.colcon_core.package_identification:_identify(.) by extensions ['ignore', 'ignore_ament_install']
[1.838s] Level 1:colcon.colcon_core.package_identification:_identify(.) by extension 'ignore'
[1.838s] Level 1:colcon.colcon_core.package_identification:_identify(.) by extension 'ignore_ament_install'
[1.838s] Level 1:colcon.colcon_core.package_identification:_identify(.) by extensions ['colcon_pkg']
[1.838s] Level 1:colcon.colcon_core.package_identification:_identify(.) by extension 'colcon_pkg'
[1.839s] Level 1:colcon.colcon_core.package_identification:_identify(.) by extensions ['colcon_meta']
[1.839s] Level 1:colcon.colcon_core.package_identification:_identify(.) by extension 'colcon_meta'
[1.839s] Level 1:colcon.colcon_core.package_identification:_identify(.) by extensions ['ros']
[1.839s] Level 1:colcon.colcon_core.package_identification:_identify(.) by extension 'ros'
[1.909s] Level 1:colcon.colcon_core.package_identification:_identify(.) by extensions ['cmake', 'python']
[1.909s] Level 1:colcon.colcon_core.package_identification:_identify(.) by extension 'cmake'
[1.909s] Level 1:colcon.colcon_core.package_identification:_identify(.) by extension 'python'
[1.910s] Level 1:colcon.colcon_core.package_identification:_identify(.) by extensions ['python_setup_py']
[1.910s] Level 1:colcon.colcon_core.package_identification:_identify(.) by extension 'python_setup_py'
[1.911s] Level 1:colcon.colcon_core.package_identification:_identify(build) by extensions ['ignore', 'ignore_ament_install']
[1.911s] Level 1:colcon.colcon_core.package_identification:_identify(build) by extension 'ignore'
[1.911s] Level 1:colcon.colcon_core.package_identification:_identify(build) ignored
[1.912s] Level 1:colcon.colcon_core.package_identification:_identify(install) by extensions ['ignore', 'ignore_ament_install']
[1.912s] Level 1:colcon.colcon_core.package_identification:_identify(install) by extension 'ignore'
[1.913s] Level 1:colcon.colcon_core.package_identification:_identify(install) ignored
[1.914s] Level 1:colcon.colcon_core.package_identification:_identify(log) by extensions ['ignore', 'ignore_ament_install']
[1.915s] Level 1:colcon.colcon_core.package_identification:_identify(log) by extension 'ignore'
[1.915s] Level 1:colcon.colcon_core.package_identification:_identify(log) ignored
[1.916s] Level 1:colcon.colcon_core.package_identification:_identify(src) by extensions ['ignore', 'ignore_ament_install']
[1.916s] Level 1:colcon.colcon_core.package_identification:_identify(src) by extension 'ignore'
[1.917s] Level 1:colcon.colcon_core.package_identification:_identify(src) by extension 'ignore_ament_install'
[1.917s] Level 1:colcon.colcon_core.package_identification:_identify(src) by extensions ['colcon_pkg']
[1.917s] Level 1:colcon.colcon_core.package_identification:_identify(src) by extension 'colcon_pkg'
[1.917s] Level 1:colcon.colcon_core.package_identification:_identify(src) by extensions ['colcon_meta']
[1.918s] Level 1:colcon.colcon_core.package_identification:_identify(src) by extension 'colcon_meta'
[1.918s] Level 1:colcon.colcon_core.package_identification:_identify(src) by extensions ['ros']
[1.918s] Level 1:colcon.colcon_core.package_identification:_identify(src) by extension 'ros'
[1.919s] Level 1:colcon.colcon_core.package_identification:_identify(src) by extensions ['cmake', 'python']
[1.919s] Level 1:colcon.colcon_core.package_identification:_identify(src) by extension 'cmake'
[1.919s] Level 1:colcon.colcon_core.package_identification:_identify(src) by extension 'python'
[1.919s] Level 1:colcon.colcon_core.package_identification:_identify(src) by extensions ['python_setup_py']
[1.920s] Level 1:colcon.colcon_core.package_identification:_identify(src) by extension 'python_setup_py'
[1.920s] Level 1:colcon.colcon_core.package_identification:_identify(src/bluesea2) by extensions ['ignore', 'ignore_ament_install']
[1.921s] Level 1:colcon.colcon_core.package_identification:_identify(src/bluesea2) by extension 'ignore'
[1.921s] Level 1:colcon.colcon_core.package_identification:_identify(src/bluesea2) by extension 'ignore_ament_install'
[1.921s] Level 1:colcon.colcon_core.package_identification:_identify(src/bluesea2) by extensions ['colcon_pkg']
[1.922s] Level 1:colcon.colcon_core.package_identification:_identify(src/bluesea2) by extension 'colcon_pkg'
[1.922s] Level 1:colcon.colcon_core.package_identification:_identify(src/bluesea2) by extensions ['colcon_meta']
[1.922s] Level 1:colcon.colcon_core.package_identification:_identify(src/bluesea2) by extension 'colcon_meta'
[1.922s] Level 1:colcon.colcon_core.package_identification:_identify(src/bluesea2) by extensions ['ros']
[1.923s] Level 1:colcon.colcon_core.package_identification:_identify(src/bluesea2) by extension 'ros'
[1.923s] Level 1:colcon.colcon_core.package_identification:_identify(src/bluesea2) by extensions ['cmake', 'python']
[1.923s] Level 1:colcon.colcon_core.package_identification:_identify(src/bluesea2) by extension 'cmake'
[1.924s] Level 1:colcon.colcon_core.package_identification:_identify(src/bluesea2) by extension 'python'
[1.924s] Level 1:colcon.colcon_core.package_identification:_identify(src/bluesea2) by extensions ['python_setup_py']
[1.924s] Level 1:colcon.colcon_core.package_identification:_identify(src/bluesea2) by extension 'python_setup_py'
[1.925s] Level 1:colcon.colcon_core.package_identification:_identify(src/bluesea2/src) by extensions ['ignore', 'ignore_ament_install']
[1.925s] Level 1:colcon.colcon_core.package_identification:_identify(src/bluesea2/src) by extension 'ignore'
[1.926s] Level 1:colcon.colcon_core.package_identification:_identify(src/bluesea2/src) by extension 'ignore_ament_install'
[1.926s] Level 1:colcon.colcon_core.package_identification:_identify(src/bluesea2/src) by extensions ['colcon_pkg']
[1.926s] Level 1:colcon.colcon_core.package_identification:_identify(src/bluesea2/src) by extension 'colcon_pkg'
[1.926s] Level 1:colcon.colcon_core.package_identification:_identify(src/bluesea2/src) by extensions ['colcon_meta']
[1.927s] Level 1:colcon.colcon_core.package_identification:_identify(src/bluesea2/src) by extension 'colcon_meta'
[1.927s] Level 1:colcon.colcon_core.package_identification:_identify(src/bluesea2/src) by extensions ['ros']
[1.927s] Level 1:colcon.colcon_core.package_identification:_identify(src/bluesea2/src) by extension 'ros'
[1.928s] Level 1:colcon.colcon_core.package_identification:_identify(src/bluesea2/src) by extensions ['cmake', 'python']
[1.928s] Level 1:colcon.colcon_core.package_identification:_identify(src/bluesea2/src) by extension 'cmake'
[1.928s] Level 1:colcon.colcon_core.package_identification:_identify(src/bluesea2/src) by extension 'python'
[1.928s] Level 1:colcon.colcon_core.package_identification:_identify(src/bluesea2/src) by extensions ['python_setup_py']
[1.929s] Level 1:colcon.colcon_core.package_identification:_identify(src/bluesea2/src) by extension 'python_setup_py'
[1.929s] Level 1:colcon.colcon_core.package_identification:_identify(src/bluesea2/src/base) by extensions ['ignore', 'ignore_ament_install']
[1.930s] Level 1:colcon.colcon_core.package_identification:_identify(src/bluesea2/src/base) by extension 'ignore'
[1.930s] Level 1:colcon.colcon_core.package_identification:_identify(src/bluesea2/src/base) by extension 'ignore_ament_install'
[1.930s] Level 1:colcon.colcon_core.package_identification:_identify(src/bluesea2/src/base) by extensions ['colcon_pkg']
[1.931s] Level 1:colcon.colcon_core.package_identification:_identify(src/bluesea2/src/base) by extension 'colcon_pkg'
[1.931s] Level 1:colcon.colcon_core.package_identification:_identify(src/bluesea2/src/base) by extensions ['colcon_meta']
[1.931s] Level 1:colcon.colcon_core.package_identification:_identify(src/bluesea2/src/base) by extension 'colcon_meta'
[1.931s] Level 1:colcon.colcon_core.package_identification:_identify(src/bluesea2/src/base) by extensions ['ros']
[1.932s] Level 1:colcon.colcon_core.package_identification:_identify(src/bluesea2/src/base) by extension 'ros'
[1.946s] DEBUG:colcon.colcon_core.package_identification:Package 'src/bluesea2/src/base' with type 'ros.ament_cmake' and name 'base'
[1.947s] Level 1:colcon.colcon_core.package_identification:_identify(src/bluesea2/src/bluesea-ros2) by extensions ['ignore', 'ignore_ament_install']
[1.947s] Level 1:colcon.colcon_core.package_identification:_identify(src/bluesea2/src/bluesea-ros2) by extension 'ignore'
[1.948s] Level 1:colcon.colcon_core.package_identification:_identify(src/bluesea2/src/bluesea-ros2) by extension 'ignore_ament_install'
[1.948s] Level 1:colcon.colcon_core.package_identification:_identify(src/bluesea2/src/bluesea-ros2) by extensions ['colcon_pkg']
[1.948s] Level 1:colcon.colcon_core.package_identification:_identify(src/bluesea2/src/bluesea-ros2) by extension 'colcon_pkg'
[1.949s] Level 1:colcon.colcon_core.package_identification:_identify(src/bluesea2/src/bluesea-ros2) by extensions ['colcon_meta']
[1.949s] Level 1:colcon.colcon_core.package_identification:_identify(src/bluesea2/src/bluesea-ros2) by extension 'colcon_meta'
[1.949s] Level 1:colcon.colcon_core.package_identification:_identify(src/bluesea2/src/bluesea-ros2) by extensions ['ros']
[1.949s] Level 1:colcon.colcon_core.package_identification:_identify(src/bluesea2/src/bluesea-ros2) by extension 'ros'
[1.956s] DEBUG:colcon.colcon_core.package_identification:Package 'src/bluesea2/src/bluesea-ros2' with type 'ros.ament_cmake' and name 'bluesea2'
[1.956s] Level 1:colcon.colcon_core.package_identification:_identify(src/com_pkg) by extensions ['ignore', 'ignore_ament_install']
[1.957s] Level 1:colcon.colcon_core.package_identification:_identify(src/com_pkg) by extension 'ignore'
[1.957s] Level 1:colcon.colcon_core.package_identification:_identify(src/com_pkg) by extension 'ignore_ament_install'
[1.957s] Level 1:colcon.colcon_core.package_identification:_identify(src/com_pkg) by extensions ['colcon_pkg']
[1.958s] Level 1:colcon.colcon_core.package_identification:_identify(src/com_pkg) by extension 'colcon_pkg'
[1.958s] Level 1:colcon.colcon_core.package_identification:_identify(src/com_pkg) by extensions ['colcon_meta']
[1.958s] Level 1:colcon.colcon_core.package_identification:_identify(src/com_pkg) by extension 'colcon_meta'
[1.958s] Level 1:colcon.colcon_core.package_identification:_identify(src/com_pkg) by extensions ['ros']
[1.959s] Level 1:colcon.colcon_core.package_identification:_identify(src/com_pkg) by extension 'ros'
[1.965s] DEBUG:colcon.colcon_core.package_identification:Package 'src/com_pkg' with type 'ros.ament_cmake' and name 'com_pkg'
[1.966s] Level 1:colcon.colcon_core.package_identification:_identify(src/i2c_pkg) by extensions ['ignore', 'ignore_ament_install']
[1.966s] Level 1:colcon.colcon_core.package_identification:_identify(src/i2c_pkg) by extension 'ignore'
[1.967s] Level 1:colcon.colcon_core.package_identification:_identify(src/i2c_pkg) by extension 'ignore_ament_install'
[1.967s] Level 1:colcon.colcon_core.package_identification:_identify(src/i2c_pkg) by extensions ['colcon_pkg']
[1.967s] Level 1:colcon.colcon_core.package_identification:_identify(src/i2c_pkg) by extension 'colcon_pkg'
[1.968s] Level 1:colcon.colcon_core.package_identification:_identify(src/i2c_pkg) by extensions ['colcon_meta']
[1.968s] Level 1:colcon.colcon_core.package_identification:_identify(src/i2c_pkg) by extension 'colcon_meta'
[1.968s] Level 1:colcon.colcon_core.package_identification:_identify(src/i2c_pkg) by extensions ['ros']
[1.968s] Level 1:colcon.colcon_core.package_identification:_identify(src/i2c_pkg) by extension 'ros'
[1.972s] DEBUG:colcon.colcon_core.package_identification:Package 'src/i2c_pkg' with type 'ros.ament_cmake' and name 'i2c_pkg'
[1.973s] Level 1:colcon.colcon_core.package_identification:_identify(src/my_carto_pkg) by extensions ['ignore', 'ignore_ament_install']
[1.973s] Level 1:colcon.colcon_core.package_identification:_identify(src/my_carto_pkg) by extension 'ignore'
[1.973s] Level 1:colcon.colcon_core.package_identification:_identify(src/my_carto_pkg) by extension 'ignore_ament_install'
[1.974s] Level 1:colcon.colcon_core.package_identification:_identify(src/my_carto_pkg) by extensions ['colcon_pkg']
[1.974s] Level 1:colcon.colcon_core.package_identification:_identify(src/my_carto_pkg) by extension 'colcon_pkg'
[1.974s] Level 1:colcon.colcon_core.package_identification:_identify(src/my_carto_pkg) by extensions ['colcon_meta']
[1.974s] Level 1:colcon.colcon_core.package_identification:_identify(src/my_carto_pkg) by extension 'colcon_meta'
[1.975s] Level 1:colcon.colcon_core.package_identification:_identify(src/my_carto_pkg) by extensions ['ros']
[1.975s] Level 1:colcon.colcon_core.package_identification:_identify(src/my_carto_pkg) by extension 'ros'
[1.978s] DEBUG:colcon.colcon_core.package_identification:Package 'src/my_carto_pkg' with type 'ros.ament_cmake' and name 'my_carto_pkg'
[1.978s] Level 1:colcon.colcon_core.package_discovery:discover_packages(recursive) using defaults
[1.979s] Level 1:colcon.colcon_core.package_discovery:discover_packages(ignore) discover
[1.979s] Level 1:colcon.colcon_core.package_discovery:discover_packages(ignore) using defaults
[1.979s] Level 1:colcon.colcon_core.package_discovery:discover_packages(path) discover
[1.979s] Level 1:colcon.colcon_core.package_discovery:discover_packages(path) using defaults
[2.103s] Level 1:colcon.colcon_core.package_discovery:discover_packages(prefix_path) check parameters
[2.103s] Level 1:colcon.colcon_core.package_discovery:discover_packages(prefix_path) discover
[2.117s] DEBUG:colcon.colcon_installed_package_information.package_discovery:Found 5 installed packages in /home/sunrise/amphibious_ws/install
[2.120s] DEBUG:colcon.colcon_installed_package_information.package_discovery:Found 5 installed packages in /home/sunrise/fly_ws/install
[2.125s] DEBUG:colcon.colcon_installed_package_information.package_discovery:Found 4 installed packages in /home/sunrise/cartographer_ws/install
[2.133s] DEBUG:colcon.colcon_installed_package_information.package_discovery:Found 299 installed packages in /opt/ros/humble
[2.221s] Level 1:colcon.colcon_core.package_discovery:discover_packages(prefix_path) using defaults
[2.529s] Level 5:colcon.colcon_core.verb:set package 'base' build argument 'cmake_args' from command line to 'None'
[2.529s] Level 5:colcon.colcon_core.verb:set package 'base' build argument 'cmake_target' from command line to 'None'
[2.529s] Level 5:colcon.colcon_core.verb:set package 'base' build argument 'cmake_target_skip_unavailable' from command line to 'False'
[2.530s] Level 5:colcon.colcon_core.verb:set package 'base' build argument 'cmake_clean_cache' from command line to 'False'
[2.530s] Level 5:colcon.colcon_core.verb:set package 'base' build argument 'cmake_clean_first' from command line to 'False'
[2.530s] Level 5:colcon.colcon_core.verb:set package 'base' build argument 'cmake_force_configure' from command line to 'False'
[2.530s] Level 5:colcon.colcon_core.verb:set package 'base' build argument 'ament_cmake_args' from command line to 'None'
[2.530s] Level 5:colcon.colcon_core.verb:set package 'base' build argument 'catkin_cmake_args' from command line to 'None'
[2.530s] Level 5:colcon.colcon_core.verb:set package 'base' build argument 'catkin_skip_building_tests' from command line to 'False'
[2.531s] DEBUG:colcon.colcon_core.verb:Building package 'base' with the following arguments: {'ament_cmake_args': None, 'build_base': '/home/sunrise/amphibious_ws/build/base', 'catkin_cmake_args': None, 'catkin_skip_building_tests': False, 'cmake_args': None, 'cmake_clean_cache': False, 'cmake_clean_first': False, 'cmake_force_configure': False, 'cmake_target': None, 'cmake_target_skip_unavailable': False, 'install_base': '/home/sunrise/amphibious_ws/install/base', 'merge_install': False, 'path': '/home/sunrise/amphibious_ws/src/bluesea2/src/base', 'symlink_install': False, 'test_result_base': None}
[2.533s] Level 5:colcon.colcon_core.verb:set package 'com_pkg' build argument 'cmake_args' from command line to 'None'
[2.534s] Level 5:colcon.colcon_core.verb:set package 'com_pkg' build argument 'cmake_target' from command line to 'None'
[2.534s] Level 5:colcon.colcon_core.verb:set package 'com_pkg' build argument 'cmake_target_skip_unavailable' from command line to 'False'
[2.534s] Level 5:colcon.colcon_core.verb:set package 'com_pkg' build argument 'cmake_clean_cache' from command line to 'False'
[2.534s] Level 5:colcon.colcon_core.verb:set package 'com_pkg' build argument 'cmake_clean_first' from command line to 'False'
[2.534s] Level 5:colcon.colcon_core.verb:set package 'com_pkg' build argument 'cmake_force_configure' from command line to 'False'
[2.534s] Level 5:colcon.colcon_core.verb:set package 'com_pkg' build argument 'ament_cmake_args' from command line to 'None'
[2.535s] Level 5:colcon.colcon_core.verb:set package 'com_pkg' build argument 'catkin_cmake_args' from command line to 'None'
[2.535s] Level 5:colcon.colcon_core.verb:set package 'com_pkg' build argument 'catkin_skip_building_tests' from command line to 'False'
[2.535s] DEBUG:colcon.colcon_core.verb:Building package 'com_pkg' with the following arguments: {'ament_cmake_args': None, 'build_base': '/home/sunrise/amphibious_ws/build/com_pkg', 'catkin_cmake_args': None, 'catkin_skip_building_tests': False, 'cmake_args': None, 'cmake_clean_cache': False, 'cmake_clean_first': False, 'cmake_force_configure': False, 'cmake_target': None, 'cmake_target_skip_unavailable': False, 'install_base': '/home/sunrise/amphibious_ws/install/com_pkg', 'merge_install': False, 'path': '/home/sunrise/amphibious_ws/src/com_pkg', 'symlink_install': False, 'test_result_base': None}
[2.538s] Level 5:colcon.colcon_core.verb:set package 'i2c_pkg' build argument 'cmake_args' from command line to 'None'
[2.538s] Level 5:colcon.colcon_core.verb:set package 'i2c_pkg' build argument 'cmake_target' from command line to 'None'
[2.538s] Level 5:colcon.colcon_core.verb:set package 'i2c_pkg' build argument 'cmake_target_skip_unavailable' from command line to 'False'
[2.538s] Level 5:colcon.colcon_core.verb:set package 'i2c_pkg' build argument 'cmake_clean_cache' from command line to 'False'
[2.538s] Level 5:colcon.colcon_core.verb:set package 'i2c_pkg' build argument 'cmake_clean_first' from command line to 'False'
[2.538s] Level 5:colcon.colcon_core.verb:set package 'i2c_pkg' build argument 'cmake_force_configure' from command line to 'False'
[2.539s] Level 5:colcon.colcon_core.verb:set package 'i2c_pkg' build argument 'ament_cmake_args' from command line to 'None'
[2.539s] Level 5:colcon.colcon_core.verb:set package 'i2c_pkg' build argument 'catkin_cmake_args' from command line to 'None'
[2.539s] Level 5:colcon.colcon_core.verb:set package 'i2c_pkg' build argument 'catkin_skip_building_tests' from command line to 'False'
[2.539s] DEBUG:colcon.colcon_core.verb:Building package 'i2c_pkg' with the following arguments: {'ament_cmake_args': None, 'build_base': '/home/sunrise/amphibious_ws/build/i2c_pkg', 'catkin_cmake_args': None, 'catkin_skip_building_tests': False, 'cmake_args': None, 'cmake_clean_cache': False, 'cmake_clean_first': False, 'cmake_force_configure': False, 'cmake_target': None, 'cmake_target_skip_unavailable': False, 'install_base': '/home/sunrise/amphibious_ws/install/i2c_pkg', 'merge_install': False, 'path': '/home/sunrise/amphibious_ws/src/i2c_pkg', 'symlink_install': False, 'test_result_base': None}
[2.542s] Level 5:colcon.colcon_core.verb:set package 'my_carto_pkg' build argument 'cmake_args' from command line to 'None'
[2.542s] Level 5:colcon.colcon_core.verb:set package 'my_carto_pkg' build argument 'cmake_target' from command line to 'None'
[2.542s] Level 5:colcon.colcon_core.verb:set package 'my_carto_pkg' build argument 'cmake_target_skip_unavailable' from command line to 'False'
[2.542s] Level 5:colcon.colcon_core.verb:set package 'my_carto_pkg' build argument 'cmake_clean_cache' from command line to 'False'
[2.542s] Level 5:colcon.colcon_core.verb:set package 'my_carto_pkg' build argument 'cmake_clean_first' from command line to 'False'
[2.543s] Level 5:colcon.colcon_core.verb:set package 'my_carto_pkg' build argument 'cmake_force_configure' from command line to 'False'
[2.543s] Level 5:colcon.colcon_core.verb:set package 'my_carto_pkg' build argument 'ament_cmake_args' from command line to 'None'
[2.543s] Level 5:colcon.colcon_core.verb:set package 'my_carto_pkg' build argument 'catkin_cmake_args' from command line to 'None'
[2.543s] Level 5:colcon.colcon_core.verb:set package 'my_carto_pkg' build argument 'catkin_skip_building_tests' from command line to 'False'
[2.543s] DEBUG:colcon.colcon_core.verb:Building package 'my_carto_pkg' with the following arguments: {'ament_cmake_args': None, 'build_base': '/home/sunrise/amphibious_ws/build/my_carto_pkg', 'catkin_cmake_args': None, 'catkin_skip_building_tests': False, 'cmake_args': None, 'cmake_clean_cache': False, 'cmake_clean_first': False, 'cmake_force_configure': False, 'cmake_target': None, 'cmake_target_skip_unavailable': False, 'install_base': '/home/sunrise/amphibious_ws/install/my_carto_pkg', 'merge_install': False, 'path': '/home/sunrise/amphibious_ws/src/my_carto_pkg', 'symlink_install': False, 'test_result_base': None}
[2.546s] Level 5:colcon.colcon_core.verb:set package 'bluesea2' build argument 'cmake_args' from command line to 'None'
[2.546s] Level 5:colcon.colcon_core.verb:set package 'bluesea2' build argument 'cmake_target' from command line to 'None'
[2.546s] Level 5:colcon.colcon_core.verb:set package 'bluesea2' build argument 'cmake_target_skip_unavailable' from command line to 'False'
[2.546s] Level 5:colcon.colcon_core.verb:set package 'bluesea2' build argument 'cmake_clean_cache' from command line to 'False'
[2.547s] Level 5:colcon.colcon_core.verb:set package 'bluesea2' build argument 'cmake_clean_first' from command line to 'False'
[2.547s] Level 5:colcon.colcon_core.verb:set package 'bluesea2' build argument 'cmake_force_configure' from command line to 'False'
[2.547s] Level 5:colcon.colcon_core.verb:set package 'bluesea2' build argument 'ament_cmake_args' from command line to 'None'
[2.547s] Level 5:colcon.colcon_core.verb:set package 'bluesea2' build argument 'catkin_cmake_args' from command line to 'None'
[2.547s] Level 5:colcon.colcon_core.verb:set package 'bluesea2' build argument 'catkin_skip_building_tests' from command line to 'False'
[2.548s] DEBUG:colcon.colcon_core.verb:Building package 'bluesea2' with the following arguments: {'ament_cmake_args': None, 'build_base': '/home/sunrise/amphibious_ws/build/bluesea2', 'catkin_cmake_args': None, 'catkin_skip_building_tests': False, 'cmake_args': None, 'cmake_clean_cache': False, 'cmake_clean_first': False, 'cmake_force_configure': False, 'cmake_target': None, 'cmake_target_skip_unavailable': False, 'install_base': '/home/sunrise/amphibious_ws/install/bluesea2', 'merge_install': False, 'path': '/home/sunrise/amphibious_ws/src/bluesea2/src/bluesea-ros2', 'symlink_install': False, 'test_result_base': None}
[2.548s] INFO:colcon.colcon_core.executor:Executing jobs using 'parallel' executor
[2.554s] DEBUG:colcon.colcon_parallel_executor.executor.parallel:run_until_complete
[2.555s] INFO:colcon.colcon_ros.task.ament_cmake.build:Building ROS package in '/home/sunrise/amphibious_ws/src/bluesea2/src/base' with build type 'ament_cmake'
[2.556s] INFO:colcon.colcon_cmake.task.cmake.build:Building CMake package in '/home/sunrise/amphibious_ws/src/bluesea2/src/base'
[2.568s] INFO:colcon.colcon_core.plugin_system:Skipping extension 'colcon_core.shell.bat': Not used on non-Windows systems
[2.570s] INFO:colcon.colcon_core.shell:Skip shell extension 'powershell' for command environment: Not usable outside of PowerShell
[2.570s] DEBUG:colcon.colcon_core.shell:Skip shell extension 'dsv' for command environment
[2.600s] INFO:colcon.colcon_ros.task.ament_cmake.build:Building ROS package in '/home/sunrise/amphibious_ws/src/com_pkg' with build type 'ament_cmake'
[2.601s] INFO:colcon.colcon_cmake.task.cmake.build:Building CMake package in '/home/sunrise/amphibious_ws/src/com_pkg'
[2.603s] INFO:colcon.colcon_core.shell:Skip shell extension 'powershell' for command environment: Not usable outside of PowerShell
[2.604s] DEBUG:colcon.colcon_core.shell:Skip shell extension 'dsv' for command environment
[2.631s] INFO:colcon.colcon_ros.task.ament_cmake.build:Building ROS package in '/home/sunrise/amphibious_ws/src/i2c_pkg' with build type 'ament_cmake'
[2.632s] INFO:colcon.colcon_cmake.task.cmake.build:Building CMake package in '/home/sunrise/amphibious_ws/src/i2c_pkg'
[2.634s] INFO:colcon.colcon_core.shell:Skip shell extension 'powershell' for command environment: Not usable outside of PowerShell
[2.635s] DEBUG:colcon.colcon_core.shell:Skip shell extension 'dsv' for command environment
[2.667s] INFO:colcon.colcon_ros.task.ament_cmake.build:Building ROS package in '/home/sunrise/amphibious_ws/src/my_carto_pkg' with build type 'ament_cmake'
[2.667s] INFO:colcon.colcon_cmake.task.cmake.build:Building CMake package in '/home/sunrise/amphibious_ws/src/my_carto_pkg'
[2.670s] INFO:colcon.colcon_core.shell:Skip shell extension 'powershell' for command environment: Not usable outside of PowerShell
[2.670s] DEBUG:colcon.colcon_core.shell:Skip shell extension 'dsv' for command environment
[2.723s] DEBUG:colcon.colcon_core.event_handler.log_command:Invoking command in '/home/sunrise/amphibious_ws/build/base': CMAKE_PREFIX_PATH=${CMAKE_PREFIX_PATH}:/opt/ros/humble /usr/bin/cmake --build /home/sunrise/amphibious_ws/build/base -- -j8 -l8
[2.747s] DEBUG:colcon.colcon_core.event_handler.log_command:Invoking command in '/home/sunrise/amphibious_ws/build/com_pkg': CMAKE_PREFIX_PATH=${CMAKE_PREFIX_PATH}:/opt/ros/humble /usr/bin/cmake --build /home/sunrise/amphibious_ws/build/com_pkg -- -j8 -l8
[2.770s] DEBUG:colcon.colcon_core.event_handler.log_command:Invoking command in '/home/sunrise/amphibious_ws/build/i2c_pkg': CMAKE_PREFIX_PATH=${CMAKE_PREFIX_PATH}:/opt/ros/humble /usr/bin/cmake --build /home/sunrise/amphibious_ws/build/i2c_pkg -- -j8 -l8
[2.798s] DEBUG:colcon.colcon_core.event_handler.log_command:Invoking command in '/home/sunrise/amphibious_ws/build/my_carto_pkg': CMAKE_PREFIX_PATH=${CMAKE_PREFIX_PATH}:/opt/ros/humble /usr/bin/cmake --build /home/sunrise/amphibious_ws/build/my_carto_pkg -- -j8 -l8
[3.028s] DEBUG:colcon.colcon_core.event_handler.log_command:Invoked command in '/home/sunrise/amphibious_ws/build/my_carto_pkg' returned '0': CMAKE_PREFIX_PATH=${CMAKE_PREFIX_PATH}:/opt/ros/humble /usr/bin/cmake --build /home/sunrise/amphibious_ws/build/my_carto_pkg -- -j8 -l8
[3.136s] DEBUG:colcon.colcon_core.event_handler.log_command:Invoking command in '/home/sunrise/amphibious_ws/build/my_carto_pkg': CMAKE_PREFIX_PATH=${CMAKE_PREFIX_PATH}:/opt/ros/humble /usr/bin/cmake --install /home/sunrise/amphibious_ws/build/my_carto_pkg
[3.228s] Level 1:colcon.colcon_core.environment:create_environment_scripts_only(my_carto_pkg)
[3.262s] Level 1:colcon.colcon_core.environment:checking '/home/sunrise/amphibious_ws/install/my_carto_pkg' for CMake module files
[3.278s] DEBUG:colcon.colcon_core.event_handler.log_command:Invoked command in '/home/sunrise/amphibious_ws/build/my_carto_pkg' returned '0': CMAKE_PREFIX_PATH=${CMAKE_PREFIX_PATH}:/opt/ros/humble /usr/bin/cmake --install /home/sunrise/amphibious_ws/build/my_carto_pkg
[3.297s] Level 1:colcon.colcon_core.environment:checking '/home/sunrise/amphibious_ws/install/my_carto_pkg' for CMake config files
[3.300s] Level 1:colcon.colcon_core.shell:create_environment_hook('my_carto_pkg', 'cmake_prefix_path')
[3.307s] INFO:colcon.colcon_core.shell:Creating environment hook '/home/sunrise/amphibious_ws/install/my_carto_pkg/share/my_carto_pkg/hook/cmake_prefix_path.ps1'
[3.315s] INFO:colcon.colcon_core.shell:Creating environment descriptor '/home/sunrise/amphibious_ws/install/my_carto_pkg/share/my_carto_pkg/hook/cmake_prefix_path.dsv'
[3.319s] INFO:colcon.colcon_core.shell:Creating environment hook '/home/sunrise/amphibious_ws/install/my_carto_pkg/share/my_carto_pkg/hook/cmake_prefix_path.sh'
[3.327s] Level 1:colcon.colcon_core.environment:checking '/home/sunrise/amphibious_ws/install/my_carto_pkg/bin'
[3.328s] Level 1:colcon.colcon_core.environment:checking '/home/sunrise/amphibious_ws/install/my_carto_pkg/lib/pkgconfig/my_carto_pkg.pc'
[3.330s] Level 1:colcon.colcon_core.environment:checking '/home/sunrise/amphibious_ws/install/my_carto_pkg/lib/python3.10/site-packages'
[3.332s] Level 1:colcon.colcon_core.environment:checking '/home/sunrise/amphibious_ws/install/my_carto_pkg/bin'
[3.334s] INFO:colcon.colcon_core.shell:Creating package script '/home/sunrise/amphibious_ws/install/my_carto_pkg/share/my_carto_pkg/package.ps1'
[3.353s] INFO:colcon.colcon_core.shell:Creating package descriptor '/home/sunrise/amphibious_ws/install/my_carto_pkg/share/my_carto_pkg/package.dsv'
[3.357s] INFO:colcon.colcon_core.shell:Creating package script '/home/sunrise/amphibious_ws/install/my_carto_pkg/share/my_carto_pkg/package.sh'
[3.375s] INFO:colcon.colcon_core.shell:Creating package script '/home/sunrise/amphibious_ws/install/my_carto_pkg/share/my_carto_pkg/package.bash'
[3.388s] INFO:colcon.colcon_core.shell:Creating package script '/home/sunrise/amphibious_ws/install/my_carto_pkg/share/my_carto_pkg/package.zsh'
[3.394s] Level 1:colcon.colcon_core.environment:create_file_with_runtime_dependencies(/home/sunrise/amphibious_ws/install/my_carto_pkg/share/colcon-core/packages/my_carto_pkg)
[3.398s] Level 1:colcon.colcon_core.environment:create_environment_scripts_only(my_carto_pkg)
[3.401s] Level 1:colcon.colcon_core.environment:checking '/home/sunrise/amphibious_ws/install/my_carto_pkg' for CMake module files
[3.411s] Level 1:colcon.colcon_core.environment:checking '/home/sunrise/amphibious_ws/install/my_carto_pkg' for CMake config files
[3.412s] Level 1:colcon.colcon_core.shell:create_environment_hook('my_carto_pkg', 'cmake_prefix_path')
[3.414s] INFO:colcon.colcon_core.shell:Creating environment hook '/home/sunrise/amphibious_ws/install/my_carto_pkg/share/my_carto_pkg/hook/cmake_prefix_path.ps1'
[3.418s] INFO:colcon.colcon_core.shell:Creating environment descriptor '/home/sunrise/amphibious_ws/install/my_carto_pkg/share/my_carto_pkg/hook/cmake_prefix_path.dsv'
[3.422s] INFO:colcon.colcon_core.shell:Creating environment hook '/home/sunrise/amphibious_ws/install/my_carto_pkg/share/my_carto_pkg/hook/cmake_prefix_path.sh'
[3.427s] Level 1:colcon.colcon_core.environment:checking '/home/sunrise/amphibious_ws/install/my_carto_pkg/bin'
[3.428s] Level 1:colcon.colcon_core.environment:checking '/home/sunrise/amphibious_ws/install/my_carto_pkg/lib/pkgconfig/my_carto_pkg.pc'
[3.429s] Level 1:colcon.colcon_core.environment:checking '/home/sunrise/amphibious_ws/install/my_carto_pkg/lib/python3.10/site-packages'
[3.431s] Level 1:colcon.colcon_core.environment:checking '/home/sunrise/amphibious_ws/install/my_carto_pkg/bin'
[3.434s] INFO:colcon.colcon_core.shell:Creating package script '/home/sunrise/amphibious_ws/install/my_carto_pkg/share/my_carto_pkg/package.ps1'
[3.438s] INFO:colcon.colcon_core.shell:Creating package descriptor '/home/sunrise/amphibious_ws/install/my_carto_pkg/share/my_carto_pkg/package.dsv'
[3.442s] INFO:colcon.colcon_core.shell:Creating package script '/home/sunrise/amphibious_ws/install/my_carto_pkg/share/my_carto_pkg/package.sh'
[3.446s] INFO:colcon.colcon_core.shell:Creating package script '/home/sunrise/amphibious_ws/install/my_carto_pkg/share/my_carto_pkg/package.bash'
[3.450s] INFO:colcon.colcon_core.shell:Creating package script '/home/sunrise/amphibious_ws/install/my_carto_pkg/share/my_carto_pkg/package.zsh'
[3.453s] Level 1:colcon.colcon_core.environment:create_file_with_runtime_dependencies(/home/sunrise/amphibious_ws/install/my_carto_pkg/share/colcon-core/packages/my_carto_pkg)
[3.468s] DEBUG:colcon.colcon_core.event_handler.log_command:Invoked command in '/home/sunrise/amphibious_ws/build/i2c_pkg' returned '0': CMAKE_PREFIX_PATH=${CMAKE_PREFIX_PATH}:/opt/ros/humble /usr/bin/cmake --build /home/sunrise/amphibious_ws/build/i2c_pkg -- -j8 -l8
[3.479s] DEBUG:colcon.colcon_core.event_handler.log_command:Invoking command in '/home/sunrise/amphibious_ws/build/i2c_pkg': CMAKE_PREFIX_PATH=${CMAKE_PREFIX_PATH}:/opt/ros/humble /usr/bin/cmake --install /home/sunrise/amphibious_ws/build/i2c_pkg
[3.492s] DEBUG:colcon.colcon_core.event_handler.log_command:Invoked command in '/home/sunrise/amphibious_ws/build/com_pkg' returned '0': CMAKE_PREFIX_PATH=${CMAKE_PREFIX_PATH}:/opt/ros/humble /usr/bin/cmake --build /home/sunrise/amphibious_ws/build/com_pkg -- -j8 -l8
[3.495s] DEBUG:colcon.colcon_core.event_handler.log_command:Invoking command in '/home/sunrise/amphibious_ws/build/com_pkg': CMAKE_PREFIX_PATH=${CMAKE_PREFIX_PATH}:/opt/ros/humble /usr/bin/cmake --install /home/sunrise/amphibious_ws/build/com_pkg
[3.581s] Level 1:colcon.colcon_core.environment:create_environment_scripts_only(i2c_pkg)
[3.583s] Level 1:colcon.colcon_core.environment:checking '/home/sunrise/amphibious_ws/install/i2c_pkg' for CMake module files
[3.588s] Level 1:colcon.colcon_core.environment:checking '/home/sunrise/amphibious_ws/install/i2c_pkg' for CMake config files
[3.600s] DEBUG:colcon.colcon_core.event_handler.log_command:Invoked command in '/home/sunrise/amphibious_ws/build/i2c_pkg' returned '0': CMAKE_PREFIX_PATH=${CMAKE_PREFIX_PATH}:/opt/ros/humble /usr/bin/cmake --install /home/sunrise/amphibious_ws/build/i2c_pkg
[3.602s] Level 1:colcon.colcon_core.shell:create_environment_hook('i2c_pkg', 'cmake_prefix_path')
[3.603s] INFO:colcon.colcon_core.shell:Creating environment hook '/home/sunrise/amphibious_ws/install/i2c_pkg/share/i2c_pkg/hook/cmake_prefix_path.ps1'
[3.608s] INFO:colcon.colcon_core.shell:Creating environment descriptor '/home/sunrise/amphibious_ws/install/i2c_pkg/share/i2c_pkg/hook/cmake_prefix_path.dsv'
[3.611s] INFO:colcon.colcon_core.shell:Creating environment hook '/home/sunrise/amphibious_ws/install/i2c_pkg/share/i2c_pkg/hook/cmake_prefix_path.sh'
[3.615s] Level 1:colcon.colcon_core.environment:checking '/home/sunrise/amphibious_ws/install/i2c_pkg/lib'
[3.618s] Level 1:colcon.colcon_core.environment:checking '/home/sunrise/amphibious_ws/install/i2c_pkg/bin'
[3.619s] Level 1:colcon.colcon_core.environment:checking '/home/sunrise/amphibious_ws/install/i2c_pkg/lib/pkgconfig/i2c_pkg.pc'
[3.620s] Level 1:colcon.colcon_core.environment:checking '/home/sunrise/amphibious_ws/install/i2c_pkg/lib/python3.10/site-packages'
[3.622s] Level 1:colcon.colcon_core.environment:checking '/home/sunrise/amphibious_ws/install/i2c_pkg/bin'
[3.625s] INFO:colcon.colcon_core.shell:Creating package script '/home/sunrise/amphibious_ws/install/i2c_pkg/share/i2c_pkg/package.ps1'
[3.631s] INFO:colcon.colcon_core.shell:Creating package descriptor '/home/sunrise/amphibious_ws/install/i2c_pkg/share/i2c_pkg/package.dsv'
[3.634s] INFO:colcon.colcon_core.shell:Creating package script '/home/sunrise/amphibious_ws/install/i2c_pkg/share/i2c_pkg/package.sh'
[3.642s] INFO:colcon.colcon_core.shell:Creating package script '/home/sunrise/amphibious_ws/install/i2c_pkg/share/i2c_pkg/package.bash'
[3.646s] INFO:colcon.colcon_core.shell:Creating package script '/home/sunrise/amphibious_ws/install/i2c_pkg/share/i2c_pkg/package.zsh'
[3.649s] Level 1:colcon.colcon_core.environment:create_file_with_runtime_dependencies(/home/sunrise/amphibious_ws/install/i2c_pkg/share/colcon-core/packages/i2c_pkg)
[3.654s] Level 1:colcon.colcon_core.environment:create_environment_scripts_only(i2c_pkg)
[3.656s] Level 1:colcon.colcon_core.environment:checking '/home/sunrise/amphibious_ws/install/i2c_pkg' for CMake module files
[3.659s] Level 1:colcon.colcon_core.environment:checking '/home/sunrise/amphibious_ws/install/i2c_pkg' for CMake config files
[3.661s] Level 1:colcon.colcon_core.shell:create_environment_hook('i2c_pkg', 'cmake_prefix_path')
[3.663s] INFO:colcon.colcon_core.shell:Creating environment hook '/home/sunrise/amphibious_ws/install/i2c_pkg/share/i2c_pkg/hook/cmake_prefix_path.ps1'
[3.667s] INFO:colcon.colcon_core.shell:Creating environment descriptor '/home/sunrise/amphibious_ws/install/i2c_pkg/share/i2c_pkg/hook/cmake_prefix_path.dsv'
[3.669s] INFO:colcon.colcon_core.shell:Creating environment hook '/home/sunrise/amphibious_ws/install/i2c_pkg/share/i2c_pkg/hook/cmake_prefix_path.sh'
[3.674s] Level 1:colcon.colcon_core.environment:checking '/home/sunrise/amphibious_ws/install/i2c_pkg/lib'
[3.674s] Level 1:colcon.colcon_core.environment:checking '/home/sunrise/amphibious_ws/install/i2c_pkg/bin'
[3.675s] Level 1:colcon.colcon_core.environment:checking '/home/sunrise/amphibious_ws/install/i2c_pkg/lib/pkgconfig/i2c_pkg.pc'
[3.677s] Level 1:colcon.colcon_core.environment:checking '/home/sunrise/amphibious_ws/install/i2c_pkg/lib/python3.10/site-packages'
[3.679s] Level 1:colcon.colcon_core.environment:checking '/home/sunrise/amphibious_ws/install/i2c_pkg/bin'
[3.681s] INFO:colcon.colcon_core.shell:Creating package script '/home/sunrise/amphibious_ws/install/i2c_pkg/share/i2c_pkg/package.ps1'
[3.685s] INFO:colcon.colcon_core.shell:Creating package descriptor '/home/sunrise/amphibious_ws/install/i2c_pkg/share/i2c_pkg/package.dsv'
[3.689s] INFO:colcon.colcon_core.shell:Creating package script '/home/sunrise/amphibious_ws/install/i2c_pkg/share/i2c_pkg/package.sh'
[3.693s] INFO:colcon.colcon_core.shell:Creating package script '/home/sunrise/amphibious_ws/install/i2c_pkg/share/i2c_pkg/package.bash'
[3.696s] INFO:colcon.colcon_core.shell:Creating package script '/home/sunrise/amphibious_ws/install/i2c_pkg/share/i2c_pkg/package.zsh'
[3.700s] Level 1:colcon.colcon_core.environment:create_file_with_runtime_dependencies(/home/sunrise/amphibious_ws/install/i2c_pkg/share/colcon-core/packages/i2c_pkg)
[3.705s] Level 1:colcon.colcon_core.environment:create_environment_scripts_only(com_pkg)
[3.708s] DEBUG:colcon.colcon_core.event_handler.log_command:Invoked command in '/home/sunrise/amphibious_ws/build/com_pkg' returned '0': CMAKE_PREFIX_PATH=${CMAKE_PREFIX_PATH}:/opt/ros/humble /usr/bin/cmake --install /home/sunrise/amphibious_ws/build/com_pkg
[3.710s] Level 1:colcon.colcon_core.environment:checking '/home/sunrise/amphibious_ws/install/com_pkg' for CMake module files
[3.715s] Level 1:colcon.colcon_core.environment:checking '/home/sunrise/amphibious_ws/install/com_pkg' for CMake config files
[3.716s] Level 1:colcon.colcon_core.shell:create_environment_hook('com_pkg', 'cmake_prefix_path')
[3.718s] INFO:colcon.colcon_core.shell:Creating environment hook '/home/sunrise/amphibious_ws/install/com_pkg/share/com_pkg/hook/cmake_prefix_path.ps1'
[3.724s] INFO:colcon.colcon_core.shell:Creating environment descriptor '/home/sunrise/amphibious_ws/install/com_pkg/share/com_pkg/hook/cmake_prefix_path.dsv'
[3.728s] INFO:colcon.colcon_core.shell:Creating environment hook '/home/sunrise/amphibious_ws/install/com_pkg/share/com_pkg/hook/cmake_prefix_path.sh'
[3.733s] Level 1:colcon.colcon_core.environment:checking '/home/sunrise/amphibious_ws/install/com_pkg/lib'
[3.734s] Level 1:colcon.colcon_core.environment:checking '/home/sunrise/amphibious_ws/install/com_pkg/bin'
[3.734s] Level 1:colcon.colcon_core.environment:checking '/home/sunrise/amphibious_ws/install/com_pkg/lib/pkgconfig/com_pkg.pc'
[3.736s] Level 1:colcon.colcon_core.environment:checking '/home/sunrise/amphibious_ws/install/com_pkg/lib/python3.10/site-packages'
[3.738s] Level 1:colcon.colcon_core.environment:checking '/home/sunrise/amphibious_ws/install/com_pkg/bin'
[3.741s] INFO:colcon.colcon_core.shell:Creating package script '/home/sunrise/amphibious_ws/install/com_pkg/share/com_pkg/package.ps1'
[3.745s] INFO:colcon.colcon_core.shell:Creating package descriptor '/home/sunrise/amphibious_ws/install/com_pkg/share/com_pkg/package.dsv'
[3.748s] INFO:colcon.colcon_core.shell:Creating package script '/home/sunrise/amphibious_ws/install/com_pkg/share/com_pkg/package.sh'
[3.752s] INFO:colcon.colcon_core.shell:Creating package script '/home/sunrise/amphibious_ws/install/com_pkg/share/com_pkg/package.bash'
[3.756s] INFO:colcon.colcon_core.shell:Creating package script '/home/sunrise/amphibious_ws/install/com_pkg/share/com_pkg/package.zsh'
[3.759s] Level 1:colcon.colcon_core.environment:create_file_with_runtime_dependencies(/home/sunrise/amphibious_ws/install/com_pkg/share/colcon-core/packages/com_pkg)
[3.764s] Level 1:colcon.colcon_core.environment:create_environment_scripts_only(com_pkg)
[3.766s] Level 1:colcon.colcon_core.environment:checking '/home/sunrise/amphibious_ws/install/com_pkg' for CMake module files
[3.770s] Level 1:colcon.colcon_core.environment:checking '/home/sunrise/amphibious_ws/install/com_pkg' for CMake config files
[3.771s] Level 1:colcon.colcon_core.shell:create_environment_hook('com_pkg', 'cmake_prefix_path')
[3.773s] INFO:colcon.colcon_core.shell:Creating environment hook '/home/sunrise/amphibious_ws/install/com_pkg/share/com_pkg/hook/cmake_prefix_path.ps1'
[3.777s] INFO:colcon.colcon_core.shell:Creating environment descriptor '/home/sunrise/amphibious_ws/install/com_pkg/share/com_pkg/hook/cmake_prefix_path.dsv'
[3.780s] INFO:colcon.colcon_core.shell:Creating environment hook '/home/sunrise/amphibious_ws/install/com_pkg/share/com_pkg/hook/cmake_prefix_path.sh'
[3.785s] Level 1:colcon.colcon_core.environment:checking '/home/sunrise/amphibious_ws/install/com_pkg/lib'
[3.785s] Level 1:colcon.colcon_core.environment:checking '/home/sunrise/amphibious_ws/install/com_pkg/bin'
[3.786s] Level 1:colcon.colcon_core.environment:checking '/home/sunrise/amphibious_ws/install/com_pkg/lib/pkgconfig/com_pkg.pc'
[3.788s] Level 1:colcon.colcon_core.environment:checking '/home/sunrise/amphibious_ws/install/com_pkg/lib/python3.10/site-packages'
[3.790s] Level 1:colcon.colcon_core.environment:checking '/home/sunrise/amphibious_ws/install/com_pkg/bin'
[3.792s] INFO:colcon.colcon_core.shell:Creating package script '/home/sunrise/amphibious_ws/install/com_pkg/share/com_pkg/package.ps1'
[3.796s] INFO:colcon.colcon_core.shell:Creating package descriptor '/home/sunrise/amphibious_ws/install/com_pkg/share/com_pkg/package.dsv'
[3.802s] INFO:colcon.colcon_core.shell:Creating package script '/home/sunrise/amphibious_ws/install/com_pkg/share/com_pkg/package.sh'
[3.805s] INFO:colcon.colcon_core.shell:Creating package script '/home/sunrise/amphibious_ws/install/com_pkg/share/com_pkg/package.bash'
[3.809s] INFO:colcon.colcon_core.shell:Creating package script '/home/sunrise/amphibious_ws/install/com_pkg/share/com_pkg/package.zsh'
[3.813s] Level 1:colcon.colcon_core.environment:create_file_with_runtime_dependencies(/home/sunrise/amphibious_ws/install/com_pkg/share/colcon-core/packages/com_pkg)
[6.303s] DEBUG:colcon.colcon_core.event_handler.log_command:Invoked command in '/home/sunrise/amphibious_ws/build/base' returned '0': CMAKE_PREFIX_PATH=${CMAKE_PREFIX_PATH}:/opt/ros/humble /usr/bin/cmake --build /home/sunrise/amphibious_ws/build/base -- -j8 -l8
[6.308s] DEBUG:colcon.colcon_core.event_handler.log_command:Invoking command in '/home/sunrise/amphibious_ws/build/base': CMAKE_PREFIX_PATH=${CMAKE_PREFIX_PATH}:/opt/ros/humble /usr/bin/cmake --install /home/sunrise/amphibious_ws/build/base
[6.753s] Level 1:colcon.colcon_core.environment:create_environment_scripts_only(base)
[6.755s] Level 1:colcon.colcon_core.environment:checking '/home/sunrise/amphibious_ws/install/base' for CMake module files
[6.767s] Level 1:colcon.colcon_core.environment:checking '/home/sunrise/amphibious_ws/install/base' for CMake config files
[6.787s] Level 1:colcon.colcon_core.shell:create_environment_hook('base', 'cmake_prefix_path')
[6.789s] INFO:colcon.colcon_core.shell:Creating environment hook '/home/sunrise/amphibious_ws/install/base/share/base/hook/cmake_prefix_path.ps1'
[6.795s] DEBUG:colcon.colcon_core.event_handler.log_command:Invoked command in '/home/sunrise/amphibious_ws/build/base' returned '0': CMAKE_PREFIX_PATH=${CMAKE_PREFIX_PATH}:/opt/ros/humble /usr/bin/cmake --install /home/sunrise/amphibious_ws/build/base
[6.797s] INFO:colcon.colcon_core.shell:Creating environment descriptor '/home/sunrise/amphibious_ws/install/base/share/base/hook/cmake_prefix_path.dsv'
[6.800s] INFO:colcon.colcon_core.shell:Creating environment hook '/home/sunrise/amphibious_ws/install/base/share/base/hook/cmake_prefix_path.sh'
[6.805s] Level 1:colcon.colcon_core.environment:checking '/home/sunrise/amphibious_ws/install/base/lib'
[6.806s] Level 1:colcon.colcon_core.shell:create_environment_hook('base', 'ld_library_path_lib')
[6.808s] INFO:colcon.colcon_core.shell:Creating environment hook '/home/sunrise/amphibious_ws/install/base/share/base/hook/ld_library_path_lib.ps1'
[6.811s] INFO:colcon.colcon_core.shell:Creating environment descriptor '/home/sunrise/amphibious_ws/install/base/share/base/hook/ld_library_path_lib.dsv'
[6.815s] INFO:colcon.colcon_core.shell:Creating environment hook '/home/sunrise/amphibious_ws/install/base/share/base/hook/ld_library_path_lib.sh'
[6.818s] Level 1:colcon.colcon_core.environment:checking '/home/sunrise/amphibious_ws/install/base/bin'
[6.819s] Level 1:colcon.colcon_core.environment:checking '/home/sunrise/amphibious_ws/install/base/lib/pkgconfig/base.pc'
[6.821s] Level 1:colcon.colcon_core.environment:checking '/home/sunrise/amphibious_ws/install/base/lib/python3.10/site-packages'
[6.823s] Level 1:colcon.colcon_core.environment:checking '/home/sunrise/amphibious_ws/install/base/bin'
[6.826s] INFO:colcon.colcon_core.shell:Creating package script '/home/sunrise/amphibious_ws/install/base/share/base/package.ps1'
[6.830s] INFO:colcon.colcon_core.shell:Creating package descriptor '/home/sunrise/amphibious_ws/install/base/share/base/package.dsv'
[6.835s] INFO:colcon.colcon_core.shell:Creating package script '/home/sunrise/amphibious_ws/install/base/share/base/package.sh'
[6.840s] INFO:colcon.colcon_core.shell:Creating package script '/home/sunrise/amphibious_ws/install/base/share/base/package.bash'
[6.844s] INFO:colcon.colcon_core.shell:Creating package script '/home/sunrise/amphibious_ws/install/base/share/base/package.zsh'
[6.847s] Level 1:colcon.colcon_core.environment:create_file_with_runtime_dependencies(/home/sunrise/amphibious_ws/install/base/share/colcon-core/packages/base)
[6.853s] Level 1:colcon.colcon_core.environment:create_environment_scripts_only(base)
[6.855s] Level 1:colcon.colcon_core.environment:checking '/home/sunrise/amphibious_ws/install/base' for CMake module files
[6.860s] Level 1:colcon.colcon_core.environment:checking '/home/sunrise/amphibious_ws/install/base' for CMake config files
[6.863s] Level 1:colcon.colcon_core.shell:create_environment_hook('base', 'cmake_prefix_path')
[6.866s] INFO:colcon.colcon_core.shell:Creating environment hook '/home/sunrise/amphibious_ws/install/base/share/base/hook/cmake_prefix_path.ps1'
[6.870s] INFO:colcon.colcon_core.shell:Creating environment descriptor '/home/sunrise/amphibious_ws/install/base/share/base/hook/cmake_prefix_path.dsv'
[6.874s] INFO:colcon.colcon_core.shell:Creating environment hook '/home/sunrise/amphibious_ws/install/base/share/base/hook/cmake_prefix_path.sh'
[6.879s] Level 1:colcon.colcon_core.environment:checking '/home/sunrise/amphibious_ws/install/base/lib'
[6.880s] Level 1:colcon.colcon_core.shell:create_environment_hook('base', 'ld_library_path_lib')
[6.882s] INFO:colcon.colcon_core.shell:Creating environment hook '/home/sunrise/amphibious_ws/install/base/share/base/hook/ld_library_path_lib.ps1'
[6.886s] INFO:colcon.colcon_core.shell:Creating environment descriptor '/home/sunrise/amphibious_ws/install/base/share/base/hook/ld_library_path_lib.dsv'
[6.889s] INFO:colcon.colcon_core.shell:Creating environment hook '/home/sunrise/amphibious_ws/install/base/share/base/hook/ld_library_path_lib.sh'
[6.893s] Level 1:colcon.colcon_core.environment:checking '/home/sunrise/amphibious_ws/install/base/bin'
[6.894s] Level 1:colcon.colcon_core.environment:checking '/home/sunrise/amphibious_ws/install/base/lib/pkgconfig/base.pc'
[6.896s] Level 1:colcon.colcon_core.environment:checking '/home/sunrise/amphibious_ws/install/base/lib/python3.10/site-packages'
[6.898s] Level 1:colcon.colcon_core.environment:checking '/home/sunrise/amphibious_ws/install/base/bin'
[6.901s] INFO:colcon.colcon_core.shell:Creating package script '/home/sunrise/amphibious_ws/install/base/share/base/package.ps1'
[6.906s] INFO:colcon.colcon_core.shell:Creating package descriptor '/home/sunrise/amphibious_ws/install/base/share/base/package.dsv'
[6.911s] INFO:colcon.colcon_core.shell:Creating package script '/home/sunrise/amphibious_ws/install/base/share/base/package.sh'
[6.915s] INFO:colcon.colcon_core.shell:Creating package script '/home/sunrise/amphibious_ws/install/base/share/base/package.bash'
[6.919s] INFO:colcon.colcon_core.shell:Creating package script '/home/sunrise/amphibious_ws/install/base/share/base/package.zsh'
[6.922s] Level 1:colcon.colcon_core.environment:create_file_with_runtime_dependencies(/home/sunrise/amphibious_ws/install/base/share/colcon-core/packages/base)
[6.926s] INFO:colcon.colcon_ros.task.ament_cmake.build:Building ROS package in '/home/sunrise/amphibious_ws/src/bluesea2/src/bluesea-ros2' with build type 'ament_cmake'
[6.929s] INFO:colcon.colcon_cmake.task.cmake.build:Building CMake package in '/home/sunrise/amphibious_ws/src/bluesea2/src/bluesea-ros2'
[6.931s] INFO:colcon.colcon_core.shell:Skip shell extension 'powershell' for command environment: Not usable outside of PowerShell
[6.932s] DEBUG:colcon.colcon_core.shell:Skip shell extension 'dsv' for command environment
[7.010s] DEBUG:colcon.colcon_core.event_handler.log_command:Invoking command in '/home/sunrise/amphibious_ws/build/bluesea2': CMAKE_PREFIX_PATH=/home/sunrise/amphibious_ws/install/base:/home/sunrise/amphibious_ws/install/my_carto_pkg:/home/sunrise/amphibious_ws/install/i2c_pkg:/home/sunrise/amphibious_ws/install/com_pkg:/home/sunrise/amphibious_ws/install/bluesea2:/home/sunrise/cartographer_ws/install/cartographer_rviz:/home/sunrise/cartographer_ws/install/cartographer_ros:/home/sunrise/cartographer_ws/install/cartographer_ros_msgs:/home/sunrise/cartographer_ws/install/cartographer:/home/sunrise/fly_ws/install/my_carto_pkg:/home/sunrise/fly_ws/install/com_pkg:/home/sunrise/fly_ws/install/bluesea2:/home/sunrise/fly_ws/install/base:/opt/ros/humble LD_LIBRARY_PATH=/home/sunrise/amphibious_ws/install/base/lib:/home/sunrise/cartographer_ws/install/cartographer_rviz/lib:/home/sunrise/cartographer_ws/install/cartographer_ros/lib:/home/sunrise/cartographer_ws/install/cartographer_ros_msgs/lib:/home/sunrise/fly_ws/install/base/lib:/opt/ros/humble/opt/rviz_ogre_vendor/lib:/opt/ros/humble/lib/aarch64-linux-gnu:/opt/ros/humble/lib:/usr/hobot/lib:/app/lib:/app/pub/lib:/middleware/lib:/middleware/pub/lib:/usr/hobot/lib/sensor:/system/lib:/system/usr/lib:/lib /usr/bin/cmake --build /home/sunrise/amphibious_ws/build/bluesea2 -- -j8 -l8
[7.403s] DEBUG:colcon.colcon_core.event_handler.log_command:Invoked command in '/home/sunrise/amphibious_ws/build/bluesea2' returned '0': CMAKE_PREFIX_PATH=/home/sunrise/amphibious_ws/install/base:/home/sunrise/amphibious_ws/install/my_carto_pkg:/home/sunrise/amphibious_ws/install/i2c_pkg:/home/sunrise/amphibious_ws/install/com_pkg:/home/sunrise/amphibious_ws/install/bluesea2:/home/sunrise/cartographer_ws/install/cartographer_rviz:/home/sunrise/cartographer_ws/install/cartographer_ros:/home/sunrise/cartographer_ws/install/cartographer_ros_msgs:/home/sunrise/cartographer_ws/install/cartographer:/home/sunrise/fly_ws/install/my_carto_pkg:/home/sunrise/fly_ws/install/com_pkg:/home/sunrise/fly_ws/install/bluesea2:/home/sunrise/fly_ws/install/base:/opt/ros/humble LD_LIBRARY_PATH=/home/sunrise/amphibious_ws/install/base/lib:/home/sunrise/cartographer_ws/install/cartographer_rviz/lib:/home/sunrise/cartographer_ws/install/cartographer_ros/lib:/home/sunrise/cartographer_ws/install/cartographer_ros_msgs/lib:/home/sunrise/fly_ws/install/base/lib:/opt/ros/humble/opt/rviz_ogre_vendor/lib:/opt/ros/humble/lib/aarch64-linux-gnu:/opt/ros/humble/lib:/usr/hobot/lib:/app/lib:/app/pub/lib:/middleware/lib:/middleware/pub/lib:/usr/hobot/lib/sensor:/system/lib:/system/usr/lib:/lib /usr/bin/cmake --build /home/sunrise/amphibious_ws/build/bluesea2 -- -j8 -l8
[7.407s] DEBUG:colcon.colcon_core.event_handler.log_command:Invoking command in '/home/sunrise/amphibious_ws/build/bluesea2': CMAKE_PREFIX_PATH=/home/sunrise/amphibious_ws/install/base:/home/sunrise/amphibious_ws/install/my_carto_pkg:/home/sunrise/amphibious_ws/install/i2c_pkg:/home/sunrise/amphibious_ws/install/com_pkg:/home/sunrise/amphibious_ws/install/bluesea2:/home/sunrise/cartographer_ws/install/cartographer_rviz:/home/sunrise/cartographer_ws/install/cartographer_ros:/home/sunrise/cartographer_ws/install/cartographer_ros_msgs:/home/sunrise/cartographer_ws/install/cartographer:/home/sunrise/fly_ws/install/my_carto_pkg:/home/sunrise/fly_ws/install/com_pkg:/home/sunrise/fly_ws/install/bluesea2:/home/sunrise/fly_ws/install/base:/opt/ros/humble LD_LIBRARY_PATH=/home/sunrise/amphibious_ws/install/base/lib:/home/sunrise/cartographer_ws/install/cartographer_rviz/lib:/home/sunrise/cartographer_ws/install/cartographer_ros/lib:/home/sunrise/cartographer_ws/install/cartographer_ros_msgs/lib:/home/sunrise/fly_ws/install/base/lib:/opt/ros/humble/opt/rviz_ogre_vendor/lib:/opt/ros/humble/lib/aarch64-linux-gnu:/opt/ros/humble/lib:/usr/hobot/lib:/app/lib:/app/pub/lib:/middleware/lib:/middleware/pub/lib:/usr/hobot/lib/sensor:/system/lib:/system/usr/lib:/lib /usr/bin/cmake --install /home/sunrise/amphibious_ws/build/bluesea2
[7.488s] Level 1:colcon.colcon_core.environment:create_environment_scripts_only(bluesea2)
[7.490s] Level 1:colcon.colcon_core.environment:checking '/home/sunrise/amphibious_ws/install/bluesea2' for CMake module files
[7.494s] Level 1:colcon.colcon_core.environment:checking '/home/sunrise/amphibious_ws/install/bluesea2' for CMake config files
[7.506s] Level 1:colcon.colcon_core.shell:create_environment_hook('bluesea2', 'cmake_prefix_path')
[7.508s] INFO:colcon.colcon_core.shell:Creating environment hook '/home/sunrise/amphibious_ws/install/bluesea2/share/bluesea2/hook/cmake_prefix_path.ps1'
[7.514s] INFO:colcon.colcon_core.shell:Creating environment descriptor '/home/sunrise/amphibious_ws/install/bluesea2/share/bluesea2/hook/cmake_prefix_path.dsv'
[7.520s] INFO:colcon.colcon_core.shell:Creating environment hook '/home/sunrise/amphibious_ws/install/bluesea2/share/bluesea2/hook/cmake_prefix_path.sh'
[7.529s] Level 1:colcon.colcon_core.environment:checking '/home/sunrise/amphibious_ws/install/bluesea2/lib'
[7.531s] Level 1:colcon.colcon_core.environment:checking '/home/sunrise/amphibious_ws/install/bluesea2/bin'
[7.532s] Level 1:colcon.colcon_core.environment:checking '/home/sunrise/amphibious_ws/install/bluesea2/lib/pkgconfig/bluesea2.pc'
[7.535s] Level 1:colcon.colcon_core.environment:checking '/home/sunrise/amphibious_ws/install/bluesea2/lib/python3.10/site-packages'
[7.537s] Level 1:colcon.colcon_core.environment:checking '/home/sunrise/amphibious_ws/install/bluesea2/bin'
[7.538s] DEBUG:colcon.colcon_core.event_handler.log_command:Invoked command in '/home/sunrise/amphibious_ws/build/bluesea2' returned '0': CMAKE_PREFIX_PATH=/home/sunrise/amphibious_ws/install/base:/home/sunrise/amphibious_ws/install/my_carto_pkg:/home/sunrise/amphibious_ws/install/i2c_pkg:/home/sunrise/amphibious_ws/install/com_pkg:/home/sunrise/amphibious_ws/install/bluesea2:/home/sunrise/cartographer_ws/install/cartographer_rviz:/home/sunrise/cartographer_ws/install/cartographer_ros:/home/sunrise/cartographer_ws/install/cartographer_ros_msgs:/home/sunrise/cartographer_ws/install/cartographer:/home/sunrise/fly_ws/install/my_carto_pkg:/home/sunrise/fly_ws/install/com_pkg:/home/sunrise/fly_ws/install/bluesea2:/home/sunrise/fly_ws/install/base:/opt/ros/humble LD_LIBRARY_PATH=/home/sunrise/amphibious_ws/install/base/lib:/home/sunrise/cartographer_ws/install/cartographer_rviz/lib:/home/sunrise/cartographer_ws/install/cartographer_ros/lib:/home/sunrise/cartographer_ws/install/cartographer_ros_msgs/lib:/home/sunrise/fly_ws/install/base/lib:/opt/ros/humble/opt/rviz_ogre_vendor/lib:/opt/ros/humble/lib/aarch64-linux-gnu:/opt/ros/humble/lib:/usr/hobot/lib:/app/lib:/app/pub/lib:/middleware/lib:/middleware/pub/lib:/usr/hobot/lib/sensor:/system/lib:/system/usr/lib:/lib /usr/bin/cmake --install /home/sunrise/amphibious_ws/build/bluesea2
[7.540s] INFO:colcon.colcon_core.shell:Creating package script '/home/sunrise/amphibious_ws/install/bluesea2/share/bluesea2/package.ps1'
[7.547s] INFO:colcon.colcon_core.shell:Creating package descriptor '/home/sunrise/amphibious_ws/install/bluesea2/share/bluesea2/package.dsv'
[7.552s] INFO:colcon.colcon_core.shell:Creating package script '/home/sunrise/amphibious_ws/install/bluesea2/share/bluesea2/package.sh'
[7.557s] INFO:colcon.colcon_core.shell:Creating package script '/home/sunrise/amphibious_ws/install/bluesea2/share/bluesea2/package.bash'
[7.561s] INFO:colcon.colcon_core.shell:Creating package script '/home/sunrise/amphibious_ws/install/bluesea2/share/bluesea2/package.zsh'
[7.565s] Level 1:colcon.colcon_core.environment:create_file_with_runtime_dependencies(/home/sunrise/amphibious_ws/install/bluesea2/share/colcon-core/packages/bluesea2)
[7.571s] Level 1:colcon.colcon_core.environment:create_environment_scripts_only(bluesea2)
[7.574s] Level 1:colcon.colcon_core.environment:checking '/home/sunrise/amphibious_ws/install/bluesea2' for CMake module files
[7.579s] Level 1:colcon.colcon_core.environment:checking '/home/sunrise/amphibious_ws/install/bluesea2' for CMake config files
[7.580s] Level 1:colcon.colcon_core.shell:create_environment_hook('bluesea2', 'cmake_prefix_path')
[7.583s] INFO:colcon.colcon_core.shell:Creating environment hook '/home/sunrise/amphibious_ws/install/bluesea2/share/bluesea2/hook/cmake_prefix_path.ps1'
[7.588s] INFO:colcon.colcon_core.shell:Creating environment descriptor '/home/sunrise/amphibious_ws/install/bluesea2/share/bluesea2/hook/cmake_prefix_path.dsv'
[7.592s] INFO:colcon.colcon_core.shell:Creating environment hook '/home/sunrise/amphibious_ws/install/bluesea2/share/bluesea2/hook/cmake_prefix_path.sh'
[7.598s] Level 1:colcon.colcon_core.environment:checking '/home/sunrise/amphibious_ws/install/bluesea2/lib'
[7.599s] Level 1:colcon.colcon_core.environment:checking '/home/sunrise/amphibious_ws/install/bluesea2/bin'
[7.600s] Level 1:colcon.colcon_core.environment:checking '/home/sunrise/amphibious_ws/install/bluesea2/lib/pkgconfig/bluesea2.pc'
[7.602s] Level 1:colcon.colcon_core.environment:checking '/home/sunrise/amphibious_ws/install/bluesea2/lib/python3.10/site-packages'
[7.605s] Level 1:colcon.colcon_core.environment:checking '/home/sunrise/amphibious_ws/install/bluesea2/bin'
[7.608s] INFO:colcon.colcon_core.shell:Creating package script '/home/sunrise/amphibious_ws/install/bluesea2/share/bluesea2/package.ps1'
[7.614s] INFO:colcon.colcon_core.shell:Creating package descriptor '/home/sunrise/amphibious_ws/install/bluesea2/share/bluesea2/package.dsv'
[7.620s] INFO:colcon.colcon_core.shell:Creating package script '/home/sunrise/amphibious_ws/install/bluesea2/share/bluesea2/package.sh'
[7.625s] INFO:colcon.colcon_core.shell:Creating package script '/home/sunrise/amphibious_ws/install/bluesea2/share/bluesea2/package.bash'
[7.630s] INFO:colcon.colcon_core.shell:Creating package script '/home/sunrise/amphibious_ws/install/bluesea2/share/bluesea2/package.zsh'
[7.635s] Level 1:colcon.colcon_core.environment:create_file_with_runtime_dependencies(/home/sunrise/amphibious_ws/install/bluesea2/share/colcon-core/packages/bluesea2)
[7.637s] DEBUG:colcon.colcon_parallel_executor.executor.parallel:closing loop
[7.641s] DEBUG:colcon.colcon_parallel_executor.executor.parallel:loop closed
[7.642s] DEBUG:colcon.colcon_parallel_executor.executor.parallel:run_until_complete finished with '0'
[7.642s] DEBUG:colcon.colcon_core.event_reactor:joining thread
[7.678s] INFO:colcon.colcon_core.plugin_system:Skipping extension 'colcon_notification.desktop_notification.notify_send': Could not find 'notify-send'
[7.679s] INFO:colcon.colcon_core.plugin_system:Skipping extension 'colcon_notification.desktop_notification.terminal_notifier': Not used on non-Darwin systems
[7.680s] INFO:colcon.colcon_core.plugin_system:Skipping extension 'colcon_notification.desktop_notification.win32': Not used on non-Windows systems
[7.680s] INFO:colcon.colcon_notification.desktop_notification:Sending desktop notification using 'notify2'
[7.712s] DEBUG:colcon.colcon_core.event_reactor:joined thread
[7.714s] INFO:colcon.colcon_core.shell:Creating prefix script '/home/sunrise/amphibious_ws/install/local_setup.ps1'
[7.723s] INFO:colcon.colcon_core.shell:Creating prefix util module '/home/sunrise/amphibious_ws/install/_local_setup_util_ps1.py'
[7.736s] INFO:colcon.colcon_core.shell:Creating prefix chain script '/home/sunrise/amphibious_ws/install/setup.ps1'
[7.750s] INFO:colcon.colcon_core.shell:Creating prefix script '/home/sunrise/amphibious_ws/install/local_setup.sh'
[7.755s] INFO:colcon.colcon_core.shell:Creating prefix util module '/home/sunrise/amphibious_ws/install/_local_setup_util_sh.py'
[7.760s] INFO:colcon.colcon_core.shell:Creating prefix chain script '/home/sunrise/amphibious_ws/install/setup.sh'
[7.773s] INFO:colcon.colcon_core.shell:Creating prefix script '/home/sunrise/amphibious_ws/install/local_setup.bash'
[7.778s] INFO:colcon.colcon_core.shell:Creating prefix chain script '/home/sunrise/amphibious_ws/install/setup.bash'
[7.791s] INFO:colcon.colcon_core.shell:Creating prefix script '/home/sunrise/amphibious_ws/install/local_setup.zsh'
[7.795s] INFO:colcon.colcon_core.shell:Creating prefix chain script '/home/sunrise/amphibious_ws/install/setup.zsh'
