[0.340s] Invoking command in '/home/sunrise/amphibious_ws/build/base_lidar': CMAKE_PREFIX_PATH=${CMAKE_PREFIX_PATH}:/home/sunrise/amphibious_ws/install/yolo_detect_pkg:/opt/tros/humble:/opt/ros/humble /usr/bin/cmake --build /home/sunrise/amphibious_ws/build/base_lidar -- -j8 -l8
[3.656s] gmake: 警告：文件“Makefile”的修改时间在未来 804496037 秒后
[3.663s] gmake[1]: 警告：文件“CMakeFiles/Makefile2”的修改时间在未来 804496037 秒后
[3.667s] gmake[2]: 警告：文件“CMakeFiles/base_lidar__cpp.dir/progress.make”的修改时间在未来 804496037 秒后
[3.670s] gmake[2]: 警告：文件“CMakeFiles/base_lidar__rosidl_generator_c.dir/flags.make”的修改时间在未来 804496037 秒后
[3.674s] gmake[2]: 警告：文件“CMakeFiles/ament_cmake_python_copy_base_lidar.dir/progress.make”的修改时间在未来 804496037 秒后
[3.675s] gmake[2]: 警告：检测到时钟错误。您的构建版本可能是不完整的。
[3.677s] gmake[2]: 警告：检测到时钟错误。您的构建版本可能是不完整的。
[3.680s] gmake[2]: 警告：文件“CMakeFiles/base_lidar__rosidl_generator_c.dir/flags.make”的修改时间在未来 804496037 秒后
[3.683s] gmake[2]: 警告：检测到时钟错误。您的构建版本可能是不完整的。
[3.686s] gmake[2]: 警告：文件“CMakeFiles/base_lidar__cpp.dir/progress.make”的修改时间在未来 804496037 秒后
[3.686s] gmake[2]: 警告：检测到时钟错误。您的构建版本可能是不完整的。
[3.691s] gmake[2]: 警告：检测到时钟错误。您的构建版本可能是不完整的。
[3.696s] gmake[2]: 警告：文件“CMakeFiles/base_lidar__rosidl_typesupport_fastrtps_c.dir/flags.make”的修改时间在未来 804496037 秒后
[3.698s] gmake[2]: 警告：文件“CMakeFiles/ament_cmake_python_copy_base_lidar.dir/progress.make”的修改时间在未来 804496037 秒后
[3.699s] gmake[2]: 警告：文件“CMakeFiles/base_lidar__rosidl_typesupport_c.dir/flags.make”的修改时间在未来 804496037 秒后
[3.700s] gmake[2]: 警告：文件“CMakeFiles/base_lidar__rosidl_typesupport_introspection_c.dir/flags.make”的修改时间在未来 804496037 秒后
[3.704s] gmake[2]: 警告：文件“CMakeFiles/base_lidar__rosidl_typesupport_introspection_cpp.dir/flags.make”的修改时间在未来 804496037 秒后
[3.705s] gmake[2]: 警告：检测到时钟错误。您的构建版本可能是不完整的。
[3.706s] gmake[2]: 警告：文件“CMakeFiles/base_lidar__rosidl_typesupport_fastrtps_c.dir/flags.make”的修改时间在未来 804496037 秒后
[3.707s] gmake[2]: 警告：检测到时钟错误。您的构建版本可能是不完整的。
[3.707s] gmake[2]: 警告：检测到时钟错误。您的构建版本可能是不完整的。
[3.708s] gmake[2]: 警告：检测到时钟错误。您的构建版本可能是不完整的。
[3.709s] gmake[2]: 警告：文件“CMakeFiles/base_lidar__rosidl_typesupport_introspection_cpp.dir/flags.make”的修改时间在未来 804496037 秒后
[3.711s] gmake[2]: 警告：检测到时钟错误。您的构建版本可能是不完整的。
[3.712s] gmake[2]: 警告：文件“CMakeFiles/base_lidar__rosidl_typesupport_c.dir/flags.make”的修改时间在未来 804496036 秒后
[3.713s] gmake[2]: 警告：检测到时钟错误。您的构建版本可能是不完整的。
[3.714s] gmake[2]: 警告：检测到时钟错误。您的构建版本可能是不完整的。
[3.715s] gmake[2]: 警告：检测到时钟错误。您的构建版本可能是不完整的。
[3.715s] gmake[2]: 警告：文件“CMakeFiles/base_lidar__rosidl_typesupport_introspection_c.dir/flags.make”的修改时间在未来 804496036 秒后
[3.716s] gmake[2]: 警告：检测到时钟错误。您的构建版本可能是不完整的。
[3.717s] gmake[2]: 警告：文件“CMakeFiles/base_lidar__rosidl_typesupport_cpp.dir/flags.make”的修改时间在未来 804496036 秒后
[3.717s] gmake[2]: 警告：文件“CMakeFiles/base_lidar__rosidl_typesupport_fastrtps_cpp.dir/flags.make”的修改时间在未来 804496036 秒后
[3.718s] gmake[2]: 警告：文件“CMakeFiles/ament_cmake_python_build_base_lidar_egg.dir/progress.make”的修改时间在未来 804496036 秒后
[3.719s] gmake[2]: 警告：检测到时钟错误。您的构建版本可能是不完整的。
[3.720s] gmake[2]: 警告：检测到时钟错误。您的构建版本可能是不完整的。
[3.721s] gmake[2]: 警告：文件“CMakeFiles/base_lidar__rosidl_typesupport_fastrtps_cpp.dir/flags.make”的修改时间在未来 804496036 秒后
[3.721s] [  9%] Built target base_lidar__rosidl_generator_c
[3.722s] [ 12%] Built target base_lidar__cpp
[3.723s] [ 22%] Built target base_lidar__rosidl_typesupport_fastrtps_c
[3.724s] [ 32%] Built target base_lidar__rosidl_typesupport_introspection_cpp
[3.725s] [ 41%] Built target base_lidar__rosidl_typesupport_c
[3.726s] [ 41%] Built target ament_cmake_python_copy_base_lidar
[3.726s] [ 51%] Built target base_lidar__rosidl_typesupport_introspection_c
[3.727s] [ 61%] Built target base_lidar__rosidl_typesupport_fastrtps_cpp
[3.728s] [ 70%] Built target base_lidar__rosidl_typesupport_cpp
[3.729s] [ 70%] Built target base_lidar
[3.729s] [ 74%] Built target base_lidar__py
[3.730s] [ 80%] Built target base_lidar__rosidl_generator_py
[3.731s] [ 87%] Built target base_lidar__rosidl_typesupport_c__pyext
[3.732s] [ 93%] Built target base_lidar__rosidl_typesupport_introspection_c__pyext
[3.733s] [100%] Built target base_lidar__rosidl_typesupport_fastrtps_c__pyext
[3.740s] gmake[2]: 警告：检测到时钟错误。您的构建版本可能是不完整的。
[3.741s] gmake[2]: 警告：文件“CMakeFiles/ament_cmake_python_build_base_lidar_egg.dir/progress.make”的修改时间在未来 804496036 秒后
[3.741s] gmake[2]: 警告：检测到时钟错误。您的构建版本可能是不完整的。
[3.743s] gmake[2]: 警告：文件“CMakeFiles/base_lidar__rosidl_typesupport_cpp.dir/flags.make”的修改时间在未来 804496036 秒后
[3.744s] gmake[2]: 警告：检测到时钟错误。您的构建版本可能是不完整的。
[3.744s] gmake[2]: 警告：文件“CMakeFiles/base_lidar.dir/progress.make”的修改时间在未来 804496036 秒后
[3.745s] gmake[2]: 警告：检测到时钟错误。您的构建版本可能是不完整的。
[3.746s] gmake[2]: 警告：文件“CMakeFiles/base_lidar.dir/progress.make”的修改时间在未来 804496036 秒后
[3.747s] gmake[2]: 警告：检测到时钟错误。您的构建版本可能是不完整的。
[3.756s] gmake[2]: 警告：文件“base_lidar__py/CMakeFiles/base_lidar__py.dir/progress.make”的修改时间在未来 804496036 秒后
[3.764s] gmake[2]: 警告：检测到时钟错误。您的构建版本可能是不完整的。
[3.766s] gmake[2]: 警告：文件“base_lidar__py/CMakeFiles/base_lidar__py.dir/progress.make”的修改时间在未来 804496036 秒后
[3.769s] gmake[2]: 警告：检测到时钟错误。您的构建版本可能是不完整的。
[3.775s] gmake[2]: 警告：文件“CMakeFiles/base_lidar__rosidl_generator_py.dir/flags.make”的修改时间在未来 804496036 秒后
[3.776s] gmake[2]: 警告：检测到时钟错误。您的构建版本可能是不完整的。
[3.777s] gmake[2]: 警告：文件“CMakeFiles/base_lidar__rosidl_generator_py.dir/flags.make”的修改时间在未来 804496036 秒后
[3.784s] gmake[2]: 警告：检测到时钟错误。您的构建版本可能是不完整的。
[3.789s] gmake[2]: 警告：文件“CMakeFiles/base_lidar__rosidl_typesupport_introspection_c__pyext.dir/flags.make”的修改时间在未来 804496036 秒后
[3.790s] gmake[2]: 警告：文件“CMakeFiles/base_lidar__rosidl_typesupport_fastrtps_c__pyext.dir/flags.make”的修改时间在未来 804496036 秒后
[3.791s] gmake[2]: 警告：文件“CMakeFiles/base_lidar__rosidl_typesupport_c__pyext.dir/flags.make”的修改时间在未来 804496036 秒后
[3.791s] gmake[2]: 警告：检测到时钟错误。您的构建版本可能是不完整的。
[3.803s] gmake[2]: 警告：检测到时钟错误。您的构建版本可能是不完整的。
[3.804s] gmake[2]: 警告：检测到时钟错误。您的构建版本可能是不完整的。
[3.805s] gmake[2]: 警告：文件“CMakeFiles/base_lidar__rosidl_typesupport_c__pyext.dir/flags.make”的修改时间在未来 804496036 秒后
[3.806s] gmake[2]: 警告：检测到时钟错误。您的构建版本可能是不完整的。
[3.806s] gmake[2]: 警告：文件“CMakeFiles/base_lidar__rosidl_typesupport_fastrtps_c__pyext.dir/flags.make”的修改时间在未来 804496036 秒后
[3.807s] gmake[2]: 警告：检测到时钟错误。您的构建版本可能是不完整的。
[3.826s] gmake[2]: 警告：文件“CMakeFiles/base_lidar__rosidl_typesupport_introspection_c__pyext.dir/flags.make”的修改时间在未来 804496036 秒后
[3.827s] gmake[2]: 警告：检测到时钟错误。您的构建版本可能是不完整的。
[4.132s] running egg_info
[4.136s] writing base_lidar.egg-info/PKG-INFO
[4.139s] writing dependency_links to base_lidar.egg-info/dependency_links.txt
[4.150s] writing top-level names to base_lidar.egg-info/top_level.txt
[4.181s] reading manifest file 'base_lidar.egg-info/SOURCES.txt'
[4.183s] writing manifest file 'base_lidar.egg-info/SOURCES.txt'
[4.185s] gmake[2]: 警告：检测到时钟错误。您的构建版本可能是不完整的。
[4.201s] [100%] Built target ament_cmake_python_build_base_lidar_egg
[4.205s] gmake[1]: 警告：检测到时钟错误。您的构建版本可能是不完整的。
[4.293s] gmake: 警告：检测到时钟错误。您的构建版本可能是不完整的。
[4.600s] Invoked command in '/home/sunrise/amphibious_ws/build/base_lidar' returned '0': CMAKE_PREFIX_PATH=${CMAKE_PREFIX_PATH}:/home/sunrise/amphibious_ws/install/yolo_detect_pkg:/opt/tros/humble:/opt/ros/humble /usr/bin/cmake --build /home/sunrise/amphibious_ws/build/base_lidar -- -j8 -l8
[4.611s] Invoking command in '/home/sunrise/amphibious_ws/build/base_lidar': CMAKE_PREFIX_PATH=${CMAKE_PREFIX_PATH}:/home/sunrise/amphibious_ws/install/yolo_detect_pkg:/opt/tros/humble:/opt/ros/humble /usr/bin/cmake --install /home/sunrise/amphibious_ws/build/base_lidar
[4.658s] -- Install configuration: ""
[4.658s] -- Up-to-date: /home/sunrise/amphibious_ws/install/base_lidar/share/ament_index/resource_index/rosidl_interfaces/base_lidar
[4.659s] -- Up-to-date: /home/sunrise/amphibious_ws/install/base_lidar/include/base_lidar/base_lidar
[4.672s] -- Up-to-date: /home/sunrise/amphibious_ws/install/base_lidar/include/base_lidar/base_lidar/msg
[4.673s] -- Up-to-date: /home/sunrise/amphibious_ws/install/base_lidar/include/base_lidar/base_lidar/msg/rosidl_generator_c__visibility_control.h
[4.674s] -- Up-to-date: /home/sunrise/amphibious_ws/install/base_lidar/include/base_lidar/base_lidar/srv
[4.678s] -- Up-to-date: /home/sunrise/amphibious_ws/install/base_lidar/include/base_lidar/base_lidar/srv/control.h
[4.680s] -- Up-to-date: /home/sunrise/amphibious_ws/install/base_lidar/include/base_lidar/base_lidar/srv/detail
[4.681s] -- Up-to-date: /home/sunrise/amphibious_ws/install/base_lidar/include/base_lidar/base_lidar/srv/detail/control__struct.h
[4.681s] -- Up-to-date: /home/sunrise/amphibious_ws/install/base_lidar/include/base_lidar/base_lidar/srv/detail/control__type_support.h
[4.682s] -- Up-to-date: /home/sunrise/amphibious_ws/install/base_lidar/include/base_lidar/base_lidar/srv/detail/control__functions.c
[4.683s] -- Up-to-date: /home/sunrise/amphibious_ws/install/base_lidar/include/base_lidar/base_lidar/srv/detail/control__functions.h
[4.684s] -- Up-to-date: /home/sunrise/amphibious_ws/install/base_lidar/share/base_lidar/environment/library_path.sh
[4.686s] -- Up-to-date: /home/sunrise/amphibious_ws/install/base_lidar/share/base_lidar/environment/library_path.dsv
[4.687s] -- Up-to-date: /home/sunrise/amphibious_ws/install/base_lidar/lib/libbase_lidar__rosidl_generator_c.so
[4.688s] -- Up-to-date: /home/sunrise/amphibious_ws/install/base_lidar/include/base_lidar/base_lidar
[4.688s] -- Up-to-date: /home/sunrise/amphibious_ws/install/base_lidar/include/base_lidar/base_lidar/msg
[4.689s] -- Up-to-date: /home/sunrise/amphibious_ws/install/base_lidar/include/base_lidar/base_lidar/msg/rosidl_typesupport_fastrtps_c__visibility_control.h
[4.691s] -- Up-to-date: /home/sunrise/amphibious_ws/install/base_lidar/include/base_lidar/base_lidar/srv
[4.692s] -- Up-to-date: /home/sunrise/amphibious_ws/install/base_lidar/include/base_lidar/base_lidar/srv/detail
[4.693s] -- Up-to-date: /home/sunrise/amphibious_ws/install/base_lidar/include/base_lidar/base_lidar/srv/detail/control__rosidl_typesupport_fastrtps_c.h
[4.694s] -- Up-to-date: /home/sunrise/amphibious_ws/install/base_lidar/lib/libbase_lidar__rosidl_typesupport_fastrtps_c.so
[4.695s] -- Up-to-date: /home/sunrise/amphibious_ws/install/base_lidar/include/base_lidar/base_lidar
[4.695s] -- Up-to-date: /home/sunrise/amphibious_ws/install/base_lidar/include/base_lidar/base_lidar/msg
[4.696s] -- Up-to-date: /home/sunrise/amphibious_ws/install/base_lidar/include/base_lidar/base_lidar/msg/rosidl_generator_cpp__visibility_control.hpp
[4.697s] -- Up-to-date: /home/sunrise/amphibious_ws/install/base_lidar/include/base_lidar/base_lidar/srv
[4.698s] -- Up-to-date: /home/sunrise/amphibious_ws/install/base_lidar/include/base_lidar/base_lidar/srv/detail
[4.699s] -- Up-to-date: /home/sunrise/amphibious_ws/install/base_lidar/include/base_lidar/base_lidar/srv/detail/control__struct.hpp
[4.700s] -- Up-to-date: /home/sunrise/amphibious_ws/install/base_lidar/include/base_lidar/base_lidar/srv/detail/control__traits.hpp
[4.701s] -- Up-to-date: /home/sunrise/amphibious_ws/install/base_lidar/include/base_lidar/base_lidar/srv/detail/control__type_support.hpp
[4.701s] -- Up-to-date: /home/sunrise/amphibious_ws/install/base_lidar/include/base_lidar/base_lidar/srv/detail/control__builder.hpp
[4.703s] -- Up-to-date: /home/sunrise/amphibious_ws/install/base_lidar/include/base_lidar/base_lidar/srv/control.hpp
[4.704s] -- Up-to-date: /home/sunrise/amphibious_ws/install/base_lidar/include/base_lidar/base_lidar
[4.705s] -- Up-to-date: /home/sunrise/amphibious_ws/install/base_lidar/include/base_lidar/base_lidar/msg
[4.706s] -- Up-to-date: /home/sunrise/amphibious_ws/install/base_lidar/include/base_lidar/base_lidar/msg/rosidl_typesupport_fastrtps_cpp__visibility_control.h
[4.707s] -- Up-to-date: /home/sunrise/amphibious_ws/install/base_lidar/include/base_lidar/base_lidar/srv
[4.708s] -- Up-to-date: /home/sunrise/amphibious_ws/install/base_lidar/include/base_lidar/base_lidar/srv/detail
[4.709s] -- Up-to-date: /home/sunrise/amphibious_ws/install/base_lidar/include/base_lidar/base_lidar/srv/detail/dds_fastrtps
[4.710s] -- Up-to-date: /home/sunrise/amphibious_ws/install/base_lidar/include/base_lidar/base_lidar/srv/detail/control__rosidl_typesupport_fastrtps_cpp.hpp
[4.710s] -- Up-to-date: /home/sunrise/amphibious_ws/install/base_lidar/lib/libbase_lidar__rosidl_typesupport_fastrtps_cpp.so
[4.711s] -- Up-to-date: /home/sunrise/amphibious_ws/install/base_lidar/include/base_lidar/base_lidar
[4.713s] -- Up-to-date: /home/sunrise/amphibious_ws/install/base_lidar/include/base_lidar/base_lidar/msg
[4.714s] -- Up-to-date: /home/sunrise/amphibious_ws/install/base_lidar/include/base_lidar/base_lidar/msg/rosidl_typesupport_introspection_c__visibility_control.h
[4.715s] -- Up-to-date: /home/sunrise/amphibious_ws/install/base_lidar/include/base_lidar/base_lidar/srv
[4.716s] -- Up-to-date: /home/sunrise/amphibious_ws/install/base_lidar/include/base_lidar/base_lidar/srv/detail
[4.717s] -- Up-to-date: /home/sunrise/amphibious_ws/install/base_lidar/include/base_lidar/base_lidar/srv/detail/control__type_support.c
[4.718s] -- Up-to-date: /home/sunrise/amphibious_ws/install/base_lidar/include/base_lidar/base_lidar/srv/detail/control__rosidl_typesupport_introspection_c.h
[4.719s] -- Up-to-date: /home/sunrise/amphibious_ws/install/base_lidar/lib/libbase_lidar__rosidl_typesupport_introspection_c.so
[4.721s] -- Up-to-date: /home/sunrise/amphibious_ws/install/base_lidar/lib/libbase_lidar__rosidl_typesupport_c.so
[4.722s] -- Up-to-date: /home/sunrise/amphibious_ws/install/base_lidar/include/base_lidar/base_lidar
[4.723s] -- Up-to-date: /home/sunrise/amphibious_ws/install/base_lidar/include/base_lidar/base_lidar/srv
[4.726s] -- Up-to-date: /home/sunrise/amphibious_ws/install/base_lidar/include/base_lidar/base_lidar/srv/detail
[4.727s] -- Up-to-date: /home/sunrise/amphibious_ws/install/base_lidar/include/base_lidar/base_lidar/srv/detail/control__rosidl_typesupport_introspection_cpp.hpp
[4.728s] -- Up-to-date: /home/sunrise/amphibious_ws/install/base_lidar/include/base_lidar/base_lidar/srv/detail/control__type_support.cpp
[4.729s] -- Up-to-date: /home/sunrise/amphibious_ws/install/base_lidar/lib/libbase_lidar__rosidl_typesupport_introspection_cpp.so
[4.730s] -- Up-to-date: /home/sunrise/amphibious_ws/install/base_lidar/lib/libbase_lidar__rosidl_typesupport_cpp.so
[4.731s] -- Up-to-date: /home/sunrise/amphibious_ws/install/base_lidar/share/base_lidar/environment/pythonpath.sh
[4.732s] -- Up-to-date: /home/sunrise/amphibious_ws/install/base_lidar/share/base_lidar/environment/pythonpath.dsv
[4.733s] -- Up-to-date: /home/sunrise/amphibious_ws/install/base_lidar/local/lib/python3.10/dist-packages/base_lidar-0.0.0-py3.10.egg-info
[4.734s] -- Installing: /home/sunrise/amphibious_ws/install/base_lidar/local/lib/python3.10/dist-packages/base_lidar-0.0.0-py3.10.egg-info/SOURCES.txt
[4.734s] -- Installing: /home/sunrise/amphibious_ws/install/base_lidar/local/lib/python3.10/dist-packages/base_lidar-0.0.0-py3.10.egg-info/top_level.txt
[4.735s] -- Installing: /home/sunrise/amphibious_ws/install/base_lidar/local/lib/python3.10/dist-packages/base_lidar-0.0.0-py3.10.egg-info/dependency_links.txt
[4.736s] -- Installing: /home/sunrise/amphibious_ws/install/base_lidar/local/lib/python3.10/dist-packages/base_lidar-0.0.0-py3.10.egg-info/PKG-INFO
[4.737s] -- Up-to-date: /home/sunrise/amphibious_ws/install/base_lidar/local/lib/python3.10/dist-packages/base_lidar
[4.738s] -- Up-to-date: /home/sunrise/amphibious_ws/install/base_lidar/local/lib/python3.10/dist-packages/base_lidar/libbase_lidar__rosidl_generator_py.so
[4.739s] -- Up-to-date: /home/sunrise/amphibious_ws/install/base_lidar/local/lib/python3.10/dist-packages/base_lidar/base_lidar_s__rosidl_typesupport_introspection_c.cpython-310-aarch64-linux-gnu.so
[4.740s] -- Up-to-date: /home/sunrise/amphibious_ws/install/base_lidar/local/lib/python3.10/dist-packages/base_lidar/srv
[4.741s] -- Up-to-date: /home/sunrise/amphibious_ws/install/base_lidar/local/lib/python3.10/dist-packages/base_lidar/srv/_control_s.c
[4.741s] -- Up-to-date: /home/sunrise/amphibious_ws/install/base_lidar/local/lib/python3.10/dist-packages/base_lidar/srv/__init__.py
[4.743s] -- Up-to-date: /home/sunrise/amphibious_ws/install/base_lidar/local/lib/python3.10/dist-packages/base_lidar/srv/_control.py
[4.744s] -- Up-to-date: /home/sunrise/amphibious_ws/install/base_lidar/local/lib/python3.10/dist-packages/base_lidar/_base_lidar_s.ep.rosidl_typesupport_fastrtps_c.c
[4.745s] -- Up-to-date: /home/sunrise/amphibious_ws/install/base_lidar/local/lib/python3.10/dist-packages/base_lidar/base_lidar_s__rosidl_typesupport_c.cpython-310-aarch64-linux-gnu.so
[4.745s] -- Up-to-date: /home/sunrise/amphibious_ws/install/base_lidar/local/lib/python3.10/dist-packages/base_lidar/_base_lidar_s.ep.rosidl_typesupport_c.c
[4.747s] -- Up-to-date: /home/sunrise/amphibious_ws/install/base_lidar/local/lib/python3.10/dist-packages/base_lidar/__init__.py
[4.749s] -- Up-to-date: /home/sunrise/amphibious_ws/install/base_lidar/local/lib/python3.10/dist-packages/base_lidar/base_lidar_s__rosidl_typesupport_fastrtps_c.cpython-310-aarch64-linux-gnu.so
[4.750s] -- Up-to-date: /home/sunrise/amphibious_ws/install/base_lidar/local/lib/python3.10/dist-packages/base_lidar/_base_lidar_s.ep.rosidl_typesupport_introspection_c.c
[5.016s] Listing '/home/sunrise/amphibious_ws/install/base_lidar/local/lib/python3.10/dist-packages/base_lidar'...
[5.017s] Listing '/home/sunrise/amphibious_ws/install/base_lidar/local/lib/python3.10/dist-packages/base_lidar/srv'...
[5.069s] -- Up-to-date: /home/sunrise/amphibious_ws/install/base_lidar/local/lib/python3.10/dist-packages/base_lidar/base_lidar_s__rosidl_typesupport_fastrtps_c.cpython-310-aarch64-linux-gnu.so
[5.074s] -- Up-to-date: /home/sunrise/amphibious_ws/install/base_lidar/local/lib/python3.10/dist-packages/base_lidar/base_lidar_s__rosidl_typesupport_introspection_c.cpython-310-aarch64-linux-gnu.so
[5.080s] -- Up-to-date: /home/sunrise/amphibious_ws/install/base_lidar/local/lib/python3.10/dist-packages/base_lidar/base_lidar_s__rosidl_typesupport_c.cpython-310-aarch64-linux-gnu.so
[5.084s] -- Up-to-date: /home/sunrise/amphibious_ws/install/base_lidar/lib/libbase_lidar__rosidl_generator_py.so
[5.091s] -- Up-to-date: /home/sunrise/amphibious_ws/install/base_lidar/share/base_lidar/srv/Control.idl
[5.092s] -- Up-to-date: /home/sunrise/amphibious_ws/install/base_lidar/share/base_lidar/srv/Control.srv
[5.093s] -- Up-to-date: /home/sunrise/amphibious_ws/install/base_lidar/share/base_lidar/srv/Control_Request.msg
[5.094s] -- Up-to-date: /home/sunrise/amphibious_ws/install/base_lidar/share/base_lidar/srv/Control_Response.msg
[5.095s] -- Up-to-date: /home/sunrise/amphibious_ws/install/base_lidar/share/ament_index/resource_index/package_run_dependencies/base_lidar
[5.096s] -- Up-to-date: /home/sunrise/amphibious_ws/install/base_lidar/share/ament_index/resource_index/parent_prefix_path/base_lidar
[5.097s] -- Up-to-date: /home/sunrise/amphibious_ws/install/base_lidar/share/base_lidar/environment/ament_prefix_path.sh
[5.097s] -- Up-to-date: /home/sunrise/amphibious_ws/install/base_lidar/share/base_lidar/environment/ament_prefix_path.dsv
[5.098s] -- Up-to-date: /home/sunrise/amphibious_ws/install/base_lidar/share/base_lidar/environment/path.sh
[5.099s] -- Up-to-date: /home/sunrise/amphibious_ws/install/base_lidar/share/base_lidar/environment/path.dsv
[5.101s] -- Up-to-date: /home/sunrise/amphibious_ws/install/base_lidar/share/base_lidar/local_setup.bash
[5.102s] -- Up-to-date: /home/sunrise/amphibious_ws/install/base_lidar/share/base_lidar/local_setup.sh
[5.103s] -- Up-to-date: /home/sunrise/amphibious_ws/install/base_lidar/share/base_lidar/local_setup.zsh
[5.104s] -- Up-to-date: /home/sunrise/amphibious_ws/install/base_lidar/share/base_lidar/local_setup.dsv
[5.105s] -- Installing: /home/sunrise/amphibious_ws/install/base_lidar/share/base_lidar/package.dsv
[5.106s] -- Up-to-date: /home/sunrise/amphibious_ws/install/base_lidar/share/ament_index/resource_index/packages/base_lidar
[5.107s] -- Up-to-date: /home/sunrise/amphibious_ws/install/base_lidar/share/base_lidar/cmake/export_base_lidar__rosidl_generator_cExport.cmake
[5.108s] -- Up-to-date: /home/sunrise/amphibious_ws/install/base_lidar/share/base_lidar/cmake/export_base_lidar__rosidl_generator_cExport-noconfig.cmake
[5.114s] -- Up-to-date: /home/sunrise/amphibious_ws/install/base_lidar/share/base_lidar/cmake/export_base_lidar__rosidl_typesupport_fastrtps_cExport.cmake
[5.116s] -- Up-to-date: /home/sunrise/amphibious_ws/install/base_lidar/share/base_lidar/cmake/export_base_lidar__rosidl_typesupport_fastrtps_cExport-noconfig.cmake
[5.117s] -- Up-to-date: /home/sunrise/amphibious_ws/install/base_lidar/share/base_lidar/cmake/export_base_lidar__rosidl_generator_cppExport.cmake
[5.118s] -- Up-to-date: /home/sunrise/amphibious_ws/install/base_lidar/share/base_lidar/cmake/export_base_lidar__rosidl_typesupport_fastrtps_cppExport.cmake
[5.119s] -- Up-to-date: /home/sunrise/amphibious_ws/install/base_lidar/share/base_lidar/cmake/export_base_lidar__rosidl_typesupport_fastrtps_cppExport-noconfig.cmake
[5.122s] -- Up-to-date: /home/sunrise/amphibious_ws/install/base_lidar/share/base_lidar/cmake/base_lidar__rosidl_typesupport_introspection_cExport.cmake
[5.123s] -- Up-to-date: /home/sunrise/amphibious_ws/install/base_lidar/share/base_lidar/cmake/base_lidar__rosidl_typesupport_introspection_cExport-noconfig.cmake
[5.124s] -- Up-to-date: /home/sunrise/amphibious_ws/install/base_lidar/share/base_lidar/cmake/base_lidar__rosidl_typesupport_cExport.cmake
[5.125s] -- Up-to-date: /home/sunrise/amphibious_ws/install/base_lidar/share/base_lidar/cmake/base_lidar__rosidl_typesupport_cExport-noconfig.cmake
[5.126s] -- Up-to-date: /home/sunrise/amphibious_ws/install/base_lidar/share/base_lidar/cmake/base_lidar__rosidl_typesupport_introspection_cppExport.cmake
[5.128s] -- Up-to-date: /home/sunrise/amphibious_ws/install/base_lidar/share/base_lidar/cmake/base_lidar__rosidl_typesupport_introspection_cppExport-noconfig.cmake
[5.129s] -- Up-to-date: /home/sunrise/amphibious_ws/install/base_lidar/share/base_lidar/cmake/base_lidar__rosidl_typesupport_cppExport.cmake
[5.130s] -- Up-to-date: /home/sunrise/amphibious_ws/install/base_lidar/share/base_lidar/cmake/base_lidar__rosidl_typesupport_cppExport-noconfig.cmake
[5.132s] -- Up-to-date: /home/sunrise/amphibious_ws/install/base_lidar/share/base_lidar/cmake/export_base_lidar__rosidl_generator_pyExport.cmake
[5.134s] -- Up-to-date: /home/sunrise/amphibious_ws/install/base_lidar/share/base_lidar/cmake/export_base_lidar__rosidl_generator_pyExport-noconfig.cmake
[5.135s] -- Up-to-date: /home/sunrise/amphibious_ws/install/base_lidar/share/base_lidar/cmake/rosidl_cmake-extras.cmake
[5.136s] -- Up-to-date: /home/sunrise/amphibious_ws/install/base_lidar/share/base_lidar/cmake/ament_cmake_export_include_directories-extras.cmake
[5.137s] -- Up-to-date: /home/sunrise/amphibious_ws/install/base_lidar/share/base_lidar/cmake/ament_cmake_export_libraries-extras.cmake
[5.137s] -- Up-to-date: /home/sunrise/amphibious_ws/install/base_lidar/share/base_lidar/cmake/ament_cmake_export_targets-extras.cmake
[5.138s] -- Up-to-date: /home/sunrise/amphibious_ws/install/base_lidar/share/base_lidar/cmake/rosidl_cmake_export_typesupport_targets-extras.cmake
[5.139s] -- Up-to-date: /home/sunrise/amphibious_ws/install/base_lidar/share/base_lidar/cmake/ament_cmake_export_dependencies-extras.cmake
[5.139s] -- Up-to-date: /home/sunrise/amphibious_ws/install/base_lidar/share/base_lidar/cmake/rosidl_cmake_export_typesupport_libraries-extras.cmake
[5.140s] -- Up-to-date: /home/sunrise/amphibious_ws/install/base_lidar/share/base_lidar/cmake/base_lidarConfig.cmake
[5.141s] -- Up-to-date: /home/sunrise/amphibious_ws/install/base_lidar/share/base_lidar/cmake/base_lidarConfig-version.cmake
[5.141s] -- Up-to-date: /home/sunrise/amphibious_ws/install/base_lidar/share/base_lidar/package.xml
[5.151s] Invoked command in '/home/sunrise/amphibious_ws/build/base_lidar' returned '0': CMAKE_PREFIX_PATH=${CMAKE_PREFIX_PATH}:/home/sunrise/amphibious_ws/install/yolo_detect_pkg:/opt/tros/humble:/opt/ros/humble /usr/bin/cmake --install /home/sunrise/amphibious_ws/build/base_lidar
