[0.069s] Invoking command in '/home/sunrise/amphibious_ws/build/bluesea2': CMAKE_PREFIX_PATH=/home/sunrise/amphibious_ws/install/base_lidar:/home/sunrise/amphibious_ws/install/my_carto_pkg:/home/sunrise/amphibious_ws/install/lifecycle_control_pkg:/home/sunrise/amphibious_ws/install/item_locate_pkg:/home/sunrise/amphibious_ws/install/i2c_pkg:/home/sunrise/amphibious_ws/install/com_pkg:/home/sunrise/amphibious_ws/install/camera_pkg:/home/sunrise/amphibious_ws/install/bluesea2:/home/sunrise/amphibious_ws/install/base:/home/sunrise/cartographer_ws/install/cartographer_rviz:/home/sunrise/cartographer_ws/install/cartographer_ros:/home/sunrise/cartographer_ws/install/cartographer_ros_msgs:/home/sunrise/cartographer_ws/install/cartographer:/home/sunrise/fly_ws/install/my_carto_pkg:/home/sunrise/fly_ws/install/com_pkg:/home/sunrise/fly_ws/install/bluesea2:/home/sunrise/fly_ws/install/base:/home/sunrise/amphibious_ws/install/yolo_detect_pkg:/opt/tros/humble:/opt/ros/humble LD_LIBRARY_PATH=/home/sunrise/amphibious_ws/install/base_lidar/lib:/home/sunrise/amphibious_ws/install/base/lib:/home/sunrise/cartographer_ws/install/cartographer_rviz/lib:/home/sunrise/cartographer_ws/install/cartographer_ros/lib:/home/sunrise/cartographer_ws/install/cartographer_ros_msgs/lib:/home/sunrise/fly_ws/install/base/lib:/opt/tros/humble/lib/aarch64-linux-gnu:/opt/tros/humble/lib:/opt/ros/humble/opt/rviz_ogre_vendor/lib:/opt/ros/humble/lib/aarch64-linux-gnu:/opt/ros/humble/lib:/usr/hobot/lib:/app/lib:/app/pub/lib:/middleware/lib:/middleware/pub/lib:/usr/hobot/lib/sensor:/system/lib:/system/usr/lib:/lib /usr/bin/cmake --build /home/sunrise/amphibious_ws/build/bluesea2 -- -j8 -l8
[0.362s] [ 15%] Built target bluesea2_client
[0.363s] [ 30%] Built target bluesea2_heart_check
[0.391s] [100%] Built target bluesea2_node
[0.456s] Invoked command in '/home/sunrise/amphibious_ws/build/bluesea2' returned '0': CMAKE_PREFIX_PATH=/home/sunrise/amphibious_ws/install/base_lidar:/home/sunrise/amphibious_ws/install/my_carto_pkg:/home/sunrise/amphibious_ws/install/lifecycle_control_pkg:/home/sunrise/amphibious_ws/install/item_locate_pkg:/home/sunrise/amphibious_ws/install/i2c_pkg:/home/sunrise/amphibious_ws/install/com_pkg:/home/sunrise/amphibious_ws/install/camera_pkg:/home/sunrise/amphibious_ws/install/bluesea2:/home/sunrise/amphibious_ws/install/base:/home/sunrise/cartographer_ws/install/cartographer_rviz:/home/sunrise/cartographer_ws/install/cartographer_ros:/home/sunrise/cartographer_ws/install/cartographer_ros_msgs:/home/sunrise/cartographer_ws/install/cartographer:/home/sunrise/fly_ws/install/my_carto_pkg:/home/sunrise/fly_ws/install/com_pkg:/home/sunrise/fly_ws/install/bluesea2:/home/sunrise/fly_ws/install/base:/home/sunrise/amphibious_ws/install/yolo_detect_pkg:/opt/tros/humble:/opt/ros/humble LD_LIBRARY_PATH=/home/sunrise/amphibious_ws/install/base_lidar/lib:/home/sunrise/amphibious_ws/install/base/lib:/home/sunrise/cartographer_ws/install/cartographer_rviz/lib:/home/sunrise/cartographer_ws/install/cartographer_ros/lib:/home/sunrise/cartographer_ws/install/cartographer_ros_msgs/lib:/home/sunrise/fly_ws/install/base/lib:/opt/tros/humble/lib/aarch64-linux-gnu:/opt/tros/humble/lib:/opt/ros/humble/opt/rviz_ogre_vendor/lib:/opt/ros/humble/lib/aarch64-linux-gnu:/opt/ros/humble/lib:/usr/hobot/lib:/app/lib:/app/pub/lib:/middleware/lib:/middleware/pub/lib:/usr/hobot/lib/sensor:/system/lib:/system/usr/lib:/lib /usr/bin/cmake --build /home/sunrise/amphibious_ws/build/bluesea2 -- -j8 -l8
[0.460s] Invoking command in '/home/sunrise/amphibious_ws/build/bluesea2': CMAKE_PREFIX_PATH=/home/sunrise/amphibious_ws/install/base_lidar:/home/sunrise/amphibious_ws/install/my_carto_pkg:/home/sunrise/amphibious_ws/install/lifecycle_control_pkg:/home/sunrise/amphibious_ws/install/item_locate_pkg:/home/sunrise/amphibious_ws/install/i2c_pkg:/home/sunrise/amphibious_ws/install/com_pkg:/home/sunrise/amphibious_ws/install/camera_pkg:/home/sunrise/amphibious_ws/install/bluesea2:/home/sunrise/amphibious_ws/install/base:/home/sunrise/cartographer_ws/install/cartographer_rviz:/home/sunrise/cartographer_ws/install/cartographer_ros:/home/sunrise/cartographer_ws/install/cartographer_ros_msgs:/home/sunrise/cartographer_ws/install/cartographer:/home/sunrise/fly_ws/install/my_carto_pkg:/home/sunrise/fly_ws/install/com_pkg:/home/sunrise/fly_ws/install/bluesea2:/home/sunrise/fly_ws/install/base:/home/sunrise/amphibious_ws/install/yolo_detect_pkg:/opt/tros/humble:/opt/ros/humble LD_LIBRARY_PATH=/home/sunrise/amphibious_ws/install/base_lidar/lib:/home/sunrise/amphibious_ws/install/base/lib:/home/sunrise/cartographer_ws/install/cartographer_rviz/lib:/home/sunrise/cartographer_ws/install/cartographer_ros/lib:/home/sunrise/cartographer_ws/install/cartographer_ros_msgs/lib:/home/sunrise/fly_ws/install/base/lib:/opt/tros/humble/lib/aarch64-linux-gnu:/opt/tros/humble/lib:/opt/ros/humble/opt/rviz_ogre_vendor/lib:/opt/ros/humble/lib/aarch64-linux-gnu:/opt/ros/humble/lib:/usr/hobot/lib:/app/lib:/app/pub/lib:/middleware/lib:/middleware/pub/lib:/usr/hobot/lib/sensor:/system/lib:/system/usr/lib:/lib /usr/bin/cmake --install /home/sunrise/amphibious_ws/build/bluesea2
[0.494s] -- Install configuration: ""
[0.495s] -- Up-to-date: /home/sunrise/amphibious_ws/install/bluesea2/lib/bluesea2/bluesea2_node
[0.496s] -- Up-to-date: /home/sunrise/amphibious_ws/install/bluesea2/lib/bluesea2/bluesea2_client
[0.497s] -- Up-to-date: /home/sunrise/amphibious_ws/install/bluesea2/lib/bluesea2/bluesea2_heart_check
[0.499s] -- Up-to-date: /home/sunrise/amphibious_ws/install/bluesea2/share/bluesea2/launch
[0.500s] -- Up-to-date: /home/sunrise/amphibious_ws/install/bluesea2/share/bluesea2/launch/heart_check.launch
[0.502s] -- Up-to-date: /home/sunrise/amphibious_ws/install/bluesea2/share/bluesea2/launch/uart_lidar.launch
[0.503s] -- Up-to-date: /home/sunrise/amphibious_ws/install/bluesea2/share/bluesea2/launch/vpc_lidar.launch
[0.504s] -- Up-to-date: /home/sunrise/amphibious_ws/install/bluesea2/share/bluesea2/launch/udp_lidar.launch
[0.504s] -- Up-to-date: /home/sunrise/amphibious_ws/install/bluesea2/share/bluesea2/launch/LDS-U80C-S.launch
[0.505s] -- Up-to-date: /home/sunrise/amphibious_ws/install/bluesea2/share/bluesea2/launch/dual_udp_lidar.launch
[0.506s] -- Up-to-date: /home/sunrise/amphibious_ws/install/bluesea2/share/bluesea2/launch/LDS-U50C-S.launch
[0.506s] -- Up-to-date: /home/sunrise/amphibious_ws/install/bluesea2/share/bluesea2/params
[0.507s] -- Up-to-date: /home/sunrise/amphibious_ws/install/bluesea2/share/bluesea2/params/udp_lidar.yaml
[0.507s] -- Up-to-date: /home/sunrise/amphibious_ws/install/bluesea2/share/bluesea2/params/vpc_lidar.yaml
[0.508s] -- Up-to-date: /home/sunrise/amphibious_ws/install/bluesea2/share/bluesea2/params/LDS-U80C-S.yaml
[0.508s] -- Up-to-date: /home/sunrise/amphibious_ws/install/bluesea2/share/bluesea2/params/LDS-U50C-S.yaml
[0.509s] -- Up-to-date: /home/sunrise/amphibious_ws/install/bluesea2/share/bluesea2/params/uart_lidar.yaml
[0.524s] -- Up-to-date: /home/sunrise/amphibious_ws/install/bluesea2/share/bluesea2/params/other
[0.525s] -- Up-to-date: /home/sunrise/amphibious_ws/install/bluesea2/share/bluesea2/params/dual_udp_lidar.yaml
[0.526s] -- Up-to-date: /home/sunrise/amphibious_ws/install/bluesea2/share/ament_index/resource_index/package_run_dependencies/bluesea2
[0.526s] -- Up-to-date: /home/sunrise/amphibious_ws/install/bluesea2/share/ament_index/resource_index/parent_prefix_path/bluesea2
[0.527s] -- Up-to-date: /home/sunrise/amphibious_ws/install/bluesea2/share/bluesea2/environment/ament_prefix_path.sh
[0.528s] -- Up-to-date: /home/sunrise/amphibious_ws/install/bluesea2/share/bluesea2/environment/ament_prefix_path.dsv
[0.529s] -- Up-to-date: /home/sunrise/amphibious_ws/install/bluesea2/share/bluesea2/environment/path.sh
[0.532s] -- Up-to-date: /home/sunrise/amphibious_ws/install/bluesea2/share/bluesea2/environment/path.dsv
[0.533s] -- Up-to-date: /home/sunrise/amphibious_ws/install/bluesea2/share/bluesea2/local_setup.bash
[0.535s] -- Up-to-date: /home/sunrise/amphibious_ws/install/bluesea2/share/bluesea2/local_setup.sh
[0.537s] -- Up-to-date: /home/sunrise/amphibious_ws/install/bluesea2/share/bluesea2/local_setup.zsh
[0.538s] -- Up-to-date: /home/sunrise/amphibious_ws/install/bluesea2/share/bluesea2/local_setup.dsv
[0.540s] -- Installing: /home/sunrise/amphibious_ws/install/bluesea2/share/bluesea2/package.dsv
[0.541s] -- Up-to-date: /home/sunrise/amphibious_ws/install/bluesea2/share/ament_index/resource_index/packages/bluesea2
[0.542s] -- Up-to-date: /home/sunrise/amphibious_ws/install/bluesea2/share/bluesea2/cmake/bluesea2Config.cmake
[0.544s] -- Up-to-date: /home/sunrise/amphibious_ws/install/bluesea2/share/bluesea2/cmake/bluesea2Config-version.cmake
[0.547s] -- Up-to-date: /home/sunrise/amphibious_ws/install/bluesea2/share/bluesea2/package.xml
[0.548s] Invoked command in '/home/sunrise/amphibious_ws/build/bluesea2' returned '0': CMAKE_PREFIX_PATH=/home/sunrise/amphibious_ws/install/base_lidar:/home/sunrise/amphibious_ws/install/my_carto_pkg:/home/sunrise/amphibious_ws/install/lifecycle_control_pkg:/home/sunrise/amphibious_ws/install/item_locate_pkg:/home/sunrise/amphibious_ws/install/i2c_pkg:/home/sunrise/amphibious_ws/install/com_pkg:/home/sunrise/amphibious_ws/install/camera_pkg:/home/sunrise/amphibious_ws/install/bluesea2:/home/sunrise/amphibious_ws/install/base:/home/sunrise/cartographer_ws/install/cartographer_rviz:/home/sunrise/cartographer_ws/install/cartographer_ros:/home/sunrise/cartographer_ws/install/cartographer_ros_msgs:/home/sunrise/cartographer_ws/install/cartographer:/home/sunrise/fly_ws/install/my_carto_pkg:/home/sunrise/fly_ws/install/com_pkg:/home/sunrise/fly_ws/install/bluesea2:/home/sunrise/fly_ws/install/base:/home/sunrise/amphibious_ws/install/yolo_detect_pkg:/opt/tros/humble:/opt/ros/humble LD_LIBRARY_PATH=/home/sunrise/amphibious_ws/install/base_lidar/lib:/home/sunrise/amphibious_ws/install/base/lib:/home/sunrise/cartographer_ws/install/cartographer_rviz/lib:/home/sunrise/cartographer_ws/install/cartographer_ros/lib:/home/sunrise/cartographer_ws/install/cartographer_ros_msgs/lib:/home/sunrise/fly_ws/install/base/lib:/opt/tros/humble/lib/aarch64-linux-gnu:/opt/tros/humble/lib:/opt/ros/humble/opt/rviz_ogre_vendor/lib:/opt/ros/humble/lib/aarch64-linux-gnu:/opt/ros/humble/lib:/usr/hobot/lib:/app/lib:/app/pub/lib:/middleware/lib:/middleware/pub/lib:/usr/hobot/lib/sensor:/system/lib:/system/usr/lib:/lib /usr/bin/cmake --install /home/sunrise/amphibious_ws/build/bluesea2
