[0.162s] Invoking command in '/home/sunrise/amphibious_ws/build/com_pkg': CMAKE_PREFIX_PATH=${CMAKE_PREFIX_PATH}:/opt/ros/humble /usr/bin/cmake --build /home/sunrise/amphibious_ws/build/com_pkg -- -j8 -l8
[0.690s] [ 50%] Built target com_node
[0.864s] [100%] Built target com_node_without_imu
[1.017s] Invoked command in '/home/sunrise/amphibious_ws/build/com_pkg' returned '0': CMAKE_PREFIX_PATH=${CMAKE_PREFIX_PATH}:/opt/ros/humble /usr/bin/cmake --build /home/sunrise/amphibious_ws/build/com_pkg -- -j8 -l8
[1.027s] Invoking command in '/home/sunrise/amphibious_ws/build/com_pkg': CMAKE_PREFIX_PATH=${CMAKE_PREFIX_PATH}:/opt/ros/humble /usr/bin/cmake --install /home/sunrise/amphibious_ws/build/com_pkg
[1.126s] -- Install configuration: ""
[1.127s] -- Up-to-date: /home/sunrise/amphibious_ws/install/com_pkg/lib/com_pkg/com_node
[1.128s] -- Up-to-date: /home/sunrise/amphibious_ws/install/com_pkg/lib/com_pkg/com_node_without_imu
[1.129s] -- Up-to-date: /home/sunrise/amphibious_ws/install/com_pkg/share/ament_index/resource_index/package_run_dependencies/com_pkg
[1.129s] -- Up-to-date: /home/sunrise/amphibious_ws/install/com_pkg/share/ament_index/resource_index/parent_prefix_path/com_pkg
[1.134s] -- Up-to-date: /home/sunrise/amphibious_ws/install/com_pkg/share/com_pkg/environment/ament_prefix_path.sh
[1.134s] -- Up-to-date: /home/sunrise/amphibious_ws/install/com_pkg/share/com_pkg/environment/ament_prefix_path.dsv
[1.137s] -- Up-to-date: /home/sunrise/amphibious_ws/install/com_pkg/share/com_pkg/environment/path.sh
[1.141s] -- Up-to-date: /home/sunrise/amphibious_ws/install/com_pkg/share/com_pkg/environment/path.dsv
[1.143s] -- Up-to-date: /home/sunrise/amphibious_ws/install/com_pkg/share/com_pkg/local_setup.bash
[1.144s] -- Up-to-date: /home/sunrise/amphibious_ws/install/com_pkg/share/com_pkg/local_setup.sh
[1.144s] -- Up-to-date: /home/sunrise/amphibious_ws/install/com_pkg/share/com_pkg/local_setup.zsh
[1.148s] -- Up-to-date: /home/sunrise/amphibious_ws/install/com_pkg/share/com_pkg/local_setup.dsv
[1.150s] -- Installing: /home/sunrise/amphibious_ws/install/com_pkg/share/com_pkg/package.dsv
[1.152s] -- Up-to-date: /home/sunrise/amphibious_ws/install/com_pkg/share/ament_index/resource_index/packages/com_pkg
[1.153s] -- Up-to-date: /home/sunrise/amphibious_ws/install/com_pkg/share/com_pkg/cmake/com_pkgConfig.cmake
[1.154s] -- Up-to-date: /home/sunrise/amphibious_ws/install/com_pkg/share/com_pkg/cmake/com_pkgConfig-version.cmake
[1.155s] -- Up-to-date: /home/sunrise/amphibious_ws/install/com_pkg/share/com_pkg/package.xml
[1.244s] Invoked command in '/home/sunrise/amphibious_ws/build/com_pkg' returned '0': CMAKE_PREFIX_PATH=${CMAKE_PREFIX_PATH}:/opt/ros/humble /usr/bin/cmake --install /home/sunrise/amphibious_ws/build/com_pkg
