[0.775s] DEBUG:colcon:Command line arguments: ['/usr/bin/colcon', 'build']
[0.776s] DEBUG:colcon:Parsed command line arguments: Namespace(log_base=None, log_level=None, verb_name='build', build_base='build', install_base='install', merge_install=False, symlink_install=False, test_result_base=None, continue_on_error=False, executor='parallel', parallel_workers=8, event_handlers=None, ignore_user_meta=False, metas=['./colcon.meta'], base_paths=['.'], packages_ignore=None, packages_ignore_regex=None, paths=None, packages_up_to=None, packages_up_to_regex=None, packages_above=None, packages_above_and_dependencies=None, packages_above_depth=None, packages_select_by_dep=None, packages_skip_by_dep=None, packages_skip_up_to=None, packages_select_build_failed=False, packages_skip_build_finished=False, packages_select_test_failures=False, packages_skip_test_passed=False, packages_select=None, packages_skip=None, packages_select_regex=None, packages_skip_regex=None, packages_start=None, packages_end=None, allow_overriding=[], cmake_args=None, cmake_target=None, cmake_target_skip_unavailable=False, cmake_clean_cache=False, cmake_clean_first=False, cmake_force_configure=False, ament_cmake_args=None, catkin_cmake_args=None, catkin_skip_building_tests=False, verb_parser=<colcon_defaults.argument_parser.defaults.DefaultArgumentsDecorator object at 0xffff9721cfa0>, verb_extension=<colcon_core.verb.build.BuildVerb object at 0xffff97302e00>, main=<bound method BuildVerb.main of <colcon_core.verb.build.BuildVerb object at 0xffff97302e00>>)
[2.275s] Level 1:colcon.colcon_core.package_discovery:discover_packages(colcon_meta) check parameters
[2.276s] Level 1:colcon.colcon_core.package_discovery:discover_packages(recursive) check parameters
[2.281s] Level 1:colcon.colcon_core.package_discovery:discover_packages(ignore) check parameters
[2.281s] Level 1:colcon.colcon_core.package_discovery:discover_packages(path) check parameters
[2.282s] Level 1:colcon.colcon_core.package_discovery:discover_packages(colcon_meta) discover
[2.282s] Level 1:colcon.colcon_core.package_discovery:discover_packages(recursive) discover
[2.283s] INFO:colcon.colcon_core.package_discovery:Crawling recursively for packages in '/home/sunrise/amphibious_ws'
[2.283s] Level 1:colcon.colcon_core.package_identification:_identify(.) by extensions ['ignore', 'ignore_ament_install']
[2.284s] Level 1:colcon.colcon_core.package_identification:_identify(.) by extension 'ignore'
[2.285s] Level 1:colcon.colcon_core.package_identification:_identify(.) by extension 'ignore_ament_install'
[2.285s] Level 1:colcon.colcon_core.package_identification:_identify(.) by extensions ['colcon_pkg']
[2.285s] Level 1:colcon.colcon_core.package_identification:_identify(.) by extension 'colcon_pkg'
[2.286s] Level 1:colcon.colcon_core.package_identification:_identify(.) by extensions ['colcon_meta']
[2.286s] Level 1:colcon.colcon_core.package_identification:_identify(.) by extension 'colcon_meta'
[2.286s] Level 1:colcon.colcon_core.package_identification:_identify(.) by extensions ['ros']
[2.286s] Level 1:colcon.colcon_core.package_identification:_identify(.) by extension 'ros'
[2.375s] Level 1:colcon.colcon_core.package_identification:_identify(.) by extensions ['cmake', 'python']
[2.376s] Level 1:colcon.colcon_core.package_identification:_identify(.) by extension 'cmake'
[2.376s] Level 1:colcon.colcon_core.package_identification:_identify(.) by extension 'python'
[2.377s] Level 1:colcon.colcon_core.package_identification:_identify(.) by extensions ['python_setup_py']
[2.377s] Level 1:colcon.colcon_core.package_identification:_identify(.) by extension 'python_setup_py'
[2.378s] Level 1:colcon.colcon_core.package_identification:_identify(build) by extensions ['ignore', 'ignore_ament_install']
[2.379s] Level 1:colcon.colcon_core.package_identification:_identify(build) by extension 'ignore'
[2.379s] Level 1:colcon.colcon_core.package_identification:_identify(build) ignored
[2.380s] Level 1:colcon.colcon_core.package_identification:_identify(install) by extensions ['ignore', 'ignore_ament_install']
[2.381s] Level 1:colcon.colcon_core.package_identification:_identify(install) by extension 'ignore'
[2.382s] Level 1:colcon.colcon_core.package_identification:_identify(install) ignored
[2.384s] Level 1:colcon.colcon_core.package_identification:_identify(log) by extensions ['ignore', 'ignore_ament_install']
[2.385s] Level 1:colcon.colcon_core.package_identification:_identify(log) by extension 'ignore'
[2.385s] Level 1:colcon.colcon_core.package_identification:_identify(log) ignored
[2.386s] Level 1:colcon.colcon_core.package_identification:_identify(src) by extensions ['ignore', 'ignore_ament_install']
[2.387s] Level 1:colcon.colcon_core.package_identification:_identify(src) by extension 'ignore'
[2.387s] Level 1:colcon.colcon_core.package_identification:_identify(src) by extension 'ignore_ament_install'
[2.388s] Level 1:colcon.colcon_core.package_identification:_identify(src) by extensions ['colcon_pkg']
[2.388s] Level 1:colcon.colcon_core.package_identification:_identify(src) by extension 'colcon_pkg'
[2.389s] Level 1:colcon.colcon_core.package_identification:_identify(src) by extensions ['colcon_meta']
[2.389s] Level 1:colcon.colcon_core.package_identification:_identify(src) by extension 'colcon_meta'
[2.389s] Level 1:colcon.colcon_core.package_identification:_identify(src) by extensions ['ros']
[2.390s] Level 1:colcon.colcon_core.package_identification:_identify(src) by extension 'ros'
[2.390s] Level 1:colcon.colcon_core.package_identification:_identify(src) by extensions ['cmake', 'python']
[2.391s] Level 1:colcon.colcon_core.package_identification:_identify(src) by extension 'cmake'
[2.391s] Level 1:colcon.colcon_core.package_identification:_identify(src) by extension 'python'
[2.391s] Level 1:colcon.colcon_core.package_identification:_identify(src) by extensions ['python_setup_py']
[2.391s] Level 1:colcon.colcon_core.package_identification:_identify(src) by extension 'python_setup_py'
[2.392s] Level 1:colcon.colcon_core.package_identification:_identify(src/bluesea2) by extensions ['ignore', 'ignore_ament_install']
[2.393s] Level 1:colcon.colcon_core.package_identification:_identify(src/bluesea2) by extension 'ignore'
[2.393s] Level 1:colcon.colcon_core.package_identification:_identify(src/bluesea2) by extension 'ignore_ament_install'
[2.394s] Level 1:colcon.colcon_core.package_identification:_identify(src/bluesea2) by extensions ['colcon_pkg']
[2.394s] Level 1:colcon.colcon_core.package_identification:_identify(src/bluesea2) by extension 'colcon_pkg'
[2.394s] Level 1:colcon.colcon_core.package_identification:_identify(src/bluesea2) by extensions ['colcon_meta']
[2.395s] Level 1:colcon.colcon_core.package_identification:_identify(src/bluesea2) by extension 'colcon_meta'
[2.395s] Level 1:colcon.colcon_core.package_identification:_identify(src/bluesea2) by extensions ['ros']
[2.395s] Level 1:colcon.colcon_core.package_identification:_identify(src/bluesea2) by extension 'ros'
[2.396s] Level 1:colcon.colcon_core.package_identification:_identify(src/bluesea2) by extensions ['cmake', 'python']
[2.396s] Level 1:colcon.colcon_core.package_identification:_identify(src/bluesea2) by extension 'cmake'
[2.396s] Level 1:colcon.colcon_core.package_identification:_identify(src/bluesea2) by extension 'python'
[2.397s] Level 1:colcon.colcon_core.package_identification:_identify(src/bluesea2) by extensions ['python_setup_py']
[2.397s] Level 1:colcon.colcon_core.package_identification:_identify(src/bluesea2) by extension 'python_setup_py'
[2.397s] Level 1:colcon.colcon_core.package_identification:_identify(src/bluesea2/src) by extensions ['ignore', 'ignore_ament_install']
[2.398s] Level 1:colcon.colcon_core.package_identification:_identify(src/bluesea2/src) by extension 'ignore'
[2.398s] Level 1:colcon.colcon_core.package_identification:_identify(src/bluesea2/src) by extension 'ignore_ament_install'
[2.399s] Level 1:colcon.colcon_core.package_identification:_identify(src/bluesea2/src) by extensions ['colcon_pkg']
[2.399s] Level 1:colcon.colcon_core.package_identification:_identify(src/bluesea2/src) by extension 'colcon_pkg'
[2.399s] Level 1:colcon.colcon_core.package_identification:_identify(src/bluesea2/src) by extensions ['colcon_meta']
[2.399s] Level 1:colcon.colcon_core.package_identification:_identify(src/bluesea2/src) by extension 'colcon_meta'
[2.400s] Level 1:colcon.colcon_core.package_identification:_identify(src/bluesea2/src) by extensions ['ros']
[2.400s] Level 1:colcon.colcon_core.package_identification:_identify(src/bluesea2/src) by extension 'ros'
[2.400s] Level 1:colcon.colcon_core.package_identification:_identify(src/bluesea2/src) by extensions ['cmake', 'python']
[2.401s] Level 1:colcon.colcon_core.package_identification:_identify(src/bluesea2/src) by extension 'cmake'
[2.401s] Level 1:colcon.colcon_core.package_identification:_identify(src/bluesea2/src) by extension 'python'
[2.401s] Level 1:colcon.colcon_core.package_identification:_identify(src/bluesea2/src) by extensions ['python_setup_py']
[2.401s] Level 1:colcon.colcon_core.package_identification:_identify(src/bluesea2/src) by extension 'python_setup_py'
[2.402s] Level 1:colcon.colcon_core.package_identification:_identify(src/bluesea2/src/base) by extensions ['ignore', 'ignore_ament_install']
[2.403s] Level 1:colcon.colcon_core.package_identification:_identify(src/bluesea2/src/base) by extension 'ignore'
[2.403s] Level 1:colcon.colcon_core.package_identification:_identify(src/bluesea2/src/base) by extension 'ignore_ament_install'
[2.403s] Level 1:colcon.colcon_core.package_identification:_identify(src/bluesea2/src/base) by extensions ['colcon_pkg']
[2.403s] Level 1:colcon.colcon_core.package_identification:_identify(src/bluesea2/src/base) by extension 'colcon_pkg'
[2.404s] Level 1:colcon.colcon_core.package_identification:_identify(src/bluesea2/src/base) by extensions ['colcon_meta']
[2.404s] Level 1:colcon.colcon_core.package_identification:_identify(src/bluesea2/src/base) by extension 'colcon_meta'
[2.404s] Level 1:colcon.colcon_core.package_identification:_identify(src/bluesea2/src/base) by extensions ['ros']
[2.404s] Level 1:colcon.colcon_core.package_identification:_identify(src/bluesea2/src/base) by extension 'ros'
[2.420s] DEBUG:colcon.colcon_core.package_identification:Package 'src/bluesea2/src/base' with type 'ros.ament_cmake' and name 'base'
[2.421s] Level 1:colcon.colcon_core.package_identification:_identify(src/bluesea2/src/bluesea-ros2) by extensions ['ignore', 'ignore_ament_install']
[2.422s] Level 1:colcon.colcon_core.package_identification:_identify(src/bluesea2/src/bluesea-ros2) by extension 'ignore'
[2.422s] Level 1:colcon.colcon_core.package_identification:_identify(src/bluesea2/src/bluesea-ros2) by extension 'ignore_ament_install'
[2.423s] Level 1:colcon.colcon_core.package_identification:_identify(src/bluesea2/src/bluesea-ros2) by extensions ['colcon_pkg']
[2.423s] Level 1:colcon.colcon_core.package_identification:_identify(src/bluesea2/src/bluesea-ros2) by extension 'colcon_pkg'
[2.423s] Level 1:colcon.colcon_core.package_identification:_identify(src/bluesea2/src/bluesea-ros2) by extensions ['colcon_meta']
[2.424s] Level 1:colcon.colcon_core.package_identification:_identify(src/bluesea2/src/bluesea-ros2) by extension 'colcon_meta'
[2.424s] Level 1:colcon.colcon_core.package_identification:_identify(src/bluesea2/src/bluesea-ros2) by extensions ['ros']
[2.424s] Level 1:colcon.colcon_core.package_identification:_identify(src/bluesea2/src/bluesea-ros2) by extension 'ros'
[2.431s] DEBUG:colcon.colcon_core.package_identification:Package 'src/bluesea2/src/bluesea-ros2' with type 'ros.ament_cmake' and name 'bluesea2'
[2.432s] Level 1:colcon.colcon_core.package_identification:_identify(src/com_pkg) by extensions ['ignore', 'ignore_ament_install']
[2.433s] Level 1:colcon.colcon_core.package_identification:_identify(src/com_pkg) by extension 'ignore'
[2.433s] Level 1:colcon.colcon_core.package_identification:_identify(src/com_pkg) by extension 'ignore_ament_install'
[2.434s] Level 1:colcon.colcon_core.package_identification:_identify(src/com_pkg) by extensions ['colcon_pkg']
[2.434s] Level 1:colcon.colcon_core.package_identification:_identify(src/com_pkg) by extension 'colcon_pkg'
[2.434s] Level 1:colcon.colcon_core.package_identification:_identify(src/com_pkg) by extensions ['colcon_meta']
[2.434s] Level 1:colcon.colcon_core.package_identification:_identify(src/com_pkg) by extension 'colcon_meta'
[2.435s] Level 1:colcon.colcon_core.package_identification:_identify(src/com_pkg) by extensions ['ros']
[2.435s] Level 1:colcon.colcon_core.package_identification:_identify(src/com_pkg) by extension 'ros'
[2.442s] DEBUG:colcon.colcon_core.package_identification:Package 'src/com_pkg' with type 'ros.ament_cmake' and name 'com_pkg'
[2.443s] Level 1:colcon.colcon_core.package_identification:_identify(src/i2c_pkg) by extensions ['ignore', 'ignore_ament_install']
[2.444s] Level 1:colcon.colcon_core.package_identification:_identify(src/i2c_pkg) by extension 'ignore'
[2.445s] Level 1:colcon.colcon_core.package_identification:_identify(src/i2c_pkg) by extension 'ignore_ament_install'
[2.445s] Level 1:colcon.colcon_core.package_identification:_identify(src/i2c_pkg) by extensions ['colcon_pkg']
[2.445s] Level 1:colcon.colcon_core.package_identification:_identify(src/i2c_pkg) by extension 'colcon_pkg'
[2.446s] Level 1:colcon.colcon_core.package_identification:_identify(src/i2c_pkg) by extensions ['colcon_meta']
[2.446s] Level 1:colcon.colcon_core.package_identification:_identify(src/i2c_pkg) by extension 'colcon_meta'
[2.446s] Level 1:colcon.colcon_core.package_identification:_identify(src/i2c_pkg) by extensions ['ros']
[2.447s] Level 1:colcon.colcon_core.package_identification:_identify(src/i2c_pkg) by extension 'ros'
[2.450s] DEBUG:colcon.colcon_core.package_identification:Package 'src/i2c_pkg' with type 'ros.ament_cmake' and name 'i2c_pkg'
[2.451s] Level 1:colcon.colcon_core.package_identification:_identify(src/my_carto_pkg) by extensions ['ignore', 'ignore_ament_install']
[2.451s] Level 1:colcon.colcon_core.package_identification:_identify(src/my_carto_pkg) by extension 'ignore'
[2.452s] Level 1:colcon.colcon_core.package_identification:_identify(src/my_carto_pkg) by extension 'ignore_ament_install'
[2.452s] Level 1:colcon.colcon_core.package_identification:_identify(src/my_carto_pkg) by extensions ['colcon_pkg']
[2.452s] Level 1:colcon.colcon_core.package_identification:_identify(src/my_carto_pkg) by extension 'colcon_pkg'
[2.453s] Level 1:colcon.colcon_core.package_identification:_identify(src/my_carto_pkg) by extensions ['colcon_meta']
[2.453s] Level 1:colcon.colcon_core.package_identification:_identify(src/my_carto_pkg) by extension 'colcon_meta'
[2.453s] Level 1:colcon.colcon_core.package_identification:_identify(src/my_carto_pkg) by extensions ['ros']
[2.453s] Level 1:colcon.colcon_core.package_identification:_identify(src/my_carto_pkg) by extension 'ros'
[2.457s] DEBUG:colcon.colcon_core.package_identification:Package 'src/my_carto_pkg' with type 'ros.ament_cmake' and name 'my_carto_pkg'
[2.457s] Level 1:colcon.colcon_core.package_discovery:discover_packages(recursive) using defaults
[2.458s] Level 1:colcon.colcon_core.package_discovery:discover_packages(ignore) discover
[2.458s] Level 1:colcon.colcon_core.package_discovery:discover_packages(ignore) using defaults
[2.458s] Level 1:colcon.colcon_core.package_discovery:discover_packages(path) discover
[2.459s] Level 1:colcon.colcon_core.package_discovery:discover_packages(path) using defaults
[2.593s] Level 1:colcon.colcon_core.package_discovery:discover_packages(prefix_path) check parameters
[2.593s] Level 1:colcon.colcon_core.package_discovery:discover_packages(prefix_path) discover
[2.607s] DEBUG:colcon.colcon_installed_package_information.package_discovery:Found 5 installed packages in /home/sunrise/amphibious_ws/install
[2.611s] DEBUG:colcon.colcon_installed_package_information.package_discovery:Found 5 installed packages in /home/sunrise/fly_ws/install
[2.615s] DEBUG:colcon.colcon_installed_package_information.package_discovery:Found 4 installed packages in /home/sunrise/cartographer_ws/install
[2.624s] DEBUG:colcon.colcon_installed_package_information.package_discovery:Found 299 installed packages in /opt/ros/humble
[2.712s] Level 1:colcon.colcon_core.package_discovery:discover_packages(prefix_path) using defaults
[3.027s] Level 5:colcon.colcon_core.verb:set package 'base' build argument 'cmake_args' from command line to 'None'
[3.028s] Level 5:colcon.colcon_core.verb:set package 'base' build argument 'cmake_target' from command line to 'None'
[3.028s] Level 5:colcon.colcon_core.verb:set package 'base' build argument 'cmake_target_skip_unavailable' from command line to 'False'
[3.028s] Level 5:colcon.colcon_core.verb:set package 'base' build argument 'cmake_clean_cache' from command line to 'False'
[3.029s] Level 5:colcon.colcon_core.verb:set package 'base' build argument 'cmake_clean_first' from command line to 'False'
[3.029s] Level 5:colcon.colcon_core.verb:set package 'base' build argument 'cmake_force_configure' from command line to 'False'
[3.029s] Level 5:colcon.colcon_core.verb:set package 'base' build argument 'ament_cmake_args' from command line to 'None'
[3.029s] Level 5:colcon.colcon_core.verb:set package 'base' build argument 'catkin_cmake_args' from command line to 'None'
[3.029s] Level 5:colcon.colcon_core.verb:set package 'base' build argument 'catkin_skip_building_tests' from command line to 'False'
[3.030s] DEBUG:colcon.colcon_core.verb:Building package 'base' with the following arguments: {'ament_cmake_args': None, 'build_base': '/home/sunrise/amphibious_ws/build/base', 'catkin_cmake_args': None, 'catkin_skip_building_tests': False, 'cmake_args': None, 'cmake_clean_cache': False, 'cmake_clean_first': False, 'cmake_force_configure': False, 'cmake_target': None, 'cmake_target_skip_unavailable': False, 'install_base': '/home/sunrise/amphibious_ws/install/base', 'merge_install': False, 'path': '/home/sunrise/amphibious_ws/src/bluesea2/src/base', 'symlink_install': False, 'test_result_base': None}
[3.032s] Level 5:colcon.colcon_core.verb:set package 'com_pkg' build argument 'cmake_args' from command line to 'None'
[3.033s] Level 5:colcon.colcon_core.verb:set package 'com_pkg' build argument 'cmake_target' from command line to 'None'
[3.033s] Level 5:colcon.colcon_core.verb:set package 'com_pkg' build argument 'cmake_target_skip_unavailable' from command line to 'False'
[3.033s] Level 5:colcon.colcon_core.verb:set package 'com_pkg' build argument 'cmake_clean_cache' from command line to 'False'
[3.033s] Level 5:colcon.colcon_core.verb:set package 'com_pkg' build argument 'cmake_clean_first' from command line to 'False'
[3.033s] Level 5:colcon.colcon_core.verb:set package 'com_pkg' build argument 'cmake_force_configure' from command line to 'False'
[3.033s] Level 5:colcon.colcon_core.verb:set package 'com_pkg' build argument 'ament_cmake_args' from command line to 'None'
[3.034s] Level 5:colcon.colcon_core.verb:set package 'com_pkg' build argument 'catkin_cmake_args' from command line to 'None'
[3.034s] Level 5:colcon.colcon_core.verb:set package 'com_pkg' build argument 'catkin_skip_building_tests' from command line to 'False'
[3.034s] DEBUG:colcon.colcon_core.verb:Building package 'com_pkg' with the following arguments: {'ament_cmake_args': None, 'build_base': '/home/sunrise/amphibious_ws/build/com_pkg', 'catkin_cmake_args': None, 'catkin_skip_building_tests': False, 'cmake_args': None, 'cmake_clean_cache': False, 'cmake_clean_first': False, 'cmake_force_configure': False, 'cmake_target': None, 'cmake_target_skip_unavailable': False, 'install_base': '/home/sunrise/amphibious_ws/install/com_pkg', 'merge_install': False, 'path': '/home/sunrise/amphibious_ws/src/com_pkg', 'symlink_install': False, 'test_result_base': None}
[3.037s] Level 5:colcon.colcon_core.verb:set package 'i2c_pkg' build argument 'cmake_args' from command line to 'None'
[3.037s] Level 5:colcon.colcon_core.verb:set package 'i2c_pkg' build argument 'cmake_target' from command line to 'None'
[3.037s] Level 5:colcon.colcon_core.verb:set package 'i2c_pkg' build argument 'cmake_target_skip_unavailable' from command line to 'False'
[3.037s] Level 5:colcon.colcon_core.verb:set package 'i2c_pkg' build argument 'cmake_clean_cache' from command line to 'False'
[3.037s] Level 5:colcon.colcon_core.verb:set package 'i2c_pkg' build argument 'cmake_clean_first' from command line to 'False'
[3.038s] Level 5:colcon.colcon_core.verb:set package 'i2c_pkg' build argument 'cmake_force_configure' from command line to 'False'
[3.038s] Level 5:colcon.colcon_core.verb:set package 'i2c_pkg' build argument 'ament_cmake_args' from command line to 'None'
[3.038s] Level 5:colcon.colcon_core.verb:set package 'i2c_pkg' build argument 'catkin_cmake_args' from command line to 'None'
[3.038s] Level 5:colcon.colcon_core.verb:set package 'i2c_pkg' build argument 'catkin_skip_building_tests' from command line to 'False'
[3.038s] DEBUG:colcon.colcon_core.verb:Building package 'i2c_pkg' with the following arguments: {'ament_cmake_args': None, 'build_base': '/home/sunrise/amphibious_ws/build/i2c_pkg', 'catkin_cmake_args': None, 'catkin_skip_building_tests': False, 'cmake_args': None, 'cmake_clean_cache': False, 'cmake_clean_first': False, 'cmake_force_configure': False, 'cmake_target': None, 'cmake_target_skip_unavailable': False, 'install_base': '/home/sunrise/amphibious_ws/install/i2c_pkg', 'merge_install': False, 'path': '/home/sunrise/amphibious_ws/src/i2c_pkg', 'symlink_install': False, 'test_result_base': None}
[3.041s] Level 5:colcon.colcon_core.verb:set package 'my_carto_pkg' build argument 'cmake_args' from command line to 'None'
[3.041s] Level 5:colcon.colcon_core.verb:set package 'my_carto_pkg' build argument 'cmake_target' from command line to 'None'
[3.041s] Level 5:colcon.colcon_core.verb:set package 'my_carto_pkg' build argument 'cmake_target_skip_unavailable' from command line to 'False'
[3.041s] Level 5:colcon.colcon_core.verb:set package 'my_carto_pkg' build argument 'cmake_clean_cache' from command line to 'False'
[3.042s] Level 5:colcon.colcon_core.verb:set package 'my_carto_pkg' build argument 'cmake_clean_first' from command line to 'False'
[3.042s] Level 5:colcon.colcon_core.verb:set package 'my_carto_pkg' build argument 'cmake_force_configure' from command line to 'False'
[3.042s] Level 5:colcon.colcon_core.verb:set package 'my_carto_pkg' build argument 'ament_cmake_args' from command line to 'None'
[3.042s] Level 5:colcon.colcon_core.verb:set package 'my_carto_pkg' build argument 'catkin_cmake_args' from command line to 'None'
[3.042s] Level 5:colcon.colcon_core.verb:set package 'my_carto_pkg' build argument 'catkin_skip_building_tests' from command line to 'False'
[3.043s] DEBUG:colcon.colcon_core.verb:Building package 'my_carto_pkg' with the following arguments: {'ament_cmake_args': None, 'build_base': '/home/sunrise/amphibious_ws/build/my_carto_pkg', 'catkin_cmake_args': None, 'catkin_skip_building_tests': False, 'cmake_args': None, 'cmake_clean_cache': False, 'cmake_clean_first': False, 'cmake_force_configure': False, 'cmake_target': None, 'cmake_target_skip_unavailable': False, 'install_base': '/home/sunrise/amphibious_ws/install/my_carto_pkg', 'merge_install': False, 'path': '/home/sunrise/amphibious_ws/src/my_carto_pkg', 'symlink_install': False, 'test_result_base': None}
[3.045s] Level 5:colcon.colcon_core.verb:set package 'bluesea2' build argument 'cmake_args' from command line to 'None'
[3.045s] Level 5:colcon.colcon_core.verb:set package 'bluesea2' build argument 'cmake_target' from command line to 'None'
[3.045s] Level 5:colcon.colcon_core.verb:set package 'bluesea2' build argument 'cmake_target_skip_unavailable' from command line to 'False'
[3.046s] Level 5:colcon.colcon_core.verb:set package 'bluesea2' build argument 'cmake_clean_cache' from command line to 'False'
[3.046s] Level 5:colcon.colcon_core.verb:set package 'bluesea2' build argument 'cmake_clean_first' from command line to 'False'
[3.046s] Level 5:colcon.colcon_core.verb:set package 'bluesea2' build argument 'cmake_force_configure' from command line to 'False'
[3.046s] Level 5:colcon.colcon_core.verb:set package 'bluesea2' build argument 'ament_cmake_args' from command line to 'None'
[3.046s] Level 5:colcon.colcon_core.verb:set package 'bluesea2' build argument 'catkin_cmake_args' from command line to 'None'
[3.047s] Level 5:colcon.colcon_core.verb:set package 'bluesea2' build argument 'catkin_skip_building_tests' from command line to 'False'
[3.047s] DEBUG:colcon.colcon_core.verb:Building package 'bluesea2' with the following arguments: {'ament_cmake_args': None, 'build_base': '/home/sunrise/amphibious_ws/build/bluesea2', 'catkin_cmake_args': None, 'catkin_skip_building_tests': False, 'cmake_args': None, 'cmake_clean_cache': False, 'cmake_clean_first': False, 'cmake_force_configure': False, 'cmake_target': None, 'cmake_target_skip_unavailable': False, 'install_base': '/home/sunrise/amphibious_ws/install/bluesea2', 'merge_install': False, 'path': '/home/sunrise/amphibious_ws/src/bluesea2/src/bluesea-ros2', 'symlink_install': False, 'test_result_base': None}
[3.048s] INFO:colcon.colcon_core.executor:Executing jobs using 'parallel' executor
[3.053s] DEBUG:colcon.colcon_parallel_executor.executor.parallel:run_until_complete
[3.054s] INFO:colcon.colcon_ros.task.ament_cmake.build:Building ROS package in '/home/sunrise/amphibious_ws/src/bluesea2/src/base' with build type 'ament_cmake'
[3.055s] INFO:colcon.colcon_cmake.task.cmake.build:Building CMake package in '/home/sunrise/amphibious_ws/src/bluesea2/src/base'
[3.069s] INFO:colcon.colcon_core.plugin_system:Skipping extension 'colcon_core.shell.bat': Not used on non-Windows systems
[3.072s] INFO:colcon.colcon_core.shell:Skip shell extension 'powershell' for command environment: Not usable outside of PowerShell
[3.072s] DEBUG:colcon.colcon_core.shell:Skip shell extension 'dsv' for command environment
[3.103s] INFO:colcon.colcon_ros.task.ament_cmake.build:Building ROS package in '/home/sunrise/amphibious_ws/src/com_pkg' with build type 'ament_cmake'
[3.105s] INFO:colcon.colcon_cmake.task.cmake.build:Building CMake package in '/home/sunrise/amphibious_ws/src/com_pkg'
[3.107s] INFO:colcon.colcon_core.shell:Skip shell extension 'powershell' for command environment: Not usable outside of PowerShell
[3.108s] DEBUG:colcon.colcon_core.shell:Skip shell extension 'dsv' for command environment
[3.140s] INFO:colcon.colcon_ros.task.ament_cmake.build:Building ROS package in '/home/sunrise/amphibious_ws/src/i2c_pkg' with build type 'ament_cmake'
[3.141s] INFO:colcon.colcon_cmake.task.cmake.build:Building CMake package in '/home/sunrise/amphibious_ws/src/i2c_pkg'
[3.143s] INFO:colcon.colcon_core.shell:Skip shell extension 'powershell' for command environment: Not usable outside of PowerShell
[3.144s] DEBUG:colcon.colcon_core.shell:Skip shell extension 'dsv' for command environment
[3.173s] INFO:colcon.colcon_ros.task.ament_cmake.build:Building ROS package in '/home/sunrise/amphibious_ws/src/my_carto_pkg' with build type 'ament_cmake'
[3.174s] INFO:colcon.colcon_cmake.task.cmake.build:Building CMake package in '/home/sunrise/amphibious_ws/src/my_carto_pkg'
[3.176s] INFO:colcon.colcon_core.shell:Skip shell extension 'powershell' for command environment: Not usable outside of PowerShell
[3.176s] DEBUG:colcon.colcon_core.shell:Skip shell extension 'dsv' for command environment
[3.238s] DEBUG:colcon.colcon_core.event_handler.log_command:Invoking command in '/home/sunrise/amphibious_ws/build/base': CMAKE_PREFIX_PATH=${CMAKE_PREFIX_PATH}:/opt/ros/humble /usr/bin/cmake --build /home/sunrise/amphibious_ws/build/base -- -j8 -l8
[3.257s] DEBUG:colcon.colcon_core.event_handler.log_command:Invoking command in '/home/sunrise/amphibious_ws/build/com_pkg': CMAKE_PREFIX_PATH=${CMAKE_PREFIX_PATH}:/opt/ros/humble /usr/bin/cmake --build /home/sunrise/amphibious_ws/build/com_pkg -- -j8 -l8
[3.292s] DEBUG:colcon.colcon_core.event_handler.log_command:Invoking command in '/home/sunrise/amphibious_ws/build/i2c_pkg': CMAKE_PREFIX_PATH=${CMAKE_PREFIX_PATH}:/opt/ros/humble /usr/bin/cmake --build /home/sunrise/amphibious_ws/build/i2c_pkg -- -j8 -l8
[3.310s] DEBUG:colcon.colcon_core.event_handler.log_command:Invoking command in '/home/sunrise/amphibious_ws/build/my_carto_pkg': CMAKE_PREFIX_PATH=${CMAKE_PREFIX_PATH}:/opt/ros/humble /usr/bin/cmake --build /home/sunrise/amphibious_ws/build/my_carto_pkg -- -j8 -l8
[3.615s] DEBUG:colcon.colcon_core.event_handler.log_command:Invoked command in '/home/sunrise/amphibious_ws/build/my_carto_pkg' returned '0': CMAKE_PREFIX_PATH=${CMAKE_PREFIX_PATH}:/opt/ros/humble /usr/bin/cmake --build /home/sunrise/amphibious_ws/build/my_carto_pkg -- -j8 -l8
[3.737s] DEBUG:colcon.colcon_core.event_handler.log_command:Invoking command in '/home/sunrise/amphibious_ws/build/my_carto_pkg': CMAKE_PREFIX_PATH=${CMAKE_PREFIX_PATH}:/opt/ros/humble /usr/bin/cmake --install /home/sunrise/amphibious_ws/build/my_carto_pkg
[3.878s] Level 1:colcon.colcon_core.environment:create_environment_scripts_only(my_carto_pkg)
[3.883s] DEBUG:colcon.colcon_core.event_handler.log_command:Invoked command in '/home/sunrise/amphibious_ws/build/i2c_pkg' returned '0': CMAKE_PREFIX_PATH=${CMAKE_PREFIX_PATH}:/opt/ros/humble /usr/bin/cmake --build /home/sunrise/amphibious_ws/build/i2c_pkg -- -j8 -l8
[3.898s] DEBUG:colcon.colcon_core.event_handler.log_command:Invoking command in '/home/sunrise/amphibious_ws/build/i2c_pkg': CMAKE_PREFIX_PATH=${CMAKE_PREFIX_PATH}:/opt/ros/humble /usr/bin/cmake --install /home/sunrise/amphibious_ws/build/i2c_pkg
[3.904s] DEBUG:colcon.colcon_core.event_handler.log_command:Invoked command in '/home/sunrise/amphibious_ws/build/my_carto_pkg' returned '0': CMAKE_PREFIX_PATH=${CMAKE_PREFIX_PATH}:/opt/ros/humble /usr/bin/cmake --install /home/sunrise/amphibious_ws/build/my_carto_pkg
[3.910s] Level 1:colcon.colcon_core.environment:checking '/home/sunrise/amphibious_ws/install/my_carto_pkg' for CMake module files
[3.920s] Level 1:colcon.colcon_core.environment:checking '/home/sunrise/amphibious_ws/install/my_carto_pkg' for CMake config files
[3.922s] Level 1:colcon.colcon_core.shell:create_environment_hook('my_carto_pkg', 'cmake_prefix_path')
[3.929s] INFO:colcon.colcon_core.shell:Creating environment hook '/home/sunrise/amphibious_ws/install/my_carto_pkg/share/my_carto_pkg/hook/cmake_prefix_path.ps1'
[3.938s] INFO:colcon.colcon_core.shell:Creating environment descriptor '/home/sunrise/amphibious_ws/install/my_carto_pkg/share/my_carto_pkg/hook/cmake_prefix_path.dsv'
[3.951s] INFO:colcon.colcon_core.shell:Creating environment hook '/home/sunrise/amphibious_ws/install/my_carto_pkg/share/my_carto_pkg/hook/cmake_prefix_path.sh'
[3.958s] Level 1:colcon.colcon_core.environment:checking '/home/sunrise/amphibious_ws/install/my_carto_pkg/bin'
[3.959s] Level 1:colcon.colcon_core.environment:checking '/home/sunrise/amphibious_ws/install/my_carto_pkg/lib/pkgconfig/my_carto_pkg.pc'
[3.961s] Level 1:colcon.colcon_core.environment:checking '/home/sunrise/amphibious_ws/install/my_carto_pkg/lib/python3.10/site-packages'
[3.962s] Level 1:colcon.colcon_core.environment:checking '/home/sunrise/amphibious_ws/install/my_carto_pkg/bin'
[3.965s] INFO:colcon.colcon_core.shell:Creating package script '/home/sunrise/amphibious_ws/install/my_carto_pkg/share/my_carto_pkg/package.ps1'
[3.973s] INFO:colcon.colcon_core.shell:Creating package descriptor '/home/sunrise/amphibious_ws/install/my_carto_pkg/share/my_carto_pkg/package.dsv'
[3.978s] INFO:colcon.colcon_core.shell:Creating package script '/home/sunrise/amphibious_ws/install/my_carto_pkg/share/my_carto_pkg/package.sh'
[3.985s] INFO:colcon.colcon_core.shell:Creating package script '/home/sunrise/amphibious_ws/install/my_carto_pkg/share/my_carto_pkg/package.bash'
[3.991s] INFO:colcon.colcon_core.shell:Creating package script '/home/sunrise/amphibious_ws/install/my_carto_pkg/share/my_carto_pkg/package.zsh'
[3.999s] Level 1:colcon.colcon_core.environment:create_file_with_runtime_dependencies(/home/sunrise/amphibious_ws/install/my_carto_pkg/share/colcon-core/packages/my_carto_pkg)
[4.003s] Level 1:colcon.colcon_core.environment:create_environment_scripts_only(my_carto_pkg)
[4.005s] Level 1:colcon.colcon_core.environment:checking '/home/sunrise/amphibious_ws/install/my_carto_pkg' for CMake module files
[4.009s] Level 1:colcon.colcon_core.environment:checking '/home/sunrise/amphibious_ws/install/my_carto_pkg' for CMake config files
[4.010s] Level 1:colcon.colcon_core.shell:create_environment_hook('my_carto_pkg', 'cmake_prefix_path')
[4.012s] INFO:colcon.colcon_core.shell:Creating environment hook '/home/sunrise/amphibious_ws/install/my_carto_pkg/share/my_carto_pkg/hook/cmake_prefix_path.ps1'
[4.015s] INFO:colcon.colcon_core.shell:Creating environment descriptor '/home/sunrise/amphibious_ws/install/my_carto_pkg/share/my_carto_pkg/hook/cmake_prefix_path.dsv'
[4.018s] INFO:colcon.colcon_core.shell:Creating environment hook '/home/sunrise/amphibious_ws/install/my_carto_pkg/share/my_carto_pkg/hook/cmake_prefix_path.sh'
[4.023s] Level 1:colcon.colcon_core.environment:checking '/home/sunrise/amphibious_ws/install/my_carto_pkg/bin'
[4.023s] Level 1:colcon.colcon_core.environment:checking '/home/sunrise/amphibious_ws/install/my_carto_pkg/lib/pkgconfig/my_carto_pkg.pc'
[4.025s] Level 1:colcon.colcon_core.environment:checking '/home/sunrise/amphibious_ws/install/my_carto_pkg/lib/python3.10/site-packages'
[4.027s] Level 1:colcon.colcon_core.environment:checking '/home/sunrise/amphibious_ws/install/my_carto_pkg/bin'
[4.029s] INFO:colcon.colcon_core.shell:Creating package script '/home/sunrise/amphibious_ws/install/my_carto_pkg/share/my_carto_pkg/package.ps1'
[4.033s] INFO:colcon.colcon_core.shell:Creating package descriptor '/home/sunrise/amphibious_ws/install/my_carto_pkg/share/my_carto_pkg/package.dsv'
[4.038s] INFO:colcon.colcon_core.shell:Creating package script '/home/sunrise/amphibious_ws/install/my_carto_pkg/share/my_carto_pkg/package.sh'
[4.042s] INFO:colcon.colcon_core.shell:Creating package script '/home/sunrise/amphibious_ws/install/my_carto_pkg/share/my_carto_pkg/package.bash'
[4.046s] INFO:colcon.colcon_core.shell:Creating package script '/home/sunrise/amphibious_ws/install/my_carto_pkg/share/my_carto_pkg/package.zsh'
[4.049s] Level 1:colcon.colcon_core.environment:create_file_with_runtime_dependencies(/home/sunrise/amphibious_ws/install/my_carto_pkg/share/colcon-core/packages/my_carto_pkg)
[4.062s] DEBUG:colcon.colcon_core.event_handler.log_command:Invoked command in '/home/sunrise/amphibious_ws/build/com_pkg' returned '0': CMAKE_PREFIX_PATH=${CMAKE_PREFIX_PATH}:/opt/ros/humble /usr/bin/cmake --build /home/sunrise/amphibious_ws/build/com_pkg -- -j8 -l8
[4.071s] DEBUG:colcon.colcon_core.event_handler.log_command:Invoking command in '/home/sunrise/amphibious_ws/build/com_pkg': CMAKE_PREFIX_PATH=${CMAKE_PREFIX_PATH}:/opt/ros/humble /usr/bin/cmake --install /home/sunrise/amphibious_ws/build/com_pkg
[4.096s] Level 1:colcon.colcon_core.environment:create_environment_scripts_only(i2c_pkg)
[4.098s] Level 1:colcon.colcon_core.environment:checking '/home/sunrise/amphibious_ws/install/i2c_pkg' for CMake module files
[4.102s] DEBUG:colcon.colcon_core.event_handler.log_command:Invoked command in '/home/sunrise/amphibious_ws/build/i2c_pkg' returned '0': CMAKE_PREFIX_PATH=${CMAKE_PREFIX_PATH}:/opt/ros/humble /usr/bin/cmake --install /home/sunrise/amphibious_ws/build/i2c_pkg
[4.107s] Level 1:colcon.colcon_core.environment:checking '/home/sunrise/amphibious_ws/install/i2c_pkg' for CMake config files
[4.113s] Level 1:colcon.colcon_core.shell:create_environment_hook('i2c_pkg', 'cmake_prefix_path')
[4.115s] INFO:colcon.colcon_core.shell:Creating environment hook '/home/sunrise/amphibious_ws/install/i2c_pkg/share/i2c_pkg/hook/cmake_prefix_path.ps1'
[4.123s] INFO:colcon.colcon_core.shell:Creating environment descriptor '/home/sunrise/amphibious_ws/install/i2c_pkg/share/i2c_pkg/hook/cmake_prefix_path.dsv'
[4.128s] INFO:colcon.colcon_core.shell:Creating environment hook '/home/sunrise/amphibious_ws/install/i2c_pkg/share/i2c_pkg/hook/cmake_prefix_path.sh'
[4.132s] Level 1:colcon.colcon_core.environment:checking '/home/sunrise/amphibious_ws/install/i2c_pkg/lib'
[4.133s] Level 1:colcon.colcon_core.environment:checking '/home/sunrise/amphibious_ws/install/i2c_pkg/bin'
[4.142s] Level 1:colcon.colcon_core.environment:checking '/home/sunrise/amphibious_ws/install/i2c_pkg/lib/pkgconfig/i2c_pkg.pc'
[4.144s] Level 1:colcon.colcon_core.environment:checking '/home/sunrise/amphibious_ws/install/i2c_pkg/lib/python3.10/site-packages'
[4.146s] Level 1:colcon.colcon_core.environment:checking '/home/sunrise/amphibious_ws/install/i2c_pkg/bin'
[4.149s] INFO:colcon.colcon_core.shell:Creating package script '/home/sunrise/amphibious_ws/install/i2c_pkg/share/i2c_pkg/package.ps1'
[4.153s] INFO:colcon.colcon_core.shell:Creating package descriptor '/home/sunrise/amphibious_ws/install/i2c_pkg/share/i2c_pkg/package.dsv'
[4.156s] INFO:colcon.colcon_core.shell:Creating package script '/home/sunrise/amphibious_ws/install/i2c_pkg/share/i2c_pkg/package.sh'
[4.161s] INFO:colcon.colcon_core.shell:Creating package script '/home/sunrise/amphibious_ws/install/i2c_pkg/share/i2c_pkg/package.bash'
[4.164s] INFO:colcon.colcon_core.shell:Creating package script '/home/sunrise/amphibious_ws/install/i2c_pkg/share/i2c_pkg/package.zsh'
[4.167s] Level 1:colcon.colcon_core.environment:create_file_with_runtime_dependencies(/home/sunrise/amphibious_ws/install/i2c_pkg/share/colcon-core/packages/i2c_pkg)
[4.173s] Level 1:colcon.colcon_core.environment:create_environment_scripts_only(i2c_pkg)
[4.175s] Level 1:colcon.colcon_core.environment:checking '/home/sunrise/amphibious_ws/install/i2c_pkg' for CMake module files
[4.179s] Level 1:colcon.colcon_core.environment:checking '/home/sunrise/amphibious_ws/install/i2c_pkg' for CMake config files
[4.181s] Level 1:colcon.colcon_core.shell:create_environment_hook('i2c_pkg', 'cmake_prefix_path')
[4.183s] INFO:colcon.colcon_core.shell:Creating environment hook '/home/sunrise/amphibious_ws/install/i2c_pkg/share/i2c_pkg/hook/cmake_prefix_path.ps1'
[4.189s] INFO:colcon.colcon_core.shell:Creating environment descriptor '/home/sunrise/amphibious_ws/install/i2c_pkg/share/i2c_pkg/hook/cmake_prefix_path.dsv'
[4.193s] INFO:colcon.colcon_core.shell:Creating environment hook '/home/sunrise/amphibious_ws/install/i2c_pkg/share/i2c_pkg/hook/cmake_prefix_path.sh'
[4.198s] Level 1:colcon.colcon_core.environment:checking '/home/sunrise/amphibious_ws/install/i2c_pkg/lib'
[4.199s] Level 1:colcon.colcon_core.environment:checking '/home/sunrise/amphibious_ws/install/i2c_pkg/bin'
[4.200s] Level 1:colcon.colcon_core.environment:checking '/home/sunrise/amphibious_ws/install/i2c_pkg/lib/pkgconfig/i2c_pkg.pc'
[4.202s] Level 1:colcon.colcon_core.environment:checking '/home/sunrise/amphibious_ws/install/i2c_pkg/lib/python3.10/site-packages'
[4.205s] Level 1:colcon.colcon_core.environment:checking '/home/sunrise/amphibious_ws/install/i2c_pkg/bin'
[4.208s] INFO:colcon.colcon_core.shell:Creating package script '/home/sunrise/amphibious_ws/install/i2c_pkg/share/i2c_pkg/package.ps1'
[4.212s] INFO:colcon.colcon_core.shell:Creating package descriptor '/home/sunrise/amphibious_ws/install/i2c_pkg/share/i2c_pkg/package.dsv'
[4.217s] INFO:colcon.colcon_core.shell:Creating package script '/home/sunrise/amphibious_ws/install/i2c_pkg/share/i2c_pkg/package.sh'
[4.222s] INFO:colcon.colcon_core.shell:Creating package script '/home/sunrise/amphibious_ws/install/i2c_pkg/share/i2c_pkg/package.bash'
[4.228s] INFO:colcon.colcon_core.shell:Creating package script '/home/sunrise/amphibious_ws/install/i2c_pkg/share/i2c_pkg/package.zsh'
[4.234s] Level 1:colcon.colcon_core.environment:create_file_with_runtime_dependencies(/home/sunrise/amphibious_ws/install/i2c_pkg/share/colcon-core/packages/i2c_pkg)
[4.248s] Level 1:colcon.colcon_core.environment:create_environment_scripts_only(com_pkg)
[4.251s] Level 1:colcon.colcon_core.environment:checking '/home/sunrise/amphibious_ws/install/com_pkg' for CMake module files
[4.254s] DEBUG:colcon.colcon_core.event_handler.log_command:Invoked command in '/home/sunrise/amphibious_ws/build/com_pkg' returned '0': CMAKE_PREFIX_PATH=${CMAKE_PREFIX_PATH}:/opt/ros/humble /usr/bin/cmake --install /home/sunrise/amphibious_ws/build/com_pkg
[4.258s] Level 1:colcon.colcon_core.environment:checking '/home/sunrise/amphibious_ws/install/com_pkg' for CMake config files
[4.259s] Level 1:colcon.colcon_core.shell:create_environment_hook('com_pkg', 'cmake_prefix_path')
[4.261s] INFO:colcon.colcon_core.shell:Creating environment hook '/home/sunrise/amphibious_ws/install/com_pkg/share/com_pkg/hook/cmake_prefix_path.ps1'
[4.266s] INFO:colcon.colcon_core.shell:Creating environment descriptor '/home/sunrise/amphibious_ws/install/com_pkg/share/com_pkg/hook/cmake_prefix_path.dsv'
[4.269s] INFO:colcon.colcon_core.shell:Creating environment hook '/home/sunrise/amphibious_ws/install/com_pkg/share/com_pkg/hook/cmake_prefix_path.sh'
[4.274s] Level 1:colcon.colcon_core.environment:checking '/home/sunrise/amphibious_ws/install/com_pkg/lib'
[4.276s] Level 1:colcon.colcon_core.environment:checking '/home/sunrise/amphibious_ws/install/com_pkg/bin'
[4.276s] Level 1:colcon.colcon_core.environment:checking '/home/sunrise/amphibious_ws/install/com_pkg/lib/pkgconfig/com_pkg.pc'
[4.278s] Level 1:colcon.colcon_core.environment:checking '/home/sunrise/amphibious_ws/install/com_pkg/lib/python3.10/site-packages'
[4.280s] Level 1:colcon.colcon_core.environment:checking '/home/sunrise/amphibious_ws/install/com_pkg/bin'
[4.283s] INFO:colcon.colcon_core.shell:Creating package script '/home/sunrise/amphibious_ws/install/com_pkg/share/com_pkg/package.ps1'
[4.287s] INFO:colcon.colcon_core.shell:Creating package descriptor '/home/sunrise/amphibious_ws/install/com_pkg/share/com_pkg/package.dsv'
[4.291s] INFO:colcon.colcon_core.shell:Creating package script '/home/sunrise/amphibious_ws/install/com_pkg/share/com_pkg/package.sh'
[4.295s] INFO:colcon.colcon_core.shell:Creating package script '/home/sunrise/amphibious_ws/install/com_pkg/share/com_pkg/package.bash'
[4.298s] INFO:colcon.colcon_core.shell:Creating package script '/home/sunrise/amphibious_ws/install/com_pkg/share/com_pkg/package.zsh'
[4.302s] Level 1:colcon.colcon_core.environment:create_file_with_runtime_dependencies(/home/sunrise/amphibious_ws/install/com_pkg/share/colcon-core/packages/com_pkg)
[4.306s] Level 1:colcon.colcon_core.environment:create_environment_scripts_only(com_pkg)
[4.309s] Level 1:colcon.colcon_core.environment:checking '/home/sunrise/amphibious_ws/install/com_pkg' for CMake module files
[4.313s] Level 1:colcon.colcon_core.environment:checking '/home/sunrise/amphibious_ws/install/com_pkg' for CMake config files
[4.315s] Level 1:colcon.colcon_core.shell:create_environment_hook('com_pkg', 'cmake_prefix_path')
[4.317s] INFO:colcon.colcon_core.shell:Creating environment hook '/home/sunrise/amphibious_ws/install/com_pkg/share/com_pkg/hook/cmake_prefix_path.ps1'
[4.322s] INFO:colcon.colcon_core.shell:Creating environment descriptor '/home/sunrise/amphibious_ws/install/com_pkg/share/com_pkg/hook/cmake_prefix_path.dsv'
[4.325s] INFO:colcon.colcon_core.shell:Creating environment hook '/home/sunrise/amphibious_ws/install/com_pkg/share/com_pkg/hook/cmake_prefix_path.sh'
[4.331s] Level 1:colcon.colcon_core.environment:checking '/home/sunrise/amphibious_ws/install/com_pkg/lib'
[4.332s] Level 1:colcon.colcon_core.environment:checking '/home/sunrise/amphibious_ws/install/com_pkg/bin'
[4.333s] Level 1:colcon.colcon_core.environment:checking '/home/sunrise/amphibious_ws/install/com_pkg/lib/pkgconfig/com_pkg.pc'
[4.335s] Level 1:colcon.colcon_core.environment:checking '/home/sunrise/amphibious_ws/install/com_pkg/lib/python3.10/site-packages'
[4.337s] Level 1:colcon.colcon_core.environment:checking '/home/sunrise/amphibious_ws/install/com_pkg/bin'
[4.341s] INFO:colcon.colcon_core.shell:Creating package script '/home/sunrise/amphibious_ws/install/com_pkg/share/com_pkg/package.ps1'
[4.348s] INFO:colcon.colcon_core.shell:Creating package descriptor '/home/sunrise/amphibious_ws/install/com_pkg/share/com_pkg/package.dsv'
[4.354s] INFO:colcon.colcon_core.shell:Creating package script '/home/sunrise/amphibious_ws/install/com_pkg/share/com_pkg/package.sh'
[4.359s] INFO:colcon.colcon_core.shell:Creating package script '/home/sunrise/amphibious_ws/install/com_pkg/share/com_pkg/package.bash'
[4.362s] INFO:colcon.colcon_core.shell:Creating package script '/home/sunrise/amphibious_ws/install/com_pkg/share/com_pkg/package.zsh'
[4.366s] Level 1:colcon.colcon_core.environment:create_file_with_runtime_dependencies(/home/sunrise/amphibious_ws/install/com_pkg/share/colcon-core/packages/com_pkg)
[6.185s] DEBUG:colcon.colcon_core.event_handler.log_command:Invoked command in '/home/sunrise/amphibious_ws/build/base' returned '0': CMAKE_PREFIX_PATH=${CMAKE_PREFIX_PATH}:/opt/ros/humble /usr/bin/cmake --build /home/sunrise/amphibious_ws/build/base -- -j8 -l8
[6.194s] DEBUG:colcon.colcon_core.event_handler.log_command:Invoking command in '/home/sunrise/amphibious_ws/build/base': CMAKE_PREFIX_PATH=${CMAKE_PREFIX_PATH}:/opt/ros/humble /usr/bin/cmake --install /home/sunrise/amphibious_ws/build/base
[6.556s] Level 1:colcon.colcon_core.environment:create_environment_scripts_only(base)
[6.558s] Level 1:colcon.colcon_core.environment:checking '/home/sunrise/amphibious_ws/install/base' for CMake module files
[6.572s] Level 1:colcon.colcon_core.environment:checking '/home/sunrise/amphibious_ws/install/base' for CMake config files
[6.579s] DEBUG:colcon.colcon_core.event_handler.log_command:Invoked command in '/home/sunrise/amphibious_ws/build/base' returned '0': CMAKE_PREFIX_PATH=${CMAKE_PREFIX_PATH}:/opt/ros/humble /usr/bin/cmake --install /home/sunrise/amphibious_ws/build/base
[6.581s] Level 1:colcon.colcon_core.shell:create_environment_hook('base', 'cmake_prefix_path')
[6.583s] INFO:colcon.colcon_core.shell:Creating environment hook '/home/sunrise/amphibious_ws/install/base/share/base/hook/cmake_prefix_path.ps1'
[6.586s] INFO:colcon.colcon_core.shell:Creating environment descriptor '/home/sunrise/amphibious_ws/install/base/share/base/hook/cmake_prefix_path.dsv'
[6.589s] INFO:colcon.colcon_core.shell:Creating environment hook '/home/sunrise/amphibious_ws/install/base/share/base/hook/cmake_prefix_path.sh'
[6.593s] Level 1:colcon.colcon_core.environment:checking '/home/sunrise/amphibious_ws/install/base/lib'
[6.594s] Level 1:colcon.colcon_core.shell:create_environment_hook('base', 'ld_library_path_lib')
[6.596s] INFO:colcon.colcon_core.shell:Creating environment hook '/home/sunrise/amphibious_ws/install/base/share/base/hook/ld_library_path_lib.ps1'
[6.599s] INFO:colcon.colcon_core.shell:Creating environment descriptor '/home/sunrise/amphibious_ws/install/base/share/base/hook/ld_library_path_lib.dsv'
[6.602s] INFO:colcon.colcon_core.shell:Creating environment hook '/home/sunrise/amphibious_ws/install/base/share/base/hook/ld_library_path_lib.sh'
[6.605s] Level 1:colcon.colcon_core.environment:checking '/home/sunrise/amphibious_ws/install/base/bin'
[6.606s] Level 1:colcon.colcon_core.environment:checking '/home/sunrise/amphibious_ws/install/base/lib/pkgconfig/base.pc'
[6.607s] Level 1:colcon.colcon_core.environment:checking '/home/sunrise/amphibious_ws/install/base/lib/python3.10/site-packages'
[6.609s] Level 1:colcon.colcon_core.environment:checking '/home/sunrise/amphibious_ws/install/base/bin'
[6.612s] INFO:colcon.colcon_core.shell:Creating package script '/home/sunrise/amphibious_ws/install/base/share/base/package.ps1'
[6.615s] INFO:colcon.colcon_core.shell:Creating package descriptor '/home/sunrise/amphibious_ws/install/base/share/base/package.dsv'
[6.619s] INFO:colcon.colcon_core.shell:Creating package script '/home/sunrise/amphibious_ws/install/base/share/base/package.sh'
[6.622s] INFO:colcon.colcon_core.shell:Creating package script '/home/sunrise/amphibious_ws/install/base/share/base/package.bash'
[6.625s] INFO:colcon.colcon_core.shell:Creating package script '/home/sunrise/amphibious_ws/install/base/share/base/package.zsh'
[6.629s] Level 1:colcon.colcon_core.environment:create_file_with_runtime_dependencies(/home/sunrise/amphibious_ws/install/base/share/colcon-core/packages/base)
[6.633s] Level 1:colcon.colcon_core.environment:create_environment_scripts_only(base)
[6.635s] Level 1:colcon.colcon_core.environment:checking '/home/sunrise/amphibious_ws/install/base' for CMake module files
[6.639s] Level 1:colcon.colcon_core.environment:checking '/home/sunrise/amphibious_ws/install/base' for CMake config files
[6.642s] Level 1:colcon.colcon_core.shell:create_environment_hook('base', 'cmake_prefix_path')
[6.644s] INFO:colcon.colcon_core.shell:Creating environment hook '/home/sunrise/amphibious_ws/install/base/share/base/hook/cmake_prefix_path.ps1'
[6.647s] INFO:colcon.colcon_core.shell:Creating environment descriptor '/home/sunrise/amphibious_ws/install/base/share/base/hook/cmake_prefix_path.dsv'
[6.650s] INFO:colcon.colcon_core.shell:Creating environment hook '/home/sunrise/amphibious_ws/install/base/share/base/hook/cmake_prefix_path.sh'
[6.654s] Level 1:colcon.colcon_core.environment:checking '/home/sunrise/amphibious_ws/install/base/lib'
[6.655s] Level 1:colcon.colcon_core.shell:create_environment_hook('base', 'ld_library_path_lib')
[6.657s] INFO:colcon.colcon_core.shell:Creating environment hook '/home/sunrise/amphibious_ws/install/base/share/base/hook/ld_library_path_lib.ps1'
[6.659s] INFO:colcon.colcon_core.shell:Creating environment descriptor '/home/sunrise/amphibious_ws/install/base/share/base/hook/ld_library_path_lib.dsv'
[6.662s] INFO:colcon.colcon_core.shell:Creating environment hook '/home/sunrise/amphibious_ws/install/base/share/base/hook/ld_library_path_lib.sh'
[6.665s] Level 1:colcon.colcon_core.environment:checking '/home/sunrise/amphibious_ws/install/base/bin'
[6.666s] Level 1:colcon.colcon_core.environment:checking '/home/sunrise/amphibious_ws/install/base/lib/pkgconfig/base.pc'
[6.667s] Level 1:colcon.colcon_core.environment:checking '/home/sunrise/amphibious_ws/install/base/lib/python3.10/site-packages'
[6.669s] Level 1:colcon.colcon_core.environment:checking '/home/sunrise/amphibious_ws/install/base/bin'
[6.672s] INFO:colcon.colcon_core.shell:Creating package script '/home/sunrise/amphibious_ws/install/base/share/base/package.ps1'
[6.676s] INFO:colcon.colcon_core.shell:Creating package descriptor '/home/sunrise/amphibious_ws/install/base/share/base/package.dsv'
[6.680s] INFO:colcon.colcon_core.shell:Creating package script '/home/sunrise/amphibious_ws/install/base/share/base/package.sh'
[6.685s] INFO:colcon.colcon_core.shell:Creating package script '/home/sunrise/amphibious_ws/install/base/share/base/package.bash'
[6.688s] INFO:colcon.colcon_core.shell:Creating package script '/home/sunrise/amphibious_ws/install/base/share/base/package.zsh'
[6.692s] Level 1:colcon.colcon_core.environment:create_file_with_runtime_dependencies(/home/sunrise/amphibious_ws/install/base/share/colcon-core/packages/base)
[6.694s] INFO:colcon.colcon_ros.task.ament_cmake.build:Building ROS package in '/home/sunrise/amphibious_ws/src/bluesea2/src/bluesea-ros2' with build type 'ament_cmake'
[6.695s] INFO:colcon.colcon_cmake.task.cmake.build:Building CMake package in '/home/sunrise/amphibious_ws/src/bluesea2/src/bluesea-ros2'
[6.697s] INFO:colcon.colcon_core.shell:Skip shell extension 'powershell' for command environment: Not usable outside of PowerShell
[6.698s] DEBUG:colcon.colcon_core.shell:Skip shell extension 'dsv' for command environment
[6.762s] DEBUG:colcon.colcon_core.event_handler.log_command:Invoking command in '/home/sunrise/amphibious_ws/build/bluesea2': CMAKE_PREFIX_PATH=/home/sunrise/amphibious_ws/install/base:/home/sunrise/amphibious_ws/install/my_carto_pkg:/home/sunrise/amphibious_ws/install/i2c_pkg:/home/sunrise/amphibious_ws/install/com_pkg:/home/sunrise/amphibious_ws/install/bluesea2:/home/sunrise/cartographer_ws/install/cartographer_rviz:/home/sunrise/cartographer_ws/install/cartographer_ros:/home/sunrise/cartographer_ws/install/cartographer_ros_msgs:/home/sunrise/cartographer_ws/install/cartographer:/home/sunrise/fly_ws/install/my_carto_pkg:/home/sunrise/fly_ws/install/com_pkg:/home/sunrise/fly_ws/install/bluesea2:/home/sunrise/fly_ws/install/base:/opt/ros/humble LD_LIBRARY_PATH=/home/sunrise/amphibious_ws/install/base/lib:/home/sunrise/cartographer_ws/install/cartographer_rviz/lib:/home/sunrise/cartographer_ws/install/cartographer_ros/lib:/home/sunrise/cartographer_ws/install/cartographer_ros_msgs/lib:/home/sunrise/fly_ws/install/base/lib:/opt/ros/humble/opt/rviz_ogre_vendor/lib:/opt/ros/humble/lib/aarch64-linux-gnu:/opt/ros/humble/lib:/usr/hobot/lib:/app/lib:/app/pub/lib:/middleware/lib:/middleware/pub/lib:/usr/hobot/lib/sensor:/system/lib:/system/usr/lib:/lib /usr/bin/cmake --build /home/sunrise/amphibious_ws/build/bluesea2 -- -j8 -l8
[7.135s] DEBUG:colcon.colcon_core.event_handler.log_command:Invoked command in '/home/sunrise/amphibious_ws/build/bluesea2' returned '0': CMAKE_PREFIX_PATH=/home/sunrise/amphibious_ws/install/base:/home/sunrise/amphibious_ws/install/my_carto_pkg:/home/sunrise/amphibious_ws/install/i2c_pkg:/home/sunrise/amphibious_ws/install/com_pkg:/home/sunrise/amphibious_ws/install/bluesea2:/home/sunrise/cartographer_ws/install/cartographer_rviz:/home/sunrise/cartographer_ws/install/cartographer_ros:/home/sunrise/cartographer_ws/install/cartographer_ros_msgs:/home/sunrise/cartographer_ws/install/cartographer:/home/sunrise/fly_ws/install/my_carto_pkg:/home/sunrise/fly_ws/install/com_pkg:/home/sunrise/fly_ws/install/bluesea2:/home/sunrise/fly_ws/install/base:/opt/ros/humble LD_LIBRARY_PATH=/home/sunrise/amphibious_ws/install/base/lib:/home/sunrise/cartographer_ws/install/cartographer_rviz/lib:/home/sunrise/cartographer_ws/install/cartographer_ros/lib:/home/sunrise/cartographer_ws/install/cartographer_ros_msgs/lib:/home/sunrise/fly_ws/install/base/lib:/opt/ros/humble/opt/rviz_ogre_vendor/lib:/opt/ros/humble/lib/aarch64-linux-gnu:/opt/ros/humble/lib:/usr/hobot/lib:/app/lib:/app/pub/lib:/middleware/lib:/middleware/pub/lib:/usr/hobot/lib/sensor:/system/lib:/system/usr/lib:/lib /usr/bin/cmake --build /home/sunrise/amphibious_ws/build/bluesea2 -- -j8 -l8
[7.139s] DEBUG:colcon.colcon_core.event_handler.log_command:Invoking command in '/home/sunrise/amphibious_ws/build/bluesea2': CMAKE_PREFIX_PATH=/home/sunrise/amphibious_ws/install/base:/home/sunrise/amphibious_ws/install/my_carto_pkg:/home/sunrise/amphibious_ws/install/i2c_pkg:/home/sunrise/amphibious_ws/install/com_pkg:/home/sunrise/amphibious_ws/install/bluesea2:/home/sunrise/cartographer_ws/install/cartographer_rviz:/home/sunrise/cartographer_ws/install/cartographer_ros:/home/sunrise/cartographer_ws/install/cartographer_ros_msgs:/home/sunrise/cartographer_ws/install/cartographer:/home/sunrise/fly_ws/install/my_carto_pkg:/home/sunrise/fly_ws/install/com_pkg:/home/sunrise/fly_ws/install/bluesea2:/home/sunrise/fly_ws/install/base:/opt/ros/humble LD_LIBRARY_PATH=/home/sunrise/amphibious_ws/install/base/lib:/home/sunrise/cartographer_ws/install/cartographer_rviz/lib:/home/sunrise/cartographer_ws/install/cartographer_ros/lib:/home/sunrise/cartographer_ws/install/cartographer_ros_msgs/lib:/home/sunrise/fly_ws/install/base/lib:/opt/ros/humble/opt/rviz_ogre_vendor/lib:/opt/ros/humble/lib/aarch64-linux-gnu:/opt/ros/humble/lib:/usr/hobot/lib:/app/lib:/app/pub/lib:/middleware/lib:/middleware/pub/lib:/usr/hobot/lib/sensor:/system/lib:/system/usr/lib:/lib /usr/bin/cmake --install /home/sunrise/amphibious_ws/build/bluesea2
[7.210s] Level 1:colcon.colcon_core.environment:create_environment_scripts_only(bluesea2)
[7.213s] Level 1:colcon.colcon_core.environment:checking '/home/sunrise/amphibious_ws/install/bluesea2' for CMake module files
[7.221s] DEBUG:colcon.colcon_core.event_handler.log_command:Invoked command in '/home/sunrise/amphibious_ws/build/bluesea2' returned '0': CMAKE_PREFIX_PATH=/home/sunrise/amphibious_ws/install/base:/home/sunrise/amphibious_ws/install/my_carto_pkg:/home/sunrise/amphibious_ws/install/i2c_pkg:/home/sunrise/amphibious_ws/install/com_pkg:/home/sunrise/amphibious_ws/install/bluesea2:/home/sunrise/cartographer_ws/install/cartographer_rviz:/home/sunrise/cartographer_ws/install/cartographer_ros:/home/sunrise/cartographer_ws/install/cartographer_ros_msgs:/home/sunrise/cartographer_ws/install/cartographer:/home/sunrise/fly_ws/install/my_carto_pkg:/home/sunrise/fly_ws/install/com_pkg:/home/sunrise/fly_ws/install/bluesea2:/home/sunrise/fly_ws/install/base:/opt/ros/humble LD_LIBRARY_PATH=/home/sunrise/amphibious_ws/install/base/lib:/home/sunrise/cartographer_ws/install/cartographer_rviz/lib:/home/sunrise/cartographer_ws/install/cartographer_ros/lib:/home/sunrise/cartographer_ws/install/cartographer_ros_msgs/lib:/home/sunrise/fly_ws/install/base/lib:/opt/ros/humble/opt/rviz_ogre_vendor/lib:/opt/ros/humble/lib/aarch64-linux-gnu:/opt/ros/humble/lib:/usr/hobot/lib:/app/lib:/app/pub/lib:/middleware/lib:/middleware/pub/lib:/usr/hobot/lib/sensor:/system/lib:/system/usr/lib:/lib /usr/bin/cmake --install /home/sunrise/amphibious_ws/build/bluesea2
[7.223s] Level 1:colcon.colcon_core.environment:checking '/home/sunrise/amphibious_ws/install/bluesea2' for CMake config files
[7.225s] Level 1:colcon.colcon_core.shell:create_environment_hook('bluesea2', 'cmake_prefix_path')
[7.227s] INFO:colcon.colcon_core.shell:Creating environment hook '/home/sunrise/amphibious_ws/install/bluesea2/share/bluesea2/hook/cmake_prefix_path.ps1'
[7.231s] INFO:colcon.colcon_core.shell:Creating environment descriptor '/home/sunrise/amphibious_ws/install/bluesea2/share/bluesea2/hook/cmake_prefix_path.dsv'
[7.235s] INFO:colcon.colcon_core.shell:Creating environment hook '/home/sunrise/amphibious_ws/install/bluesea2/share/bluesea2/hook/cmake_prefix_path.sh'
[7.241s] Level 1:colcon.colcon_core.environment:checking '/home/sunrise/amphibious_ws/install/bluesea2/lib'
[7.242s] Level 1:colcon.colcon_core.environment:checking '/home/sunrise/amphibious_ws/install/bluesea2/bin'
[7.242s] Level 1:colcon.colcon_core.environment:checking '/home/sunrise/amphibious_ws/install/bluesea2/lib/pkgconfig/bluesea2.pc'
[7.244s] Level 1:colcon.colcon_core.environment:checking '/home/sunrise/amphibious_ws/install/bluesea2/lib/python3.10/site-packages'
[7.246s] Level 1:colcon.colcon_core.environment:checking '/home/sunrise/amphibious_ws/install/bluesea2/bin'
[7.249s] INFO:colcon.colcon_core.shell:Creating package script '/home/sunrise/amphibious_ws/install/bluesea2/share/bluesea2/package.ps1'
[7.253s] INFO:colcon.colcon_core.shell:Creating package descriptor '/home/sunrise/amphibious_ws/install/bluesea2/share/bluesea2/package.dsv'
[7.257s] INFO:colcon.colcon_core.shell:Creating package script '/home/sunrise/amphibious_ws/install/bluesea2/share/bluesea2/package.sh'
[7.261s] INFO:colcon.colcon_core.shell:Creating package script '/home/sunrise/amphibious_ws/install/bluesea2/share/bluesea2/package.bash'
[7.264s] INFO:colcon.colcon_core.shell:Creating package script '/home/sunrise/amphibious_ws/install/bluesea2/share/bluesea2/package.zsh'
[7.267s] Level 1:colcon.colcon_core.environment:create_file_with_runtime_dependencies(/home/sunrise/amphibious_ws/install/bluesea2/share/colcon-core/packages/bluesea2)
[7.272s] Level 1:colcon.colcon_core.environment:create_environment_scripts_only(bluesea2)
[7.274s] Level 1:colcon.colcon_core.environment:checking '/home/sunrise/amphibious_ws/install/bluesea2' for CMake module files
[7.278s] Level 1:colcon.colcon_core.environment:checking '/home/sunrise/amphibious_ws/install/bluesea2' for CMake config files
[7.286s] Level 1:colcon.colcon_core.shell:create_environment_hook('bluesea2', 'cmake_prefix_path')
[7.289s] INFO:colcon.colcon_core.shell:Creating environment hook '/home/sunrise/amphibious_ws/install/bluesea2/share/bluesea2/hook/cmake_prefix_path.ps1'
[7.292s] INFO:colcon.colcon_core.shell:Creating environment descriptor '/home/sunrise/amphibious_ws/install/bluesea2/share/bluesea2/hook/cmake_prefix_path.dsv'
[7.295s] INFO:colcon.colcon_core.shell:Creating environment hook '/home/sunrise/amphibious_ws/install/bluesea2/share/bluesea2/hook/cmake_prefix_path.sh'
[7.300s] Level 1:colcon.colcon_core.environment:checking '/home/sunrise/amphibious_ws/install/bluesea2/lib'
[7.300s] Level 1:colcon.colcon_core.environment:checking '/home/sunrise/amphibious_ws/install/bluesea2/bin'
[7.301s] Level 1:colcon.colcon_core.environment:checking '/home/sunrise/amphibious_ws/install/bluesea2/lib/pkgconfig/bluesea2.pc'
[7.303s] Level 1:colcon.colcon_core.environment:checking '/home/sunrise/amphibious_ws/install/bluesea2/lib/python3.10/site-packages'
[7.305s] Level 1:colcon.colcon_core.environment:checking '/home/sunrise/amphibious_ws/install/bluesea2/bin'
[7.307s] INFO:colcon.colcon_core.shell:Creating package script '/home/sunrise/amphibious_ws/install/bluesea2/share/bluesea2/package.ps1'
[7.311s] INFO:colcon.colcon_core.shell:Creating package descriptor '/home/sunrise/amphibious_ws/install/bluesea2/share/bluesea2/package.dsv'
[7.324s] INFO:colcon.colcon_core.shell:Creating package script '/home/sunrise/amphibious_ws/install/bluesea2/share/bluesea2/package.sh'
[7.341s] INFO:colcon.colcon_core.shell:Creating package script '/home/sunrise/amphibious_ws/install/bluesea2/share/bluesea2/package.bash'
[7.345s] INFO:colcon.colcon_core.shell:Creating package script '/home/sunrise/amphibious_ws/install/bluesea2/share/bluesea2/package.zsh'
[7.349s] Level 1:colcon.colcon_core.environment:create_file_with_runtime_dependencies(/home/sunrise/amphibious_ws/install/bluesea2/share/colcon-core/packages/bluesea2)
[7.352s] DEBUG:colcon.colcon_parallel_executor.executor.parallel:closing loop
[7.354s] DEBUG:colcon.colcon_parallel_executor.executor.parallel:loop closed
[7.355s] DEBUG:colcon.colcon_parallel_executor.executor.parallel:run_until_complete finished with '0'
[7.356s] DEBUG:colcon.colcon_core.event_reactor:joining thread
[7.392s] INFO:colcon.colcon_core.plugin_system:Skipping extension 'colcon_notification.desktop_notification.notify_send': Could not find 'notify-send'
[7.393s] INFO:colcon.colcon_core.plugin_system:Skipping extension 'colcon_notification.desktop_notification.terminal_notifier': Not used on non-Darwin systems
[7.394s] INFO:colcon.colcon_core.plugin_system:Skipping extension 'colcon_notification.desktop_notification.win32': Not used on non-Windows systems
[7.394s] INFO:colcon.colcon_notification.desktop_notification:Sending desktop notification using 'notify2'
[7.422s] DEBUG:colcon.colcon_core.event_reactor:joined thread
[7.424s] INFO:colcon.colcon_core.shell:Creating prefix script '/home/sunrise/amphibious_ws/install/local_setup.ps1'
[7.433s] INFO:colcon.colcon_core.shell:Creating prefix util module '/home/sunrise/amphibious_ws/install/_local_setup_util_ps1.py'
[7.447s] INFO:colcon.colcon_core.shell:Creating prefix chain script '/home/sunrise/amphibious_ws/install/setup.ps1'
[7.461s] INFO:colcon.colcon_core.shell:Creating prefix script '/home/sunrise/amphibious_ws/install/local_setup.sh'
[7.466s] INFO:colcon.colcon_core.shell:Creating prefix util module '/home/sunrise/amphibious_ws/install/_local_setup_util_sh.py'
[7.471s] INFO:colcon.colcon_core.shell:Creating prefix chain script '/home/sunrise/amphibious_ws/install/setup.sh'
[7.482s] INFO:colcon.colcon_core.shell:Creating prefix script '/home/sunrise/amphibious_ws/install/local_setup.bash'
[7.485s] INFO:colcon.colcon_core.shell:Creating prefix chain script '/home/sunrise/amphibious_ws/install/setup.bash'
[7.497s] INFO:colcon.colcon_core.shell:Creating prefix script '/home/sunrise/amphibious_ws/install/local_setup.zsh'
[7.501s] INFO:colcon.colcon_core.shell:Creating prefix chain script '/home/sunrise/amphibious_ws/install/setup.zsh'
