[0.311s] Invoking command in '/home/sunrise/amphibious_ws/build/i2c_pkg': CMAKE_PREFIX_PATH=${CMAKE_PREFIX_PATH}:/home/sunrise/amphibious_ws/install/yolo_detect_pkg:/opt/tros/humble:/opt/ros/humble /usr/bin/cmake --build /home/sunrise/amphibious_ws/build/i2c_pkg -- -j8 -l8
[3.679s] -- Found ament_cmake: 1.3.11 (/opt/ros/humble/share/ament_cmake/cmake)
[3.680s] -- Found rclcpp: 16.0.11 (/opt/ros/humble/share/rclcpp/cmake)
[3.680s] -- Found rosidl_generator_c: 3.1.6 (/opt/ros/humble/share/rosidl_generator_c/cmake)
[3.681s] -- Found rosidl_adapter: 3.1.6 (/opt/ros/humble/share/rosidl_adapter/cmake)
[3.683s] -- Found rosidl_generator_cpp: 3.1.6 (/opt/ros/humble/share/rosidl_generator_cpp/cmake)
[3.686s] -- Using all available rosidl_typesupport_c: rosidl_typesupport_fastrtps_c;rosidl_typesupport_introspection_c
[3.687s] -- Using all available rosidl_typesupport_cpp: rosidl_typesupport_fastrtps_cpp;rosidl_typesupport_introspection_cpp
[3.687s] -- Found rmw_implementation_cmake: 6.1.2 (/opt/ros/humble/share/rmw_implementation_cmake/cmake)
[3.688s] -- Found rmw_fastrtps_cpp: 6.2.7 (/opt/ros/humble/share/rmw_fastrtps_cpp/cmake)
[3.689s] -- Using RMW implementation 'rmw_fastrtps_cpp' as default
[3.690s] -- Found tf2_ros: 0.25.9 (/opt/ros/humble/share/tf2_ros/cmake)
[4.458s] -- Found rclcpp_lifecycle: 16.0.11 (/opt/ros/humble/share/rclcpp_lifecycle/cmake)
[4.778s] -- Found ament_lint_auto: 0.12.11 (/opt/ros/humble/share/ament_lint_auto/cmake)
[5.394s] -- Added test 'cppcheck' to perform static code analysis on C / C++ code
[5.395s] -- Configured cppcheck include dirs: 
[5.396s] -- Configured cppcheck exclude dirs and/or files: 
[5.400s] -- Added test 'flake8' to check Python code syntax and style conventions
[5.404s] -- Added test 'lint_cmake' to check CMake code style
[5.404s] -- Added test 'pep257' to check Python code against some of the docstring style conventions in PEP 257
[5.408s] -- Added test 'uncrustify' to check C / C++ code style
[5.409s] -- Configured uncrustify additional arguments: 
[5.410s] -- Added test 'xmllint' to check XML markup files
[5.418s] -- Configuring done
[5.747s] -- Generating done
[5.879s] -- Build files have been written to: /home/sunrise/amphibious_ws/build/i2c_pkg
[6.169s] [35m[1mConsolidate compiler generated dependencies of target pid[0m
[6.199s] [35m[1mConsolidate compiler generated dependencies of target car_drive_pid[0m
[6.249s] [35m[1mConsolidate compiler generated dependencies of target car_drive[0m
[6.267s] [35m[1mConsolidate compiler generated dependencies of target car_drive_pid_pwm[0m
[6.272s] [35m[1mConsolidate compiler generated dependencies of target target_pub[0m
[6.288s] [35m[1mConsolidate compiler generated dependencies of target pid_velocity[0m
[6.397s] [  9%] Built target pid
[6.453s] [ 18%] Built target car_drive_pid
[6.468s] [ 27%] Built target car_drive_pid_pwm
[6.495s] [ 45%] Built target car_drive
[6.496s] [ 45%] Built target target_pub
[6.500s] [35m[1mConsolidate compiler generated dependencies of target pid_velocity_lifecycle[0m
[6.553s] [ 54%] Built target pid_velocity
[6.572s] [35m[1mConsolidate compiler generated dependencies of target car_drive_pid_pwm_lifecycle[0m
[6.600s] [35m[1mConsolidate compiler generated dependencies of target pid_lifecycle[0m
[6.636s] [35m[1mConsolidate compiler generated dependencies of target velocity_by_encoder[0m
[6.683s] [ 59%] [32mBuilding CXX object CMakeFiles/velocity_by_encoder_lifecycle.dir/src/velocity_by_encoder_lifecycle.cpp.o[0m
[6.684s] [ 68%] Built target pid_velocity_lifecycle
[6.760s] [ 77%] Built target pid_lifecycle
[6.777s] [ 86%] Built target car_drive_pid_pwm_lifecycle
[6.826s] [ 95%] Built target velocity_by_encoder
[42.286s] [100%] [32m[1mLinking CXX executable velocity_by_encoder_lifecycle[0m
[44.250s] [100%] Built target velocity_by_encoder_lifecycle
[44.317s] Invoked command in '/home/sunrise/amphibious_ws/build/i2c_pkg' returned '0': CMAKE_PREFIX_PATH=${CMAKE_PREFIX_PATH}:/home/sunrise/amphibious_ws/install/yolo_detect_pkg:/opt/tros/humble:/opt/ros/humble /usr/bin/cmake --build /home/sunrise/amphibious_ws/build/i2c_pkg -- -j8 -l8
[44.320s] Invoking command in '/home/sunrise/amphibious_ws/build/i2c_pkg': CMAKE_PREFIX_PATH=${CMAKE_PREFIX_PATH}:/home/sunrise/amphibious_ws/install/yolo_detect_pkg:/opt/tros/humble:/opt/ros/humble /usr/bin/cmake --install /home/sunrise/amphibious_ws/build/i2c_pkg
[44.360s] -- Install configuration: ""
[44.361s] -- Up-to-date: /home/sunrise/amphibious_ws/install/i2c_pkg/lib/i2c_pkg/car_drive
[44.363s] -- Up-to-date: /home/sunrise/amphibious_ws/install/i2c_pkg/lib/i2c_pkg/pid
[44.364s] -- Up-to-date: /home/sunrise/amphibious_ws/install/i2c_pkg/lib/i2c_pkg/car_drive_pid
[44.365s] -- Up-to-date: /home/sunrise/amphibious_ws/install/i2c_pkg/lib/i2c_pkg/target_pub
[44.367s] -- Up-to-date: /home/sunrise/amphibious_ws/install/i2c_pkg/lib/i2c_pkg/pid_velocity
[44.368s] -- Installing: /home/sunrise/amphibious_ws/install/i2c_pkg/lib/i2c_pkg/car_drive_pid_pwm
[44.400s] -- Set runtime path of "/home/sunrise/amphibious_ws/install/i2c_pkg/lib/i2c_pkg/car_drive_pid_pwm" to ""
[44.401s] -- Up-to-date: /home/sunrise/amphibious_ws/install/i2c_pkg/lib/i2c_pkg/pid_lifecycle
[44.402s] -- Up-to-date: /home/sunrise/amphibious_ws/install/i2c_pkg/lib/i2c_pkg/pid_velocity_lifecycle
[44.404s] -- Installing: /home/sunrise/amphibious_ws/install/i2c_pkg/lib/i2c_pkg/car_drive_pid_pwm_lifecycle
[44.436s] -- Set runtime path of "/home/sunrise/amphibious_ws/install/i2c_pkg/lib/i2c_pkg/car_drive_pid_pwm_lifecycle" to ""
[44.437s] -- Up-to-date: /home/sunrise/amphibious_ws/install/i2c_pkg/lib/i2c_pkg/velocity_by_encoder
[44.438s] -- Installing: /home/sunrise/amphibious_ws/install/i2c_pkg/lib/i2c_pkg/velocity_by_encoder_lifecycle
[44.449s] -- Set runtime path of "/home/sunrise/amphibious_ws/install/i2c_pkg/lib/i2c_pkg/velocity_by_encoder_lifecycle" to ""
[44.450s] -- Up-to-date: /home/sunrise/amphibious_ws/install/i2c_pkg/share/i2c_pkg/launch
[44.452s] -- Installing: /home/sunrise/amphibious_ws/install/i2c_pkg/share/i2c_pkg/launch/car_drive.launch.py
[44.453s] -- Up-to-date: /home/sunrise/amphibious_ws/install/i2c_pkg/share/ament_index/resource_index/package_run_dependencies/i2c_pkg
[44.453s] -- Up-to-date: /home/sunrise/amphibious_ws/install/i2c_pkg/share/ament_index/resource_index/parent_prefix_path/i2c_pkg
[44.454s] -- Up-to-date: /home/sunrise/amphibious_ws/install/i2c_pkg/share/i2c_pkg/environment/ament_prefix_path.sh
[44.455s] -- Installing: /home/sunrise/amphibious_ws/install/i2c_pkg/share/i2c_pkg/environment/ament_prefix_path.dsv
[44.456s] -- Up-to-date: /home/sunrise/amphibious_ws/install/i2c_pkg/share/i2c_pkg/environment/path.sh
[44.457s] -- Installing: /home/sunrise/amphibious_ws/install/i2c_pkg/share/i2c_pkg/environment/path.dsv
[44.458s] -- Up-to-date: /home/sunrise/amphibious_ws/install/i2c_pkg/share/i2c_pkg/local_setup.bash
[44.459s] -- Up-to-date: /home/sunrise/amphibious_ws/install/i2c_pkg/share/i2c_pkg/local_setup.sh
[44.459s] -- Up-to-date: /home/sunrise/amphibious_ws/install/i2c_pkg/share/i2c_pkg/local_setup.zsh
[44.460s] -- Installing: /home/sunrise/amphibious_ws/install/i2c_pkg/share/i2c_pkg/local_setup.dsv
[44.461s] -- Installing: /home/sunrise/amphibious_ws/install/i2c_pkg/share/i2c_pkg/package.dsv
[44.468s] -- Up-to-date: /home/sunrise/amphibious_ws/install/i2c_pkg/share/ament_index/resource_index/packages/i2c_pkg
[44.469s] -- Up-to-date: /home/sunrise/amphibious_ws/install/i2c_pkg/share/i2c_pkg/cmake/i2c_pkgConfig.cmake
[44.485s] -- Up-to-date: /home/sunrise/amphibious_ws/install/i2c_pkg/share/i2c_pkg/cmake/i2c_pkgConfig-version.cmake
[44.486s] -- Up-to-date: /home/sunrise/amphibious_ws/install/i2c_pkg/share/i2c_pkg/package.xml
[44.487s] Invoked command in '/home/sunrise/amphibious_ws/build/i2c_pkg' returned '0': CMAKE_PREFIX_PATH=${CMAKE_PREFIX_PATH}:/home/sunrise/amphibious_ws/install/yolo_detect_pkg:/opt/tros/humble:/opt/ros/humble /usr/bin/cmake --install /home/sunrise/amphibious_ws/build/i2c_pkg
