[35m[1mConsolidate compiler generated dependencies of target camera_pub[0m
[ 50%] [32mBuilding CXX object CMakeFiles/camera_pub.dir/src/camera_pub.cpp.o[0m
[100%] [32m[1mLinking CXX executable camera_pub[0m
[100%] Built target camera_pub
-- Install configuration: ""
-- Installing: /home/sunrise/amphibious_ws/install/camera_pkg/lib/camera_pkg/camera_pub
-- Set runtime path of "/home/sunrise/amphibious_ws/install/camera_pkg/lib/camera_pkg/camera_pub" to ""
-- Installing: /home/sunrise/amphibious_ws/install/camera_pkg/share/ament_index/resource_index/package_run_dependencies/camera_pkg
-- Installing: /home/sunrise/amphibious_ws/install/camera_pkg/share/ament_index/resource_index/parent_prefix_path/camera_pkg
-- Installing: /home/sunrise/amphibious_ws/install/camera_pkg/share/camera_pkg/environment/ament_prefix_path.sh
-- Installing: /home/sunrise/amphibious_ws/install/camera_pkg/share/camera_pkg/environment/ament_prefix_path.dsv
-- Installing: /home/sunrise/amphibious_ws/install/camera_pkg/share/camera_pkg/environment/path.sh
-- Installing: /home/sunrise/amphibious_ws/install/camera_pkg/share/camera_pkg/environment/path.dsv
-- Installing: /home/sunrise/amphibious_ws/install/camera_pkg/share/camera_pkg/local_setup.bash
-- Installing: /home/sunrise/amphibious_ws/install/camera_pkg/share/camera_pkg/local_setup.sh
-- Installing: /home/sunrise/amphibious_ws/install/camera_pkg/share/camera_pkg/local_setup.zsh
-- Installing: /home/sunrise/amphibious_ws/install/camera_pkg/share/camera_pkg/local_setup.dsv
-- Installing: /home/sunrise/amphibious_ws/install/camera_pkg/share/camera_pkg/package.dsv
-- Installing: /home/sunrise/amphibious_ws/install/camera_pkg/share/ament_index/resource_index/packages/camera_pkg
-- Installing: /home/sunrise/amphibious_ws/install/camera_pkg/share/camera_pkg/cmake/camera_pkgConfig.cmake
-- Installing: /home/sunrise/amphibious_ws/install/camera_pkg/share/camera_pkg/cmake/camera_pkgConfig-version.cmake
-- Installing: /home/sunrise/amphibious_ws/install/camera_pkg/share/camera_pkg/package.xml
