[0.659s] DEBUG:colcon:Command line arguments: ['/usr/bin/colcon', 'build']
[0.659s] DEBUG:colcon:Parsed command line arguments: Namespace(log_base=None, log_level=None, verb_name='build', build_base='build', install_base='install', merge_install=False, symlink_install=False, test_result_base=None, continue_on_error=False, executor='parallel', parallel_workers=8, event_handlers=None, ignore_user_meta=False, metas=['./colcon.meta'], base_paths=['.'], packages_ignore=None, packages_ignore_regex=None, paths=None, packages_up_to=None, packages_up_to_regex=None, packages_above=None, packages_above_and_dependencies=None, packages_above_depth=None, packages_select_by_dep=None, packages_skip_by_dep=None, packages_skip_up_to=None, packages_select_build_failed=False, packages_skip_build_finished=False, packages_select_test_failures=False, packages_skip_test_passed=False, packages_select=None, packages_skip=None, packages_select_regex=None, packages_skip_regex=None, packages_start=None, packages_end=None, allow_overriding=[], cmake_args=None, cmake_target=None, cmake_target_skip_unavailable=False, cmake_clean_cache=False, cmake_clean_first=False, cmake_force_configure=False, ament_cmake_args=None, catkin_cmake_args=None, catkin_skip_building_tests=False, verb_parser=<colcon_defaults.argument_parser.defaults.DefaultArgumentsDecorator object at 0xffff9a71cfd0>, verb_extension=<colcon_core.verb.build.BuildVerb object at 0xffff9a802e30>, main=<bound method BuildVerb.main of <colcon_core.verb.build.BuildVerb object at 0xffff9a802e30>>)
[1.842s] Level 1:colcon.colcon_core.package_discovery:discover_packages(colcon_meta) check parameters
[1.843s] Level 1:colcon.colcon_core.package_discovery:discover_packages(recursive) check parameters
[1.843s] Level 1:colcon.colcon_core.package_discovery:discover_packages(ignore) check parameters
[1.844s] Level 1:colcon.colcon_core.package_discovery:discover_packages(path) check parameters
[1.844s] Level 1:colcon.colcon_core.package_discovery:discover_packages(colcon_meta) discover
[1.844s] Level 1:colcon.colcon_core.package_discovery:discover_packages(recursive) discover
[1.845s] INFO:colcon.colcon_core.package_discovery:Crawling recursively for packages in '/home/sunrise/amphibious_ws'
[1.845s] Level 1:colcon.colcon_core.package_identification:_identify(.) by extensions ['ignore', 'ignore_ament_install']
[1.846s] Level 1:colcon.colcon_core.package_identification:_identify(.) by extension 'ignore'
[1.846s] Level 1:colcon.colcon_core.package_identification:_identify(.) by extension 'ignore_ament_install'
[1.846s] Level 1:colcon.colcon_core.package_identification:_identify(.) by extensions ['colcon_pkg']
[1.847s] Level 1:colcon.colcon_core.package_identification:_identify(.) by extension 'colcon_pkg'
[1.847s] Level 1:colcon.colcon_core.package_identification:_identify(.) by extensions ['colcon_meta']
[1.847s] Level 1:colcon.colcon_core.package_identification:_identify(.) by extension 'colcon_meta'
[1.847s] Level 1:colcon.colcon_core.package_identification:_identify(.) by extensions ['ros']
[1.848s] Level 1:colcon.colcon_core.package_identification:_identify(.) by extension 'ros'
[1.922s] Level 1:colcon.colcon_core.package_identification:_identify(.) by extensions ['cmake', 'python']
[1.922s] Level 1:colcon.colcon_core.package_identification:_identify(.) by extension 'cmake'
[1.923s] Level 1:colcon.colcon_core.package_identification:_identify(.) by extension 'python'
[1.923s] Level 1:colcon.colcon_core.package_identification:_identify(.) by extensions ['python_setup_py']
[1.924s] Level 1:colcon.colcon_core.package_identification:_identify(.) by extension 'python_setup_py'
[1.925s] Level 1:colcon.colcon_core.package_identification:_identify(build) by extensions ['ignore', 'ignore_ament_install']
[1.925s] Level 1:colcon.colcon_core.package_identification:_identify(build) by extension 'ignore'
[1.926s] Level 1:colcon.colcon_core.package_identification:_identify(build) ignored
[1.926s] Level 1:colcon.colcon_core.package_identification:_identify(install) by extensions ['ignore', 'ignore_ament_install']
[1.927s] Level 1:colcon.colcon_core.package_identification:_identify(install) by extension 'ignore'
[1.927s] Level 1:colcon.colcon_core.package_identification:_identify(install) ignored
[1.928s] Level 1:colcon.colcon_core.package_identification:_identify(log) by extensions ['ignore', 'ignore_ament_install']
[1.928s] Level 1:colcon.colcon_core.package_identification:_identify(log) by extension 'ignore'
[1.929s] Level 1:colcon.colcon_core.package_identification:_identify(log) ignored
[1.929s] Level 1:colcon.colcon_core.package_identification:_identify(src) by extensions ['ignore', 'ignore_ament_install']
[1.930s] Level 1:colcon.colcon_core.package_identification:_identify(src) by extension 'ignore'
[1.930s] Level 1:colcon.colcon_core.package_identification:_identify(src) by extension 'ignore_ament_install'
[1.930s] Level 1:colcon.colcon_core.package_identification:_identify(src) by extensions ['colcon_pkg']
[1.931s] Level 1:colcon.colcon_core.package_identification:_identify(src) by extension 'colcon_pkg'
[1.931s] Level 1:colcon.colcon_core.package_identification:_identify(src) by extensions ['colcon_meta']
[1.931s] Level 1:colcon.colcon_core.package_identification:_identify(src) by extension 'colcon_meta'
[1.931s] Level 1:colcon.colcon_core.package_identification:_identify(src) by extensions ['ros']
[1.932s] Level 1:colcon.colcon_core.package_identification:_identify(src) by extension 'ros'
[1.932s] Level 1:colcon.colcon_core.package_identification:_identify(src) by extensions ['cmake', 'python']
[1.932s] Level 1:colcon.colcon_core.package_identification:_identify(src) by extension 'cmake'
[1.933s] Level 1:colcon.colcon_core.package_identification:_identify(src) by extension 'python'
[1.933s] Level 1:colcon.colcon_core.package_identification:_identify(src) by extensions ['python_setup_py']
[1.933s] Level 1:colcon.colcon_core.package_identification:_identify(src) by extension 'python_setup_py'
[1.934s] Level 1:colcon.colcon_core.package_identification:_identify(src/bluesea2) by extensions ['ignore', 'ignore_ament_install']
[1.934s] Level 1:colcon.colcon_core.package_identification:_identify(src/bluesea2) by extension 'ignore'
[1.935s] Level 1:colcon.colcon_core.package_identification:_identify(src/bluesea2) by extension 'ignore_ament_install'
[1.935s] Level 1:colcon.colcon_core.package_identification:_identify(src/bluesea2) by extensions ['colcon_pkg']
[1.935s] Level 1:colcon.colcon_core.package_identification:_identify(src/bluesea2) by extension 'colcon_pkg'
[1.935s] Level 1:colcon.colcon_core.package_identification:_identify(src/bluesea2) by extensions ['colcon_meta']
[1.936s] Level 1:colcon.colcon_core.package_identification:_identify(src/bluesea2) by extension 'colcon_meta'
[1.936s] Level 1:colcon.colcon_core.package_identification:_identify(src/bluesea2) by extensions ['ros']
[1.936s] Level 1:colcon.colcon_core.package_identification:_identify(src/bluesea2) by extension 'ros'
[1.937s] Level 1:colcon.colcon_core.package_identification:_identify(src/bluesea2) by extensions ['cmake', 'python']
[1.937s] Level 1:colcon.colcon_core.package_identification:_identify(src/bluesea2) by extension 'cmake'
[1.937s] Level 1:colcon.colcon_core.package_identification:_identify(src/bluesea2) by extension 'python'
[1.937s] Level 1:colcon.colcon_core.package_identification:_identify(src/bluesea2) by extensions ['python_setup_py']
[1.937s] Level 1:colcon.colcon_core.package_identification:_identify(src/bluesea2) by extension 'python_setup_py'
[1.938s] Level 1:colcon.colcon_core.package_identification:_identify(src/bluesea2/src) by extensions ['ignore', 'ignore_ament_install']
[1.939s] Level 1:colcon.colcon_core.package_identification:_identify(src/bluesea2/src) by extension 'ignore'
[1.939s] Level 1:colcon.colcon_core.package_identification:_identify(src/bluesea2/src) by extension 'ignore_ament_install'
[1.939s] Level 1:colcon.colcon_core.package_identification:_identify(src/bluesea2/src) by extensions ['colcon_pkg']
[1.939s] Level 1:colcon.colcon_core.package_identification:_identify(src/bluesea2/src) by extension 'colcon_pkg'
[1.940s] Level 1:colcon.colcon_core.package_identification:_identify(src/bluesea2/src) by extensions ['colcon_meta']
[1.940s] Level 1:colcon.colcon_core.package_identification:_identify(src/bluesea2/src) by extension 'colcon_meta'
[1.940s] Level 1:colcon.colcon_core.package_identification:_identify(src/bluesea2/src) by extensions ['ros']
[1.940s] Level 1:colcon.colcon_core.package_identification:_identify(src/bluesea2/src) by extension 'ros'
[1.941s] Level 1:colcon.colcon_core.package_identification:_identify(src/bluesea2/src) by extensions ['cmake', 'python']
[1.941s] Level 1:colcon.colcon_core.package_identification:_identify(src/bluesea2/src) by extension 'cmake'
[1.941s] Level 1:colcon.colcon_core.package_identification:_identify(src/bluesea2/src) by extension 'python'
[1.942s] Level 1:colcon.colcon_core.package_identification:_identify(src/bluesea2/src) by extensions ['python_setup_py']
[1.942s] Level 1:colcon.colcon_core.package_identification:_identify(src/bluesea2/src) by extension 'python_setup_py'
[1.942s] Level 1:colcon.colcon_core.package_identification:_identify(src/bluesea2/src/base) by extensions ['ignore', 'ignore_ament_install']
[1.943s] Level 1:colcon.colcon_core.package_identification:_identify(src/bluesea2/src/base) by extension 'ignore'
[1.943s] Level 1:colcon.colcon_core.package_identification:_identify(src/bluesea2/src/base) by extension 'ignore_ament_install'
[1.944s] Level 1:colcon.colcon_core.package_identification:_identify(src/bluesea2/src/base) by extensions ['colcon_pkg']
[1.944s] Level 1:colcon.colcon_core.package_identification:_identify(src/bluesea2/src/base) by extension 'colcon_pkg'
[1.944s] Level 1:colcon.colcon_core.package_identification:_identify(src/bluesea2/src/base) by extensions ['colcon_meta']
[1.944s] Level 1:colcon.colcon_core.package_identification:_identify(src/bluesea2/src/base) by extension 'colcon_meta'
[1.945s] Level 1:colcon.colcon_core.package_identification:_identify(src/bluesea2/src/base) by extensions ['ros']
[1.945s] Level 1:colcon.colcon_core.package_identification:_identify(src/bluesea2/src/base) by extension 'ros'
[1.959s] DEBUG:colcon.colcon_core.package_identification:Package 'src/bluesea2/src/base' with type 'ros.ament_cmake' and name 'base'
[1.960s] Level 1:colcon.colcon_core.package_identification:_identify(src/bluesea2/src/bluesea-ros2) by extensions ['ignore', 'ignore_ament_install']
[1.961s] Level 1:colcon.colcon_core.package_identification:_identify(src/bluesea2/src/bluesea-ros2) by extension 'ignore'
[1.961s] Level 1:colcon.colcon_core.package_identification:_identify(src/bluesea2/src/bluesea-ros2) by extension 'ignore_ament_install'
[1.961s] Level 1:colcon.colcon_core.package_identification:_identify(src/bluesea2/src/bluesea-ros2) by extensions ['colcon_pkg']
[1.962s] Level 1:colcon.colcon_core.package_identification:_identify(src/bluesea2/src/bluesea-ros2) by extension 'colcon_pkg'
[1.962s] Level 1:colcon.colcon_core.package_identification:_identify(src/bluesea2/src/bluesea-ros2) by extensions ['colcon_meta']
[1.962s] Level 1:colcon.colcon_core.package_identification:_identify(src/bluesea2/src/bluesea-ros2) by extension 'colcon_meta'
[1.963s] Level 1:colcon.colcon_core.package_identification:_identify(src/bluesea2/src/bluesea-ros2) by extensions ['ros']
[1.963s] Level 1:colcon.colcon_core.package_identification:_identify(src/bluesea2/src/bluesea-ros2) by extension 'ros'
[1.969s] DEBUG:colcon.colcon_core.package_identification:Package 'src/bluesea2/src/bluesea-ros2' with type 'ros.ament_cmake' and name 'bluesea2'
[1.969s] Level 1:colcon.colcon_core.package_identification:_identify(src/com_pkg) by extensions ['ignore', 'ignore_ament_install']
[1.970s] Level 1:colcon.colcon_core.package_identification:_identify(src/com_pkg) by extension 'ignore'
[1.970s] Level 1:colcon.colcon_core.package_identification:_identify(src/com_pkg) by extension 'ignore_ament_install'
[1.971s] Level 1:colcon.colcon_core.package_identification:_identify(src/com_pkg) by extensions ['colcon_pkg']
[1.971s] Level 1:colcon.colcon_core.package_identification:_identify(src/com_pkg) by extension 'colcon_pkg'
[1.971s] Level 1:colcon.colcon_core.package_identification:_identify(src/com_pkg) by extensions ['colcon_meta']
[1.971s] Level 1:colcon.colcon_core.package_identification:_identify(src/com_pkg) by extension 'colcon_meta'
[1.972s] Level 1:colcon.colcon_core.package_identification:_identify(src/com_pkg) by extensions ['ros']
[1.972s] Level 1:colcon.colcon_core.package_identification:_identify(src/com_pkg) by extension 'ros'
[1.979s] DEBUG:colcon.colcon_core.package_identification:Package 'src/com_pkg' with type 'ros.ament_cmake' and name 'com_pkg'
[1.979s] Level 1:colcon.colcon_core.package_identification:_identify(src/i2c_pkg) by extensions ['ignore', 'ignore_ament_install']
[1.980s] Level 1:colcon.colcon_core.package_identification:_identify(src/i2c_pkg) by extension 'ignore'
[1.980s] Level 1:colcon.colcon_core.package_identification:_identify(src/i2c_pkg) by extension 'ignore_ament_install'
[1.980s] Level 1:colcon.colcon_core.package_identification:_identify(src/i2c_pkg) by extensions ['colcon_pkg']
[1.981s] Level 1:colcon.colcon_core.package_identification:_identify(src/i2c_pkg) by extension 'colcon_pkg'
[1.981s] Level 1:colcon.colcon_core.package_identification:_identify(src/i2c_pkg) by extensions ['colcon_meta']
[1.981s] Level 1:colcon.colcon_core.package_identification:_identify(src/i2c_pkg) by extension 'colcon_meta'
[1.982s] Level 1:colcon.colcon_core.package_identification:_identify(src/i2c_pkg) by extensions ['ros']
[1.982s] Level 1:colcon.colcon_core.package_identification:_identify(src/i2c_pkg) by extension 'ros'
[1.985s] DEBUG:colcon.colcon_core.package_identification:Package 'src/i2c_pkg' with type 'ros.ament_cmake' and name 'i2c_pkg'
[1.986s] Level 1:colcon.colcon_core.package_identification:_identify(src/my_carto_pkg) by extensions ['ignore', 'ignore_ament_install']
[1.986s] Level 1:colcon.colcon_core.package_identification:_identify(src/my_carto_pkg) by extension 'ignore'
[1.987s] Level 1:colcon.colcon_core.package_identification:_identify(src/my_carto_pkg) by extension 'ignore_ament_install'
[1.987s] Level 1:colcon.colcon_core.package_identification:_identify(src/my_carto_pkg) by extensions ['colcon_pkg']
[1.987s] Level 1:colcon.colcon_core.package_identification:_identify(src/my_carto_pkg) by extension 'colcon_pkg'
[1.988s] Level 1:colcon.colcon_core.package_identification:_identify(src/my_carto_pkg) by extensions ['colcon_meta']
[1.988s] Level 1:colcon.colcon_core.package_identification:_identify(src/my_carto_pkg) by extension 'colcon_meta'
[1.988s] Level 1:colcon.colcon_core.package_identification:_identify(src/my_carto_pkg) by extensions ['ros']
[1.988s] Level 1:colcon.colcon_core.package_identification:_identify(src/my_carto_pkg) by extension 'ros'
[1.991s] DEBUG:colcon.colcon_core.package_identification:Package 'src/my_carto_pkg' with type 'ros.ament_cmake' and name 'my_carto_pkg'
[1.992s] Level 1:colcon.colcon_core.package_discovery:discover_packages(recursive) using defaults
[1.992s] Level 1:colcon.colcon_core.package_discovery:discover_packages(ignore) discover
[1.992s] Level 1:colcon.colcon_core.package_discovery:discover_packages(ignore) using defaults
[1.992s] Level 1:colcon.colcon_core.package_discovery:discover_packages(path) discover
[1.993s] Level 1:colcon.colcon_core.package_discovery:discover_packages(path) using defaults
[2.118s] Level 1:colcon.colcon_core.package_discovery:discover_packages(prefix_path) check parameters
[2.118s] Level 1:colcon.colcon_core.package_discovery:discover_packages(prefix_path) discover
[2.132s] DEBUG:colcon.colcon_installed_package_information.package_discovery:Found 5 installed packages in /home/sunrise/amphibious_ws/install
[2.136s] DEBUG:colcon.colcon_installed_package_information.package_discovery:Found 5 installed packages in /home/sunrise/fly_ws/install
[2.141s] DEBUG:colcon.colcon_installed_package_information.package_discovery:Found 4 installed packages in /home/sunrise/cartographer_ws/install
[2.149s] DEBUG:colcon.colcon_installed_package_information.package_discovery:Found 296 installed packages in /opt/ros/humble
[2.238s] Level 1:colcon.colcon_core.package_discovery:discover_packages(prefix_path) using defaults
[2.545s] Level 5:colcon.colcon_core.verb:set package 'base' build argument 'cmake_args' from command line to 'None'
[2.545s] Level 5:colcon.colcon_core.verb:set package 'base' build argument 'cmake_target' from command line to 'None'
[2.546s] Level 5:colcon.colcon_core.verb:set package 'base' build argument 'cmake_target_skip_unavailable' from command line to 'False'
[2.546s] Level 5:colcon.colcon_core.verb:set package 'base' build argument 'cmake_clean_cache' from command line to 'False'
[2.546s] Level 5:colcon.colcon_core.verb:set package 'base' build argument 'cmake_clean_first' from command line to 'False'
[2.546s] Level 5:colcon.colcon_core.verb:set package 'base' build argument 'cmake_force_configure' from command line to 'False'
[2.546s] Level 5:colcon.colcon_core.verb:set package 'base' build argument 'ament_cmake_args' from command line to 'None'
[2.547s] Level 5:colcon.colcon_core.verb:set package 'base' build argument 'catkin_cmake_args' from command line to 'None'
[2.547s] Level 5:colcon.colcon_core.verb:set package 'base' build argument 'catkin_skip_building_tests' from command line to 'False'
[2.547s] DEBUG:colcon.colcon_core.verb:Building package 'base' with the following arguments: {'ament_cmake_args': None, 'build_base': '/home/sunrise/amphibious_ws/build/base', 'catkin_cmake_args': None, 'catkin_skip_building_tests': False, 'cmake_args': None, 'cmake_clean_cache': False, 'cmake_clean_first': False, 'cmake_force_configure': False, 'cmake_target': None, 'cmake_target_skip_unavailable': False, 'install_base': '/home/sunrise/amphibious_ws/install/base', 'merge_install': False, 'path': '/home/sunrise/amphibious_ws/src/bluesea2/src/base', 'symlink_install': False, 'test_result_base': None}
[2.550s] Level 5:colcon.colcon_core.verb:set package 'com_pkg' build argument 'cmake_args' from command line to 'None'
[2.550s] Level 5:colcon.colcon_core.verb:set package 'com_pkg' build argument 'cmake_target' from command line to 'None'
[2.550s] Level 5:colcon.colcon_core.verb:set package 'com_pkg' build argument 'cmake_target_skip_unavailable' from command line to 'False'
[2.550s] Level 5:colcon.colcon_core.verb:set package 'com_pkg' build argument 'cmake_clean_cache' from command line to 'False'
[2.550s] Level 5:colcon.colcon_core.verb:set package 'com_pkg' build argument 'cmake_clean_first' from command line to 'False'
[2.551s] Level 5:colcon.colcon_core.verb:set package 'com_pkg' build argument 'cmake_force_configure' from command line to 'False'
[2.551s] Level 5:colcon.colcon_core.verb:set package 'com_pkg' build argument 'ament_cmake_args' from command line to 'None'
[2.551s] Level 5:colcon.colcon_core.verb:set package 'com_pkg' build argument 'catkin_cmake_args' from command line to 'None'
[2.551s] Level 5:colcon.colcon_core.verb:set package 'com_pkg' build argument 'catkin_skip_building_tests' from command line to 'False'
[2.551s] DEBUG:colcon.colcon_core.verb:Building package 'com_pkg' with the following arguments: {'ament_cmake_args': None, 'build_base': '/home/sunrise/amphibious_ws/build/com_pkg', 'catkin_cmake_args': None, 'catkin_skip_building_tests': False, 'cmake_args': None, 'cmake_clean_cache': False, 'cmake_clean_first': False, 'cmake_force_configure': False, 'cmake_target': None, 'cmake_target_skip_unavailable': False, 'install_base': '/home/sunrise/amphibious_ws/install/com_pkg', 'merge_install': False, 'path': '/home/sunrise/amphibious_ws/src/com_pkg', 'symlink_install': False, 'test_result_base': None}
[2.554s] Level 5:colcon.colcon_core.verb:set package 'i2c_pkg' build argument 'cmake_args' from command line to 'None'
[2.554s] Level 5:colcon.colcon_core.verb:set package 'i2c_pkg' build argument 'cmake_target' from command line to 'None'
[2.554s] Level 5:colcon.colcon_core.verb:set package 'i2c_pkg' build argument 'cmake_target_skip_unavailable' from command line to 'False'
[2.554s] Level 5:colcon.colcon_core.verb:set package 'i2c_pkg' build argument 'cmake_clean_cache' from command line to 'False'
[2.555s] Level 5:colcon.colcon_core.verb:set package 'i2c_pkg' build argument 'cmake_clean_first' from command line to 'False'
[2.555s] Level 5:colcon.colcon_core.verb:set package 'i2c_pkg' build argument 'cmake_force_configure' from command line to 'False'
[2.555s] Level 5:colcon.colcon_core.verb:set package 'i2c_pkg' build argument 'ament_cmake_args' from command line to 'None'
[2.555s] Level 5:colcon.colcon_core.verb:set package 'i2c_pkg' build argument 'catkin_cmake_args' from command line to 'None'
[2.555s] Level 5:colcon.colcon_core.verb:set package 'i2c_pkg' build argument 'catkin_skip_building_tests' from command line to 'False'
[2.556s] DEBUG:colcon.colcon_core.verb:Building package 'i2c_pkg' with the following arguments: {'ament_cmake_args': None, 'build_base': '/home/sunrise/amphibious_ws/build/i2c_pkg', 'catkin_cmake_args': None, 'catkin_skip_building_tests': False, 'cmake_args': None, 'cmake_clean_cache': False, 'cmake_clean_first': False, 'cmake_force_configure': False, 'cmake_target': None, 'cmake_target_skip_unavailable': False, 'install_base': '/home/sunrise/amphibious_ws/install/i2c_pkg', 'merge_install': False, 'path': '/home/sunrise/amphibious_ws/src/i2c_pkg', 'symlink_install': False, 'test_result_base': None}
[2.558s] Level 5:colcon.colcon_core.verb:set package 'my_carto_pkg' build argument 'cmake_args' from command line to 'None'
[2.559s] Level 5:colcon.colcon_core.verb:set package 'my_carto_pkg' build argument 'cmake_target' from command line to 'None'
[2.559s] Level 5:colcon.colcon_core.verb:set package 'my_carto_pkg' build argument 'cmake_target_skip_unavailable' from command line to 'False'
[2.559s] Level 5:colcon.colcon_core.verb:set package 'my_carto_pkg' build argument 'cmake_clean_cache' from command line to 'False'
[2.559s] Level 5:colcon.colcon_core.verb:set package 'my_carto_pkg' build argument 'cmake_clean_first' from command line to 'False'
[2.559s] Level 5:colcon.colcon_core.verb:set package 'my_carto_pkg' build argument 'cmake_force_configure' from command line to 'False'
[2.559s] Level 5:colcon.colcon_core.verb:set package 'my_carto_pkg' build argument 'ament_cmake_args' from command line to 'None'
[2.560s] Level 5:colcon.colcon_core.verb:set package 'my_carto_pkg' build argument 'catkin_cmake_args' from command line to 'None'
[2.560s] Level 5:colcon.colcon_core.verb:set package 'my_carto_pkg' build argument 'catkin_skip_building_tests' from command line to 'False'
[2.560s] DEBUG:colcon.colcon_core.verb:Building package 'my_carto_pkg' with the following arguments: {'ament_cmake_args': None, 'build_base': '/home/sunrise/amphibious_ws/build/my_carto_pkg', 'catkin_cmake_args': None, 'catkin_skip_building_tests': False, 'cmake_args': None, 'cmake_clean_cache': False, 'cmake_clean_first': False, 'cmake_force_configure': False, 'cmake_target': None, 'cmake_target_skip_unavailable': False, 'install_base': '/home/sunrise/amphibious_ws/install/my_carto_pkg', 'merge_install': False, 'path': '/home/sunrise/amphibious_ws/src/my_carto_pkg', 'symlink_install': False, 'test_result_base': None}
[2.563s] Level 5:colcon.colcon_core.verb:set package 'bluesea2' build argument 'cmake_args' from command line to 'None'
[2.563s] Level 5:colcon.colcon_core.verb:set package 'bluesea2' build argument 'cmake_target' from command line to 'None'
[2.563s] Level 5:colcon.colcon_core.verb:set package 'bluesea2' build argument 'cmake_target_skip_unavailable' from command line to 'False'
[2.563s] Level 5:colcon.colcon_core.verb:set package 'bluesea2' build argument 'cmake_clean_cache' from command line to 'False'
[2.563s] Level 5:colcon.colcon_core.verb:set package 'bluesea2' build argument 'cmake_clean_first' from command line to 'False'
[2.563s] Level 5:colcon.colcon_core.verb:set package 'bluesea2' build argument 'cmake_force_configure' from command line to 'False'
[2.564s] Level 5:colcon.colcon_core.verb:set package 'bluesea2' build argument 'ament_cmake_args' from command line to 'None'
[2.564s] Level 5:colcon.colcon_core.verb:set package 'bluesea2' build argument 'catkin_cmake_args' from command line to 'None'
[2.564s] Level 5:colcon.colcon_core.verb:set package 'bluesea2' build argument 'catkin_skip_building_tests' from command line to 'False'
[2.564s] DEBUG:colcon.colcon_core.verb:Building package 'bluesea2' with the following arguments: {'ament_cmake_args': None, 'build_base': '/home/sunrise/amphibious_ws/build/bluesea2', 'catkin_cmake_args': None, 'catkin_skip_building_tests': False, 'cmake_args': None, 'cmake_clean_cache': False, 'cmake_clean_first': False, 'cmake_force_configure': False, 'cmake_target': None, 'cmake_target_skip_unavailable': False, 'install_base': '/home/sunrise/amphibious_ws/install/bluesea2', 'merge_install': False, 'path': '/home/sunrise/amphibious_ws/src/bluesea2/src/bluesea-ros2', 'symlink_install': False, 'test_result_base': None}
[2.565s] INFO:colcon.colcon_core.executor:Executing jobs using 'parallel' executor
[2.570s] DEBUG:colcon.colcon_parallel_executor.executor.parallel:run_until_complete
[2.572s] INFO:colcon.colcon_ros.task.ament_cmake.build:Building ROS package in '/home/sunrise/amphibious_ws/src/bluesea2/src/base' with build type 'ament_cmake'
[2.572s] INFO:colcon.colcon_cmake.task.cmake.build:Building CMake package in '/home/sunrise/amphibious_ws/src/bluesea2/src/base'
[2.585s] INFO:colcon.colcon_core.plugin_system:Skipping extension 'colcon_core.shell.bat': Not used on non-Windows systems
[2.587s] INFO:colcon.colcon_core.shell:Skip shell extension 'powershell' for command environment: Not usable outside of PowerShell
[2.588s] DEBUG:colcon.colcon_core.shell:Skip shell extension 'dsv' for command environment
[2.619s] INFO:colcon.colcon_ros.task.ament_cmake.build:Building ROS package in '/home/sunrise/amphibious_ws/src/com_pkg' with build type 'ament_cmake'
[2.620s] INFO:colcon.colcon_cmake.task.cmake.build:Building CMake package in '/home/sunrise/amphibious_ws/src/com_pkg'
[2.622s] INFO:colcon.colcon_core.shell:Skip shell extension 'powershell' for command environment: Not usable outside of PowerShell
[2.623s] DEBUG:colcon.colcon_core.shell:Skip shell extension 'dsv' for command environment
[2.654s] INFO:colcon.colcon_ros.task.ament_cmake.build:Building ROS package in '/home/sunrise/amphibious_ws/src/i2c_pkg' with build type 'ament_cmake'
[2.655s] INFO:colcon.colcon_cmake.task.cmake.build:Building CMake package in '/home/sunrise/amphibious_ws/src/i2c_pkg'
[2.657s] INFO:colcon.colcon_core.shell:Skip shell extension 'powershell' for command environment: Not usable outside of PowerShell
[2.657s] DEBUG:colcon.colcon_core.shell:Skip shell extension 'dsv' for command environment
[2.688s] INFO:colcon.colcon_ros.task.ament_cmake.build:Building ROS package in '/home/sunrise/amphibious_ws/src/my_carto_pkg' with build type 'ament_cmake'
[2.689s] INFO:colcon.colcon_cmake.task.cmake.build:Building CMake package in '/home/sunrise/amphibious_ws/src/my_carto_pkg'
[2.690s] INFO:colcon.colcon_core.shell:Skip shell extension 'powershell' for command environment: Not usable outside of PowerShell
[2.691s] DEBUG:colcon.colcon_core.shell:Skip shell extension 'dsv' for command environment
[2.746s] DEBUG:colcon.colcon_core.event_handler.log_command:Invoking command in '/home/sunrise/amphibious_ws/build/base': CMAKE_PREFIX_PATH=${CMAKE_PREFIX_PATH}:/opt/ros/humble /usr/bin/cmake --build /home/sunrise/amphibious_ws/build/base -- -j8 -l8
[2.765s] DEBUG:colcon.colcon_core.event_handler.log_command:Invoking command in '/home/sunrise/amphibious_ws/build/com_pkg': CMAKE_PREFIX_PATH=${CMAKE_PREFIX_PATH}:/opt/ros/humble /usr/bin/cmake --build /home/sunrise/amphibious_ws/build/com_pkg -- -j8 -l8
[2.777s] DEBUG:colcon.colcon_core.event_handler.log_command:Invoking command in '/home/sunrise/amphibious_ws/build/i2c_pkg': CMAKE_PREFIX_PATH=${CMAKE_PREFIX_PATH}:/opt/ros/humble /usr/bin/cmake --build /home/sunrise/amphibious_ws/build/i2c_pkg -- -j8 -l8
[2.825s] DEBUG:colcon.colcon_core.event_handler.log_command:Invoking command in '/home/sunrise/amphibious_ws/build/my_carto_pkg': CMAKE_PREFIX_PATH=${CMAKE_PREFIX_PATH}:/opt/ros/humble /usr/bin/cmake --build /home/sunrise/amphibious_ws/build/my_carto_pkg -- -j8 -l8
[3.049s] DEBUG:colcon.colcon_core.event_handler.log_command:Invoked command in '/home/sunrise/amphibious_ws/build/my_carto_pkg' returned '0': CMAKE_PREFIX_PATH=${CMAKE_PREFIX_PATH}:/opt/ros/humble /usr/bin/cmake --build /home/sunrise/amphibious_ws/build/my_carto_pkg -- -j8 -l8
[3.122s] DEBUG:colcon.colcon_core.event_handler.log_command:Invoking command in '/home/sunrise/amphibious_ws/build/my_carto_pkg': CMAKE_PREFIX_PATH=${CMAKE_PREFIX_PATH}:/opt/ros/humble /usr/bin/cmake --install /home/sunrise/amphibious_ws/build/my_carto_pkg
[3.210s] Level 1:colcon.colcon_core.environment:create_environment_scripts_only(my_carto_pkg)
[3.285s] Level 1:colcon.colcon_core.environment:checking '/home/sunrise/amphibious_ws/install/my_carto_pkg' for CMake module files
[3.294s] Level 1:colcon.colcon_core.environment:checking '/home/sunrise/amphibious_ws/install/my_carto_pkg' for CMake config files
[3.295s] Level 1:colcon.colcon_core.shell:create_environment_hook('my_carto_pkg', 'cmake_prefix_path')
[3.297s] INFO:colcon.colcon_core.shell:Creating environment hook '/home/sunrise/amphibious_ws/install/my_carto_pkg/share/my_carto_pkg/hook/cmake_prefix_path.ps1'
[3.321s] DEBUG:colcon.colcon_core.event_handler.log_command:Invoked command in '/home/sunrise/amphibious_ws/build/my_carto_pkg' returned '0': CMAKE_PREFIX_PATH=${CMAKE_PREFIX_PATH}:/opt/ros/humble /usr/bin/cmake --install /home/sunrise/amphibious_ws/build/my_carto_pkg
[3.341s] INFO:colcon.colcon_core.shell:Creating environment descriptor '/home/sunrise/amphibious_ws/install/my_carto_pkg/share/my_carto_pkg/hook/cmake_prefix_path.dsv'
[3.345s] INFO:colcon.colcon_core.shell:Creating environment hook '/home/sunrise/amphibious_ws/install/my_carto_pkg/share/my_carto_pkg/hook/cmake_prefix_path.sh'
[3.353s] Level 1:colcon.colcon_core.environment:checking '/home/sunrise/amphibious_ws/install/my_carto_pkg/bin'
[3.354s] Level 1:colcon.colcon_core.environment:checking '/home/sunrise/amphibious_ws/install/my_carto_pkg/lib/pkgconfig/my_carto_pkg.pc'
[3.355s] Level 1:colcon.colcon_core.environment:checking '/home/sunrise/amphibious_ws/install/my_carto_pkg/lib/python3.10/site-packages'
[3.357s] Level 1:colcon.colcon_core.environment:checking '/home/sunrise/amphibious_ws/install/my_carto_pkg/bin'
[3.360s] INFO:colcon.colcon_core.shell:Creating package script '/home/sunrise/amphibious_ws/install/my_carto_pkg/share/my_carto_pkg/package.ps1'
[3.367s] INFO:colcon.colcon_core.shell:Creating package descriptor '/home/sunrise/amphibious_ws/install/my_carto_pkg/share/my_carto_pkg/package.dsv'
[3.372s] INFO:colcon.colcon_core.shell:Creating package script '/home/sunrise/amphibious_ws/install/my_carto_pkg/share/my_carto_pkg/package.sh'
[3.401s] INFO:colcon.colcon_core.shell:Creating package script '/home/sunrise/amphibious_ws/install/my_carto_pkg/share/my_carto_pkg/package.bash'
[3.422s] INFO:colcon.colcon_core.shell:Creating package script '/home/sunrise/amphibious_ws/install/my_carto_pkg/share/my_carto_pkg/package.zsh'
[3.439s] Level 1:colcon.colcon_core.environment:create_file_with_runtime_dependencies(/home/sunrise/amphibious_ws/install/my_carto_pkg/share/colcon-core/packages/my_carto_pkg)
[3.443s] Level 1:colcon.colcon_core.environment:create_environment_scripts_only(my_carto_pkg)
[3.446s] Level 1:colcon.colcon_core.environment:checking '/home/sunrise/amphibious_ws/install/my_carto_pkg' for CMake module files
[3.449s] Level 1:colcon.colcon_core.environment:checking '/home/sunrise/amphibious_ws/install/my_carto_pkg' for CMake config files
[3.451s] Level 1:colcon.colcon_core.shell:create_environment_hook('my_carto_pkg', 'cmake_prefix_path')
[3.453s] INFO:colcon.colcon_core.shell:Creating environment hook '/home/sunrise/amphibious_ws/install/my_carto_pkg/share/my_carto_pkg/hook/cmake_prefix_path.ps1'
[3.458s] INFO:colcon.colcon_core.shell:Creating environment descriptor '/home/sunrise/amphibious_ws/install/my_carto_pkg/share/my_carto_pkg/hook/cmake_prefix_path.dsv'
[3.464s] INFO:colcon.colcon_core.shell:Creating environment hook '/home/sunrise/amphibious_ws/install/my_carto_pkg/share/my_carto_pkg/hook/cmake_prefix_path.sh'
[3.475s] Level 1:colcon.colcon_core.environment:checking '/home/sunrise/amphibious_ws/install/my_carto_pkg/bin'
[3.476s] Level 1:colcon.colcon_core.environment:checking '/home/sunrise/amphibious_ws/install/my_carto_pkg/lib/pkgconfig/my_carto_pkg.pc'
[3.478s] Level 1:colcon.colcon_core.environment:checking '/home/sunrise/amphibious_ws/install/my_carto_pkg/lib/python3.10/site-packages'
[3.479s] Level 1:colcon.colcon_core.environment:checking '/home/sunrise/amphibious_ws/install/my_carto_pkg/bin'
[3.482s] INFO:colcon.colcon_core.shell:Creating package script '/home/sunrise/amphibious_ws/install/my_carto_pkg/share/my_carto_pkg/package.ps1'
[3.487s] INFO:colcon.colcon_core.shell:Creating package descriptor '/home/sunrise/amphibious_ws/install/my_carto_pkg/share/my_carto_pkg/package.dsv'
[3.493s] INFO:colcon.colcon_core.shell:Creating package script '/home/sunrise/amphibious_ws/install/my_carto_pkg/share/my_carto_pkg/package.sh'
[3.498s] INFO:colcon.colcon_core.shell:Creating package script '/home/sunrise/amphibious_ws/install/my_carto_pkg/share/my_carto_pkg/package.bash'
[3.501s] INFO:colcon.colcon_core.shell:Creating package script '/home/sunrise/amphibious_ws/install/my_carto_pkg/share/my_carto_pkg/package.zsh'
[3.506s] Level 1:colcon.colcon_core.environment:create_file_with_runtime_dependencies(/home/sunrise/amphibious_ws/install/my_carto_pkg/share/colcon-core/packages/my_carto_pkg)
[3.521s] DEBUG:colcon.colcon_core.event_handler.log_command:Invoked command in '/home/sunrise/amphibious_ws/build/com_pkg' returned '0': CMAKE_PREFIX_PATH=${CMAKE_PREFIX_PATH}:/opt/ros/humble /usr/bin/cmake --build /home/sunrise/amphibious_ws/build/com_pkg -- -j8 -l8
[3.524s] DEBUG:colcon.colcon_core.event_handler.log_command:Invoking command in '/home/sunrise/amphibious_ws/build/com_pkg': CMAKE_PREFIX_PATH=${CMAKE_PREFIX_PATH}:/opt/ros/humble /usr/bin/cmake --install /home/sunrise/amphibious_ws/build/com_pkg
[3.537s] DEBUG:colcon.colcon_core.event_handler.log_command:Invoked command in '/home/sunrise/amphibious_ws/build/i2c_pkg' returned '0': CMAKE_PREFIX_PATH=${CMAKE_PREFIX_PATH}:/opt/ros/humble /usr/bin/cmake --build /home/sunrise/amphibious_ws/build/i2c_pkg -- -j8 -l8
[3.552s] DEBUG:colcon.colcon_core.event_handler.log_command:Invoking command in '/home/sunrise/amphibious_ws/build/i2c_pkg': CMAKE_PREFIX_PATH=${CMAKE_PREFIX_PATH}:/opt/ros/humble /usr/bin/cmake --install /home/sunrise/amphibious_ws/build/i2c_pkg
[3.591s] Level 1:colcon.colcon_core.environment:create_environment_scripts_only(com_pkg)
[3.593s] Level 1:colcon.colcon_core.environment:checking '/home/sunrise/amphibious_ws/install/com_pkg' for CMake module files
[3.603s] Level 1:colcon.colcon_core.environment:checking '/home/sunrise/amphibious_ws/install/com_pkg' for CMake config files
[3.605s] Level 1:colcon.colcon_core.shell:create_environment_hook('com_pkg', 'cmake_prefix_path')
[3.607s] INFO:colcon.colcon_core.shell:Creating environment hook '/home/sunrise/amphibious_ws/install/com_pkg/share/com_pkg/hook/cmake_prefix_path.ps1'
[3.617s] DEBUG:colcon.colcon_core.event_handler.log_command:Invoked command in '/home/sunrise/amphibious_ws/build/com_pkg' returned '0': CMAKE_PREFIX_PATH=${CMAKE_PREFIX_PATH}:/opt/ros/humble /usr/bin/cmake --install /home/sunrise/amphibious_ws/build/com_pkg
[3.622s] INFO:colcon.colcon_core.shell:Creating environment descriptor '/home/sunrise/amphibious_ws/install/com_pkg/share/com_pkg/hook/cmake_prefix_path.dsv'
[3.627s] INFO:colcon.colcon_core.shell:Creating environment hook '/home/sunrise/amphibious_ws/install/com_pkg/share/com_pkg/hook/cmake_prefix_path.sh'
[3.632s] Level 1:colcon.colcon_core.environment:checking '/home/sunrise/amphibious_ws/install/com_pkg/lib'
[3.633s] Level 1:colcon.colcon_core.environment:checking '/home/sunrise/amphibious_ws/install/com_pkg/bin'
[3.634s] Level 1:colcon.colcon_core.environment:checking '/home/sunrise/amphibious_ws/install/com_pkg/lib/pkgconfig/com_pkg.pc'
[3.636s] Level 1:colcon.colcon_core.environment:checking '/home/sunrise/amphibious_ws/install/com_pkg/lib/python3.10/site-packages'
[3.638s] Level 1:colcon.colcon_core.environment:checking '/home/sunrise/amphibious_ws/install/com_pkg/bin'
[3.640s] INFO:colcon.colcon_core.shell:Creating package script '/home/sunrise/amphibious_ws/install/com_pkg/share/com_pkg/package.ps1'
[3.661s] INFO:colcon.colcon_core.shell:Creating package descriptor '/home/sunrise/amphibious_ws/install/com_pkg/share/com_pkg/package.dsv'
[3.664s] INFO:colcon.colcon_core.shell:Creating package script '/home/sunrise/amphibious_ws/install/com_pkg/share/com_pkg/package.sh'
[3.668s] INFO:colcon.colcon_core.shell:Creating package script '/home/sunrise/amphibious_ws/install/com_pkg/share/com_pkg/package.bash'
[3.671s] INFO:colcon.colcon_core.shell:Creating package script '/home/sunrise/amphibious_ws/install/com_pkg/share/com_pkg/package.zsh'
[3.674s] Level 1:colcon.colcon_core.environment:create_file_with_runtime_dependencies(/home/sunrise/amphibious_ws/install/com_pkg/share/colcon-core/packages/com_pkg)
[3.679s] Level 1:colcon.colcon_core.environment:create_environment_scripts_only(com_pkg)
[3.681s] Level 1:colcon.colcon_core.environment:checking '/home/sunrise/amphibious_ws/install/com_pkg' for CMake module files
[3.685s] Level 1:colcon.colcon_core.environment:checking '/home/sunrise/amphibious_ws/install/com_pkg' for CMake config files
[3.687s] Level 1:colcon.colcon_core.shell:create_environment_hook('com_pkg', 'cmake_prefix_path')
[3.689s] INFO:colcon.colcon_core.shell:Creating environment hook '/home/sunrise/amphibious_ws/install/com_pkg/share/com_pkg/hook/cmake_prefix_path.ps1'
[3.693s] INFO:colcon.colcon_core.shell:Creating environment descriptor '/home/sunrise/amphibious_ws/install/com_pkg/share/com_pkg/hook/cmake_prefix_path.dsv'
[3.696s] INFO:colcon.colcon_core.shell:Creating environment hook '/home/sunrise/amphibious_ws/install/com_pkg/share/com_pkg/hook/cmake_prefix_path.sh'
[3.701s] Level 1:colcon.colcon_core.environment:checking '/home/sunrise/amphibious_ws/install/com_pkg/lib'
[3.702s] Level 1:colcon.colcon_core.environment:checking '/home/sunrise/amphibious_ws/install/com_pkg/bin'
[3.703s] Level 1:colcon.colcon_core.environment:checking '/home/sunrise/amphibious_ws/install/com_pkg/lib/pkgconfig/com_pkg.pc'
[3.705s] Level 1:colcon.colcon_core.environment:checking '/home/sunrise/amphibious_ws/install/com_pkg/lib/python3.10/site-packages'
[3.706s] Level 1:colcon.colcon_core.environment:checking '/home/sunrise/amphibious_ws/install/com_pkg/bin'
[3.709s] INFO:colcon.colcon_core.shell:Creating package script '/home/sunrise/amphibious_ws/install/com_pkg/share/com_pkg/package.ps1'
[3.714s] INFO:colcon.colcon_core.shell:Creating package descriptor '/home/sunrise/amphibious_ws/install/com_pkg/share/com_pkg/package.dsv'
[3.721s] INFO:colcon.colcon_core.shell:Creating package script '/home/sunrise/amphibious_ws/install/com_pkg/share/com_pkg/package.sh'
[3.725s] INFO:colcon.colcon_core.shell:Creating package script '/home/sunrise/amphibious_ws/install/com_pkg/share/com_pkg/package.bash'
[3.729s] INFO:colcon.colcon_core.shell:Creating package script '/home/sunrise/amphibious_ws/install/com_pkg/share/com_pkg/package.zsh'
[3.733s] Level 1:colcon.colcon_core.environment:create_file_with_runtime_dependencies(/home/sunrise/amphibious_ws/install/com_pkg/share/colcon-core/packages/com_pkg)
[3.742s] Level 1:colcon.colcon_core.environment:create_environment_scripts_only(i2c_pkg)
[3.744s] DEBUG:colcon.colcon_core.event_handler.log_command:Invoked command in '/home/sunrise/amphibious_ws/build/i2c_pkg' returned '0': CMAKE_PREFIX_PATH=${CMAKE_PREFIX_PATH}:/opt/ros/humble /usr/bin/cmake --install /home/sunrise/amphibious_ws/build/i2c_pkg
[3.746s] Level 1:colcon.colcon_core.environment:checking '/home/sunrise/amphibious_ws/install/i2c_pkg' for CMake module files
[3.751s] Level 1:colcon.colcon_core.environment:checking '/home/sunrise/amphibious_ws/install/i2c_pkg' for CMake config files
[3.753s] Level 1:colcon.colcon_core.shell:create_environment_hook('i2c_pkg', 'cmake_prefix_path')
[3.755s] INFO:colcon.colcon_core.shell:Creating environment hook '/home/sunrise/amphibious_ws/install/i2c_pkg/share/i2c_pkg/hook/cmake_prefix_path.ps1'
[3.760s] INFO:colcon.colcon_core.shell:Creating environment descriptor '/home/sunrise/amphibious_ws/install/i2c_pkg/share/i2c_pkg/hook/cmake_prefix_path.dsv'
[3.764s] INFO:colcon.colcon_core.shell:Creating environment hook '/home/sunrise/amphibious_ws/install/i2c_pkg/share/i2c_pkg/hook/cmake_prefix_path.sh'
[3.769s] Level 1:colcon.colcon_core.environment:checking '/home/sunrise/amphibious_ws/install/i2c_pkg/lib'
[3.770s] Level 1:colcon.colcon_core.environment:checking '/home/sunrise/amphibious_ws/install/i2c_pkg/bin'
[3.771s] Level 1:colcon.colcon_core.environment:checking '/home/sunrise/amphibious_ws/install/i2c_pkg/lib/pkgconfig/i2c_pkg.pc'
[3.773s] Level 1:colcon.colcon_core.environment:checking '/home/sunrise/amphibious_ws/install/i2c_pkg/lib/python3.10/site-packages'
[3.775s] Level 1:colcon.colcon_core.environment:checking '/home/sunrise/amphibious_ws/install/i2c_pkg/bin'
[3.777s] INFO:colcon.colcon_core.shell:Creating package script '/home/sunrise/amphibious_ws/install/i2c_pkg/share/i2c_pkg/package.ps1'
[3.782s] INFO:colcon.colcon_core.shell:Creating package descriptor '/home/sunrise/amphibious_ws/install/i2c_pkg/share/i2c_pkg/package.dsv'
[3.785s] INFO:colcon.colcon_core.shell:Creating package script '/home/sunrise/amphibious_ws/install/i2c_pkg/share/i2c_pkg/package.sh'
[3.789s] INFO:colcon.colcon_core.shell:Creating package script '/home/sunrise/amphibious_ws/install/i2c_pkg/share/i2c_pkg/package.bash'
[3.793s] INFO:colcon.colcon_core.shell:Creating package script '/home/sunrise/amphibious_ws/install/i2c_pkg/share/i2c_pkg/package.zsh'
[3.796s] Level 1:colcon.colcon_core.environment:create_file_with_runtime_dependencies(/home/sunrise/amphibious_ws/install/i2c_pkg/share/colcon-core/packages/i2c_pkg)
[3.801s] Level 1:colcon.colcon_core.environment:create_environment_scripts_only(i2c_pkg)
[3.803s] Level 1:colcon.colcon_core.environment:checking '/home/sunrise/amphibious_ws/install/i2c_pkg' for CMake module files
[3.807s] Level 1:colcon.colcon_core.environment:checking '/home/sunrise/amphibious_ws/install/i2c_pkg' for CMake config files
[3.808s] Level 1:colcon.colcon_core.shell:create_environment_hook('i2c_pkg', 'cmake_prefix_path')
[3.811s] INFO:colcon.colcon_core.shell:Creating environment hook '/home/sunrise/amphibious_ws/install/i2c_pkg/share/i2c_pkg/hook/cmake_prefix_path.ps1'
[3.814s] INFO:colcon.colcon_core.shell:Creating environment descriptor '/home/sunrise/amphibious_ws/install/i2c_pkg/share/i2c_pkg/hook/cmake_prefix_path.dsv'
[3.817s] INFO:colcon.colcon_core.shell:Creating environment hook '/home/sunrise/amphibious_ws/install/i2c_pkg/share/i2c_pkg/hook/cmake_prefix_path.sh'
[3.822s] Level 1:colcon.colcon_core.environment:checking '/home/sunrise/amphibious_ws/install/i2c_pkg/lib'
[3.823s] Level 1:colcon.colcon_core.environment:checking '/home/sunrise/amphibious_ws/install/i2c_pkg/bin'
[3.823s] Level 1:colcon.colcon_core.environment:checking '/home/sunrise/amphibious_ws/install/i2c_pkg/lib/pkgconfig/i2c_pkg.pc'
[3.825s] Level 1:colcon.colcon_core.environment:checking '/home/sunrise/amphibious_ws/install/i2c_pkg/lib/python3.10/site-packages'
[3.827s] Level 1:colcon.colcon_core.environment:checking '/home/sunrise/amphibious_ws/install/i2c_pkg/bin'
[3.829s] INFO:colcon.colcon_core.shell:Creating package script '/home/sunrise/amphibious_ws/install/i2c_pkg/share/i2c_pkg/package.ps1'
[3.833s] INFO:colcon.colcon_core.shell:Creating package descriptor '/home/sunrise/amphibious_ws/install/i2c_pkg/share/i2c_pkg/package.dsv'
[3.838s] INFO:colcon.colcon_core.shell:Creating package script '/home/sunrise/amphibious_ws/install/i2c_pkg/share/i2c_pkg/package.sh'
[3.842s] INFO:colcon.colcon_core.shell:Creating package script '/home/sunrise/amphibious_ws/install/i2c_pkg/share/i2c_pkg/package.bash'
[3.845s] INFO:colcon.colcon_core.shell:Creating package script '/home/sunrise/amphibious_ws/install/i2c_pkg/share/i2c_pkg/package.zsh'
[3.851s] Level 1:colcon.colcon_core.environment:create_file_with_runtime_dependencies(/home/sunrise/amphibious_ws/install/i2c_pkg/share/colcon-core/packages/i2c_pkg)
[5.852s] DEBUG:colcon.colcon_core.event_handler.log_command:Invoked command in '/home/sunrise/amphibious_ws/build/base' returned '0': CMAKE_PREFIX_PATH=${CMAKE_PREFIX_PATH}:/opt/ros/humble /usr/bin/cmake --build /home/sunrise/amphibious_ws/build/base -- -j8 -l8
[5.861s] DEBUG:colcon.colcon_core.event_handler.log_command:Invoking command in '/home/sunrise/amphibious_ws/build/base': CMAKE_PREFIX_PATH=${CMAKE_PREFIX_PATH}:/opt/ros/humble /usr/bin/cmake --install /home/sunrise/amphibious_ws/build/base
[6.265s] Level 1:colcon.colcon_core.environment:create_environment_scripts_only(base)
[6.267s] Level 1:colcon.colcon_core.environment:checking '/home/sunrise/amphibious_ws/install/base' for CMake module files
[6.279s] Level 1:colcon.colcon_core.environment:checking '/home/sunrise/amphibious_ws/install/base' for CMake config files
[6.302s] Level 1:colcon.colcon_core.shell:create_environment_hook('base', 'cmake_prefix_path')
[6.305s] INFO:colcon.colcon_core.shell:Creating environment hook '/home/sunrise/amphibious_ws/install/base/share/base/hook/cmake_prefix_path.ps1'
[6.311s] INFO:colcon.colcon_core.shell:Creating environment descriptor '/home/sunrise/amphibious_ws/install/base/share/base/hook/cmake_prefix_path.dsv'
[6.313s] DEBUG:colcon.colcon_core.event_handler.log_command:Invoked command in '/home/sunrise/amphibious_ws/build/base' returned '0': CMAKE_PREFIX_PATH=${CMAKE_PREFIX_PATH}:/opt/ros/humble /usr/bin/cmake --install /home/sunrise/amphibious_ws/build/base
[6.316s] INFO:colcon.colcon_core.shell:Creating environment hook '/home/sunrise/amphibious_ws/install/base/share/base/hook/cmake_prefix_path.sh'
[6.322s] Level 1:colcon.colcon_core.environment:checking '/home/sunrise/amphibious_ws/install/base/lib'
[6.322s] Level 1:colcon.colcon_core.shell:create_environment_hook('base', 'ld_library_path_lib')
[6.325s] INFO:colcon.colcon_core.shell:Creating environment hook '/home/sunrise/amphibious_ws/install/base/share/base/hook/ld_library_path_lib.ps1'
[6.328s] INFO:colcon.colcon_core.shell:Creating environment descriptor '/home/sunrise/amphibious_ws/install/base/share/base/hook/ld_library_path_lib.dsv'
[6.332s] INFO:colcon.colcon_core.shell:Creating environment hook '/home/sunrise/amphibious_ws/install/base/share/base/hook/ld_library_path_lib.sh'
[6.337s] Level 1:colcon.colcon_core.environment:checking '/home/sunrise/amphibious_ws/install/base/bin'
[6.338s] Level 1:colcon.colcon_core.environment:checking '/home/sunrise/amphibious_ws/install/base/lib/pkgconfig/base.pc'
[6.341s] Level 1:colcon.colcon_core.environment:checking '/home/sunrise/amphibious_ws/install/base/lib/python3.10/site-packages'
[6.343s] Level 1:colcon.colcon_core.environment:checking '/home/sunrise/amphibious_ws/install/base/bin'
[6.346s] INFO:colcon.colcon_core.shell:Creating package script '/home/sunrise/amphibious_ws/install/base/share/base/package.ps1'
[6.350s] INFO:colcon.colcon_core.shell:Creating package descriptor '/home/sunrise/amphibious_ws/install/base/share/base/package.dsv'
[6.354s] INFO:colcon.colcon_core.shell:Creating package script '/home/sunrise/amphibious_ws/install/base/share/base/package.sh'
[6.359s] INFO:colcon.colcon_core.shell:Creating package script '/home/sunrise/amphibious_ws/install/base/share/base/package.bash'
[6.363s] INFO:colcon.colcon_core.shell:Creating package script '/home/sunrise/amphibious_ws/install/base/share/base/package.zsh'
[6.366s] Level 1:colcon.colcon_core.environment:create_file_with_runtime_dependencies(/home/sunrise/amphibious_ws/install/base/share/colcon-core/packages/base)
[6.374s] Level 1:colcon.colcon_core.environment:create_environment_scripts_only(base)
[6.376s] Level 1:colcon.colcon_core.environment:checking '/home/sunrise/amphibious_ws/install/base' for CMake module files
[6.382s] Level 1:colcon.colcon_core.environment:checking '/home/sunrise/amphibious_ws/install/base' for CMake config files
[6.385s] Level 1:colcon.colcon_core.shell:create_environment_hook('base', 'cmake_prefix_path')
[6.387s] INFO:colcon.colcon_core.shell:Creating environment hook '/home/sunrise/amphibious_ws/install/base/share/base/hook/cmake_prefix_path.ps1'
[6.391s] INFO:colcon.colcon_core.shell:Creating environment descriptor '/home/sunrise/amphibious_ws/install/base/share/base/hook/cmake_prefix_path.dsv'
[6.394s] INFO:colcon.colcon_core.shell:Creating environment hook '/home/sunrise/amphibious_ws/install/base/share/base/hook/cmake_prefix_path.sh'
[6.399s] Level 1:colcon.colcon_core.environment:checking '/home/sunrise/amphibious_ws/install/base/lib'
[6.400s] Level 1:colcon.colcon_core.shell:create_environment_hook('base', 'ld_library_path_lib')
[6.402s] INFO:colcon.colcon_core.shell:Creating environment hook '/home/sunrise/amphibious_ws/install/base/share/base/hook/ld_library_path_lib.ps1'
[6.405s] INFO:colcon.colcon_core.shell:Creating environment descriptor '/home/sunrise/amphibious_ws/install/base/share/base/hook/ld_library_path_lib.dsv'
[6.409s] INFO:colcon.colcon_core.shell:Creating environment hook '/home/sunrise/amphibious_ws/install/base/share/base/hook/ld_library_path_lib.sh'
[6.412s] Level 1:colcon.colcon_core.environment:checking '/home/sunrise/amphibious_ws/install/base/bin'
[6.413s] Level 1:colcon.colcon_core.environment:checking '/home/sunrise/amphibious_ws/install/base/lib/pkgconfig/base.pc'
[6.415s] Level 1:colcon.colcon_core.environment:checking '/home/sunrise/amphibious_ws/install/base/lib/python3.10/site-packages'
[6.417s] Level 1:colcon.colcon_core.environment:checking '/home/sunrise/amphibious_ws/install/base/bin'
[6.420s] INFO:colcon.colcon_core.shell:Creating package script '/home/sunrise/amphibious_ws/install/base/share/base/package.ps1'
[6.425s] INFO:colcon.colcon_core.shell:Creating package descriptor '/home/sunrise/amphibious_ws/install/base/share/base/package.dsv'
[6.430s] INFO:colcon.colcon_core.shell:Creating package script '/home/sunrise/amphibious_ws/install/base/share/base/package.sh'
[6.434s] INFO:colcon.colcon_core.shell:Creating package script '/home/sunrise/amphibious_ws/install/base/share/base/package.bash'
[6.439s] INFO:colcon.colcon_core.shell:Creating package script '/home/sunrise/amphibious_ws/install/base/share/base/package.zsh'
[6.443s] Level 1:colcon.colcon_core.environment:create_file_with_runtime_dependencies(/home/sunrise/amphibious_ws/install/base/share/colcon-core/packages/base)
[6.449s] INFO:colcon.colcon_ros.task.ament_cmake.build:Building ROS package in '/home/sunrise/amphibious_ws/src/bluesea2/src/bluesea-ros2' with build type 'ament_cmake'
[6.451s] INFO:colcon.colcon_cmake.task.cmake.build:Building CMake package in '/home/sunrise/amphibious_ws/src/bluesea2/src/bluesea-ros2'
[6.453s] INFO:colcon.colcon_core.shell:Skip shell extension 'powershell' for command environment: Not usable outside of PowerShell
[6.454s] DEBUG:colcon.colcon_core.shell:Skip shell extension 'dsv' for command environment
[6.527s] DEBUG:colcon.colcon_core.event_handler.log_command:Invoking command in '/home/sunrise/amphibious_ws/build/bluesea2': CMAKE_PREFIX_PATH=/home/sunrise/amphibious_ws/install/base:/home/sunrise/amphibious_ws/install/my_carto_pkg:/home/sunrise/amphibious_ws/install/i2c_pkg:/home/sunrise/amphibious_ws/install/com_pkg:/home/sunrise/amphibious_ws/install/bluesea2:/home/sunrise/cartographer_ws/install/cartographer_rviz:/home/sunrise/cartographer_ws/install/cartographer_ros:/home/sunrise/cartographer_ws/install/cartographer_ros_msgs:/home/sunrise/cartographer_ws/install/cartographer:/home/sunrise/fly_ws/install/my_carto_pkg:/home/sunrise/fly_ws/install/com_pkg:/home/sunrise/fly_ws/install/bluesea2:/home/sunrise/fly_ws/install/base:/opt/ros/humble LD_LIBRARY_PATH=/home/sunrise/amphibious_ws/install/base/lib:/home/sunrise/cartographer_ws/install/cartographer_rviz/lib:/home/sunrise/cartographer_ws/install/cartographer_ros/lib:/home/sunrise/cartographer_ws/install/cartographer_ros_msgs/lib:/home/sunrise/fly_ws/install/base/lib:/opt/ros/humble/opt/rviz_ogre_vendor/lib:/opt/ros/humble/lib/aarch64-linux-gnu:/opt/ros/humble/lib:/usr/hobot/lib:/app/lib:/app/pub/lib:/middleware/lib:/middleware/pub/lib:/usr/hobot/lib/sensor:/system/lib:/system/usr/lib:/lib /usr/bin/cmake --build /home/sunrise/amphibious_ws/build/bluesea2 -- -j8 -l8
[6.926s] DEBUG:colcon.colcon_core.event_handler.log_command:Invoked command in '/home/sunrise/amphibious_ws/build/bluesea2' returned '0': CMAKE_PREFIX_PATH=/home/sunrise/amphibious_ws/install/base:/home/sunrise/amphibious_ws/install/my_carto_pkg:/home/sunrise/amphibious_ws/install/i2c_pkg:/home/sunrise/amphibious_ws/install/com_pkg:/home/sunrise/amphibious_ws/install/bluesea2:/home/sunrise/cartographer_ws/install/cartographer_rviz:/home/sunrise/cartographer_ws/install/cartographer_ros:/home/sunrise/cartographer_ws/install/cartographer_ros_msgs:/home/sunrise/cartographer_ws/install/cartographer:/home/sunrise/fly_ws/install/my_carto_pkg:/home/sunrise/fly_ws/install/com_pkg:/home/sunrise/fly_ws/install/bluesea2:/home/sunrise/fly_ws/install/base:/opt/ros/humble LD_LIBRARY_PATH=/home/sunrise/amphibious_ws/install/base/lib:/home/sunrise/cartographer_ws/install/cartographer_rviz/lib:/home/sunrise/cartographer_ws/install/cartographer_ros/lib:/home/sunrise/cartographer_ws/install/cartographer_ros_msgs/lib:/home/sunrise/fly_ws/install/base/lib:/opt/ros/humble/opt/rviz_ogre_vendor/lib:/opt/ros/humble/lib/aarch64-linux-gnu:/opt/ros/humble/lib:/usr/hobot/lib:/app/lib:/app/pub/lib:/middleware/lib:/middleware/pub/lib:/usr/hobot/lib/sensor:/system/lib:/system/usr/lib:/lib /usr/bin/cmake --build /home/sunrise/amphibious_ws/build/bluesea2 -- -j8 -l8
[6.929s] DEBUG:colcon.colcon_core.event_handler.log_command:Invoking command in '/home/sunrise/amphibious_ws/build/bluesea2': CMAKE_PREFIX_PATH=/home/sunrise/amphibious_ws/install/base:/home/sunrise/amphibious_ws/install/my_carto_pkg:/home/sunrise/amphibious_ws/install/i2c_pkg:/home/sunrise/amphibious_ws/install/com_pkg:/home/sunrise/amphibious_ws/install/bluesea2:/home/sunrise/cartographer_ws/install/cartographer_rviz:/home/sunrise/cartographer_ws/install/cartographer_ros:/home/sunrise/cartographer_ws/install/cartographer_ros_msgs:/home/sunrise/cartographer_ws/install/cartographer:/home/sunrise/fly_ws/install/my_carto_pkg:/home/sunrise/fly_ws/install/com_pkg:/home/sunrise/fly_ws/install/bluesea2:/home/sunrise/fly_ws/install/base:/opt/ros/humble LD_LIBRARY_PATH=/home/sunrise/amphibious_ws/install/base/lib:/home/sunrise/cartographer_ws/install/cartographer_rviz/lib:/home/sunrise/cartographer_ws/install/cartographer_ros/lib:/home/sunrise/cartographer_ws/install/cartographer_ros_msgs/lib:/home/sunrise/fly_ws/install/base/lib:/opt/ros/humble/opt/rviz_ogre_vendor/lib:/opt/ros/humble/lib/aarch64-linux-gnu:/opt/ros/humble/lib:/usr/hobot/lib:/app/lib:/app/pub/lib:/middleware/lib:/middleware/pub/lib:/usr/hobot/lib/sensor:/system/lib:/system/usr/lib:/lib /usr/bin/cmake --install /home/sunrise/amphibious_ws/build/bluesea2
[7.003s] Level 1:colcon.colcon_core.environment:create_environment_scripts_only(bluesea2)
[7.005s] Level 1:colcon.colcon_core.environment:checking '/home/sunrise/amphibious_ws/install/bluesea2' for CMake module files
[7.018s] Level 1:colcon.colcon_core.environment:checking '/home/sunrise/amphibious_ws/install/bluesea2' for CMake config files
[7.026s] Level 1:colcon.colcon_core.shell:create_environment_hook('bluesea2', 'cmake_prefix_path')
[7.027s] DEBUG:colcon.colcon_core.event_handler.log_command:Invoked command in '/home/sunrise/amphibious_ws/build/bluesea2' returned '0': CMAKE_PREFIX_PATH=/home/sunrise/amphibious_ws/install/base:/home/sunrise/amphibious_ws/install/my_carto_pkg:/home/sunrise/amphibious_ws/install/i2c_pkg:/home/sunrise/amphibious_ws/install/com_pkg:/home/sunrise/amphibious_ws/install/bluesea2:/home/sunrise/cartographer_ws/install/cartographer_rviz:/home/sunrise/cartographer_ws/install/cartographer_ros:/home/sunrise/cartographer_ws/install/cartographer_ros_msgs:/home/sunrise/cartographer_ws/install/cartographer:/home/sunrise/fly_ws/install/my_carto_pkg:/home/sunrise/fly_ws/install/com_pkg:/home/sunrise/fly_ws/install/bluesea2:/home/sunrise/fly_ws/install/base:/opt/ros/humble LD_LIBRARY_PATH=/home/sunrise/amphibious_ws/install/base/lib:/home/sunrise/cartographer_ws/install/cartographer_rviz/lib:/home/sunrise/cartographer_ws/install/cartographer_ros/lib:/home/sunrise/cartographer_ws/install/cartographer_ros_msgs/lib:/home/sunrise/fly_ws/install/base/lib:/opt/ros/humble/opt/rviz_ogre_vendor/lib:/opt/ros/humble/lib/aarch64-linux-gnu:/opt/ros/humble/lib:/usr/hobot/lib:/app/lib:/app/pub/lib:/middleware/lib:/middleware/pub/lib:/usr/hobot/lib/sensor:/system/lib:/system/usr/lib:/lib /usr/bin/cmake --install /home/sunrise/amphibious_ws/build/bluesea2
[7.029s] INFO:colcon.colcon_core.shell:Creating environment hook '/home/sunrise/amphibious_ws/install/bluesea2/share/bluesea2/hook/cmake_prefix_path.ps1'
[7.033s] INFO:colcon.colcon_core.shell:Creating environment descriptor '/home/sunrise/amphibious_ws/install/bluesea2/share/bluesea2/hook/cmake_prefix_path.dsv'
[7.036s] INFO:colcon.colcon_core.shell:Creating environment hook '/home/sunrise/amphibious_ws/install/bluesea2/share/bluesea2/hook/cmake_prefix_path.sh'
[7.042s] Level 1:colcon.colcon_core.environment:checking '/home/sunrise/amphibious_ws/install/bluesea2/lib'
[7.043s] Level 1:colcon.colcon_core.environment:checking '/home/sunrise/amphibious_ws/install/bluesea2/bin'
[7.043s] Level 1:colcon.colcon_core.environment:checking '/home/sunrise/amphibious_ws/install/bluesea2/lib/pkgconfig/bluesea2.pc'
[7.045s] Level 1:colcon.colcon_core.environment:checking '/home/sunrise/amphibious_ws/install/bluesea2/lib/python3.10/site-packages'
[7.047s] Level 1:colcon.colcon_core.environment:checking '/home/sunrise/amphibious_ws/install/bluesea2/bin'
[7.049s] INFO:colcon.colcon_core.shell:Creating package script '/home/sunrise/amphibious_ws/install/bluesea2/share/bluesea2/package.ps1'
[7.053s] INFO:colcon.colcon_core.shell:Creating package descriptor '/home/sunrise/amphibious_ws/install/bluesea2/share/bluesea2/package.dsv'
[7.056s] INFO:colcon.colcon_core.shell:Creating package script '/home/sunrise/amphibious_ws/install/bluesea2/share/bluesea2/package.sh'
[7.059s] INFO:colcon.colcon_core.shell:Creating package script '/home/sunrise/amphibious_ws/install/bluesea2/share/bluesea2/package.bash'
[7.062s] INFO:colcon.colcon_core.shell:Creating package script '/home/sunrise/amphibious_ws/install/bluesea2/share/bluesea2/package.zsh'
[7.067s] Level 1:colcon.colcon_core.environment:create_file_with_runtime_dependencies(/home/sunrise/amphibious_ws/install/bluesea2/share/colcon-core/packages/bluesea2)
[7.071s] Level 1:colcon.colcon_core.environment:create_environment_scripts_only(bluesea2)
[7.073s] Level 1:colcon.colcon_core.environment:checking '/home/sunrise/amphibious_ws/install/bluesea2' for CMake module files
[7.077s] Level 1:colcon.colcon_core.environment:checking '/home/sunrise/amphibious_ws/install/bluesea2' for CMake config files
[7.078s] Level 1:colcon.colcon_core.shell:create_environment_hook('bluesea2', 'cmake_prefix_path')
[7.081s] INFO:colcon.colcon_core.shell:Creating environment hook '/home/sunrise/amphibious_ws/install/bluesea2/share/bluesea2/hook/cmake_prefix_path.ps1'
[7.088s] INFO:colcon.colcon_core.shell:Creating environment descriptor '/home/sunrise/amphibious_ws/install/bluesea2/share/bluesea2/hook/cmake_prefix_path.dsv'
[7.091s] INFO:colcon.colcon_core.shell:Creating environment hook '/home/sunrise/amphibious_ws/install/bluesea2/share/bluesea2/hook/cmake_prefix_path.sh'
[7.097s] Level 1:colcon.colcon_core.environment:checking '/home/sunrise/amphibious_ws/install/bluesea2/lib'
[7.098s] Level 1:colcon.colcon_core.environment:checking '/home/sunrise/amphibious_ws/install/bluesea2/bin'
[7.099s] Level 1:colcon.colcon_core.environment:checking '/home/sunrise/amphibious_ws/install/bluesea2/lib/pkgconfig/bluesea2.pc'
[7.101s] Level 1:colcon.colcon_core.environment:checking '/home/sunrise/amphibious_ws/install/bluesea2/lib/python3.10/site-packages'
[7.103s] Level 1:colcon.colcon_core.environment:checking '/home/sunrise/amphibious_ws/install/bluesea2/bin'
[7.106s] INFO:colcon.colcon_core.shell:Creating package script '/home/sunrise/amphibious_ws/install/bluesea2/share/bluesea2/package.ps1'
[7.110s] INFO:colcon.colcon_core.shell:Creating package descriptor '/home/sunrise/amphibious_ws/install/bluesea2/share/bluesea2/package.dsv'
[7.114s] INFO:colcon.colcon_core.shell:Creating package script '/home/sunrise/amphibious_ws/install/bluesea2/share/bluesea2/package.sh'
[7.118s] INFO:colcon.colcon_core.shell:Creating package script '/home/sunrise/amphibious_ws/install/bluesea2/share/bluesea2/package.bash'
[7.122s] INFO:colcon.colcon_core.shell:Creating package script '/home/sunrise/amphibious_ws/install/bluesea2/share/bluesea2/package.zsh'
[7.126s] Level 1:colcon.colcon_core.environment:create_file_with_runtime_dependencies(/home/sunrise/amphibious_ws/install/bluesea2/share/colcon-core/packages/bluesea2)
[7.130s] DEBUG:colcon.colcon_parallel_executor.executor.parallel:closing loop
[7.132s] DEBUG:colcon.colcon_parallel_executor.executor.parallel:loop closed
[7.133s] DEBUG:colcon.colcon_parallel_executor.executor.parallel:run_until_complete finished with '0'
[7.134s] DEBUG:colcon.colcon_core.event_reactor:joining thread
[7.171s] INFO:colcon.colcon_core.plugin_system:Skipping extension 'colcon_notification.desktop_notification.notify_send': Could not find 'notify-send'
[7.172s] INFO:colcon.colcon_core.plugin_system:Skipping extension 'colcon_notification.desktop_notification.terminal_notifier': Not used on non-Darwin systems
[7.173s] INFO:colcon.colcon_core.plugin_system:Skipping extension 'colcon_notification.desktop_notification.win32': Not used on non-Windows systems
[7.174s] INFO:colcon.colcon_notification.desktop_notification:Sending desktop notification using 'notify2'
[7.211s] DEBUG:colcon.colcon_core.event_reactor:joined thread
[7.213s] INFO:colcon.colcon_core.shell:Creating prefix script '/home/sunrise/amphibious_ws/install/local_setup.ps1'
[7.223s] INFO:colcon.colcon_core.shell:Creating prefix util module '/home/sunrise/amphibious_ws/install/_local_setup_util_ps1.py'
[7.235s] INFO:colcon.colcon_core.shell:Creating prefix chain script '/home/sunrise/amphibious_ws/install/setup.ps1'
[7.247s] INFO:colcon.colcon_core.shell:Creating prefix script '/home/sunrise/amphibious_ws/install/local_setup.sh'
[7.252s] INFO:colcon.colcon_core.shell:Creating prefix util module '/home/sunrise/amphibious_ws/install/_local_setup_util_sh.py'
[7.257s] INFO:colcon.colcon_core.shell:Creating prefix chain script '/home/sunrise/amphibious_ws/install/setup.sh'
[7.269s] INFO:colcon.colcon_core.shell:Creating prefix script '/home/sunrise/amphibious_ws/install/local_setup.bash'
[7.274s] INFO:colcon.colcon_core.shell:Creating prefix chain script '/home/sunrise/amphibious_ws/install/setup.bash'
[7.285s] INFO:colcon.colcon_core.shell:Creating prefix script '/home/sunrise/amphibious_ws/install/local_setup.zsh'
[7.290s] INFO:colcon.colcon_core.shell:Creating prefix chain script '/home/sunrise/amphibious_ws/install/setup.zsh'
