[0.204s] Invoking command in '/home/sunrise/amphibious_ws/build/camera_pkg': CMAKE_PREFIX_PATH=${CMAKE_PREFIX_PATH}:/opt/tros/humble:/opt/ros/humble /usr/bin/cmake --build /home/sunrise/amphibious_ws/build/camera_pkg -- -j8 -l8
[0.566s] [35m[1mConsolidate compiler generated dependencies of target camera_pub[0m
[0.784s] [ 50%] [32mBuilding CXX object CMakeFiles/camera_pub.dir/src/camera_pub.cpp.o[0m
[39.047s] [100%] [32m[1mLinking CXX executable camera_pub[0m
[43.263s] [100%] Built target camera_pub
[43.333s] Invoked command in '/home/sunrise/amphibious_ws/build/camera_pkg' returned '0': CMAKE_PREFIX_PATH=${CMAKE_PREFIX_PATH}:/opt/tros/humble:/opt/ros/humble /usr/bin/cmake --build /home/sunrise/amphibious_ws/build/camera_pkg -- -j8 -l8
[43.346s] Invoking command in '/home/sunrise/amphibious_ws/build/camera_pkg': CMAKE_PREFIX_PATH=${CMAKE_PREFIX_PATH}:/opt/tros/humble:/opt/ros/humble /usr/bin/cmake --install /home/sunrise/amphibious_ws/build/camera_pkg
[43.387s] -- Install configuration: ""
[43.389s] -- Installing: /home/sunrise/amphibious_ws/install/camera_pkg/lib/camera_pkg/camera_pub
[43.399s] -- Set runtime path of "/home/sunrise/amphibious_ws/install/camera_pkg/lib/camera_pkg/camera_pub" to ""
[43.400s] -- Up-to-date: /home/sunrise/amphibious_ws/install/camera_pkg/share/ament_index/resource_index/package_run_dependencies/camera_pkg
[43.401s] -- Up-to-date: /home/sunrise/amphibious_ws/install/camera_pkg/share/ament_index/resource_index/parent_prefix_path/camera_pkg
[43.401s] -- Up-to-date: /home/sunrise/amphibious_ws/install/camera_pkg/share/camera_pkg/environment/ament_prefix_path.sh
[43.402s] -- Up-to-date: /home/sunrise/amphibious_ws/install/camera_pkg/share/camera_pkg/environment/ament_prefix_path.dsv
[43.402s] -- Up-to-date: /home/sunrise/amphibious_ws/install/camera_pkg/share/camera_pkg/environment/path.sh
[43.403s] -- Up-to-date: /home/sunrise/amphibious_ws/install/camera_pkg/share/camera_pkg/environment/path.dsv
[43.403s] -- Up-to-date: /home/sunrise/amphibious_ws/install/camera_pkg/share/camera_pkg/local_setup.bash
[43.404s] -- Up-to-date: /home/sunrise/amphibious_ws/install/camera_pkg/share/camera_pkg/local_setup.sh
[43.404s] -- Up-to-date: /home/sunrise/amphibious_ws/install/camera_pkg/share/camera_pkg/local_setup.zsh
[43.405s] -- Up-to-date: /home/sunrise/amphibious_ws/install/camera_pkg/share/camera_pkg/local_setup.dsv
[43.405s] -- Installing: /home/sunrise/amphibious_ws/install/camera_pkg/share/camera_pkg/package.dsv
[43.406s] -- Up-to-date: /home/sunrise/amphibious_ws/install/camera_pkg/share/ament_index/resource_index/packages/camera_pkg
[43.406s] -- Up-to-date: /home/sunrise/amphibious_ws/install/camera_pkg/share/camera_pkg/cmake/camera_pkgConfig.cmake
[43.407s] -- Up-to-date: /home/sunrise/amphibious_ws/install/camera_pkg/share/camera_pkg/cmake/camera_pkgConfig-version.cmake
[43.407s] -- Up-to-date: /home/sunrise/amphibious_ws/install/camera_pkg/share/camera_pkg/package.xml
[43.416s] Invoked command in '/home/sunrise/amphibious_ws/build/camera_pkg' returned '0': CMAKE_PREFIX_PATH=${CMAKE_PREFIX_PATH}:/opt/tros/humble:/opt/ros/humble /usr/bin/cmake --install /home/sunrise/amphibious_ws/build/camera_pkg
