[0.292s] Invoking command in '/home/sunrise/amphibious_ws/build/lifecycle_control_pkg': CMAKE_PREFIX_PATH=${CMAKE_PREFIX_PATH}:/home/sunrise/amphibious_ws/install/yolo_detect_pkg:/opt/tros/humble:/opt/ros/humble /usr/bin/cmake --build /home/sunrise/amphibious_ws/build/lifecycle_control_pkg -- -j8 -l8
[3.518s] [100%] Built target lifecycle_control_node
[3.589s] Invoked command in '/home/sunrise/amphibious_ws/build/lifecycle_control_pkg' returned '0': CMAKE_PREFIX_PATH=${CMAKE_PREFIX_PATH}:/home/sunrise/amphibious_ws/install/yolo_detect_pkg:/opt/tros/humble:/opt/ros/humble /usr/bin/cmake --build /home/sunrise/amphibious_ws/build/lifecycle_control_pkg -- -j8 -l8
[3.593s] Invoking command in '/home/sunrise/amphibious_ws/build/lifecycle_control_pkg': CMAKE_PREFIX_PATH=${CMAKE_PREFIX_PATH}:/home/sunrise/amphibious_ws/install/yolo_detect_pkg:/opt/tros/humble:/opt/ros/humble /usr/bin/cmake --install /home/sunrise/amphibious_ws/build/lifecycle_control_pkg
[3.760s] -- Install configuration: ""
[3.760s] -- Up-to-date: /home/sunrise/amphibious_ws/install/lifecycle_control_pkg/lib/lifecycle_control_pkg/lifecycle_control_node
[3.761s] -- Up-to-date: /home/sunrise/amphibious_ws/install/lifecycle_control_pkg/share/ament_index/resource_index/package_run_dependencies/lifecycle_control_pkg
[3.762s] -- Up-to-date: /home/sunrise/amphibious_ws/install/lifecycle_control_pkg/share/ament_index/resource_index/parent_prefix_path/lifecycle_control_pkg
[3.807s] -- Up-to-date: /home/sunrise/amphibious_ws/install/lifecycle_control_pkg/share/lifecycle_control_pkg/environment/ament_prefix_path.sh
[3.809s] -- Up-to-date: /home/sunrise/amphibious_ws/install/lifecycle_control_pkg/share/lifecycle_control_pkg/environment/ament_prefix_path.dsv
[3.810s] -- Up-to-date: /home/sunrise/amphibious_ws/install/lifecycle_control_pkg/share/lifecycle_control_pkg/environment/path.sh
[3.810s] -- Up-to-date: /home/sunrise/amphibious_ws/install/lifecycle_control_pkg/share/lifecycle_control_pkg/environment/path.dsv
[3.811s] -- Up-to-date: /home/sunrise/amphibious_ws/install/lifecycle_control_pkg/share/lifecycle_control_pkg/local_setup.bash
[3.812s] -- Up-to-date: /home/sunrise/amphibious_ws/install/lifecycle_control_pkg/share/lifecycle_control_pkg/local_setup.sh
[3.813s] -- Up-to-date: /home/sunrise/amphibious_ws/install/lifecycle_control_pkg/share/lifecycle_control_pkg/local_setup.zsh
[3.813s] -- Up-to-date: /home/sunrise/amphibious_ws/install/lifecycle_control_pkg/share/lifecycle_control_pkg/local_setup.dsv
[3.814s] -- Installing: /home/sunrise/amphibious_ws/install/lifecycle_control_pkg/share/lifecycle_control_pkg/package.dsv
[3.815s] -- Up-to-date: /home/sunrise/amphibious_ws/install/lifecycle_control_pkg/share/ament_index/resource_index/packages/lifecycle_control_pkg
[3.827s] -- Up-to-date: /home/sunrise/amphibious_ws/install/lifecycle_control_pkg/share/lifecycle_control_pkg/cmake/lifecycle_control_pkgConfig.cmake
[3.828s] -- Up-to-date: /home/sunrise/amphibious_ws/install/lifecycle_control_pkg/share/lifecycle_control_pkg/cmake/lifecycle_control_pkgConfig-version.cmake
[3.829s] -- Up-to-date: /home/sunrise/amphibious_ws/install/lifecycle_control_pkg/share/lifecycle_control_pkg/package.xml
[4.091s] Invoked command in '/home/sunrise/amphibious_ws/build/lifecycle_control_pkg' returned '0': CMAKE_PREFIX_PATH=${CMAKE_PREFIX_PATH}:/home/sunrise/amphibious_ws/install/yolo_detect_pkg:/opt/tros/humble:/opt/ros/humble /usr/bin/cmake --install /home/sunrise/amphibious_ws/build/lifecycle_control_pkg
