[  9%] Built target car_drive_pid
[ 18%] Built target pid
[ 27%] Built target car_drive_pid_pwm
[ 31%] [32mBuilding CXX object CMakeFiles/pid_velocity_lifecycle.dir/src/pid_velocity_lifecycle.cpp.o[0m
[ 40%] Built target target_pub
[ 45%] [32mBuilding CXX object CMakeFiles/pid_lifecycle.dir/src/pid_lifecycle.cpp.o[0m
[ 54%] Built target pid_velocity
[ 63%] Built target car_drive
[ 68%] [32mBuilding CXX object CMakeFiles/car_drive_pid_pwm_lifecycle.dir/src/car_drive_pid_pwm_lifecycle.cpp.o[0m
[ 77%] Built target velocity_by_encoder
[ 86%] Built target velocity_by_encoder_lifecycle
[ 90%] [32m[1mLinking CXX executable car_drive_pid_pwm_lifecycle[0m
[ 95%] [32m[1mLinking CXX executable pid_velocity_lifecycle[0m
[ 95%] Built target car_drive_pid_pwm_lifecycle
[100%] [32m[1mLinking CXX executable pid_lifecycle[0m
[100%] Built target pid_velocity_lifecycle
[100%] Built target pid_lifecycle
-- Install configuration: ""
-- Up-to-date: /home/sunrise/amphibious_ws/install/i2c_pkg/lib/i2c_pkg/car_drive
-- Up-to-date: /home/sunrise/amphibious_ws/install/i2c_pkg/lib/i2c_pkg/pid
-- Up-to-date: /home/sunrise/amphibious_ws/install/i2c_pkg/lib/i2c_pkg/car_drive_pid
-- Up-to-date: /home/sunrise/amphibious_ws/install/i2c_pkg/lib/i2c_pkg/target_pub
-- Up-to-date: /home/sunrise/amphibious_ws/install/i2c_pkg/lib/i2c_pkg/pid_velocity
-- Up-to-date: /home/sunrise/amphibious_ws/install/i2c_pkg/lib/i2c_pkg/car_drive_pid_pwm
-- Installing: /home/sunrise/amphibious_ws/install/i2c_pkg/lib/i2c_pkg/pid_lifecycle
-- Set runtime path of "/home/sunrise/amphibious_ws/install/i2c_pkg/lib/i2c_pkg/pid_lifecycle" to ""
-- Installing: /home/sunrise/amphibious_ws/install/i2c_pkg/lib/i2c_pkg/pid_velocity_lifecycle
-- Set runtime path of "/home/sunrise/amphibious_ws/install/i2c_pkg/lib/i2c_pkg/pid_velocity_lifecycle" to ""
-- Installing: /home/sunrise/amphibious_ws/install/i2c_pkg/lib/i2c_pkg/car_drive_pid_pwm_lifecycle
-- Set runtime path of "/home/sunrise/amphibious_ws/install/i2c_pkg/lib/i2c_pkg/car_drive_pid_pwm_lifecycle" to ""
-- Up-to-date: /home/sunrise/amphibious_ws/install/i2c_pkg/lib/i2c_pkg/velocity_by_encoder
-- Up-to-date: /home/sunrise/amphibious_ws/install/i2c_pkg/lib/i2c_pkg/velocity_by_encoder_lifecycle
-- Up-to-date: /home/sunrise/amphibious_ws/install/i2c_pkg/share/i2c_pkg/launch
-- Up-to-date: /home/sunrise/amphibious_ws/install/i2c_pkg/share/i2c_pkg/launch/car_drive.launch.py
-- Up-to-date: /home/sunrise/amphibious_ws/install/i2c_pkg/share/ament_index/resource_index/package_run_dependencies/i2c_pkg
-- Up-to-date: /home/sunrise/amphibious_ws/install/i2c_pkg/share/ament_index/resource_index/parent_prefix_path/i2c_pkg
-- Up-to-date: /home/sunrise/amphibious_ws/install/i2c_pkg/share/i2c_pkg/environment/ament_prefix_path.sh
-- Up-to-date: /home/sunrise/amphibious_ws/install/i2c_pkg/share/i2c_pkg/environment/ament_prefix_path.dsv
-- Up-to-date: /home/sunrise/amphibious_ws/install/i2c_pkg/share/i2c_pkg/environment/path.sh
-- Up-to-date: /home/sunrise/amphibious_ws/install/i2c_pkg/share/i2c_pkg/environment/path.dsv
-- Up-to-date: /home/sunrise/amphibious_ws/install/i2c_pkg/share/i2c_pkg/local_setup.bash
-- Up-to-date: /home/sunrise/amphibious_ws/install/i2c_pkg/share/i2c_pkg/local_setup.sh
-- Up-to-date: /home/sunrise/amphibious_ws/install/i2c_pkg/share/i2c_pkg/local_setup.zsh
-- Up-to-date: /home/sunrise/amphibious_ws/install/i2c_pkg/share/i2c_pkg/local_setup.dsv
-- Installing: /home/sunrise/amphibious_ws/install/i2c_pkg/share/i2c_pkg/package.dsv
-- Up-to-date: /home/sunrise/amphibious_ws/install/i2c_pkg/share/ament_index/resource_index/packages/i2c_pkg
-- Up-to-date: /home/sunrise/amphibious_ws/install/i2c_pkg/share/i2c_pkg/cmake/i2c_pkgConfig.cmake
-- Up-to-date: /home/sunrise/amphibious_ws/install/i2c_pkg/share/i2c_pkg/cmake/i2c_pkgConfig-version.cmake
-- Up-to-date: /home/sunrise/amphibious_ws/install/i2c_pkg/share/i2c_pkg/package.xml
