[0.317s] Invoking command in '/home/sunrise/amphibious_ws/build/i2c_pkg': CMAKE_PREFIX_PATH=${CMAKE_PREFIX_PATH}:/home/sunrise/amphibious_ws/install/yolo_detect_pkg:/opt/tros/humble:/opt/ros/humble /usr/bin/cmake --build /home/sunrise/amphibious_ws/build/i2c_pkg -- -j8 -l8
[4.040s] [  9%] Built target car_drive_pid
[4.041s] [ 18%] Built target pid
[4.042s] [ 27%] Built target car_drive_pid_pwm
[4.043s] [ 31%] [32mBuilding CXX object CMakeFiles/pid_velocity_lifecycle.dir/src/pid_velocity_lifecycle.cpp.o[0m
[4.044s] [ 40%] Built target target_pub
[4.045s] [ 45%] [32mBuilding CXX object CMakeFiles/pid_lifecycle.dir/src/pid_lifecycle.cpp.o[0m
[4.045s] [ 54%] Built target pid_velocity
[4.046s] [ 63%] Built target car_drive
[4.047s] [ 68%] [32mBuilding CXX object CMakeFiles/car_drive_pid_pwm_lifecycle.dir/src/car_drive_pid_pwm_lifecycle.cpp.o[0m
[4.048s] [ 77%] Built target velocity_by_encoder
[4.049s] [ 86%] Built target velocity_by_encoder_lifecycle
[62.412s] [ 90%] [32m[1mLinking CXX executable car_drive_pid_pwm_lifecycle[0m
[63.855s] [ 95%] [32m[1mLinking CXX executable pid_velocity_lifecycle[0m
[66.774s] [ 95%] Built target car_drive_pid_pwm_lifecycle
[67.084s] [100%] [32m[1mLinking CXX executable pid_lifecycle[0m
[67.699s] [100%] Built target pid_velocity_lifecycle
[71.284s] [100%] Built target pid_lifecycle
[71.339s] Invoked command in '/home/sunrise/amphibious_ws/build/i2c_pkg' returned '0': CMAKE_PREFIX_PATH=${CMAKE_PREFIX_PATH}:/home/sunrise/amphibious_ws/install/yolo_detect_pkg:/opt/tros/humble:/opt/ros/humble /usr/bin/cmake --build /home/sunrise/amphibious_ws/build/i2c_pkg -- -j8 -l8
[71.346s] Invoking command in '/home/sunrise/amphibious_ws/build/i2c_pkg': CMAKE_PREFIX_PATH=${CMAKE_PREFIX_PATH}:/home/sunrise/amphibious_ws/install/yolo_detect_pkg:/opt/tros/humble:/opt/ros/humble /usr/bin/cmake --install /home/sunrise/amphibious_ws/build/i2c_pkg
[71.386s] -- Install configuration: ""
[71.386s] -- Up-to-date: /home/sunrise/amphibious_ws/install/i2c_pkg/lib/i2c_pkg/car_drive
[71.387s] -- Up-to-date: /home/sunrise/amphibious_ws/install/i2c_pkg/lib/i2c_pkg/pid
[71.389s] -- Up-to-date: /home/sunrise/amphibious_ws/install/i2c_pkg/lib/i2c_pkg/car_drive_pid
[71.390s] -- Up-to-date: /home/sunrise/amphibious_ws/install/i2c_pkg/lib/i2c_pkg/target_pub
[71.391s] -- Up-to-date: /home/sunrise/amphibious_ws/install/i2c_pkg/lib/i2c_pkg/pid_velocity
[71.393s] -- Up-to-date: /home/sunrise/amphibious_ws/install/i2c_pkg/lib/i2c_pkg/car_drive_pid_pwm
[71.394s] -- Installing: /home/sunrise/amphibious_ws/install/i2c_pkg/lib/i2c_pkg/pid_lifecycle
[71.425s] -- Set runtime path of "/home/sunrise/amphibious_ws/install/i2c_pkg/lib/i2c_pkg/pid_lifecycle" to ""
[71.426s] -- Installing: /home/sunrise/amphibious_ws/install/i2c_pkg/lib/i2c_pkg/pid_velocity_lifecycle
[71.459s] -- Set runtime path of "/home/sunrise/amphibious_ws/install/i2c_pkg/lib/i2c_pkg/pid_velocity_lifecycle" to ""
[71.460s] -- Installing: /home/sunrise/amphibious_ws/install/i2c_pkg/lib/i2c_pkg/car_drive_pid_pwm_lifecycle
[71.491s] -- Set runtime path of "/home/sunrise/amphibious_ws/install/i2c_pkg/lib/i2c_pkg/car_drive_pid_pwm_lifecycle" to ""
[71.492s] -- Up-to-date: /home/sunrise/amphibious_ws/install/i2c_pkg/lib/i2c_pkg/velocity_by_encoder
[71.493s] -- Up-to-date: /home/sunrise/amphibious_ws/install/i2c_pkg/lib/i2c_pkg/velocity_by_encoder_lifecycle
[71.494s] -- Up-to-date: /home/sunrise/amphibious_ws/install/i2c_pkg/share/i2c_pkg/launch
[71.495s] -- Up-to-date: /home/sunrise/amphibious_ws/install/i2c_pkg/share/i2c_pkg/launch/car_drive.launch.py
[71.496s] -- Up-to-date: /home/sunrise/amphibious_ws/install/i2c_pkg/share/ament_index/resource_index/package_run_dependencies/i2c_pkg
[71.497s] -- Up-to-date: /home/sunrise/amphibious_ws/install/i2c_pkg/share/ament_index/resource_index/parent_prefix_path/i2c_pkg
[71.498s] -- Up-to-date: /home/sunrise/amphibious_ws/install/i2c_pkg/share/i2c_pkg/environment/ament_prefix_path.sh
[71.499s] -- Up-to-date: /home/sunrise/amphibious_ws/install/i2c_pkg/share/i2c_pkg/environment/ament_prefix_path.dsv
[71.499s] -- Up-to-date: /home/sunrise/amphibious_ws/install/i2c_pkg/share/i2c_pkg/environment/path.sh
[71.500s] -- Up-to-date: /home/sunrise/amphibious_ws/install/i2c_pkg/share/i2c_pkg/environment/path.dsv
[71.501s] -- Up-to-date: /home/sunrise/amphibious_ws/install/i2c_pkg/share/i2c_pkg/local_setup.bash
[71.501s] -- Up-to-date: /home/sunrise/amphibious_ws/install/i2c_pkg/share/i2c_pkg/local_setup.sh
[71.502s] -- Up-to-date: /home/sunrise/amphibious_ws/install/i2c_pkg/share/i2c_pkg/local_setup.zsh
[71.502s] -- Up-to-date: /home/sunrise/amphibious_ws/install/i2c_pkg/share/i2c_pkg/local_setup.dsv
[71.503s] -- Installing: /home/sunrise/amphibious_ws/install/i2c_pkg/share/i2c_pkg/package.dsv
[71.503s] -- Up-to-date: /home/sunrise/amphibious_ws/install/i2c_pkg/share/ament_index/resource_index/packages/i2c_pkg
[71.504s] -- Up-to-date: /home/sunrise/amphibious_ws/install/i2c_pkg/share/i2c_pkg/cmake/i2c_pkgConfig.cmake
[71.504s] -- Up-to-date: /home/sunrise/amphibious_ws/install/i2c_pkg/share/i2c_pkg/cmake/i2c_pkgConfig-version.cmake
[71.505s] -- Up-to-date: /home/sunrise/amphibious_ws/install/i2c_pkg/share/i2c_pkg/package.xml
[71.512s] Invoked command in '/home/sunrise/amphibious_ws/build/i2c_pkg' returned '0': CMAKE_PREFIX_PATH=${CMAKE_PREFIX_PATH}:/home/sunrise/amphibious_ws/install/yolo_detect_pkg:/opt/tros/humble:/opt/ros/humble /usr/bin/cmake --install /home/sunrise/amphibious_ws/build/i2c_pkg
