[0.718s] DEBUG:colcon:Command line arguments: ['/usr/bin/colcon', 'build']
[0.719s] DEBUG:colcon:Parsed command line arguments: Namespace(log_base=None, log_level=None, verb_name='build', build_base='build', install_base='install', merge_install=False, symlink_install=False, test_result_base=None, continue_on_error=False, executor='parallel', parallel_workers=8, event_handlers=None, ignore_user_meta=False, metas=['./colcon.meta'], base_paths=['.'], packages_ignore=None, packages_ignore_regex=None, paths=None, packages_up_to=None, packages_up_to_regex=None, packages_above=None, packages_above_and_dependencies=None, packages_above_depth=None, packages_select_by_dep=None, packages_skip_by_dep=None, packages_skip_up_to=None, packages_select_build_failed=False, packages_skip_build_finished=False, packages_select_test_failures=False, packages_skip_test_passed=False, packages_select=None, packages_skip=None, packages_select_regex=None, packages_skip_regex=None, packages_start=None, packages_end=None, allow_overriding=[], cmake_args=None, cmake_target=None, cmake_target_skip_unavailable=False, cmake_clean_cache=False, cmake_clean_first=False, cmake_force_configure=False, ament_cmake_args=None, catkin_cmake_args=None, catkin_skip_building_tests=False, verb_parser=<colcon_defaults.argument_parser.defaults.DefaultArgumentsDecorator object at 0xffffa4eecfa0>, verb_extension=<colcon_core.verb.build.BuildVerb object at 0xffffa4fd2e00>, main=<bound method BuildVerb.main of <colcon_core.verb.build.BuildVerb object at 0xffffa4fd2e00>>)
[2.070s] Level 1:colcon.colcon_core.package_discovery:discover_packages(colcon_meta) check parameters
[2.070s] Level 1:colcon.colcon_core.package_discovery:discover_packages(recursive) check parameters
[2.071s] Level 1:colcon.colcon_core.package_discovery:discover_packages(ignore) check parameters
[2.071s] Level 1:colcon.colcon_core.package_discovery:discover_packages(path) check parameters
[2.071s] Level 1:colcon.colcon_core.package_discovery:discover_packages(colcon_meta) discover
[2.072s] Level 1:colcon.colcon_core.package_discovery:discover_packages(recursive) discover
[2.072s] INFO:colcon.colcon_core.package_discovery:Crawling recursively for packages in '/home/sunrise/amphibious_ws'
[2.072s] Level 1:colcon.colcon_core.package_identification:_identify(.) by extensions ['ignore', 'ignore_ament_install']
[2.073s] Level 1:colcon.colcon_core.package_identification:_identify(.) by extension 'ignore'
[2.073s] Level 1:colcon.colcon_core.package_identification:_identify(.) by extension 'ignore_ament_install'
[2.074s] Level 1:colcon.colcon_core.package_identification:_identify(.) by extensions ['colcon_pkg']
[2.074s] Level 1:colcon.colcon_core.package_identification:_identify(.) by extension 'colcon_pkg'
[2.074s] Level 1:colcon.colcon_core.package_identification:_identify(.) by extensions ['colcon_meta']
[2.074s] Level 1:colcon.colcon_core.package_identification:_identify(.) by extension 'colcon_meta'
[2.075s] Level 1:colcon.colcon_core.package_identification:_identify(.) by extensions ['ros']
[2.075s] Level 1:colcon.colcon_core.package_identification:_identify(.) by extension 'ros'
[2.153s] Level 1:colcon.colcon_core.package_identification:_identify(.) by extensions ['cmake', 'python']
[2.154s] Level 1:colcon.colcon_core.package_identification:_identify(.) by extension 'cmake'
[2.154s] Level 1:colcon.colcon_core.package_identification:_identify(.) by extension 'python'
[2.154s] Level 1:colcon.colcon_core.package_identification:_identify(.) by extensions ['python_setup_py']
[2.155s] Level 1:colcon.colcon_core.package_identification:_identify(.) by extension 'python_setup_py'
[2.155s] Level 1:colcon.colcon_core.package_identification:_identify(build) by extensions ['ignore', 'ignore_ament_install']
[2.156s] Level 1:colcon.colcon_core.package_identification:_identify(build) by extension 'ignore'
[2.156s] Level 1:colcon.colcon_core.package_identification:_identify(build) ignored
[2.157s] Level 1:colcon.colcon_core.package_identification:_identify(install) by extensions ['ignore', 'ignore_ament_install']
[2.158s] Level 1:colcon.colcon_core.package_identification:_identify(install) by extension 'ignore'
[2.158s] Level 1:colcon.colcon_core.package_identification:_identify(install) ignored
[2.159s] Level 1:colcon.colcon_core.package_identification:_identify(log) by extensions ['ignore', 'ignore_ament_install']
[2.160s] Level 1:colcon.colcon_core.package_identification:_identify(log) by extension 'ignore'
[2.160s] Level 1:colcon.colcon_core.package_identification:_identify(log) ignored
[2.161s] Level 1:colcon.colcon_core.package_identification:_identify(src) by extensions ['ignore', 'ignore_ament_install']
[2.161s] Level 1:colcon.colcon_core.package_identification:_identify(src) by extension 'ignore'
[2.162s] Level 1:colcon.colcon_core.package_identification:_identify(src) by extension 'ignore_ament_install'
[2.162s] Level 1:colcon.colcon_core.package_identification:_identify(src) by extensions ['colcon_pkg']
[2.162s] Level 1:colcon.colcon_core.package_identification:_identify(src) by extension 'colcon_pkg'
[2.162s] Level 1:colcon.colcon_core.package_identification:_identify(src) by extensions ['colcon_meta']
[2.163s] Level 1:colcon.colcon_core.package_identification:_identify(src) by extension 'colcon_meta'
[2.163s] Level 1:colcon.colcon_core.package_identification:_identify(src) by extensions ['ros']
[2.163s] Level 1:colcon.colcon_core.package_identification:_identify(src) by extension 'ros'
[2.164s] Level 1:colcon.colcon_core.package_identification:_identify(src) by extensions ['cmake', 'python']
[2.164s] Level 1:colcon.colcon_core.package_identification:_identify(src) by extension 'cmake'
[2.164s] Level 1:colcon.colcon_core.package_identification:_identify(src) by extension 'python'
[2.164s] Level 1:colcon.colcon_core.package_identification:_identify(src) by extensions ['python_setup_py']
[2.165s] Level 1:colcon.colcon_core.package_identification:_identify(src) by extension 'python_setup_py'
[2.165s] Level 1:colcon.colcon_core.package_identification:_identify(src/bluesea2) by extensions ['ignore', 'ignore_ament_install']
[2.166s] Level 1:colcon.colcon_core.package_identification:_identify(src/bluesea2) by extension 'ignore'
[2.166s] Level 1:colcon.colcon_core.package_identification:_identify(src/bluesea2) by extension 'ignore_ament_install'
[2.166s] Level 1:colcon.colcon_core.package_identification:_identify(src/bluesea2) by extensions ['colcon_pkg']
[2.167s] Level 1:colcon.colcon_core.package_identification:_identify(src/bluesea2) by extension 'colcon_pkg'
[2.167s] Level 1:colcon.colcon_core.package_identification:_identify(src/bluesea2) by extensions ['colcon_meta']
[2.167s] Level 1:colcon.colcon_core.package_identification:_identify(src/bluesea2) by extension 'colcon_meta'
[2.167s] Level 1:colcon.colcon_core.package_identification:_identify(src/bluesea2) by extensions ['ros']
[2.168s] Level 1:colcon.colcon_core.package_identification:_identify(src/bluesea2) by extension 'ros'
[2.168s] Level 1:colcon.colcon_core.package_identification:_identify(src/bluesea2) by extensions ['cmake', 'python']
[2.168s] Level 1:colcon.colcon_core.package_identification:_identify(src/bluesea2) by extension 'cmake'
[2.169s] Level 1:colcon.colcon_core.package_identification:_identify(src/bluesea2) by extension 'python'
[2.169s] Level 1:colcon.colcon_core.package_identification:_identify(src/bluesea2) by extensions ['python_setup_py']
[2.169s] Level 1:colcon.colcon_core.package_identification:_identify(src/bluesea2) by extension 'python_setup_py'
[2.170s] Level 1:colcon.colcon_core.package_identification:_identify(src/bluesea2/src) by extensions ['ignore', 'ignore_ament_install']
[2.170s] Level 1:colcon.colcon_core.package_identification:_identify(src/bluesea2/src) by extension 'ignore'
[2.171s] Level 1:colcon.colcon_core.package_identification:_identify(src/bluesea2/src) by extension 'ignore_ament_install'
[2.171s] Level 1:colcon.colcon_core.package_identification:_identify(src/bluesea2/src) by extensions ['colcon_pkg']
[2.171s] Level 1:colcon.colcon_core.package_identification:_identify(src/bluesea2/src) by extension 'colcon_pkg'
[2.172s] Level 1:colcon.colcon_core.package_identification:_identify(src/bluesea2/src) by extensions ['colcon_meta']
[2.172s] Level 1:colcon.colcon_core.package_identification:_identify(src/bluesea2/src) by extension 'colcon_meta'
[2.172s] Level 1:colcon.colcon_core.package_identification:_identify(src/bluesea2/src) by extensions ['ros']
[2.172s] Level 1:colcon.colcon_core.package_identification:_identify(src/bluesea2/src) by extension 'ros'
[2.173s] Level 1:colcon.colcon_core.package_identification:_identify(src/bluesea2/src) by extensions ['cmake', 'python']
[2.173s] Level 1:colcon.colcon_core.package_identification:_identify(src/bluesea2/src) by extension 'cmake'
[2.173s] Level 1:colcon.colcon_core.package_identification:_identify(src/bluesea2/src) by extension 'python'
[2.174s] Level 1:colcon.colcon_core.package_identification:_identify(src/bluesea2/src) by extensions ['python_setup_py']
[2.174s] Level 1:colcon.colcon_core.package_identification:_identify(src/bluesea2/src) by extension 'python_setup_py'
[2.175s] Level 1:colcon.colcon_core.package_identification:_identify(src/bluesea2/src/base) by extensions ['ignore', 'ignore_ament_install']
[2.175s] Level 1:colcon.colcon_core.package_identification:_identify(src/bluesea2/src/base) by extension 'ignore'
[2.175s] Level 1:colcon.colcon_core.package_identification:_identify(src/bluesea2/src/base) by extension 'ignore_ament_install'
[2.176s] Level 1:colcon.colcon_core.package_identification:_identify(src/bluesea2/src/base) by extensions ['colcon_pkg']
[2.176s] Level 1:colcon.colcon_core.package_identification:_identify(src/bluesea2/src/base) by extension 'colcon_pkg'
[2.176s] Level 1:colcon.colcon_core.package_identification:_identify(src/bluesea2/src/base) by extensions ['colcon_meta']
[2.177s] Level 1:colcon.colcon_core.package_identification:_identify(src/bluesea2/src/base) by extension 'colcon_meta'
[2.177s] Level 1:colcon.colcon_core.package_identification:_identify(src/bluesea2/src/base) by extensions ['ros']
[2.177s] Level 1:colcon.colcon_core.package_identification:_identify(src/bluesea2/src/base) by extension 'ros'
[2.192s] DEBUG:colcon.colcon_core.package_identification:Package 'src/bluesea2/src/base' with type 'ros.ament_cmake' and name 'base'
[2.193s] Level 1:colcon.colcon_core.package_identification:_identify(src/bluesea2/src/bluesea-ros2) by extensions ['ignore', 'ignore_ament_install']
[2.194s] Level 1:colcon.colcon_core.package_identification:_identify(src/bluesea2/src/bluesea-ros2) by extension 'ignore'
[2.194s] Level 1:colcon.colcon_core.package_identification:_identify(src/bluesea2/src/bluesea-ros2) by extension 'ignore_ament_install'
[2.195s] Level 1:colcon.colcon_core.package_identification:_identify(src/bluesea2/src/bluesea-ros2) by extensions ['colcon_pkg']
[2.195s] Level 1:colcon.colcon_core.package_identification:_identify(src/bluesea2/src/bluesea-ros2) by extension 'colcon_pkg'
[2.195s] Level 1:colcon.colcon_core.package_identification:_identify(src/bluesea2/src/bluesea-ros2) by extensions ['colcon_meta']
[2.196s] Level 1:colcon.colcon_core.package_identification:_identify(src/bluesea2/src/bluesea-ros2) by extension 'colcon_meta'
[2.196s] Level 1:colcon.colcon_core.package_identification:_identify(src/bluesea2/src/bluesea-ros2) by extensions ['ros']
[2.196s] Level 1:colcon.colcon_core.package_identification:_identify(src/bluesea2/src/bluesea-ros2) by extension 'ros'
[2.203s] DEBUG:colcon.colcon_core.package_identification:Package 'src/bluesea2/src/bluesea-ros2' with type 'ros.ament_cmake' and name 'bluesea2'
[2.203s] Level 1:colcon.colcon_core.package_identification:_identify(src/com_pkg) by extensions ['ignore', 'ignore_ament_install']
[2.204s] Level 1:colcon.colcon_core.package_identification:_identify(src/com_pkg) by extension 'ignore'
[2.205s] Level 1:colcon.colcon_core.package_identification:_identify(src/com_pkg) by extension 'ignore_ament_install'
[2.205s] Level 1:colcon.colcon_core.package_identification:_identify(src/com_pkg) by extensions ['colcon_pkg']
[2.205s] Level 1:colcon.colcon_core.package_identification:_identify(src/com_pkg) by extension 'colcon_pkg'
[2.206s] Level 1:colcon.colcon_core.package_identification:_identify(src/com_pkg) by extensions ['colcon_meta']
[2.206s] Level 1:colcon.colcon_core.package_identification:_identify(src/com_pkg) by extension 'colcon_meta'
[2.207s] Level 1:colcon.colcon_core.package_identification:_identify(src/com_pkg) by extensions ['ros']
[2.207s] Level 1:colcon.colcon_core.package_identification:_identify(src/com_pkg) by extension 'ros'
[2.214s] DEBUG:colcon.colcon_core.package_identification:Package 'src/com_pkg' with type 'ros.ament_cmake' and name 'com_pkg'
[2.215s] Level 1:colcon.colcon_core.package_identification:_identify(src/i2c_pkg) by extensions ['ignore', 'ignore_ament_install']
[2.216s] Level 1:colcon.colcon_core.package_identification:_identify(src/i2c_pkg) by extension 'ignore'
[2.216s] Level 1:colcon.colcon_core.package_identification:_identify(src/i2c_pkg) by extension 'ignore_ament_install'
[2.217s] Level 1:colcon.colcon_core.package_identification:_identify(src/i2c_pkg) by extensions ['colcon_pkg']
[2.217s] Level 1:colcon.colcon_core.package_identification:_identify(src/i2c_pkg) by extension 'colcon_pkg'
[2.217s] Level 1:colcon.colcon_core.package_identification:_identify(src/i2c_pkg) by extensions ['colcon_meta']
[2.218s] Level 1:colcon.colcon_core.package_identification:_identify(src/i2c_pkg) by extension 'colcon_meta'
[2.218s] Level 1:colcon.colcon_core.package_identification:_identify(src/i2c_pkg) by extensions ['ros']
[2.218s] Level 1:colcon.colcon_core.package_identification:_identify(src/i2c_pkg) by extension 'ros'
[2.222s] DEBUG:colcon.colcon_core.package_identification:Package 'src/i2c_pkg' with type 'ros.ament_cmake' and name 'i2c_pkg'
[2.223s] Level 1:colcon.colcon_core.package_identification:_identify(src/my_carto_pkg) by extensions ['ignore', 'ignore_ament_install']
[2.224s] Level 1:colcon.colcon_core.package_identification:_identify(src/my_carto_pkg) by extension 'ignore'
[2.224s] Level 1:colcon.colcon_core.package_identification:_identify(src/my_carto_pkg) by extension 'ignore_ament_install'
[2.225s] Level 1:colcon.colcon_core.package_identification:_identify(src/my_carto_pkg) by extensions ['colcon_pkg']
[2.225s] Level 1:colcon.colcon_core.package_identification:_identify(src/my_carto_pkg) by extension 'colcon_pkg'
[2.226s] Level 1:colcon.colcon_core.package_identification:_identify(src/my_carto_pkg) by extensions ['colcon_meta']
[2.226s] Level 1:colcon.colcon_core.package_identification:_identify(src/my_carto_pkg) by extension 'colcon_meta'
[2.226s] Level 1:colcon.colcon_core.package_identification:_identify(src/my_carto_pkg) by extensions ['ros']
[2.227s] Level 1:colcon.colcon_core.package_identification:_identify(src/my_carto_pkg) by extension 'ros'
[2.230s] DEBUG:colcon.colcon_core.package_identification:Package 'src/my_carto_pkg' with type 'ros.ament_cmake' and name 'my_carto_pkg'
[2.230s] Level 1:colcon.colcon_core.package_discovery:discover_packages(recursive) using defaults
[2.231s] Level 1:colcon.colcon_core.package_discovery:discover_packages(ignore) discover
[2.231s] Level 1:colcon.colcon_core.package_discovery:discover_packages(ignore) using defaults
[2.231s] Level 1:colcon.colcon_core.package_discovery:discover_packages(path) discover
[2.232s] Level 1:colcon.colcon_core.package_discovery:discover_packages(path) using defaults
[2.364s] Level 1:colcon.colcon_core.package_discovery:discover_packages(prefix_path) check parameters
[2.364s] Level 1:colcon.colcon_core.package_discovery:discover_packages(prefix_path) discover
[2.378s] DEBUG:colcon.colcon_installed_package_information.package_discovery:Found 5 installed packages in /home/sunrise/amphibious_ws/install
[2.382s] DEBUG:colcon.colcon_installed_package_information.package_discovery:Found 5 installed packages in /home/sunrise/fly_ws/install
[2.387s] DEBUG:colcon.colcon_installed_package_information.package_discovery:Found 4 installed packages in /home/sunrise/cartographer_ws/install
[2.396s] DEBUG:colcon.colcon_installed_package_information.package_discovery:Found 299 installed packages in /opt/ros/humble
[2.488s] Level 1:colcon.colcon_core.package_discovery:discover_packages(prefix_path) using defaults
[2.798s] Level 5:colcon.colcon_core.verb:set package 'base' build argument 'cmake_args' from command line to 'None'
[2.798s] Level 5:colcon.colcon_core.verb:set package 'base' build argument 'cmake_target' from command line to 'None'
[2.798s] Level 5:colcon.colcon_core.verb:set package 'base' build argument 'cmake_target_skip_unavailable' from command line to 'False'
[2.799s] Level 5:colcon.colcon_core.verb:set package 'base' build argument 'cmake_clean_cache' from command line to 'False'
[2.799s] Level 5:colcon.colcon_core.verb:set package 'base' build argument 'cmake_clean_first' from command line to 'False'
[2.799s] Level 5:colcon.colcon_core.verb:set package 'base' build argument 'cmake_force_configure' from command line to 'False'
[2.799s] Level 5:colcon.colcon_core.verb:set package 'base' build argument 'ament_cmake_args' from command line to 'None'
[2.799s] Level 5:colcon.colcon_core.verb:set package 'base' build argument 'catkin_cmake_args' from command line to 'None'
[2.800s] Level 5:colcon.colcon_core.verb:set package 'base' build argument 'catkin_skip_building_tests' from command line to 'False'
[2.800s] DEBUG:colcon.colcon_core.verb:Building package 'base' with the following arguments: {'ament_cmake_args': None, 'build_base': '/home/sunrise/amphibious_ws/build/base', 'catkin_cmake_args': None, 'catkin_skip_building_tests': False, 'cmake_args': None, 'cmake_clean_cache': False, 'cmake_clean_first': False, 'cmake_force_configure': False, 'cmake_target': None, 'cmake_target_skip_unavailable': False, 'install_base': '/home/sunrise/amphibious_ws/install/base', 'merge_install': False, 'path': '/home/sunrise/amphibious_ws/src/bluesea2/src/base', 'symlink_install': False, 'test_result_base': None}
[2.802s] Level 5:colcon.colcon_core.verb:set package 'com_pkg' build argument 'cmake_args' from command line to 'None'
[2.803s] Level 5:colcon.colcon_core.verb:set package 'com_pkg' build argument 'cmake_target' from command line to 'None'
[2.803s] Level 5:colcon.colcon_core.verb:set package 'com_pkg' build argument 'cmake_target_skip_unavailable' from command line to 'False'
[2.803s] Level 5:colcon.colcon_core.verb:set package 'com_pkg' build argument 'cmake_clean_cache' from command line to 'False'
[2.803s] Level 5:colcon.colcon_core.verb:set package 'com_pkg' build argument 'cmake_clean_first' from command line to 'False'
[2.803s] Level 5:colcon.colcon_core.verb:set package 'com_pkg' build argument 'cmake_force_configure' from command line to 'False'
[2.803s] Level 5:colcon.colcon_core.verb:set package 'com_pkg' build argument 'ament_cmake_args' from command line to 'None'
[2.804s] Level 5:colcon.colcon_core.verb:set package 'com_pkg' build argument 'catkin_cmake_args' from command line to 'None'
[2.804s] Level 5:colcon.colcon_core.verb:set package 'com_pkg' build argument 'catkin_skip_building_tests' from command line to 'False'
[2.804s] DEBUG:colcon.colcon_core.verb:Building package 'com_pkg' with the following arguments: {'ament_cmake_args': None, 'build_base': '/home/sunrise/amphibious_ws/build/com_pkg', 'catkin_cmake_args': None, 'catkin_skip_building_tests': False, 'cmake_args': None, 'cmake_clean_cache': False, 'cmake_clean_first': False, 'cmake_force_configure': False, 'cmake_target': None, 'cmake_target_skip_unavailable': False, 'install_base': '/home/sunrise/amphibious_ws/install/com_pkg', 'merge_install': False, 'path': '/home/sunrise/amphibious_ws/src/com_pkg', 'symlink_install': False, 'test_result_base': None}
[2.807s] Level 5:colcon.colcon_core.verb:set package 'i2c_pkg' build argument 'cmake_args' from command line to 'None'
[2.807s] Level 5:colcon.colcon_core.verb:set package 'i2c_pkg' build argument 'cmake_target' from command line to 'None'
[2.807s] Level 5:colcon.colcon_core.verb:set package 'i2c_pkg' build argument 'cmake_target_skip_unavailable' from command line to 'False'
[2.807s] Level 5:colcon.colcon_core.verb:set package 'i2c_pkg' build argument 'cmake_clean_cache' from command line to 'False'
[2.807s] Level 5:colcon.colcon_core.verb:set package 'i2c_pkg' build argument 'cmake_clean_first' from command line to 'False'
[2.807s] Level 5:colcon.colcon_core.verb:set package 'i2c_pkg' build argument 'cmake_force_configure' from command line to 'False'
[2.808s] Level 5:colcon.colcon_core.verb:set package 'i2c_pkg' build argument 'ament_cmake_args' from command line to 'None'
[2.808s] Level 5:colcon.colcon_core.verb:set package 'i2c_pkg' build argument 'catkin_cmake_args' from command line to 'None'
[2.808s] Level 5:colcon.colcon_core.verb:set package 'i2c_pkg' build argument 'catkin_skip_building_tests' from command line to 'False'
[2.808s] DEBUG:colcon.colcon_core.verb:Building package 'i2c_pkg' with the following arguments: {'ament_cmake_args': None, 'build_base': '/home/sunrise/amphibious_ws/build/i2c_pkg', 'catkin_cmake_args': None, 'catkin_skip_building_tests': False, 'cmake_args': None, 'cmake_clean_cache': False, 'cmake_clean_first': False, 'cmake_force_configure': False, 'cmake_target': None, 'cmake_target_skip_unavailable': False, 'install_base': '/home/sunrise/amphibious_ws/install/i2c_pkg', 'merge_install': False, 'path': '/home/sunrise/amphibious_ws/src/i2c_pkg', 'symlink_install': False, 'test_result_base': None}
[2.811s] Level 5:colcon.colcon_core.verb:set package 'my_carto_pkg' build argument 'cmake_args' from command line to 'None'
[2.811s] Level 5:colcon.colcon_core.verb:set package 'my_carto_pkg' build argument 'cmake_target' from command line to 'None'
[2.811s] Level 5:colcon.colcon_core.verb:set package 'my_carto_pkg' build argument 'cmake_target_skip_unavailable' from command line to 'False'
[2.811s] Level 5:colcon.colcon_core.verb:set package 'my_carto_pkg' build argument 'cmake_clean_cache' from command line to 'False'
[2.811s] Level 5:colcon.colcon_core.verb:set package 'my_carto_pkg' build argument 'cmake_clean_first' from command line to 'False'
[2.812s] Level 5:colcon.colcon_core.verb:set package 'my_carto_pkg' build argument 'cmake_force_configure' from command line to 'False'
[2.812s] Level 5:colcon.colcon_core.verb:set package 'my_carto_pkg' build argument 'ament_cmake_args' from command line to 'None'
[2.812s] Level 5:colcon.colcon_core.verb:set package 'my_carto_pkg' build argument 'catkin_cmake_args' from command line to 'None'
[2.812s] Level 5:colcon.colcon_core.verb:set package 'my_carto_pkg' build argument 'catkin_skip_building_tests' from command line to 'False'
[2.812s] DEBUG:colcon.colcon_core.verb:Building package 'my_carto_pkg' with the following arguments: {'ament_cmake_args': None, 'build_base': '/home/sunrise/amphibious_ws/build/my_carto_pkg', 'catkin_cmake_args': None, 'catkin_skip_building_tests': False, 'cmake_args': None, 'cmake_clean_cache': False, 'cmake_clean_first': False, 'cmake_force_configure': False, 'cmake_target': None, 'cmake_target_skip_unavailable': False, 'install_base': '/home/sunrise/amphibious_ws/install/my_carto_pkg', 'merge_install': False, 'path': '/home/sunrise/amphibious_ws/src/my_carto_pkg', 'symlink_install': False, 'test_result_base': None}
[2.815s] Level 5:colcon.colcon_core.verb:set package 'bluesea2' build argument 'cmake_args' from command line to 'None'
[2.815s] Level 5:colcon.colcon_core.verb:set package 'bluesea2' build argument 'cmake_target' from command line to 'None'
[2.815s] Level 5:colcon.colcon_core.verb:set package 'bluesea2' build argument 'cmake_target_skip_unavailable' from command line to 'False'
[2.815s] Level 5:colcon.colcon_core.verb:set package 'bluesea2' build argument 'cmake_clean_cache' from command line to 'False'
[2.816s] Level 5:colcon.colcon_core.verb:set package 'bluesea2' build argument 'cmake_clean_first' from command line to 'False'
[2.816s] Level 5:colcon.colcon_core.verb:set package 'bluesea2' build argument 'cmake_force_configure' from command line to 'False'
[2.816s] Level 5:colcon.colcon_core.verb:set package 'bluesea2' build argument 'ament_cmake_args' from command line to 'None'
[2.816s] Level 5:colcon.colcon_core.verb:set package 'bluesea2' build argument 'catkin_cmake_args' from command line to 'None'
[2.816s] Level 5:colcon.colcon_core.verb:set package 'bluesea2' build argument 'catkin_skip_building_tests' from command line to 'False'
[2.817s] DEBUG:colcon.colcon_core.verb:Building package 'bluesea2' with the following arguments: {'ament_cmake_args': None, 'build_base': '/home/sunrise/amphibious_ws/build/bluesea2', 'catkin_cmake_args': None, 'catkin_skip_building_tests': False, 'cmake_args': None, 'cmake_clean_cache': False, 'cmake_clean_first': False, 'cmake_force_configure': False, 'cmake_target': None, 'cmake_target_skip_unavailable': False, 'install_base': '/home/sunrise/amphibious_ws/install/bluesea2', 'merge_install': False, 'path': '/home/sunrise/amphibious_ws/src/bluesea2/src/bluesea-ros2', 'symlink_install': False, 'test_result_base': None}
[2.817s] INFO:colcon.colcon_core.executor:Executing jobs using 'parallel' executor
[2.822s] DEBUG:colcon.colcon_parallel_executor.executor.parallel:run_until_complete
[2.824s] INFO:colcon.colcon_ros.task.ament_cmake.build:Building ROS package in '/home/sunrise/amphibious_ws/src/bluesea2/src/base' with build type 'ament_cmake'
[2.825s] INFO:colcon.colcon_cmake.task.cmake.build:Building CMake package in '/home/sunrise/amphibious_ws/src/bluesea2/src/base'
[2.837s] INFO:colcon.colcon_core.plugin_system:Skipping extension 'colcon_core.shell.bat': Not used on non-Windows systems
[2.839s] INFO:colcon.colcon_core.shell:Skip shell extension 'powershell' for command environment: Not usable outside of PowerShell
[2.840s] DEBUG:colcon.colcon_core.shell:Skip shell extension 'dsv' for command environment
[2.869s] INFO:colcon.colcon_ros.task.ament_cmake.build:Building ROS package in '/home/sunrise/amphibious_ws/src/com_pkg' with build type 'ament_cmake'
[2.870s] INFO:colcon.colcon_cmake.task.cmake.build:Building CMake package in '/home/sunrise/amphibious_ws/src/com_pkg'
[2.873s] INFO:colcon.colcon_core.shell:Skip shell extension 'powershell' for command environment: Not usable outside of PowerShell
[2.873s] DEBUG:colcon.colcon_core.shell:Skip shell extension 'dsv' for command environment
[2.903s] INFO:colcon.colcon_ros.task.ament_cmake.build:Building ROS package in '/home/sunrise/amphibious_ws/src/i2c_pkg' with build type 'ament_cmake'
[2.904s] INFO:colcon.colcon_cmake.task.cmake.build:Building CMake package in '/home/sunrise/amphibious_ws/src/i2c_pkg'
[2.906s] INFO:colcon.colcon_core.shell:Skip shell extension 'powershell' for command environment: Not usable outside of PowerShell
[2.907s] DEBUG:colcon.colcon_core.shell:Skip shell extension 'dsv' for command environment
[2.942s] INFO:colcon.colcon_ros.task.ament_cmake.build:Building ROS package in '/home/sunrise/amphibious_ws/src/my_carto_pkg' with build type 'ament_cmake'
[2.943s] INFO:colcon.colcon_cmake.task.cmake.build:Building CMake package in '/home/sunrise/amphibious_ws/src/my_carto_pkg'
[2.946s] INFO:colcon.colcon_core.shell:Skip shell extension 'powershell' for command environment: Not usable outside of PowerShell
[2.946s] DEBUG:colcon.colcon_core.shell:Skip shell extension 'dsv' for command environment
[3.005s] DEBUG:colcon.colcon_core.event_handler.log_command:Invoking command in '/home/sunrise/amphibious_ws/build/base': CMAKE_PREFIX_PATH=${CMAKE_PREFIX_PATH}:/opt/ros/humble /usr/bin/cmake --build /home/sunrise/amphibious_ws/build/base -- -j8 -l8
[3.026s] DEBUG:colcon.colcon_core.event_handler.log_command:Invoking command in '/home/sunrise/amphibious_ws/build/com_pkg': CMAKE_PREFIX_PATH=${CMAKE_PREFIX_PATH}:/opt/ros/humble /usr/bin/cmake --build /home/sunrise/amphibious_ws/build/com_pkg -- -j8 -l8
[3.047s] DEBUG:colcon.colcon_core.event_handler.log_command:Invoking command in '/home/sunrise/amphibious_ws/build/i2c_pkg': CMAKE_PREFIX_PATH=${CMAKE_PREFIX_PATH}:/opt/ros/humble /usr/bin/cmake --build /home/sunrise/amphibious_ws/build/i2c_pkg -- -j8 -l8
[3.073s] DEBUG:colcon.colcon_core.event_handler.log_command:Invoking command in '/home/sunrise/amphibious_ws/build/my_carto_pkg': CMAKE_PREFIX_PATH=${CMAKE_PREFIX_PATH}:/opt/ros/humble /usr/bin/cmake --build /home/sunrise/amphibious_ws/build/my_carto_pkg -- -j8 -l8
[3.342s] DEBUG:colcon.colcon_core.event_handler.log_command:Invoked command in '/home/sunrise/amphibious_ws/build/my_carto_pkg' returned '0': CMAKE_PREFIX_PATH=${CMAKE_PREFIX_PATH}:/opt/ros/humble /usr/bin/cmake --build /home/sunrise/amphibious_ws/build/my_carto_pkg -- -j8 -l8
[3.410s] DEBUG:colcon.colcon_core.event_handler.log_command:Invoking command in '/home/sunrise/amphibious_ws/build/my_carto_pkg': CMAKE_PREFIX_PATH=${CMAKE_PREFIX_PATH}:/opt/ros/humble /usr/bin/cmake --install /home/sunrise/amphibious_ws/build/my_carto_pkg
[3.525s] Level 1:colcon.colcon_core.environment:create_environment_scripts_only(my_carto_pkg)
[3.567s] Level 1:colcon.colcon_core.environment:checking '/home/sunrise/amphibious_ws/install/my_carto_pkg' for CMake module files
[3.582s] Level 1:colcon.colcon_core.environment:checking '/home/sunrise/amphibious_ws/install/my_carto_pkg' for CMake config files
[3.584s] Level 1:colcon.colcon_core.shell:create_environment_hook('my_carto_pkg', 'cmake_prefix_path')
[3.586s] INFO:colcon.colcon_core.shell:Creating environment hook '/home/sunrise/amphibious_ws/install/my_carto_pkg/share/my_carto_pkg/hook/cmake_prefix_path.ps1'
[3.595s] DEBUG:colcon.colcon_core.event_handler.log_command:Invoked command in '/home/sunrise/amphibious_ws/build/my_carto_pkg' returned '0': CMAKE_PREFIX_PATH=${CMAKE_PREFIX_PATH}:/opt/ros/humble /usr/bin/cmake --install /home/sunrise/amphibious_ws/build/my_carto_pkg
[3.599s] INFO:colcon.colcon_core.shell:Creating environment descriptor '/home/sunrise/amphibious_ws/install/my_carto_pkg/share/my_carto_pkg/hook/cmake_prefix_path.dsv'
[3.603s] INFO:colcon.colcon_core.shell:Creating environment hook '/home/sunrise/amphibious_ws/install/my_carto_pkg/share/my_carto_pkg/hook/cmake_prefix_path.sh'
[3.623s] Level 1:colcon.colcon_core.environment:checking '/home/sunrise/amphibious_ws/install/my_carto_pkg/bin'
[3.623s] Level 1:colcon.colcon_core.environment:checking '/home/sunrise/amphibious_ws/install/my_carto_pkg/lib/pkgconfig/my_carto_pkg.pc'
[3.625s] Level 1:colcon.colcon_core.environment:checking '/home/sunrise/amphibious_ws/install/my_carto_pkg/lib/python3.10/site-packages'
[3.627s] Level 1:colcon.colcon_core.environment:checking '/home/sunrise/amphibious_ws/install/my_carto_pkg/bin'
[3.631s] INFO:colcon.colcon_core.shell:Creating package script '/home/sunrise/amphibious_ws/install/my_carto_pkg/share/my_carto_pkg/package.ps1'
[3.639s] INFO:colcon.colcon_core.shell:Creating package descriptor '/home/sunrise/amphibious_ws/install/my_carto_pkg/share/my_carto_pkg/package.dsv'
[3.644s] INFO:colcon.colcon_core.shell:Creating package script '/home/sunrise/amphibious_ws/install/my_carto_pkg/share/my_carto_pkg/package.sh'
[3.652s] INFO:colcon.colcon_core.shell:Creating package script '/home/sunrise/amphibious_ws/install/my_carto_pkg/share/my_carto_pkg/package.bash'
[3.658s] INFO:colcon.colcon_core.shell:Creating package script '/home/sunrise/amphibious_ws/install/my_carto_pkg/share/my_carto_pkg/package.zsh'
[3.664s] Level 1:colcon.colcon_core.environment:create_file_with_runtime_dependencies(/home/sunrise/amphibious_ws/install/my_carto_pkg/share/colcon-core/packages/my_carto_pkg)
[3.672s] Level 1:colcon.colcon_core.environment:create_environment_scripts_only(my_carto_pkg)
[3.674s] Level 1:colcon.colcon_core.environment:checking '/home/sunrise/amphibious_ws/install/my_carto_pkg' for CMake module files
[3.678s] Level 1:colcon.colcon_core.environment:checking '/home/sunrise/amphibious_ws/install/my_carto_pkg' for CMake config files
[3.680s] Level 1:colcon.colcon_core.shell:create_environment_hook('my_carto_pkg', 'cmake_prefix_path')
[3.682s] INFO:colcon.colcon_core.shell:Creating environment hook '/home/sunrise/amphibious_ws/install/my_carto_pkg/share/my_carto_pkg/hook/cmake_prefix_path.ps1'
[3.689s] INFO:colcon.colcon_core.shell:Creating environment descriptor '/home/sunrise/amphibious_ws/install/my_carto_pkg/share/my_carto_pkg/hook/cmake_prefix_path.dsv'
[3.692s] INFO:colcon.colcon_core.shell:Creating environment hook '/home/sunrise/amphibious_ws/install/my_carto_pkg/share/my_carto_pkg/hook/cmake_prefix_path.sh'
[3.701s] Level 1:colcon.colcon_core.environment:checking '/home/sunrise/amphibious_ws/install/my_carto_pkg/bin'
[3.702s] Level 1:colcon.colcon_core.environment:checking '/home/sunrise/amphibious_ws/install/my_carto_pkg/lib/pkgconfig/my_carto_pkg.pc'
[3.704s] Level 1:colcon.colcon_core.environment:checking '/home/sunrise/amphibious_ws/install/my_carto_pkg/lib/python3.10/site-packages'
[3.705s] Level 1:colcon.colcon_core.environment:checking '/home/sunrise/amphibious_ws/install/my_carto_pkg/bin'
[3.708s] INFO:colcon.colcon_core.shell:Creating package script '/home/sunrise/amphibious_ws/install/my_carto_pkg/share/my_carto_pkg/package.ps1'
[3.713s] INFO:colcon.colcon_core.shell:Creating package descriptor '/home/sunrise/amphibious_ws/install/my_carto_pkg/share/my_carto_pkg/package.dsv'
[3.717s] INFO:colcon.colcon_core.shell:Creating package script '/home/sunrise/amphibious_ws/install/my_carto_pkg/share/my_carto_pkg/package.sh'
[3.721s] INFO:colcon.colcon_core.shell:Creating package script '/home/sunrise/amphibious_ws/install/my_carto_pkg/share/my_carto_pkg/package.bash'
[3.724s] INFO:colcon.colcon_core.shell:Creating package script '/home/sunrise/amphibious_ws/install/my_carto_pkg/share/my_carto_pkg/package.zsh'
[3.728s] Level 1:colcon.colcon_core.environment:create_file_with_runtime_dependencies(/home/sunrise/amphibious_ws/install/my_carto_pkg/share/colcon-core/packages/my_carto_pkg)
[3.748s] DEBUG:colcon.colcon_core.event_handler.log_command:Invoked command in '/home/sunrise/amphibious_ws/build/i2c_pkg' returned '0': CMAKE_PREFIX_PATH=${CMAKE_PREFIX_PATH}:/opt/ros/humble /usr/bin/cmake --build /home/sunrise/amphibious_ws/build/i2c_pkg -- -j8 -l8
[3.760s] DEBUG:colcon.colcon_core.event_handler.log_command:Invoking command in '/home/sunrise/amphibious_ws/build/i2c_pkg': CMAKE_PREFIX_PATH=${CMAKE_PREFIX_PATH}:/opt/ros/humble /usr/bin/cmake --install /home/sunrise/amphibious_ws/build/i2c_pkg
[3.770s] DEBUG:colcon.colcon_core.event_handler.log_command:Invoked command in '/home/sunrise/amphibious_ws/build/com_pkg' returned '0': CMAKE_PREFIX_PATH=${CMAKE_PREFIX_PATH}:/opt/ros/humble /usr/bin/cmake --build /home/sunrise/amphibious_ws/build/com_pkg -- -j8 -l8
[3.774s] DEBUG:colcon.colcon_core.event_handler.log_command:Invoking command in '/home/sunrise/amphibious_ws/build/com_pkg': CMAKE_PREFIX_PATH=${CMAKE_PREFIX_PATH}:/opt/ros/humble /usr/bin/cmake --install /home/sunrise/amphibious_ws/build/com_pkg
[3.824s] Level 1:colcon.colcon_core.environment:create_environment_scripts_only(com_pkg)
[3.826s] Level 1:colcon.colcon_core.environment:checking '/home/sunrise/amphibious_ws/install/com_pkg' for CMake module files
[3.831s] Level 1:colcon.colcon_core.environment:checking '/home/sunrise/amphibious_ws/install/com_pkg' for CMake config files
[3.833s] Level 1:colcon.colcon_core.shell:create_environment_hook('com_pkg', 'cmake_prefix_path')
[3.835s] INFO:colcon.colcon_core.shell:Creating environment hook '/home/sunrise/amphibious_ws/install/com_pkg/share/com_pkg/hook/cmake_prefix_path.ps1'
[3.839s] INFO:colcon.colcon_core.shell:Creating environment descriptor '/home/sunrise/amphibious_ws/install/com_pkg/share/com_pkg/hook/cmake_prefix_path.dsv'
[3.845s] INFO:colcon.colcon_core.shell:Creating environment hook '/home/sunrise/amphibious_ws/install/com_pkg/share/com_pkg/hook/cmake_prefix_path.sh'
[3.856s] Level 1:colcon.colcon_core.environment:checking '/home/sunrise/amphibious_ws/install/com_pkg/lib'
[3.858s] Level 1:colcon.colcon_core.environment:checking '/home/sunrise/amphibious_ws/install/com_pkg/bin'
[3.859s] Level 1:colcon.colcon_core.environment:checking '/home/sunrise/amphibious_ws/install/com_pkg/lib/pkgconfig/com_pkg.pc'
[3.860s] Level 1:colcon.colcon_core.environment:checking '/home/sunrise/amphibious_ws/install/com_pkg/lib/python3.10/site-packages'
[3.868s] Level 1:colcon.colcon_core.environment:checking '/home/sunrise/amphibious_ws/install/com_pkg/bin'
[3.873s] INFO:colcon.colcon_core.shell:Creating package script '/home/sunrise/amphibious_ws/install/com_pkg/share/com_pkg/package.ps1'
[3.866s] DEBUG:colcon.colcon_core.event_handler.log_command:Invoked command in '/home/sunrise/amphibious_ws/build/com_pkg' returned '0': CMAKE_PREFIX_PATH=${CMAKE_PREFIX_PATH}:/opt/ros/humble /usr/bin/cmake --install /home/sunrise/amphibious_ws/build/com_pkg
[3.877s] INFO:colcon.colcon_core.shell:Creating package descriptor '/home/sunrise/amphibious_ws/install/com_pkg/share/com_pkg/package.dsv'
[3.880s] INFO:colcon.colcon_core.shell:Creating package script '/home/sunrise/amphibious_ws/install/com_pkg/share/com_pkg/package.sh'
[3.884s] INFO:colcon.colcon_core.shell:Creating package script '/home/sunrise/amphibious_ws/install/com_pkg/share/com_pkg/package.bash'
[3.887s] INFO:colcon.colcon_core.shell:Creating package script '/home/sunrise/amphibious_ws/install/com_pkg/share/com_pkg/package.zsh'
[3.890s] Level 1:colcon.colcon_core.environment:create_file_with_runtime_dependencies(/home/sunrise/amphibious_ws/install/com_pkg/share/colcon-core/packages/com_pkg)
[3.894s] Level 1:colcon.colcon_core.environment:create_environment_scripts_only(com_pkg)
[3.896s] Level 1:colcon.colcon_core.environment:checking '/home/sunrise/amphibious_ws/install/com_pkg' for CMake module files
[3.899s] Level 1:colcon.colcon_core.environment:checking '/home/sunrise/amphibious_ws/install/com_pkg' for CMake config files
[3.901s] Level 1:colcon.colcon_core.shell:create_environment_hook('com_pkg', 'cmake_prefix_path')
[3.903s] INFO:colcon.colcon_core.shell:Creating environment hook '/home/sunrise/amphibious_ws/install/com_pkg/share/com_pkg/hook/cmake_prefix_path.ps1'
[3.906s] INFO:colcon.colcon_core.shell:Creating environment descriptor '/home/sunrise/amphibious_ws/install/com_pkg/share/com_pkg/hook/cmake_prefix_path.dsv'
[3.909s] INFO:colcon.colcon_core.shell:Creating environment hook '/home/sunrise/amphibious_ws/install/com_pkg/share/com_pkg/hook/cmake_prefix_path.sh'
[3.913s] Level 1:colcon.colcon_core.environment:checking '/home/sunrise/amphibious_ws/install/com_pkg/lib'
[3.914s] Level 1:colcon.colcon_core.environment:checking '/home/sunrise/amphibious_ws/install/com_pkg/bin'
[3.914s] Level 1:colcon.colcon_core.environment:checking '/home/sunrise/amphibious_ws/install/com_pkg/lib/pkgconfig/com_pkg.pc'
[3.916s] Level 1:colcon.colcon_core.environment:checking '/home/sunrise/amphibious_ws/install/com_pkg/lib/python3.10/site-packages'
[3.918s] Level 1:colcon.colcon_core.environment:checking '/home/sunrise/amphibious_ws/install/com_pkg/bin'
[3.920s] INFO:colcon.colcon_core.shell:Creating package script '/home/sunrise/amphibious_ws/install/com_pkg/share/com_pkg/package.ps1'
[3.924s] INFO:colcon.colcon_core.shell:Creating package descriptor '/home/sunrise/amphibious_ws/install/com_pkg/share/com_pkg/package.dsv'
[3.927s] INFO:colcon.colcon_core.shell:Creating package script '/home/sunrise/amphibious_ws/install/com_pkg/share/com_pkg/package.sh'
[3.931s] INFO:colcon.colcon_core.shell:Creating package script '/home/sunrise/amphibious_ws/install/com_pkg/share/com_pkg/package.bash'
[3.935s] INFO:colcon.colcon_core.shell:Creating package script '/home/sunrise/amphibious_ws/install/com_pkg/share/com_pkg/package.zsh'
[3.939s] Level 1:colcon.colcon_core.environment:create_file_with_runtime_dependencies(/home/sunrise/amphibious_ws/install/com_pkg/share/colcon-core/packages/com_pkg)
[3.949s] Level 1:colcon.colcon_core.environment:create_environment_scripts_only(i2c_pkg)
[3.951s] Level 1:colcon.colcon_core.environment:checking '/home/sunrise/amphibious_ws/install/i2c_pkg' for CMake module files
[3.961s] DEBUG:colcon.colcon_core.event_handler.log_command:Invoked command in '/home/sunrise/amphibious_ws/build/i2c_pkg' returned '0': CMAKE_PREFIX_PATH=${CMAKE_PREFIX_PATH}:/opt/ros/humble /usr/bin/cmake --install /home/sunrise/amphibious_ws/build/i2c_pkg
[3.965s] Level 1:colcon.colcon_core.environment:checking '/home/sunrise/amphibious_ws/install/i2c_pkg' for CMake config files
[3.967s] Level 1:colcon.colcon_core.shell:create_environment_hook('i2c_pkg', 'cmake_prefix_path')
[3.969s] INFO:colcon.colcon_core.shell:Creating environment hook '/home/sunrise/amphibious_ws/install/i2c_pkg/share/i2c_pkg/hook/cmake_prefix_path.ps1'
[3.973s] INFO:colcon.colcon_core.shell:Creating environment descriptor '/home/sunrise/amphibious_ws/install/i2c_pkg/share/i2c_pkg/hook/cmake_prefix_path.dsv'
[3.976s] INFO:colcon.colcon_core.shell:Creating environment hook '/home/sunrise/amphibious_ws/install/i2c_pkg/share/i2c_pkg/hook/cmake_prefix_path.sh'
[3.982s] Level 1:colcon.colcon_core.environment:checking '/home/sunrise/amphibious_ws/install/i2c_pkg/lib'
[3.983s] Level 1:colcon.colcon_core.environment:checking '/home/sunrise/amphibious_ws/install/i2c_pkg/bin'
[3.984s] Level 1:colcon.colcon_core.environment:checking '/home/sunrise/amphibious_ws/install/i2c_pkg/lib/pkgconfig/i2c_pkg.pc'
[3.986s] Level 1:colcon.colcon_core.environment:checking '/home/sunrise/amphibious_ws/install/i2c_pkg/lib/python3.10/site-packages'
[3.988s] Level 1:colcon.colcon_core.environment:checking '/home/sunrise/amphibious_ws/install/i2c_pkg/bin'
[3.991s] INFO:colcon.colcon_core.shell:Creating package script '/home/sunrise/amphibious_ws/install/i2c_pkg/share/i2c_pkg/package.ps1'
[3.995s] INFO:colcon.colcon_core.shell:Creating package descriptor '/home/sunrise/amphibious_ws/install/i2c_pkg/share/i2c_pkg/package.dsv'
[4.000s] INFO:colcon.colcon_core.shell:Creating package script '/home/sunrise/amphibious_ws/install/i2c_pkg/share/i2c_pkg/package.sh'
[4.004s] INFO:colcon.colcon_core.shell:Creating package script '/home/sunrise/amphibious_ws/install/i2c_pkg/share/i2c_pkg/package.bash'
[4.007s] INFO:colcon.colcon_core.shell:Creating package script '/home/sunrise/amphibious_ws/install/i2c_pkg/share/i2c_pkg/package.zsh'
[4.010s] Level 1:colcon.colcon_core.environment:create_file_with_runtime_dependencies(/home/sunrise/amphibious_ws/install/i2c_pkg/share/colcon-core/packages/i2c_pkg)
[4.015s] Level 1:colcon.colcon_core.environment:create_environment_scripts_only(i2c_pkg)
[4.017s] Level 1:colcon.colcon_core.environment:checking '/home/sunrise/amphibious_ws/install/i2c_pkg' for CMake module files
[4.021s] Level 1:colcon.colcon_core.environment:checking '/home/sunrise/amphibious_ws/install/i2c_pkg' for CMake config files
[4.023s] Level 1:colcon.colcon_core.shell:create_environment_hook('i2c_pkg', 'cmake_prefix_path')
[4.024s] INFO:colcon.colcon_core.shell:Creating environment hook '/home/sunrise/amphibious_ws/install/i2c_pkg/share/i2c_pkg/hook/cmake_prefix_path.ps1'
[4.027s] INFO:colcon.colcon_core.shell:Creating environment descriptor '/home/sunrise/amphibious_ws/install/i2c_pkg/share/i2c_pkg/hook/cmake_prefix_path.dsv'
[4.030s] INFO:colcon.colcon_core.shell:Creating environment hook '/home/sunrise/amphibious_ws/install/i2c_pkg/share/i2c_pkg/hook/cmake_prefix_path.sh'
[4.034s] Level 1:colcon.colcon_core.environment:checking '/home/sunrise/amphibious_ws/install/i2c_pkg/lib'
[4.034s] Level 1:colcon.colcon_core.environment:checking '/home/sunrise/amphibious_ws/install/i2c_pkg/bin'
[4.035s] Level 1:colcon.colcon_core.environment:checking '/home/sunrise/amphibious_ws/install/i2c_pkg/lib/pkgconfig/i2c_pkg.pc'
[4.036s] Level 1:colcon.colcon_core.environment:checking '/home/sunrise/amphibious_ws/install/i2c_pkg/lib/python3.10/site-packages'
[4.038s] Level 1:colcon.colcon_core.environment:checking '/home/sunrise/amphibious_ws/install/i2c_pkg/bin'
[4.040s] INFO:colcon.colcon_core.shell:Creating package script '/home/sunrise/amphibious_ws/install/i2c_pkg/share/i2c_pkg/package.ps1'
[4.044s] INFO:colcon.colcon_core.shell:Creating package descriptor '/home/sunrise/amphibious_ws/install/i2c_pkg/share/i2c_pkg/package.dsv'
[4.048s] INFO:colcon.colcon_core.shell:Creating package script '/home/sunrise/amphibious_ws/install/i2c_pkg/share/i2c_pkg/package.sh'
[4.053s] INFO:colcon.colcon_core.shell:Creating package script '/home/sunrise/amphibious_ws/install/i2c_pkg/share/i2c_pkg/package.bash'
[4.056s] INFO:colcon.colcon_core.shell:Creating package script '/home/sunrise/amphibious_ws/install/i2c_pkg/share/i2c_pkg/package.zsh'
[4.060s] Level 1:colcon.colcon_core.environment:create_file_with_runtime_dependencies(/home/sunrise/amphibious_ws/install/i2c_pkg/share/colcon-core/packages/i2c_pkg)
[5.925s] DEBUG:colcon.colcon_core.event_handler.log_command:Invoked command in '/home/sunrise/amphibious_ws/build/base' returned '0': CMAKE_PREFIX_PATH=${CMAKE_PREFIX_PATH}:/opt/ros/humble /usr/bin/cmake --build /home/sunrise/amphibious_ws/build/base -- -j8 -l8
[5.931s] DEBUG:colcon.colcon_core.event_handler.log_command:Invoking command in '/home/sunrise/amphibious_ws/build/base': CMAKE_PREFIX_PATH=${CMAKE_PREFIX_PATH}:/opt/ros/humble /usr/bin/cmake --install /home/sunrise/amphibious_ws/build/base
[6.272s] Level 1:colcon.colcon_core.environment:create_environment_scripts_only(base)
[6.274s] Level 1:colcon.colcon_core.environment:checking '/home/sunrise/amphibious_ws/install/base' for CMake module files
[6.291s] Level 1:colcon.colcon_core.environment:checking '/home/sunrise/amphibious_ws/install/base' for CMake config files
[6.296s] DEBUG:colcon.colcon_core.event_handler.log_command:Invoked command in '/home/sunrise/amphibious_ws/build/base' returned '0': CMAKE_PREFIX_PATH=${CMAKE_PREFIX_PATH}:/opt/ros/humble /usr/bin/cmake --install /home/sunrise/amphibious_ws/build/base
[6.299s] Level 1:colcon.colcon_core.shell:create_environment_hook('base', 'cmake_prefix_path')
[6.302s] INFO:colcon.colcon_core.shell:Creating environment hook '/home/sunrise/amphibious_ws/install/base/share/base/hook/cmake_prefix_path.ps1'
[6.305s] INFO:colcon.colcon_core.shell:Creating environment descriptor '/home/sunrise/amphibious_ws/install/base/share/base/hook/cmake_prefix_path.dsv'
[6.309s] INFO:colcon.colcon_core.shell:Creating environment hook '/home/sunrise/amphibious_ws/install/base/share/base/hook/cmake_prefix_path.sh'
[6.313s] Level 1:colcon.colcon_core.environment:checking '/home/sunrise/amphibious_ws/install/base/lib'
[6.314s] Level 1:colcon.colcon_core.shell:create_environment_hook('base', 'ld_library_path_lib')
[6.315s] INFO:colcon.colcon_core.shell:Creating environment hook '/home/sunrise/amphibious_ws/install/base/share/base/hook/ld_library_path_lib.ps1'
[6.319s] INFO:colcon.colcon_core.shell:Creating environment descriptor '/home/sunrise/amphibious_ws/install/base/share/base/hook/ld_library_path_lib.dsv'
[6.321s] INFO:colcon.colcon_core.shell:Creating environment hook '/home/sunrise/amphibious_ws/install/base/share/base/hook/ld_library_path_lib.sh'
[6.324s] Level 1:colcon.colcon_core.environment:checking '/home/sunrise/amphibious_ws/install/base/bin'
[6.325s] Level 1:colcon.colcon_core.environment:checking '/home/sunrise/amphibious_ws/install/base/lib/pkgconfig/base.pc'
[6.326s] Level 1:colcon.colcon_core.environment:checking '/home/sunrise/amphibious_ws/install/base/lib/python3.10/site-packages'
[6.328s] Level 1:colcon.colcon_core.environment:checking '/home/sunrise/amphibious_ws/install/base/bin'
[6.330s] INFO:colcon.colcon_core.shell:Creating package script '/home/sunrise/amphibious_ws/install/base/share/base/package.ps1'
[6.334s] INFO:colcon.colcon_core.shell:Creating package descriptor '/home/sunrise/amphibious_ws/install/base/share/base/package.dsv'
[6.337s] INFO:colcon.colcon_core.shell:Creating package script '/home/sunrise/amphibious_ws/install/base/share/base/package.sh'
[6.341s] INFO:colcon.colcon_core.shell:Creating package script '/home/sunrise/amphibious_ws/install/base/share/base/package.bash'
[6.343s] INFO:colcon.colcon_core.shell:Creating package script '/home/sunrise/amphibious_ws/install/base/share/base/package.zsh'
[6.346s] Level 1:colcon.colcon_core.environment:create_file_with_runtime_dependencies(/home/sunrise/amphibious_ws/install/base/share/colcon-core/packages/base)
[6.351s] Level 1:colcon.colcon_core.environment:create_environment_scripts_only(base)
[6.354s] Level 1:colcon.colcon_core.environment:checking '/home/sunrise/amphibious_ws/install/base' for CMake module files
[6.358s] Level 1:colcon.colcon_core.environment:checking '/home/sunrise/amphibious_ws/install/base' for CMake config files
[6.362s] Level 1:colcon.colcon_core.shell:create_environment_hook('base', 'cmake_prefix_path')
[6.364s] INFO:colcon.colcon_core.shell:Creating environment hook '/home/sunrise/amphibious_ws/install/base/share/base/hook/cmake_prefix_path.ps1'
[6.367s] INFO:colcon.colcon_core.shell:Creating environment descriptor '/home/sunrise/amphibious_ws/install/base/share/base/hook/cmake_prefix_path.dsv'
[6.370s] INFO:colcon.colcon_core.shell:Creating environment hook '/home/sunrise/amphibious_ws/install/base/share/base/hook/cmake_prefix_path.sh'
[6.375s] Level 1:colcon.colcon_core.environment:checking '/home/sunrise/amphibious_ws/install/base/lib'
[6.375s] Level 1:colcon.colcon_core.shell:create_environment_hook('base', 'ld_library_path_lib')
[6.377s] INFO:colcon.colcon_core.shell:Creating environment hook '/home/sunrise/amphibious_ws/install/base/share/base/hook/ld_library_path_lib.ps1'
[6.381s] INFO:colcon.colcon_core.shell:Creating environment descriptor '/home/sunrise/amphibious_ws/install/base/share/base/hook/ld_library_path_lib.dsv'
[6.384s] INFO:colcon.colcon_core.shell:Creating environment hook '/home/sunrise/amphibious_ws/install/base/share/base/hook/ld_library_path_lib.sh'
[6.387s] Level 1:colcon.colcon_core.environment:checking '/home/sunrise/amphibious_ws/install/base/bin'
[6.388s] Level 1:colcon.colcon_core.environment:checking '/home/sunrise/amphibious_ws/install/base/lib/pkgconfig/base.pc'
[6.389s] Level 1:colcon.colcon_core.environment:checking '/home/sunrise/amphibious_ws/install/base/lib/python3.10/site-packages'
[6.391s] Level 1:colcon.colcon_core.environment:checking '/home/sunrise/amphibious_ws/install/base/bin'
[6.393s] INFO:colcon.colcon_core.shell:Creating package script '/home/sunrise/amphibious_ws/install/base/share/base/package.ps1'
[6.397s] INFO:colcon.colcon_core.shell:Creating package descriptor '/home/sunrise/amphibious_ws/install/base/share/base/package.dsv'
[6.401s] INFO:colcon.colcon_core.shell:Creating package script '/home/sunrise/amphibious_ws/install/base/share/base/package.sh'
[6.405s] INFO:colcon.colcon_core.shell:Creating package script '/home/sunrise/amphibious_ws/install/base/share/base/package.bash'
[6.408s] INFO:colcon.colcon_core.shell:Creating package script '/home/sunrise/amphibious_ws/install/base/share/base/package.zsh'
[6.411s] Level 1:colcon.colcon_core.environment:create_file_with_runtime_dependencies(/home/sunrise/amphibious_ws/install/base/share/colcon-core/packages/base)
[6.413s] INFO:colcon.colcon_ros.task.ament_cmake.build:Building ROS package in '/home/sunrise/amphibious_ws/src/bluesea2/src/bluesea-ros2' with build type 'ament_cmake'
[6.415s] INFO:colcon.colcon_cmake.task.cmake.build:Building CMake package in '/home/sunrise/amphibious_ws/src/bluesea2/src/bluesea-ros2'
[6.417s] INFO:colcon.colcon_core.shell:Skip shell extension 'powershell' for command environment: Not usable outside of PowerShell
[6.418s] DEBUG:colcon.colcon_core.shell:Skip shell extension 'dsv' for command environment
[6.483s] DEBUG:colcon.colcon_core.event_handler.log_command:Invoking command in '/home/sunrise/amphibious_ws/build/bluesea2': CMAKE_PREFIX_PATH=/home/sunrise/amphibious_ws/install/base:/home/sunrise/amphibious_ws/install/my_carto_pkg:/home/sunrise/amphibious_ws/install/i2c_pkg:/home/sunrise/amphibious_ws/install/com_pkg:/home/sunrise/amphibious_ws/install/bluesea2:/home/sunrise/cartographer_ws/install/cartographer_rviz:/home/sunrise/cartographer_ws/install/cartographer_ros:/home/sunrise/cartographer_ws/install/cartographer_ros_msgs:/home/sunrise/cartographer_ws/install/cartographer:/home/sunrise/fly_ws/install/my_carto_pkg:/home/sunrise/fly_ws/install/com_pkg:/home/sunrise/fly_ws/install/bluesea2:/home/sunrise/fly_ws/install/base:/opt/ros/humble LD_LIBRARY_PATH=/home/sunrise/amphibious_ws/install/base/lib:/home/sunrise/cartographer_ws/install/cartographer_rviz/lib:/home/sunrise/cartographer_ws/install/cartographer_ros/lib:/home/sunrise/cartographer_ws/install/cartographer_ros_msgs/lib:/home/sunrise/fly_ws/install/base/lib:/opt/ros/humble/opt/rviz_ogre_vendor/lib:/opt/ros/humble/lib/aarch64-linux-gnu:/opt/ros/humble/lib:/usr/hobot/lib:/app/lib:/app/pub/lib:/middleware/lib:/middleware/pub/lib:/usr/hobot/lib/sensor:/system/lib:/system/usr/lib:/lib /usr/bin/cmake --build /home/sunrise/amphibious_ws/build/bluesea2 -- -j8 -l8
[6.852s] DEBUG:colcon.colcon_core.event_handler.log_command:Invoked command in '/home/sunrise/amphibious_ws/build/bluesea2' returned '0': CMAKE_PREFIX_PATH=/home/sunrise/amphibious_ws/install/base:/home/sunrise/amphibious_ws/install/my_carto_pkg:/home/sunrise/amphibious_ws/install/i2c_pkg:/home/sunrise/amphibious_ws/install/com_pkg:/home/sunrise/amphibious_ws/install/bluesea2:/home/sunrise/cartographer_ws/install/cartographer_rviz:/home/sunrise/cartographer_ws/install/cartographer_ros:/home/sunrise/cartographer_ws/install/cartographer_ros_msgs:/home/sunrise/cartographer_ws/install/cartographer:/home/sunrise/fly_ws/install/my_carto_pkg:/home/sunrise/fly_ws/install/com_pkg:/home/sunrise/fly_ws/install/bluesea2:/home/sunrise/fly_ws/install/base:/opt/ros/humble LD_LIBRARY_PATH=/home/sunrise/amphibious_ws/install/base/lib:/home/sunrise/cartographer_ws/install/cartographer_rviz/lib:/home/sunrise/cartographer_ws/install/cartographer_ros/lib:/home/sunrise/cartographer_ws/install/cartographer_ros_msgs/lib:/home/sunrise/fly_ws/install/base/lib:/opt/ros/humble/opt/rviz_ogre_vendor/lib:/opt/ros/humble/lib/aarch64-linux-gnu:/opt/ros/humble/lib:/usr/hobot/lib:/app/lib:/app/pub/lib:/middleware/lib:/middleware/pub/lib:/usr/hobot/lib/sensor:/system/lib:/system/usr/lib:/lib /usr/bin/cmake --build /home/sunrise/amphibious_ws/build/bluesea2 -- -j8 -l8
[6.856s] DEBUG:colcon.colcon_core.event_handler.log_command:Invoking command in '/home/sunrise/amphibious_ws/build/bluesea2': CMAKE_PREFIX_PATH=/home/sunrise/amphibious_ws/install/base:/home/sunrise/amphibious_ws/install/my_carto_pkg:/home/sunrise/amphibious_ws/install/i2c_pkg:/home/sunrise/amphibious_ws/install/com_pkg:/home/sunrise/amphibious_ws/install/bluesea2:/home/sunrise/cartographer_ws/install/cartographer_rviz:/home/sunrise/cartographer_ws/install/cartographer_ros:/home/sunrise/cartographer_ws/install/cartographer_ros_msgs:/home/sunrise/cartographer_ws/install/cartographer:/home/sunrise/fly_ws/install/my_carto_pkg:/home/sunrise/fly_ws/install/com_pkg:/home/sunrise/fly_ws/install/bluesea2:/home/sunrise/fly_ws/install/base:/opt/ros/humble LD_LIBRARY_PATH=/home/sunrise/amphibious_ws/install/base/lib:/home/sunrise/cartographer_ws/install/cartographer_rviz/lib:/home/sunrise/cartographer_ws/install/cartographer_ros/lib:/home/sunrise/cartographer_ws/install/cartographer_ros_msgs/lib:/home/sunrise/fly_ws/install/base/lib:/opt/ros/humble/opt/rviz_ogre_vendor/lib:/opt/ros/humble/lib/aarch64-linux-gnu:/opt/ros/humble/lib:/usr/hobot/lib:/app/lib:/app/pub/lib:/middleware/lib:/middleware/pub/lib:/usr/hobot/lib/sensor:/system/lib:/system/usr/lib:/lib /usr/bin/cmake --install /home/sunrise/amphibious_ws/build/bluesea2
[6.921s] Level 1:colcon.colcon_core.environment:create_environment_scripts_only(bluesea2)
[6.923s] Level 1:colcon.colcon_core.environment:checking '/home/sunrise/amphibious_ws/install/bluesea2' for CMake module files
[6.932s] Level 1:colcon.colcon_core.environment:checking '/home/sunrise/amphibious_ws/install/bluesea2' for CMake config files
[6.938s] Level 1:colcon.colcon_core.shell:create_environment_hook('bluesea2', 'cmake_prefix_path')
[6.939s] INFO:colcon.colcon_core.shell:Creating environment hook '/home/sunrise/amphibious_ws/install/bluesea2/share/bluesea2/hook/cmake_prefix_path.ps1'
[6.945s] DEBUG:colcon.colcon_core.event_handler.log_command:Invoked command in '/home/sunrise/amphibious_ws/build/bluesea2' returned '0': CMAKE_PREFIX_PATH=/home/sunrise/amphibious_ws/install/base:/home/sunrise/amphibious_ws/install/my_carto_pkg:/home/sunrise/amphibious_ws/install/i2c_pkg:/home/sunrise/amphibious_ws/install/com_pkg:/home/sunrise/amphibious_ws/install/bluesea2:/home/sunrise/cartographer_ws/install/cartographer_rviz:/home/sunrise/cartographer_ws/install/cartographer_ros:/home/sunrise/cartographer_ws/install/cartographer_ros_msgs:/home/sunrise/cartographer_ws/install/cartographer:/home/sunrise/fly_ws/install/my_carto_pkg:/home/sunrise/fly_ws/install/com_pkg:/home/sunrise/fly_ws/install/bluesea2:/home/sunrise/fly_ws/install/base:/opt/ros/humble LD_LIBRARY_PATH=/home/sunrise/amphibious_ws/install/base/lib:/home/sunrise/cartographer_ws/install/cartographer_rviz/lib:/home/sunrise/cartographer_ws/install/cartographer_ros/lib:/home/sunrise/cartographer_ws/install/cartographer_ros_msgs/lib:/home/sunrise/fly_ws/install/base/lib:/opt/ros/humble/opt/rviz_ogre_vendor/lib:/opt/ros/humble/lib/aarch64-linux-gnu:/opt/ros/humble/lib:/usr/hobot/lib:/app/lib:/app/pub/lib:/middleware/lib:/middleware/pub/lib:/usr/hobot/lib/sensor:/system/lib:/system/usr/lib:/lib /usr/bin/cmake --install /home/sunrise/amphibious_ws/build/bluesea2
[6.946s] INFO:colcon.colcon_core.shell:Creating environment descriptor '/home/sunrise/amphibious_ws/install/bluesea2/share/bluesea2/hook/cmake_prefix_path.dsv'
[6.948s] INFO:colcon.colcon_core.shell:Creating environment hook '/home/sunrise/amphibious_ws/install/bluesea2/share/bluesea2/hook/cmake_prefix_path.sh'
[6.953s] Level 1:colcon.colcon_core.environment:checking '/home/sunrise/amphibious_ws/install/bluesea2/lib'
[6.955s] Level 1:colcon.colcon_core.environment:checking '/home/sunrise/amphibious_ws/install/bluesea2/bin'
[6.956s] Level 1:colcon.colcon_core.environment:checking '/home/sunrise/amphibious_ws/install/bluesea2/lib/pkgconfig/bluesea2.pc'
[6.958s] Level 1:colcon.colcon_core.environment:checking '/home/sunrise/amphibious_ws/install/bluesea2/lib/python3.10/site-packages'
[6.959s] Level 1:colcon.colcon_core.environment:checking '/home/sunrise/amphibious_ws/install/bluesea2/bin'
[6.962s] INFO:colcon.colcon_core.shell:Creating package script '/home/sunrise/amphibious_ws/install/bluesea2/share/bluesea2/package.ps1'
[6.965s] INFO:colcon.colcon_core.shell:Creating package descriptor '/home/sunrise/amphibious_ws/install/bluesea2/share/bluesea2/package.dsv'
[6.971s] INFO:colcon.colcon_core.shell:Creating package script '/home/sunrise/amphibious_ws/install/bluesea2/share/bluesea2/package.sh'
[6.974s] INFO:colcon.colcon_core.shell:Creating package script '/home/sunrise/amphibious_ws/install/bluesea2/share/bluesea2/package.bash'
[6.978s] INFO:colcon.colcon_core.shell:Creating package script '/home/sunrise/amphibious_ws/install/bluesea2/share/bluesea2/package.zsh'
[6.981s] Level 1:colcon.colcon_core.environment:create_file_with_runtime_dependencies(/home/sunrise/amphibious_ws/install/bluesea2/share/colcon-core/packages/bluesea2)
[6.987s] Level 1:colcon.colcon_core.environment:create_environment_scripts_only(bluesea2)
[6.990s] Level 1:colcon.colcon_core.environment:checking '/home/sunrise/amphibious_ws/install/bluesea2' for CMake module files
[6.994s] Level 1:colcon.colcon_core.environment:checking '/home/sunrise/amphibious_ws/install/bluesea2' for CMake config files
[6.995s] Level 1:colcon.colcon_core.shell:create_environment_hook('bluesea2', 'cmake_prefix_path')
[6.998s] INFO:colcon.colcon_core.shell:Creating environment hook '/home/sunrise/amphibious_ws/install/bluesea2/share/bluesea2/hook/cmake_prefix_path.ps1'
[7.002s] INFO:colcon.colcon_core.shell:Creating environment descriptor '/home/sunrise/amphibious_ws/install/bluesea2/share/bluesea2/hook/cmake_prefix_path.dsv'
[7.005s] INFO:colcon.colcon_core.shell:Creating environment hook '/home/sunrise/amphibious_ws/install/bluesea2/share/bluesea2/hook/cmake_prefix_path.sh'
[7.010s] Level 1:colcon.colcon_core.environment:checking '/home/sunrise/amphibious_ws/install/bluesea2/lib'
[7.010s] Level 1:colcon.colcon_core.environment:checking '/home/sunrise/amphibious_ws/install/bluesea2/bin'
[7.011s] Level 1:colcon.colcon_core.environment:checking '/home/sunrise/amphibious_ws/install/bluesea2/lib/pkgconfig/bluesea2.pc'
[7.013s] Level 1:colcon.colcon_core.environment:checking '/home/sunrise/amphibious_ws/install/bluesea2/lib/python3.10/site-packages'
[7.014s] Level 1:colcon.colcon_core.environment:checking '/home/sunrise/amphibious_ws/install/bluesea2/bin'
[7.017s] INFO:colcon.colcon_core.shell:Creating package script '/home/sunrise/amphibious_ws/install/bluesea2/share/bluesea2/package.ps1'
[7.021s] INFO:colcon.colcon_core.shell:Creating package descriptor '/home/sunrise/amphibious_ws/install/bluesea2/share/bluesea2/package.dsv'
[7.025s] INFO:colcon.colcon_core.shell:Creating package script '/home/sunrise/amphibious_ws/install/bluesea2/share/bluesea2/package.sh'
[7.029s] INFO:colcon.colcon_core.shell:Creating package script '/home/sunrise/amphibious_ws/install/bluesea2/share/bluesea2/package.bash'
[7.033s] INFO:colcon.colcon_core.shell:Creating package script '/home/sunrise/amphibious_ws/install/bluesea2/share/bluesea2/package.zsh'
[7.036s] Level 1:colcon.colcon_core.environment:create_file_with_runtime_dependencies(/home/sunrise/amphibious_ws/install/bluesea2/share/colcon-core/packages/bluesea2)
[7.039s] DEBUG:colcon.colcon_parallel_executor.executor.parallel:closing loop
[7.042s] DEBUG:colcon.colcon_parallel_executor.executor.parallel:loop closed
[7.042s] DEBUG:colcon.colcon_parallel_executor.executor.parallel:run_until_complete finished with '0'
[7.043s] DEBUG:colcon.colcon_core.event_reactor:joining thread
[7.086s] INFO:colcon.colcon_core.plugin_system:Skipping extension 'colcon_notification.desktop_notification.notify_send': Could not find 'notify-send'
[7.087s] INFO:colcon.colcon_core.plugin_system:Skipping extension 'colcon_notification.desktop_notification.terminal_notifier': Not used on non-Darwin systems
[7.087s] INFO:colcon.colcon_core.plugin_system:Skipping extension 'colcon_notification.desktop_notification.win32': Not used on non-Windows systems
[7.088s] INFO:colcon.colcon_notification.desktop_notification:Sending desktop notification using 'notify2'
[7.114s] DEBUG:colcon.colcon_core.event_reactor:joined thread
[7.117s] INFO:colcon.colcon_core.shell:Creating prefix script '/home/sunrise/amphibious_ws/install/local_setup.ps1'
[7.125s] INFO:colcon.colcon_core.shell:Creating prefix util module '/home/sunrise/amphibious_ws/install/_local_setup_util_ps1.py'
[7.137s] INFO:colcon.colcon_core.shell:Creating prefix chain script '/home/sunrise/amphibious_ws/install/setup.ps1'
[7.152s] INFO:colcon.colcon_core.shell:Creating prefix script '/home/sunrise/amphibious_ws/install/local_setup.sh'
[7.158s] INFO:colcon.colcon_core.shell:Creating prefix util module '/home/sunrise/amphibious_ws/install/_local_setup_util_sh.py'
[7.165s] INFO:colcon.colcon_core.shell:Creating prefix chain script '/home/sunrise/amphibious_ws/install/setup.sh'
[7.177s] INFO:colcon.colcon_core.shell:Creating prefix script '/home/sunrise/amphibious_ws/install/local_setup.bash'
[7.181s] INFO:colcon.colcon_core.shell:Creating prefix chain script '/home/sunrise/amphibious_ws/install/setup.bash'
[7.191s] INFO:colcon.colcon_core.shell:Creating prefix script '/home/sunrise/amphibious_ws/install/local_setup.zsh'
[7.195s] INFO:colcon.colcon_core.shell:Creating prefix chain script '/home/sunrise/amphibious_ws/install/setup.zsh'
