[0.397s] Invoking command in '/home/sunrise/amphibious_ws/build/i2c_pkg': CMAKE_PREFIX_PATH=${CMAKE_PREFIX_PATH}:/home/sunrise/amphibious_ws/install/yolo_detect_pkg:/opt/tros/humble:/opt/ros/humble /usr/bin/cmake --build /home/sunrise/amphibious_ws/build/i2c_pkg -- -j8 -l8
[4.517s] [  9%] Built target car_drive_pid
[4.518s] [ 18%] Built target pid
[4.519s] [ 27%] Built target car_drive
[4.519s] [ 36%] Built target pid_velocity_lifecycle
[4.520s] [ 45%] Built target pid_velocity
[4.521s] [ 54%] Built target target_pub
[4.521s] [ 63%] Built target car_drive_pid_pwm
[4.522s] [ 72%] Built target pid_lifecycle
[4.523s] [ 81%] Built target car_drive_pid_pwm_lifecycle
[4.524s] [ 90%] Built target velocity_by_encoder_lifecycle
[4.524s] [100%] Built target velocity_by_encoder
[4.747s] Invoked command in '/home/sunrise/amphibious_ws/build/i2c_pkg' returned '0': CMAKE_PREFIX_PATH=${CMAKE_PREFIX_PATH}:/home/sunrise/amphibious_ws/install/yolo_detect_pkg:/opt/tros/humble:/opt/ros/humble /usr/bin/cmake --build /home/sunrise/amphibious_ws/build/i2c_pkg -- -j8 -l8
[4.751s] Invoking command in '/home/sunrise/amphibious_ws/build/i2c_pkg': CMAKE_PREFIX_PATH=${CMAKE_PREFIX_PATH}:/home/sunrise/amphibious_ws/install/yolo_detect_pkg:/opt/tros/humble:/opt/ros/humble /usr/bin/cmake --install /home/sunrise/amphibious_ws/build/i2c_pkg
[4.947s] -- Install configuration: ""
[4.948s] -- Up-to-date: /home/sunrise/amphibious_ws/install/i2c_pkg/lib/i2c_pkg/car_drive
[4.949s] -- Up-to-date: /home/sunrise/amphibious_ws/install/i2c_pkg/lib/i2c_pkg/pid
[4.975s] -- Up-to-date: /home/sunrise/amphibious_ws/install/i2c_pkg/lib/i2c_pkg/car_drive_pid
[4.977s] -- Up-to-date: /home/sunrise/amphibious_ws/install/i2c_pkg/lib/i2c_pkg/target_pub
[4.978s] -- Up-to-date: /home/sunrise/amphibious_ws/install/i2c_pkg/lib/i2c_pkg/pid_velocity
[4.978s] -- Up-to-date: /home/sunrise/amphibious_ws/install/i2c_pkg/lib/i2c_pkg/car_drive_pid_pwm
[5.002s] -- Up-to-date: /home/sunrise/amphibious_ws/install/i2c_pkg/lib/i2c_pkg/pid_lifecycle
[5.003s] -- Up-to-date: /home/sunrise/amphibious_ws/install/i2c_pkg/lib/i2c_pkg/pid_velocity_lifecycle
[5.005s] -- Up-to-date: /home/sunrise/amphibious_ws/install/i2c_pkg/lib/i2c_pkg/car_drive_pid_pwm_lifecycle
[5.005s] -- Up-to-date: /home/sunrise/amphibious_ws/install/i2c_pkg/lib/i2c_pkg/velocity_by_encoder
[5.006s] -- Up-to-date: /home/sunrise/amphibious_ws/install/i2c_pkg/lib/i2c_pkg/velocity_by_encoder_lifecycle
[5.007s] -- Up-to-date: /home/sunrise/amphibious_ws/install/i2c_pkg/share/i2c_pkg/launch
[5.008s] -- Up-to-date: /home/sunrise/amphibious_ws/install/i2c_pkg/share/i2c_pkg/launch/car_drive.launch.py
[5.008s] -- Up-to-date: /home/sunrise/amphibious_ws/install/i2c_pkg/share/ament_index/resource_index/package_run_dependencies/i2c_pkg
[5.016s] -- Up-to-date: /home/sunrise/amphibious_ws/install/i2c_pkg/share/ament_index/resource_index/parent_prefix_path/i2c_pkg
[5.021s] -- Up-to-date: /home/sunrise/amphibious_ws/install/i2c_pkg/share/i2c_pkg/environment/ament_prefix_path.sh
[5.035s] -- Up-to-date: /home/sunrise/amphibious_ws/install/i2c_pkg/share/i2c_pkg/environment/ament_prefix_path.dsv
[5.036s] -- Up-to-date: /home/sunrise/amphibious_ws/install/i2c_pkg/share/i2c_pkg/environment/path.sh
[5.037s] -- Up-to-date: /home/sunrise/amphibious_ws/install/i2c_pkg/share/i2c_pkg/environment/path.dsv
[5.037s] -- Up-to-date: /home/sunrise/amphibious_ws/install/i2c_pkg/share/i2c_pkg/local_setup.bash
[5.038s] -- Up-to-date: /home/sunrise/amphibious_ws/install/i2c_pkg/share/i2c_pkg/local_setup.sh
[5.038s] -- Up-to-date: /home/sunrise/amphibious_ws/install/i2c_pkg/share/i2c_pkg/local_setup.zsh
[5.039s] -- Up-to-date: /home/sunrise/amphibious_ws/install/i2c_pkg/share/i2c_pkg/local_setup.dsv
[5.040s] -- Installing: /home/sunrise/amphibious_ws/install/i2c_pkg/share/i2c_pkg/package.dsv
[5.067s] -- Up-to-date: /home/sunrise/amphibious_ws/install/i2c_pkg/share/ament_index/resource_index/packages/i2c_pkg
[5.069s] -- Up-to-date: /home/sunrise/amphibious_ws/install/i2c_pkg/share/i2c_pkg/cmake/i2c_pkgConfig.cmake
[5.070s] -- Up-to-date: /home/sunrise/amphibious_ws/install/i2c_pkg/share/i2c_pkg/cmake/i2c_pkgConfig-version.cmake
[5.071s] -- Up-to-date: /home/sunrise/amphibious_ws/install/i2c_pkg/share/i2c_pkg/package.xml
[5.465s] Invoked command in '/home/sunrise/amphibious_ws/build/i2c_pkg' returned '0': CMAKE_PREFIX_PATH=${CMAKE_PREFIX_PATH}:/home/sunrise/amphibious_ws/install/yolo_detect_pkg:/opt/tros/humble:/opt/ros/humble /usr/bin/cmake --install /home/sunrise/amphibious_ws/build/i2c_pkg
