[0.276s] Invoking command in '/home/sunrise/amphibious_ws/build/my_carto_pkg': CMAKE_PREFIX_PATH=${CMAKE_PREFIX_PATH}:/home/sunrise/amphibious_ws/install/yolo_detect_pkg:/opt/tros/humble:/opt/ros/humble /usr/bin/cmake --build /home/sunrise/amphibious_ws/build/my_carto_pkg -- -j8 -l8
[3.642s] Invoked command in '/home/sunrise/amphibious_ws/build/my_carto_pkg' returned '0': CMAKE_PREFIX_PATH=${CMAKE_PREFIX_PATH}:/home/sunrise/amphibious_ws/install/yolo_detect_pkg:/opt/tros/humble:/opt/ros/humble /usr/bin/cmake --build /home/sunrise/amphibious_ws/build/my_carto_pkg -- -j8 -l8
[3.646s] Invoking command in '/home/sunrise/amphibious_ws/build/my_carto_pkg': CMAKE_PREFIX_PATH=${CMAKE_PREFIX_PATH}:/home/sunrise/amphibious_ws/install/yolo_detect_pkg:/opt/tros/humble:/opt/ros/humble /usr/bin/cmake --install /home/sunrise/amphibious_ws/build/my_carto_pkg
[3.766s] -- Install configuration: ""
[3.766s] -- Up-to-date: /home/sunrise/amphibious_ws/install/my_carto_pkg/share/my_carto_pkg/launch
[3.767s] -- Up-to-date: /home/sunrise/amphibious_ws/install/my_carto_pkg/share/my_carto_pkg/launch/fly_carto.launch.py
[3.768s] -- Up-to-date: /home/sunrise/amphibious_ws/install/my_carto_pkg/share/my_carto_pkg/launch/amphi_carto.launch.py
[3.769s] -- Up-to-date: /home/sunrise/amphibious_ws/install/my_carto_pkg/share/my_carto_pkg/urdf
[3.769s] -- Up-to-date: /home/sunrise/amphibious_ws/install/my_carto_pkg/share/my_carto_pkg/urdf/fly.urdf
[3.770s] -- Up-to-date: /home/sunrise/amphibious_ws/install/my_carto_pkg/share/my_carto_pkg/configuration_files
[3.771s] -- Up-to-date: /home/sunrise/amphibious_ws/install/my_carto_pkg/share/my_carto_pkg/configuration_files/amphi.lua
[3.772s] -- Up-to-date: /home/sunrise/amphibious_ws/install/my_carto_pkg/share/my_carto_pkg/configuration_files/pose_graph.lua
[3.773s] -- Up-to-date: /home/sunrise/amphibious_ws/install/my_carto_pkg/share/my_carto_pkg/configuration_files/trajectory_builder_3d.lua
[3.774s] -- Up-to-date: /home/sunrise/amphibious_ws/install/my_carto_pkg/share/my_carto_pkg/configuration_files/trajectory_builder_2d.lua
[3.775s] -- Up-to-date: /home/sunrise/amphibious_ws/install/my_carto_pkg/share/my_carto_pkg/configuration_files/map_builder.lua
[3.784s] -- Up-to-date: /home/sunrise/amphibious_ws/install/my_carto_pkg/share/my_carto_pkg/configuration_files/trajectory_builder.lua
[3.785s] -- Up-to-date: /home/sunrise/amphibious_ws/install/my_carto_pkg/share/my_carto_pkg/configuration_files/fly.lua
[3.786s] -- Up-to-date: /home/sunrise/amphibious_ws/install/my_carto_pkg/share/ament_index/resource_index/package_run_dependencies/my_carto_pkg
[3.787s] -- Up-to-date: /home/sunrise/amphibious_ws/install/my_carto_pkg/share/ament_index/resource_index/parent_prefix_path/my_carto_pkg
[3.789s] -- Up-to-date: /home/sunrise/amphibious_ws/install/my_carto_pkg/share/my_carto_pkg/environment/ament_prefix_path.sh
[3.791s] -- Up-to-date: /home/sunrise/amphibious_ws/install/my_carto_pkg/share/my_carto_pkg/environment/ament_prefix_path.dsv
[3.794s] -- Up-to-date: /home/sunrise/amphibious_ws/install/my_carto_pkg/share/my_carto_pkg/environment/path.sh
[3.810s] -- Up-to-date: /home/sunrise/amphibious_ws/install/my_carto_pkg/share/my_carto_pkg/environment/path.dsv
[3.814s] -- Up-to-date: /home/sunrise/amphibious_ws/install/my_carto_pkg/share/my_carto_pkg/local_setup.bash
[3.815s] -- Up-to-date: /home/sunrise/amphibious_ws/install/my_carto_pkg/share/my_carto_pkg/local_setup.sh
[3.816s] -- Up-to-date: /home/sunrise/amphibious_ws/install/my_carto_pkg/share/my_carto_pkg/local_setup.zsh
[3.817s] -- Up-to-date: /home/sunrise/amphibious_ws/install/my_carto_pkg/share/my_carto_pkg/local_setup.dsv
[3.822s] -- Installing: /home/sunrise/amphibious_ws/install/my_carto_pkg/share/my_carto_pkg/package.dsv
[3.823s] -- Up-to-date: /home/sunrise/amphibious_ws/install/my_carto_pkg/share/ament_index/resource_index/packages/my_carto_pkg
[3.823s] -- Up-to-date: /home/sunrise/amphibious_ws/install/my_carto_pkg/share/my_carto_pkg/cmake/my_carto_pkgConfig.cmake
[3.824s] -- Up-to-date: /home/sunrise/amphibious_ws/install/my_carto_pkg/share/my_carto_pkg/cmake/my_carto_pkgConfig-version.cmake
[3.825s] -- Up-to-date: /home/sunrise/amphibious_ws/install/my_carto_pkg/share/my_carto_pkg/package.xml
[3.909s] Invoked command in '/home/sunrise/amphibious_ws/build/my_carto_pkg' returned '0': CMAKE_PREFIX_PATH=${CMAKE_PREFIX_PATH}:/home/sunrise/amphibious_ws/install/yolo_detect_pkg:/opt/tros/humble:/opt/ros/humble /usr/bin/cmake --install /home/sunrise/amphibious_ws/build/my_carto_pkg
