-- The C compiler identification is GNU 11.2.0
-- The CXX compiler identification is GNU 11.2.0
-- Detecting C compiler ABI info
-- Detecting C compiler ABI info - done
-- Check for working C compiler: /usr/bin/cc - skipped
-- Detecting C compile features
-- Detecting C compile features - done
-- Detecting CXX compiler ABI info
-- Detecting CXX compiler ABI info - done
-- Check for working CXX compiler: /usr/bin/c++ - skipped
-- Detecting CXX compile features
-- Detecting CXX compile features - done
-- Found ament_cmake: 1.3.11 (/opt/ros/humble/share/ament_cmake/cmake)
-- Found Python3: /usr/bin/python3 (found version "3.10.12") found components: Interpreter 
-- Found rclcpp: 16.0.11 (/opt/ros/humble/share/rclcpp/cmake)
-- Found rosidl_generator_c: 3.1.6 (/opt/ros/humble/share/rosidl_generator_c/cmake)
-- Found rosidl_adapter: 3.1.6 (/opt/ros/humble/share/rosidl_adapter/cmake)
-- Found rosidl_generator_cpp: 3.1.6 (/opt/ros/humble/share/rosidl_generator_cpp/cmake)
-- Using all available rosidl_typesupport_c: rosidl_typesupport_fastrtps_c;rosidl_typesupport_introspection_c
-- Using all available rosidl_typesupport_cpp: rosidl_typesupport_fastrtps_cpp;rosidl_typesupport_introspection_cpp
-- Found rmw_implementation_cmake: 6.1.2 (/opt/ros/humble/share/rmw_implementation_cmake/cmake)
-- Found rmw_fastrtps_cpp: 6.2.7 (/opt/ros/humble/share/rmw_fastrtps_cpp/cmake)
-- Found OpenSSL: /usr/lib/aarch64-linux-gnu/libcrypto.so (found version "3.0.2")  
-- Found FastRTPS: /opt/ros/humble/include  
-- Using RMW implementation 'rmw_fastrtps_cpp' as default
-- Looking for pthread.h
-- Looking for pthread.h - found
-- Performing Test CMAKE_HAVE_LIBC_PTHREAD
-- Performing Test CMAKE_HAVE_LIBC_PTHREAD - Success
-- Found Threads: TRUE  
-- Found sensor_msgs: 4.2.4 (/opt/ros/humble/share/sensor_msgs/cmake)
-- Found visualization_msgs: 4.2.4 (/opt/ros/humble/share/visualization_msgs/cmake)
-- Found base: 0.0.0 (/home/sunrise/amphibious_ws/install/base/share/base/cmake)
-- Found std_srvs: 4.2.4 (/opt/ros/humble/share/std_srvs/cmake)
-- Found ament_lint_auto: 0.12.11 (/opt/ros/humble/share/ament_lint_auto/cmake)
-- Configuring done
-- Generating done
-- Build files have been written to: /home/sunrise/amphibious_ws/build/bluesea2
[  7%] [32mBuilding CXX object CMakeFiles/bluesea2_heart_check.dir/src/heart_check.cpp.o[0m
[ 15%] [32mBuilding CXX object CMakeFiles/bluesea2_node.dir/sdk/src/bluesea.cpp.o[0m
[ 23%] [32mBuilding CXX object CMakeFiles/bluesea2_client.dir/src/client.cpp.o[0m
[ 46%] [32mBuilding CXX object CMakeFiles/bluesea2_node.dir/sdk/src/algorithmAPI.cpp.o[0m
[ 46%] [32mBuilding CXX object CMakeFiles/bluesea2_node.dir/src/node.cpp.o[0m
[ 46%] [32mBuilding CXX object CMakeFiles/bluesea2_node.dir/sdk/src/parser.cpp.o[0m
[ 53%] [32mBuilding CXX object CMakeFiles/bluesea2_node.dir/sdk/src/tcp_reader.cpp.o[0m
[ 61%] [32mBuilding C object CMakeFiles/bluesea2_node.dir/sdk/src/uart.c.o[0m
[ 69%] [32mBuilding CXX object CMakeFiles/bluesea2_node.dir/sdk/src/uart_reader.cpp.o[0m
[ 76%] [32mBuilding CXX object CMakeFiles/bluesea2_node.dir/sdk/src/udp_reader.cpp.o[0m
[ 84%] [32m[1mLinking CXX executable bluesea2_heart_check[0m
[ 84%] Built target bluesea2_heart_check
[ 92%] [32m[1mLinking CXX executable bluesea2_client[0m
[ 92%] Built target bluesea2_client
[100%] [32m[1mLinking CXX executable bluesea2_node[0m
[100%] Built target bluesea2_node
-- Install configuration: ""
-- Installing: /home/sunrise/amphibious_ws/install/bluesea2/lib/bluesea2/bluesea2_node
-- Set runtime path of "/home/sunrise/amphibious_ws/install/bluesea2/lib/bluesea2/bluesea2_node" to ""
-- Installing: /home/sunrise/amphibious_ws/install/bluesea2/lib/bluesea2/bluesea2_client
-- Set runtime path of "/home/sunrise/amphibious_ws/install/bluesea2/lib/bluesea2/bluesea2_client" to ""
-- Installing: /home/sunrise/amphibious_ws/install/bluesea2/lib/bluesea2/bluesea2_heart_check
-- Set runtime path of "/home/sunrise/amphibious_ws/install/bluesea2/lib/bluesea2/bluesea2_heart_check" to ""
-- Installing: /home/sunrise/amphibious_ws/install/bluesea2/share/bluesea2/launch
-- Installing: /home/sunrise/amphibious_ws/install/bluesea2/share/bluesea2/launch/heart_check.launch
-- Installing: /home/sunrise/amphibious_ws/install/bluesea2/share/bluesea2/launch/uart_lidar.launch
-- Installing: /home/sunrise/amphibious_ws/install/bluesea2/share/bluesea2/launch/vpc_lidar.launch
-- Installing: /home/sunrise/amphibious_ws/install/bluesea2/share/bluesea2/launch/udp_lidar.launch
-- Installing: /home/sunrise/amphibious_ws/install/bluesea2/share/bluesea2/launch/LDS-U80C-S.launch
-- Installing: /home/sunrise/amphibious_ws/install/bluesea2/share/bluesea2/launch/dual_udp_lidar.launch
-- Installing: /home/sunrise/amphibious_ws/install/bluesea2/share/bluesea2/launch/LDS-U50C-S.launch
-- Installing: /home/sunrise/amphibious_ws/install/bluesea2/share/bluesea2/params
-- Installing: /home/sunrise/amphibious_ws/install/bluesea2/share/bluesea2/params/udp_lidar.yaml
-- Installing: /home/sunrise/amphibious_ws/install/bluesea2/share/bluesea2/params/vpc_lidar.yaml
-- Installing: /home/sunrise/amphibious_ws/install/bluesea2/share/bluesea2/params/LDS-U80C-S.yaml
-- Installing: /home/sunrise/amphibious_ws/install/bluesea2/share/bluesea2/params/LDS-U50C-S.yaml
-- Installing: /home/sunrise/amphibious_ws/install/bluesea2/share/bluesea2/params/uart_lidar.yaml
-- Installing: /home/sunrise/amphibious_ws/install/bluesea2/share/bluesea2/params/other
-- Installing: /home/sunrise/amphibious_ws/install/bluesea2/share/bluesea2/params/dual_udp_lidar.yaml
-- Installing: /home/sunrise/amphibious_ws/install/bluesea2/share/ament_index/resource_index/package_run_dependencies/bluesea2
-- Installing: /home/sunrise/amphibious_ws/install/bluesea2/share/ament_index/resource_index/parent_prefix_path/bluesea2
-- Installing: /home/sunrise/amphibious_ws/install/bluesea2/share/bluesea2/environment/ament_prefix_path.sh
-- Installing: /home/sunrise/amphibious_ws/install/bluesea2/share/bluesea2/environment/ament_prefix_path.dsv
-- Installing: /home/sunrise/amphibious_ws/install/bluesea2/share/bluesea2/environment/path.sh
-- Installing: /home/sunrise/amphibious_ws/install/bluesea2/share/bluesea2/environment/path.dsv
-- Installing: /home/sunrise/amphibious_ws/install/bluesea2/share/bluesea2/local_setup.bash
-- Installing: /home/sunrise/amphibious_ws/install/bluesea2/share/bluesea2/local_setup.sh
-- Installing: /home/sunrise/amphibious_ws/install/bluesea2/share/bluesea2/local_setup.zsh
-- Installing: /home/sunrise/amphibious_ws/install/bluesea2/share/bluesea2/local_setup.dsv
-- Installing: /home/sunrise/amphibious_ws/install/bluesea2/share/bluesea2/package.dsv
-- Installing: /home/sunrise/amphibious_ws/install/bluesea2/share/ament_index/resource_index/packages/bluesea2
-- Installing: /home/sunrise/amphibious_ws/install/bluesea2/share/bluesea2/cmake/bluesea2Config.cmake
-- Installing: /home/sunrise/amphibious_ws/install/bluesea2/share/bluesea2/cmake/bluesea2Config-version.cmake
-- Installing: /home/sunrise/amphibious_ws/install/bluesea2/share/bluesea2/package.xml
