[0.261s] Invoking command in '/home/sunrise/amphibious_ws/build/lifecycle_control_pkg': CMAKE_PREFIX_PATH=${CMAKE_PREFIX_PATH}:/home/sunrise/amphibious_ws/install/yolo_detect_pkg:/opt/tros/humble:/opt/ros/humble /usr/bin/cmake --build /home/sunrise/amphibious_ws/build/lifecycle_control_pkg -- -j8 -l8
[3.231s] [100%] Built target lifecycle_control_node
[3.326s] Invoked command in '/home/sunrise/amphibious_ws/build/lifecycle_control_pkg' returned '0': CMAKE_PREFIX_PATH=${CMAKE_PREFIX_PATH}:/home/sunrise/amphibious_ws/install/yolo_detect_pkg:/opt/tros/humble:/opt/ros/humble /usr/bin/cmake --build /home/sunrise/amphibious_ws/build/lifecycle_control_pkg -- -j8 -l8
[3.329s] Invoking command in '/home/sunrise/amphibious_ws/build/lifecycle_control_pkg': CMAKE_PREFIX_PATH=${CMAKE_PREFIX_PATH}:/home/sunrise/amphibious_ws/install/yolo_detect_pkg:/opt/tros/humble:/opt/ros/humble /usr/bin/cmake --install /home/sunrise/amphibious_ws/build/lifecycle_control_pkg
[3.481s] -- Install configuration: ""
[3.482s] -- Up-to-date: /home/sunrise/amphibious_ws/install/lifecycle_control_pkg/lib/lifecycle_control_pkg/lifecycle_control_node
[3.483s] -- Up-to-date: /home/sunrise/amphibious_ws/install/lifecycle_control_pkg/share/ament_index/resource_index/package_run_dependencies/lifecycle_control_pkg
[3.485s] -- Up-to-date: /home/sunrise/amphibious_ws/install/lifecycle_control_pkg/share/ament_index/resource_index/parent_prefix_path/lifecycle_control_pkg
[3.486s] -- Up-to-date: /home/sunrise/amphibious_ws/install/lifecycle_control_pkg/share/lifecycle_control_pkg/environment/ament_prefix_path.sh
[3.488s] -- Up-to-date: /home/sunrise/amphibious_ws/install/lifecycle_control_pkg/share/lifecycle_control_pkg/environment/ament_prefix_path.dsv
[3.490s] -- Up-to-date: /home/sunrise/amphibious_ws/install/lifecycle_control_pkg/share/lifecycle_control_pkg/environment/path.sh
[3.491s] -- Up-to-date: /home/sunrise/amphibious_ws/install/lifecycle_control_pkg/share/lifecycle_control_pkg/environment/path.dsv
[3.495s] -- Up-to-date: /home/sunrise/amphibious_ws/install/lifecycle_control_pkg/share/lifecycle_control_pkg/local_setup.bash
[3.497s] -- Up-to-date: /home/sunrise/amphibious_ws/install/lifecycle_control_pkg/share/lifecycle_control_pkg/local_setup.sh
[3.498s] -- Up-to-date: /home/sunrise/amphibious_ws/install/lifecycle_control_pkg/share/lifecycle_control_pkg/local_setup.zsh
[3.499s] -- Up-to-date: /home/sunrise/amphibious_ws/install/lifecycle_control_pkg/share/lifecycle_control_pkg/local_setup.dsv
[3.500s] -- Installing: /home/sunrise/amphibious_ws/install/lifecycle_control_pkg/share/lifecycle_control_pkg/package.dsv
[3.501s] -- Up-to-date: /home/sunrise/amphibious_ws/install/lifecycle_control_pkg/share/ament_index/resource_index/packages/lifecycle_control_pkg
[3.502s] -- Up-to-date: /home/sunrise/amphibious_ws/install/lifecycle_control_pkg/share/lifecycle_control_pkg/cmake/lifecycle_control_pkgConfig.cmake
[3.503s] -- Up-to-date: /home/sunrise/amphibious_ws/install/lifecycle_control_pkg/share/lifecycle_control_pkg/cmake/lifecycle_control_pkgConfig-version.cmake
[3.504s] -- Up-to-date: /home/sunrise/amphibious_ws/install/lifecycle_control_pkg/share/lifecycle_control_pkg/package.xml
[3.823s] Invoked command in '/home/sunrise/amphibious_ws/build/lifecycle_control_pkg' returned '0': CMAKE_PREFIX_PATH=${CMAKE_PREFIX_PATH}:/home/sunrise/amphibious_ws/install/yolo_detect_pkg:/opt/tros/humble:/opt/ros/humble /usr/bin/cmake --install /home/sunrise/amphibious_ws/build/lifecycle_control_pkg
