[0.164s] Invoking command in '/home/sunrise/amphibious_ws/build/base': CMAKE_PREFIX_PATH=${CMAKE_PREFIX_PATH}:/opt/ros/humble /usr/bin/cmake --build /home/sunrise/amphibious_ws/build/base -- -j8 -l8
[0.518s] [  9%] Built target base__rosidl_generator_c
[0.544s] [  9%] Built target ament_cmake_python_copy_base
[0.658s] [ 12%] Built target base__cpp
[0.686s] [ 22%] Built target base__rosidl_typesupport_fastrtps_c
[0.735s] [ 32%] Built target base__rosidl_typesupport_introspection_c
[0.831s] [ 41%] Built target base__rosidl_typesupport_c
[0.863s] [ 51%] Built target base__rosidl_typesupport_cpp
[0.864s] [ 61%] Built target base__rosidl_typesupport_fastrtps_cpp
[0.902s] [ 70%] Built target base__rosidl_typesupport_introspection_cpp
[1.025s] [ 70%] Built target base
[1.141s] [ 74%] Built target base__py
[1.251s] [ 80%] Built target base__rosidl_generator_py
[1.399s] [ 87%] Built target base__rosidl_typesupport_fastrtps_c__pyext
[1.417s] [ 93%] Built target base__rosidl_typesupport_introspection_c__pyext
[1.429s] [100%] Built target base__rosidl_typesupport_c__pyext
[2.845s] running egg_info
[2.850s] writing base.egg-info/PKG-INFO
[2.851s] writing dependency_links to base.egg-info/dependency_links.txt
[2.852s] writing top-level names to base.egg-info/top_level.txt
[2.870s] reading manifest file 'base.egg-info/SOURCES.txt'
[2.874s] writing manifest file 'base.egg-info/SOURCES.txt'
[3.119s] [100%] Built target ament_cmake_python_build_base_egg
[3.182s] Invoked command in '/home/sunrise/amphibious_ws/build/base' returned '0': CMAKE_PREFIX_PATH=${CMAKE_PREFIX_PATH}:/opt/ros/humble /usr/bin/cmake --build /home/sunrise/amphibious_ws/build/base -- -j8 -l8
[3.185s] Invoking command in '/home/sunrise/amphibious_ws/build/base': CMAKE_PREFIX_PATH=${CMAKE_PREFIX_PATH}:/opt/ros/humble /usr/bin/cmake --install /home/sunrise/amphibious_ws/build/base
[3.225s] -- Install configuration: ""
[3.226s] -- Up-to-date: /home/sunrise/amphibious_ws/install/base/share/ament_index/resource_index/rosidl_interfaces/base
[3.227s] -- Up-to-date: /home/sunrise/amphibious_ws/install/base/include/base/base
[3.227s] -- Up-to-date: /home/sunrise/amphibious_ws/install/base/include/base/base/msg
[3.229s] -- Up-to-date: /home/sunrise/amphibious_ws/install/base/include/base/base/msg/rosidl_generator_c__visibility_control.h
[3.230s] -- Up-to-date: /home/sunrise/amphibious_ws/install/base/include/base/base/srv
[3.232s] -- Up-to-date: /home/sunrise/amphibious_ws/install/base/include/base/base/srv/control.h
[3.239s] -- Up-to-date: /home/sunrise/amphibious_ws/install/base/include/base/base/srv/detail
[3.241s] -- Up-to-date: /home/sunrise/amphibious_ws/install/base/include/base/base/srv/detail/control__struct.h
[3.245s] -- Up-to-date: /home/sunrise/amphibious_ws/install/base/include/base/base/srv/detail/control__type_support.h
[3.246s] -- Up-to-date: /home/sunrise/amphibious_ws/install/base/include/base/base/srv/detail/control__functions.c
[3.247s] -- Up-to-date: /home/sunrise/amphibious_ws/install/base/include/base/base/srv/detail/control__functions.h
[3.249s] -- Up-to-date: /home/sunrise/amphibious_ws/install/base/share/base/environment/library_path.sh
[3.252s] -- Up-to-date: /home/sunrise/amphibious_ws/install/base/share/base/environment/library_path.dsv
[3.253s] -- Up-to-date: /home/sunrise/amphibious_ws/install/base/lib/libbase__rosidl_generator_c.so
[3.254s] -- Up-to-date: /home/sunrise/amphibious_ws/install/base/include/base/base
[3.255s] -- Up-to-date: /home/sunrise/amphibious_ws/install/base/include/base/base/msg
[3.255s] -- Up-to-date: /home/sunrise/amphibious_ws/install/base/include/base/base/msg/rosidl_typesupport_fastrtps_c__visibility_control.h
[3.256s] -- Up-to-date: /home/sunrise/amphibious_ws/install/base/include/base/base/srv
[3.257s] -- Up-to-date: /home/sunrise/amphibious_ws/install/base/include/base/base/srv/detail
[3.258s] -- Up-to-date: /home/sunrise/amphibious_ws/install/base/include/base/base/srv/detail/control__rosidl_typesupport_fastrtps_c.h
[3.259s] -- Up-to-date: /home/sunrise/amphibious_ws/install/base/lib/libbase__rosidl_typesupport_fastrtps_c.so
[3.259s] -- Up-to-date: /home/sunrise/amphibious_ws/install/base/include/base/base
[3.260s] -- Up-to-date: /home/sunrise/amphibious_ws/install/base/include/base/base/msg
[3.261s] -- Up-to-date: /home/sunrise/amphibious_ws/install/base/include/base/base/msg/rosidl_generator_cpp__visibility_control.hpp
[3.262s] -- Up-to-date: /home/sunrise/amphibious_ws/install/base/include/base/base/srv
[3.263s] -- Up-to-date: /home/sunrise/amphibious_ws/install/base/include/base/base/srv/detail
[3.263s] -- Up-to-date: /home/sunrise/amphibious_ws/install/base/include/base/base/srv/detail/control__struct.hpp
[3.264s] -- Up-to-date: /home/sunrise/amphibious_ws/install/base/include/base/base/srv/detail/control__traits.hpp
[3.265s] -- Up-to-date: /home/sunrise/amphibious_ws/install/base/include/base/base/srv/detail/control__type_support.hpp
[3.265s] -- Up-to-date: /home/sunrise/amphibious_ws/install/base/include/base/base/srv/detail/control__builder.hpp
[3.266s] -- Up-to-date: /home/sunrise/amphibious_ws/install/base/include/base/base/srv/control.hpp
[3.275s] -- Up-to-date: /home/sunrise/amphibious_ws/install/base/include/base/base
[3.276s] -- Up-to-date: /home/sunrise/amphibious_ws/install/base/include/base/base/msg
[3.277s] -- Up-to-date: /home/sunrise/amphibious_ws/install/base/include/base/base/msg/rosidl_typesupport_fastrtps_cpp__visibility_control.h
[3.278s] -- Up-to-date: /home/sunrise/amphibious_ws/install/base/include/base/base/srv
[3.279s] -- Up-to-date: /home/sunrise/amphibious_ws/install/base/include/base/base/srv/detail
[3.279s] -- Up-to-date: /home/sunrise/amphibious_ws/install/base/include/base/base/srv/detail/dds_fastrtps
[3.280s] -- Up-to-date: /home/sunrise/amphibious_ws/install/base/include/base/base/srv/detail/control__rosidl_typesupport_fastrtps_cpp.hpp
[3.281s] -- Up-to-date: /home/sunrise/amphibious_ws/install/base/lib/libbase__rosidl_typesupport_fastrtps_cpp.so
[3.281s] -- Up-to-date: /home/sunrise/amphibious_ws/install/base/include/base/base
[3.282s] -- Up-to-date: /home/sunrise/amphibious_ws/install/base/include/base/base/msg
[3.283s] -- Up-to-date: /home/sunrise/amphibious_ws/install/base/include/base/base/msg/rosidl_typesupport_introspection_c__visibility_control.h
[3.284s] -- Up-to-date: /home/sunrise/amphibious_ws/install/base/include/base/base/srv
[3.284s] -- Up-to-date: /home/sunrise/amphibious_ws/install/base/include/base/base/srv/detail
[3.285s] -- Up-to-date: /home/sunrise/amphibious_ws/install/base/include/base/base/srv/detail/control__type_support.c
[3.286s] -- Up-to-date: /home/sunrise/amphibious_ws/install/base/include/base/base/srv/detail/control__rosidl_typesupport_introspection_c.h
[3.286s] -- Up-to-date: /home/sunrise/amphibious_ws/install/base/lib/libbase__rosidl_typesupport_introspection_c.so
[3.289s] -- Up-to-date: /home/sunrise/amphibious_ws/install/base/lib/libbase__rosidl_typesupport_c.so
[3.290s] -- Up-to-date: /home/sunrise/amphibious_ws/install/base/include/base/base
[3.291s] -- Up-to-date: /home/sunrise/amphibious_ws/install/base/include/base/base/srv
[3.291s] -- Up-to-date: /home/sunrise/amphibious_ws/install/base/include/base/base/srv/detail
[3.292s] -- Up-to-date: /home/sunrise/amphibious_ws/install/base/include/base/base/srv/detail/control__rosidl_typesupport_introspection_cpp.hpp
[3.293s] -- Up-to-date: /home/sunrise/amphibious_ws/install/base/include/base/base/srv/detail/control__type_support.cpp
[3.293s] -- Up-to-date: /home/sunrise/amphibious_ws/install/base/lib/libbase__rosidl_typesupport_introspection_cpp.so
[3.294s] -- Up-to-date: /home/sunrise/amphibious_ws/install/base/lib/libbase__rosidl_typesupport_cpp.so
[3.295s] -- Up-to-date: /home/sunrise/amphibious_ws/install/base/share/base/environment/pythonpath.sh
[3.295s] -- Up-to-date: /home/sunrise/amphibious_ws/install/base/share/base/environment/pythonpath.dsv
[3.296s] -- Up-to-date: /home/sunrise/amphibious_ws/install/base/local/lib/python3.10/dist-packages/base-0.0.0-py3.10.egg-info
[3.297s] -- Installing: /home/sunrise/amphibious_ws/install/base/local/lib/python3.10/dist-packages/base-0.0.0-py3.10.egg-info/SOURCES.txt
[3.298s] -- Installing: /home/sunrise/amphibious_ws/install/base/local/lib/python3.10/dist-packages/base-0.0.0-py3.10.egg-info/top_level.txt
[3.298s] -- Installing: /home/sunrise/amphibious_ws/install/base/local/lib/python3.10/dist-packages/base-0.0.0-py3.10.egg-info/dependency_links.txt
[3.299s] -- Installing: /home/sunrise/amphibious_ws/install/base/local/lib/python3.10/dist-packages/base-0.0.0-py3.10.egg-info/PKG-INFO
[3.300s] -- Up-to-date: /home/sunrise/amphibious_ws/install/base/local/lib/python3.10/dist-packages/base
[3.300s] -- Up-to-date: /home/sunrise/amphibious_ws/install/base/local/lib/python3.10/dist-packages/base/_base_s.ep.rosidl_typesupport_fastrtps_c.c
[3.301s] -- Up-to-date: /home/sunrise/amphibious_ws/install/base/local/lib/python3.10/dist-packages/base/base_s__rosidl_typesupport_c.cpython-310-aarch64-linux-gnu.so
[3.301s] -- Up-to-date: /home/sunrise/amphibious_ws/install/base/local/lib/python3.10/dist-packages/base/srv
[3.302s] -- Up-to-date: /home/sunrise/amphibious_ws/install/base/local/lib/python3.10/dist-packages/base/srv/_control_s.c
[3.303s] -- Up-to-date: /home/sunrise/amphibious_ws/install/base/local/lib/python3.10/dist-packages/base/srv/__init__.py
[3.303s] -- Up-to-date: /home/sunrise/amphibious_ws/install/base/local/lib/python3.10/dist-packages/base/srv/_control.py
[3.304s] -- Up-to-date: /home/sunrise/amphibious_ws/install/base/local/lib/python3.10/dist-packages/base/base_s__rosidl_typesupport_introspection_c.cpython-310-aarch64-linux-gnu.so
[3.304s] -- Up-to-date: /home/sunrise/amphibious_ws/install/base/local/lib/python3.10/dist-packages/base/_base_s.ep.rosidl_typesupport_introspection_c.c
[3.305s] -- Up-to-date: /home/sunrise/amphibious_ws/install/base/local/lib/python3.10/dist-packages/base/_base_s.ep.rosidl_typesupport_c.c
[3.306s] -- Up-to-date: /home/sunrise/amphibious_ws/install/base/local/lib/python3.10/dist-packages/base/__init__.py
[3.306s] -- Up-to-date: /home/sunrise/amphibious_ws/install/base/local/lib/python3.10/dist-packages/base/libbase__rosidl_generator_py.so
[3.308s] -- Up-to-date: /home/sunrise/amphibious_ws/install/base/local/lib/python3.10/dist-packages/base/base_s__rosidl_typesupport_fastrtps_c.cpython-310-aarch64-linux-gnu.so
[3.520s] Listing '/home/sunrise/amphibious_ws/install/base/local/lib/python3.10/dist-packages/base'...
[3.521s] Listing '/home/sunrise/amphibious_ws/install/base/local/lib/python3.10/dist-packages/base/srv'...
[3.572s] -- Up-to-date: /home/sunrise/amphibious_ws/install/base/local/lib/python3.10/dist-packages/base/base_s__rosidl_typesupport_fastrtps_c.cpython-310-aarch64-linux-gnu.so
[3.588s] -- Up-to-date: /home/sunrise/amphibious_ws/install/base/local/lib/python3.10/dist-packages/base/base_s__rosidl_typesupport_introspection_c.cpython-310-aarch64-linux-gnu.so
[3.589s] -- Up-to-date: /home/sunrise/amphibious_ws/install/base/local/lib/python3.10/dist-packages/base/base_s__rosidl_typesupport_c.cpython-310-aarch64-linux-gnu.so
[3.595s] -- Up-to-date: /home/sunrise/amphibious_ws/install/base/lib/libbase__rosidl_generator_py.so
[3.596s] -- Up-to-date: /home/sunrise/amphibious_ws/install/base/share/base/srv/Control.idl
[3.597s] -- Up-to-date: /home/sunrise/amphibious_ws/install/base/share/base/srv/Control.srv
[3.597s] -- Up-to-date: /home/sunrise/amphibious_ws/install/base/share/base/srv/Control_Request.msg
[3.598s] -- Up-to-date: /home/sunrise/amphibious_ws/install/base/share/base/srv/Control_Response.msg
[3.599s] -- Up-to-date: /home/sunrise/amphibious_ws/install/base/share/ament_index/resource_index/package_run_dependencies/base
[3.599s] -- Up-to-date: /home/sunrise/amphibious_ws/install/base/share/ament_index/resource_index/parent_prefix_path/base
[3.600s] -- Up-to-date: /home/sunrise/amphibious_ws/install/base/share/base/environment/ament_prefix_path.sh
[3.601s] -- Up-to-date: /home/sunrise/amphibious_ws/install/base/share/base/environment/ament_prefix_path.dsv
[3.601s] -- Up-to-date: /home/sunrise/amphibious_ws/install/base/share/base/environment/path.sh
[3.602s] -- Up-to-date: /home/sunrise/amphibious_ws/install/base/share/base/environment/path.dsv
[3.603s] -- Up-to-date: /home/sunrise/amphibious_ws/install/base/share/base/local_setup.bash
[3.603s] -- Up-to-date: /home/sunrise/amphibious_ws/install/base/share/base/local_setup.sh
[3.604s] -- Up-to-date: /home/sunrise/amphibious_ws/install/base/share/base/local_setup.zsh
[3.605s] -- Up-to-date: /home/sunrise/amphibious_ws/install/base/share/base/local_setup.dsv
[3.605s] -- Installing: /home/sunrise/amphibious_ws/install/base/share/base/package.dsv
[3.606s] -- Up-to-date: /home/sunrise/amphibious_ws/install/base/share/ament_index/resource_index/packages/base
[3.624s] -- Up-to-date: /home/sunrise/amphibious_ws/install/base/share/base/cmake/export_base__rosidl_generator_cExport.cmake
[3.625s] -- Up-to-date: /home/sunrise/amphibious_ws/install/base/share/base/cmake/export_base__rosidl_generator_cExport-noconfig.cmake
[3.626s] -- Up-to-date: /home/sunrise/amphibious_ws/install/base/share/base/cmake/export_base__rosidl_typesupport_fastrtps_cExport.cmake
[3.627s] -- Up-to-date: /home/sunrise/amphibious_ws/install/base/share/base/cmake/export_base__rosidl_typesupport_fastrtps_cExport-noconfig.cmake
[3.628s] -- Up-to-date: /home/sunrise/amphibious_ws/install/base/share/base/cmake/export_base__rosidl_generator_cppExport.cmake
[3.638s] -- Up-to-date: /home/sunrise/amphibious_ws/install/base/share/base/cmake/export_base__rosidl_typesupport_fastrtps_cppExport.cmake
[3.645s] -- Up-to-date: /home/sunrise/amphibious_ws/install/base/share/base/cmake/export_base__rosidl_typesupport_fastrtps_cppExport-noconfig.cmake
[3.646s] -- Up-to-date: /home/sunrise/amphibious_ws/install/base/share/base/cmake/base__rosidl_typesupport_introspection_cExport.cmake
[3.647s] -- Up-to-date: /home/sunrise/amphibious_ws/install/base/share/base/cmake/base__rosidl_typesupport_introspection_cExport-noconfig.cmake
[3.648s] -- Up-to-date: /home/sunrise/amphibious_ws/install/base/share/base/cmake/base__rosidl_typesupport_cExport.cmake
[3.650s] -- Up-to-date: /home/sunrise/amphibious_ws/install/base/share/base/cmake/base__rosidl_typesupport_cExport-noconfig.cmake
[3.651s] -- Up-to-date: /home/sunrise/amphibious_ws/install/base/share/base/cmake/base__rosidl_typesupport_introspection_cppExport.cmake
[3.652s] -- Up-to-date: /home/sunrise/amphibious_ws/install/base/share/base/cmake/base__rosidl_typesupport_introspection_cppExport-noconfig.cmake
[3.653s] -- Up-to-date: /home/sunrise/amphibious_ws/install/base/share/base/cmake/base__rosidl_typesupport_cppExport.cmake
[3.654s] -- Up-to-date: /home/sunrise/amphibious_ws/install/base/share/base/cmake/base__rosidl_typesupport_cppExport-noconfig.cmake
[3.656s] -- Up-to-date: /home/sunrise/amphibious_ws/install/base/share/base/cmake/export_base__rosidl_generator_pyExport.cmake
[3.657s] -- Up-to-date: /home/sunrise/amphibious_ws/install/base/share/base/cmake/export_base__rosidl_generator_pyExport-noconfig.cmake
[3.658s] -- Up-to-date: /home/sunrise/amphibious_ws/install/base/share/base/cmake/rosidl_cmake-extras.cmake
[3.659s] -- Up-to-date: /home/sunrise/amphibious_ws/install/base/share/base/cmake/ament_cmake_export_include_directories-extras.cmake
[3.661s] -- Up-to-date: /home/sunrise/amphibious_ws/install/base/share/base/cmake/ament_cmake_export_libraries-extras.cmake
[3.661s] -- Up-to-date: /home/sunrise/amphibious_ws/install/base/share/base/cmake/ament_cmake_export_targets-extras.cmake
[3.662s] -- Up-to-date: /home/sunrise/amphibious_ws/install/base/share/base/cmake/rosidl_cmake_export_typesupport_targets-extras.cmake
[3.663s] -- Up-to-date: /home/sunrise/amphibious_ws/install/base/share/base/cmake/ament_cmake_export_dependencies-extras.cmake
[3.665s] -- Up-to-date: /home/sunrise/amphibious_ws/install/base/share/base/cmake/rosidl_cmake_export_typesupport_libraries-extras.cmake
[3.666s] -- Up-to-date: /home/sunrise/amphibious_ws/install/base/share/base/cmake/baseConfig.cmake
[3.667s] -- Up-to-date: /home/sunrise/amphibious_ws/install/base/share/base/cmake/baseConfig-version.cmake
[3.668s] -- Up-to-date: /home/sunrise/amphibious_ws/install/base/share/base/package.xml
[3.669s] Invoked command in '/home/sunrise/amphibious_ws/build/base' returned '0': CMAKE_PREFIX_PATH=${CMAKE_PREFIX_PATH}:/opt/ros/humble /usr/bin/cmake --install /home/sunrise/amphibious_ws/build/base
